
Gurobi 11.0.2 (win64) logging started Mon Jan 20 14:48:33 2025

Set parameter LogFile to value "log_MTTP1_targetS1_E3_Gurobi.log"
Set parameter Method to value 0

Gurobi 11.0.2 (win64) logging started Mon Jan 20 14:48:44 2025

Set parameter LogFile to value "log_MTTP1_targetS1_E3_Gurobi.log"
Gurobi Optimizer version 11.0.2 build v11.0.2rc0 (win64 - Windows 11.0 (22621.2))

CPU model: 12th Gen Intel(R) Core(TM) i7-12700, instruction set [SSE2|AVX|AVX2]
Thread count: 12 physical cores, 20 logical processors, using up to 20 threads

Optimize a model with 5012233 rows, 5829 columns and 10027593 nonzeros
Model fingerprint: 0xe70d8f5b
Variable types: 0 continuous, 5829 integer (5829 binary)
Coefficient statistics:
  Matrix range     [1e+00, 3e+00]
  Objective range  [1e+00, 1e+00]
  Bounds range     [0e+00, 0e+00]
  RHS range        [1e+00, 2e+00]
Found heuristic solution: objective -0.0000000
Presolve removed 4999539 rows and 1983 columns
Presolve time: 1.08s
Presolved: 12694 rows, 3846 columns, 27854 nonzeros
Variable types: 0 continuous, 3846 integer (3846 binary)

Root relaxation: objective 2.213333e+02, 2614 iterations, 0.01 seconds (0.01 work units)

    Nodes    |    Current Node    |     Objective Bounds      |     Work
 Expl Unexpl |  Obj  Depth IntInf | Incumbent    BestBd   Gap | It/Node Time

     0     0  221.33333    0  323   -0.00000  221.33333      -     -    1s
H    0     0                     129.0000000  221.33333  71.6%     -    1s
H    0     0                     136.0000000  221.33333  62.7%     -    1s
H    0     0                     143.0000000  221.33333  54.8%     -    1s
H    0     0                     146.0000000  217.45000  48.9%     -    1s
     0     0  217.45000    0  644  146.00000  217.45000  48.9%     -    1s
H    0     0                     150.0000000  217.45000  45.0%     -    1s
     0     0  217.08565    0  565  150.00000  217.08565  44.7%     -    1s
     0     0  217.08565    0  641  150.00000  217.08565  44.7%     -    1s
     0     0  217.07292    0  564  150.00000  217.07292  44.7%     -    1s
     0     0  217.07292    0  602  150.00000  217.07292  44.7%     -    1s
H    0     0                     153.0000000  216.46813  41.5%     -    2s
H    0     0                     157.0000000  216.46813  37.9%     -    2s
H    0     0                     158.0000000  216.46813  37.0%     -    2s
H    0     0                     159.0000000  216.46813  36.1%     -    2s
H    0     0                     160.0000000  216.46813  35.3%     -    2s
     0     0  216.42361    0 1149  160.00000  216.42361  35.3%     -    2s
H    0     0                     161.0000000  216.42361  34.4%     -    2s
H    0     0                     164.0000000  216.38625  31.9%     -    2s
     0     0  216.38625    0 1078  164.00000  216.38625  31.9%     -    2s
     0     0  216.38020    0 1119  164.00000  216.38020  31.9%     -    2s
     0     0  216.38020    0 1014  164.00000  216.38020  31.9%     -    2s
H    0     0                     165.0000000  215.81894  30.8%     -    2s
H    0     0                     166.0000000  215.81894  30.0%     -    2s
     0     0  215.81894    0 1362  166.00000  215.81894  30.0%     -    2s
H    0     0                     168.0000000  215.64748  28.4%     -    2s
H    0     0                     169.0000000  215.64748  27.6%     -    2s
H    0     0                     171.0000000  215.64748  26.1%     -    2s
     0     0  215.64748    0 1315  171.00000  215.64748  26.1%     -    2s
H    0     0                     172.0000000  215.64729  25.4%     -    2s
H    0     0                     173.0000000  215.64729  24.7%     -    2s
     0     0  215.64729    0 1329  173.00000  215.64729  24.7%     -    2s
H    0     0                     174.0000000  215.63171  23.9%     -    2s
     0     0  215.63171    0 1236  174.00000  215.63171  23.9%     -    2s
H    0     0                     175.0000000  215.63171  23.2%     -    2s
     0     0  215.63171    0 1410  175.00000  215.63171  23.2%     -    2s
H    0     0                     176.0000000  215.63171  22.5%     -    2s
H    0     0                     177.0000000  215.62880  21.8%     -    2s
H    0     0                     178.0000000  215.62880  21.1%     -    2s
H    0     0                     179.0000000  215.62880  20.5%     -    2s
     0     0  215.62880    0 1383  179.00000  215.62880  20.5%     -    2s
     0     0  215.61266    0  813  179.00000  215.61266  20.5%     -    2s
H    0     0                     182.0000000  215.61266  18.5%     -    2s
H    0     0                     187.0000000  215.61266  15.3%     -    2s
H    0     2                     189.0000000  215.61266  14.1%     -    2s
     0     2  215.61266    0  751  189.00000  215.61266  14.1%     -    2s
H   27    40                     190.0000000  215.56353  13.5%  1012    3s
H   73    82                     192.0000000  215.55655  12.3%   853    3s
H  125   133                     193.0000000  215.55655  11.7%   591    3s
H  137   145                     194.0000000  215.55655  11.1%   555    4s
   260   273  214.27867   16 1277  194.00000  215.55655  11.1%   427    5s
H  265   273                     195.0000000  215.55655  10.5%   422    5s
H  278   293                     196.0000000  215.55655  10.0%   416    5s
H  798   817                     197.0000000  215.55655  9.42%   253    6s
H 1034  1036                     198.0000000  215.55655  8.87%   217    6s
H 4211  4014                     199.0000000  215.55655  8.32%  98.9    8s
  5193  4969  213.64198   21 1048  199.00000  215.55655  8.32%  95.9   10s
H 6710  6138                     200.0000000  215.55655  7.78%  90.2   11s
  7767  6961  214.27530    7 1804  200.00000  214.27530  7.14%  88.2   15s
  7788  6975  212.25000   33 2142  200.00000  214.16700  7.08%  87.9   20s
H 7793  6628                     201.0000000  214.09223  6.51%  87.9   22s
  7804  6635  201.16667  244 2255  201.00000  214.06489  6.50%  87.7   25s
  7824  6649  201.88889  159 2336  201.00000  214.04864  6.49%  87.5   30s
  7848  6665  207.41944  147 2411  201.00000  214.02862  6.48%  87.2   35s
H 7848  6330                     202.0000000  214.02806  5.95%  87.2   35s
  7864  6340  202.00000  160 2391  202.00000  214.00064  5.94%  87.1   40s
  7881  6352  204.11111  214 2362  202.00000  213.97868  5.93%  86.9   45s
  7898  6363  203.27778  219 2416  202.00000  213.94409  5.91%  86.7   50s
  7915  6374  205.55556  168 2479  202.00000  213.92479  5.90%  86.5   55s
  7935  6388  209.00000  107 2327  202.00000  213.89082  5.89%  86.3   60s
  7961  6406  204.43519  121 1629  202.00000  213.87609  5.88%   109   65s
  7981  6420  204.11111  214 2269  202.00000  213.81942  5.85%   109   70s
  8004  6435  202.00000  244 2125  202.00000  213.80402  5.84%   109   75s
  8012  6449  213.75268   33 2112  202.00000  213.80063  5.84%   116   80s
  8056  6491  213.67514   36 2346  202.00000  213.73420  5.81%   135   86s
  8145  6549  213.64675   38 2247  202.00000  213.70319  5.79%   157   91s
  8248  6624  213.24181   40 2080  202.00000  213.67990  5.78%   173   95s
  8277  6634  213.19351   40 2028  202.00000  213.67990  5.78%   178  100s
  8451  6784  213.13058   44 1973  202.00000  213.67990  5.78%   204  106s
  8687  6912  213.01392   47 1998  202.00000  213.67990  5.78%   223  112s
  8884  7098 infeasible   50       202.00000  213.67990  5.78%   234  115s
  9284  7386  212.63318   57 1866  202.00000  213.67990  5.78%   251  120s
  9660  7599  212.01503   61 1836  202.00000  213.67990  5.78%   266  125s
 10324  8170  211.75792   68 1481  202.00000  213.67990  5.78%   283  130s
 11227  8709  211.15859   81 1459  202.00000  213.67990  5.78%   284  137s
 11876  9284  210.56555   87 1433  202.00000  213.67990  5.78%   278  140s
 13313 10298  209.86043  104 1167  202.00000  213.67990  5.78%   269  145s
 14499 10742  209.02512  116 1212  202.00000  213.67990  5.78%   256  150s
 15460 11190  207.72033  136 1072  202.00000  213.67990  5.78%   253  156s
 16345 11680  205.91257  163 1019  202.00000  213.67990  5.78%   252  161s
 16826 11867  203.66770  205  773  202.00000  213.67386  5.78%   252  165s
 17760 12513  213.33479   44 1968  202.00000  213.67386  5.78%   253  170s
 18959 13130  212.36224   54 1638  202.00000  213.67386  5.78%   251  178s
 19568 13316  211.36533   61 1604  202.00000  213.67386  5.78%   251  181s
 20042 13178  209.68308   84 1156  202.00000  213.67386  5.78%   253  204s
 20062 13494  209.64576   85 1147  202.00000  213.67386  5.78%   254  207s
 20412 13475  205.80777  132  890  202.00000  213.67386  5.78%   256  223s
 20510 13818 infeasible  137       202.00000  213.65662  5.77%   257  230s
 21820 15017  212.76707   46 1917  202.00000  213.65662  5.77%   256  239s
 22787 15510  211.07397   66 1572  202.00000  213.65662  5.77%   254  242s
 23703 16310  205.76290  144  562  202.00000  213.64631  5.77%   252  249s
 25030 16285  213.24723   43 2009  202.00000  213.64631  5.77%   252  253s
 25509 16680  212.99129   50 1496  202.00000  213.64631  5.77%   255  258s
 26178 17465  208.70933   76 1030  202.00000  213.60414  5.74%   258  264s
 27404 17849  213.44312   38 2119  202.00000  213.59690  5.74%   258  270s
 28328 18382  213.06695   46 1897  202.00000  213.59690  5.74%   259  275s
 28984 19313  210.81765   63 1555  202.00000  213.59655  5.74%   262  282s
 30033 19786  213.17396   40 2045  202.00000  213.58889  5.74%   264  290s
 30587 20818  212.16671   51 1737  202.00000  213.58889  5.74%   268  297s
 31756 22421  210.46157   90  903  202.00000  213.58889  5.74%   269  302s
 33473 24010  205.39749  169  555  202.00000  213.58722  5.74%   267  311s
 35458 24609  213.28966   43 2008  202.00000  213.58722  5.74%   261  317s
 36279 25477 infeasible   48       202.00000  213.58722  5.74%   263  324s
 37412 26184  205.63622   91  863  202.00000  213.55851  5.72%   266  331s
 38432 27587  213.04087   39 1984  202.00000  213.55851  5.72%   268  339s
 39980 28833  207.78743   91 1015  202.00000  213.53968  5.71%   267  347s
 41484 29519  213.26907   43 2007  202.00000  213.53968  5.71%   269  355s
 42326 30529  207.65079   74 1245  202.00000  213.52511  5.71%   273  364s
 43610 31609  213.35943   39 2101  202.00000  213.51927  5.70%   276  374s
 44936 33565  206.96034   89 1256  202.00000  213.49760  5.69%   279  385s
 47178 33566  205.27620  166 1285  202.00000  213.49760  5.69%   278  475s
 47186 33571  203.72971  137 2307  202.00000  213.49760  5.69%   278  480s
 47196 33578  211.64023   68 2468  202.00000  213.49760  5.69%   278  485s
 47208 33586  206.66635   87 2556  202.00000  213.49760  5.69%   277  490s
 47222 33595  209.72026   69 2538  202.00000  213.49760  5.69%   277  495s
 47232 33602  206.05952  210 2612  202.00000  213.49760  5.69%   277  501s
 47242 33609  212.53356   55 2546  202.00000  213.49760  5.69%   277  505s
 47254 33617  209.62851  105 2589  202.00000  213.49760  5.69%   277  510s
 47264 33623  212.81797   41 2629  202.00000  213.49760  5.69%   277  515s
 47271 33628  210.31818  105 2582  202.00000  213.49760  5.69%   277  520s
 47280 33634  203.50617  251 2546  202.00000  213.49760  5.69%   277  525s
 47291 33641  206.55556  169 2574  202.00000  213.49760  5.69%   277  530s
 47299 33647  211.93799   77 2588  202.00000  213.49760  5.69%   277  535s
 47308 33653  206.66635   87 2579  202.00000  213.49760  5.69%   277  540s
 47318 33659  205.74831   99 2624  202.00000  213.49760  5.69%   277  545s
 47329 33667  211.27342   67 2606  202.00000  213.49760  5.69%   277  550s
 47340 33674  209.69186   82 2581  202.00000  213.49760  5.69%   277  555s
 47350 33681  203.83333  229 2595  202.00000  213.49760  5.69%   277  560s
 47358 33686  212.21681   59 2574  202.00000  213.49760  5.69%   277  565s
 47367 33692  212.36904   49 2580  202.00000  213.49760  5.69%   277  570s
 47377 33699  203.28009  103 2625  202.00000  213.49760  5.69%   276  575s
 47386 33705  203.72971  137 2632  202.00000  213.49760  5.69%   276  580s
 47395 33711  209.85646   81 2607  202.00000  213.49760  5.69%   276  585s
 47406 33718  206.89730  138 2559  202.00000  213.49760  5.69%   276  590s
 47415 33724  210.41250  111 2586  202.00000  213.49760  5.69%   276  595s
 47425 33731  207.01065  127 2583  202.00000  213.49760  5.69%   276  600s
 47433 33736  212.24343   53 2604  202.00000  213.49760  5.69%   276  605s
 47436 33741  213.49760   46 2117  202.00000  213.49760  5.69%   281  611s
 47442 33751  213.49760   48 2280  202.00000  213.49760  5.69%   281  615s
 47466 33779  213.39776   50 2373  202.00000  213.49760  5.69%   283  624s
 47486 33792  213.31149   51 2391  202.00000  213.49760  5.69%   285  627s
 47506 33806  213.24162   51 2323  202.00000  213.44333  5.67%   288  630s
 47570 33852  213.14570   53 2369  202.00000  213.43143  5.66%   291  635s
H47589 32154                     203.0000000  213.43139  5.14%   291  635s
 47675 32226  212.87585   55 2318  203.00000  213.43139  5.14%   292  643s
 47728 32272  212.99199   56 2283  203.00000  213.43139  5.14%   293  646s
 47847 32373  212.41774   59 2165  203.00000  213.43139  5.14%   294  650s
 47975 32462  212.17010   63 2012  203.00000  213.43139  5.14%   295  655s
 48264 32673  211.80568   67 1986  203.00000  213.43139  5.14%   297  660s
 48530 32791  210.80098   72 1987  203.00000  213.43139  5.14%   298  668s
 48570 32835  211.29618   72 1909  203.00000  213.43139  5.14%   298  670s
 48754 32928  210.95426   76 1849  203.00000  213.43139  5.14%   300  678s
 48922 33121  210.68315   78 1778  203.00000  213.43139  5.14%   301  681s
H49246 31687                     204.0000000  213.43139  4.62%   302  684s
 49371 31836  210.22647   83 1736  204.00000  213.43139  4.62%   303  686s
 49839 32188  209.51562   87 1540  204.00000  213.43139  4.62%   303  690s
 50351 32539  208.92842   97 1406  204.00000  213.43139  4.62%   303  697s
 50675 32671  208.48570  102 1267  204.00000  213.43139  4.62%   303  701s
 50968 32783  208.39185  106 1254  204.00000  213.43139  4.62%   304  706s
 51239 32868  207.98009  111 1189  204.00000  213.43139  4.62%   305  711s
 51464 33028  207.73942  116 1091  204.00000  213.43139  4.62%   306  715s
 52003 33385  206.22189  139  782  204.00000  213.43139  4.62%   308  722s
 52342 33462  205.66231  151  569  204.00000  213.41220  4.61%   308  729s
 52602 33532  213.15088   52 2307  204.00000  213.41220  4.61%   310  735s
 53057 33803  212.15450   61 2034  204.00000  213.41220  4.61%   313  745s
 53656 34109  210.44775   84 1862  204.00000  213.41220  4.61%   315  755s
 53975 34173  209.46065   99 1710  204.00000  213.41220  4.61%   316  761s
 54183 34348  208.15067  117 1509  204.00000  213.41220  4.61%   318  765s
 54448 34529  206.73705  132 1324  204.00000  213.37560  4.60%   318  773s
 54806 34648  213.17951   52 2395  204.00000  213.36869  4.59%   320  780s
 55075 34836  212.66857   57 2329  204.00000  213.36869  4.59%   321  787s
 55390 34750  211.79288   63 2223  204.00000  213.36869  4.59%   323  824s
 55426 34907  211.78633   64 2165  204.00000  213.36869  4.59%   323  833s
 55653 35097  211.56666   72 2000  204.00000  213.36869  4.59%   325  840s
 56026 35337  209.67290   88 1863  204.00000  213.36869  4.59%   326  849s
 56429 35609  208.62001  100 1503  204.00000  213.36869  4.59%   328  857s
 56904 35818  205.06501  133 1236  204.00000  213.29979  4.56%   329  865s
 57360 36070  213.26652   53 2430  204.00000  213.29821  4.56%   331  873s
 57872 36252  212.13147   62 2062  204.00000  213.29821  4.56%   333  881s
 58305 36436  209.55782   83 1714  204.00000  213.29821  4.56%   335  890s
 58715 36457  208.15642  109 1484  204.00000  213.29821  4.56%   337  909s
 58881 36921  207.37704  117 1345  204.00000  213.28834  4.55%   338  921s
 59520 37202  212.70984   55 2379  204.00000  213.28834  4.55%   339  931s
 60105 37466  210.21213   78 2048  204.00000  213.28834  4.55%   342  944s
 60640 38244  207.53370   93 1746  204.00000  213.24042  4.53%   344  956s
 61768 38286  212.34172   54 2288  204.00000  213.24042  4.53%   345  968s
 62367 38497  211.55670   63 2182  204.00000  213.24042  4.53%   348  985s
 62843 38991  208.41039   76 1956  204.00000  213.24042  4.53%   349  997s
 63632 39218  206.95333   94 1625  204.00000  213.21288  4.52%   351 1011s
 64275 39487  213.02533   54 2374  204.00000  213.18942  4.50%   354 1024s
 64854 40155  210.55171   82 1631  204.00000  213.18547  4.50%   357 1040s
 65934 40507  212.85428   56 1978  204.00000  213.18547  4.50%   359 1054s
 66736 41206  211.20917   75 1560  204.00000  213.18547  4.50%   362 1067s
 67782 42336  209.06328  116 1044  204.00000  213.16661  4.49%   363 1084s
 69412 43028  212.17817   55 2358  204.00000  213.16661  4.49%   362 1102s
 70952 44012  209.18814   85 1818  204.00000  213.15467  4.49%   362 1120s
 72693 44044  212.56953   58 2248  204.00000  213.15467  4.49%   362 1133s
 73470 44921  211.09329   78 1816  204.00000  213.15467  4.49%   364 1146s
 74672 45884  208.17208  109  918  204.00000  213.13838  4.48%   365 1162s
 76307 46168  212.93188   54 2398  204.00000  213.12800  4.47%   365 1176s
 77294 46891  209.40420   94 1587  204.00000  213.12662  4.47%   367 1192s
 78580 47731  212.79480   54 2286  204.00000  213.10642  4.46%   368 1205s
 79890 48375  208.92510  101 1668  204.00000  213.10287  4.46%   368 1224s
 81298 49102  212.03726   60 2083  204.00000  213.09837  4.46%   370 1242s
 82614 49297  205.87047  128 1354  204.00000  213.08261  4.45%   372 1260s
 83508 50286  212.46697   59 2260  204.00000  213.07625  4.45%   375 1279s
 84909 52135  209.99213   90 1598  204.00000  213.07625  4.45%   377 1303s
 87760 52424  206.31529  139 1209  204.00000  213.05748  4.44%   375 1324s
 89185 53000  211.91432   65 2074  204.00000  213.05748  4.44%   377 1345s
 90438 54675  207.23098  127  935  204.00000  213.04847  4.44%   379 1371s
 92993 55150  212.69833   55 2287  204.00000  213.03687  4.43%   379 1394s
 94488 55893  206.65558  121 1564  204.00000  213.02021  4.42%   381 1423s
 96187 56890  206.33177  115 1152  204.00000  213.00180  4.41%   385 1459s
 98242 58777  205.42316  130  999  204.00000  213.00063  4.41%   385 1498s
 101412 59361  212.50381   57 2280  204.00000  212.97456  4.40%   387 1529s
 103409 60226  210.43618   77 2003  204.00000  212.96084  4.39%   389 1562s
 105315 61336  209.12391   94 1725  204.00000  212.94693  4.39%   392 1596s
 107402 62157  212.59612   61 2349  204.00000  212.93588  4.38%   395 1629s
 109313 64045  211.64359   65 2182  204.00000  212.92820  4.38%   398 1664s
 112333 64454  212.47549   59 2394  204.00000  212.92810  4.38%   399 1696s
 114177 65027  212.61824   55 2458  204.00000  212.91225  4.37%   402 1730s
 115647 65481  205.62508  118 1436  204.00000  212.91062  4.37%   404 1765s
 116838 66616  212.16593   55 2325  204.00000  212.90264  4.36%   405 1806s
 118779 67523  211.43135   63 2296  204.00000  212.88923  4.36%   408 1840s
 120692 68923  211.49472   59 2307  204.00000  212.88357  4.35%   411 1876s
 123203 70252  211.75766   63 2082  204.00000  212.87545  4.35%   413 1912s
 125808 71180  208.80073   92 1594  204.00000  212.87487  4.35%   413 1947s
 127994 71953  210.40677   65 2142  204.00000  212.86754  4.35%   414 1980s
 129879 72788  205.10031  112 1498  204.00000  212.86178  4.34%   417 2014s
 131744 73610  208.03759   90 1833  204.00000  212.85389  4.34%   419 2052s
 133656 74532  212.23715   59 1880  204.00000  212.85199  4.34%   421 2090s
 135651 75762  211.91440   61 2273  204.00000  212.84439  4.34%   423 2126s
 137961 76585  205.21094  125 1428  204.00000  212.83602  4.33%   424 2162s
 139909 77966  205.70026  129 1387  204.00000  212.83035  4.33%   426 2198s
 141925 78094  212.48762   60 2421  204.00000  212.82443  4.33%   428 2309s
 142101 94806  212.41360   61 2387  204.00000  212.82412  4.33%   428 2658s
 162121 96857  206.19879  164  555  204.00000  212.77337  4.30%   436 2703s
 164734 97802     cutoff  129       204.00000  212.76513  4.30%   437 2781s
 165903 100979  209.35163   86 2048  204.00000  212.76424  4.30%   437 2843s
 169727 103039  209.82286   74 2058  204.00000  212.75194  4.29%   439 2886s
 172277 104602  206.93955  118 1732  204.00000  212.74665  4.29%   441 2929s
 174141 106859  209.37008   90 2022  204.00000  212.74103  4.28%   442 2972s
 176812 109042  207.59514  104 1665  204.00000  212.73640  4.28%   443 3016s
 179530 110960  211.76286   59 2173  204.00000  212.73614  4.28%   444 3054s
 181870 113669  212.30321   59 2337  204.00000  212.72679  4.28%   445 3095s
 185080 113687  208.53061  103 1555  204.00000  212.72679  4.28%   445 3184s
 185102 115465  208.57457  103 1597  204.00000  212.72628  4.28%   445 3220s
 187348 116503  208.87512   87 1932  204.00000  212.71893  4.27%   445 3254s
 188621 118656  211.80459   65 2171  204.00000  212.71748  4.27%   446 3293s
 191304 119914  211.91040   58 2311  204.00000  212.71400  4.27%   447 3332s
 192868 122986  212.26322   59 2359  204.00000  212.71300  4.27%   448 3373s
 196366 123934  207.25845  124 1053  204.00000  212.71184  4.27%   447 3404s
 197526 125424  210.83517   62 2235  204.00000  212.70841  4.27%   447 3437s
 199381 127110  212.11159   72 1905  204.00000  212.70311  4.27%   448 3470s
 201392 128517  210.81144   85 1905  204.00000  212.69985  4.26%   449 3506s
 203148 130313  209.06416   96 1846  204.00000  212.69718  4.26%   450 3544s
 204916 130313  207.40643  113 1403  204.00000  212.69557  4.26%   451 3545s
 205262 132024  207.46332  101 1959  204.00000  212.69256  4.26%   451 3582s
 207317 132866  210.78671   70 2150  204.00000  212.68966  4.26%   452 3600s

Cutting planes:
  Gomory: 100
  Cover: 1615
  Clique: 26
  MIR: 602
  Mixing: 3
  StrongCG: 11
  Flow cover: 1559
  GUB cover: 2
  Inf proof: 7
  Zero half: 1377
  Mod-K: 7
  RLT: 353

Explored 208357 nodes (94264494 simplex iterations) in 3601.27 seconds (4308.64 work units)
Thread count was 20 (of 20 available processors)

Solution count 10: 204 203 202 ... 195

Time limit reached
Best objective 2.040000000000e+02, best bound 2.120000000000e+02, gap 3.9216%

User-callback calls 626833, time in user-callback 0.61 sec

Gurobi 11.0.2 (win64) logging started Tue Jan 21 04:05:57 2025

Set parameter LogFile to value "log_MTTP1_targetS1_E3_Gurobi.log"
Set parameter Method to value 0

Gurobi 11.0.2 (win64) logging started Tue Jan 21 04:06:10 2025

Set parameter LogFile to value "log_MTTP1_targetS1_E3_Gurobi.log"
Gurobi Optimizer version 11.0.2 build v11.0.2rc0 (win64 - Windows 11.0 (22621.2))

CPU model: 12th Gen Intel(R) Core(TM) i7-12700, instruction set [SSE2|AVX|AVX2]
Thread count: 12 physical cores, 20 logical processors, using up to 20 threads

Optimize a model with 5012233 rows, 5829 columns and 10027593 nonzeros
Model fingerprint: 0xe70d8f5b
Variable types: 0 continuous, 5829 integer (5829 binary)
Coefficient statistics:
  Matrix range     [1e+00, 3e+00]
  Objective range  [1e+00, 1e+00]
  Bounds range     [0e+00, 0e+00]
  RHS range        [1e+00, 2e+00]
Found heuristic solution: objective -0.0000000
Presolve removed 4999539 rows and 1983 columns
Presolve time: 1.08s
Presolved: 12694 rows, 3846 columns, 27854 nonzeros
Variable types: 0 continuous, 3846 integer (3846 binary)

Root relaxation: objective 2.213333e+02, 2614 iterations, 0.01 seconds (0.01 work units)

    Nodes    |    Current Node    |     Objective Bounds      |     Work
 Expl Unexpl |  Obj  Depth IntInf | Incumbent    BestBd   Gap | It/Node Time

     0     0  221.33333    0  323   -0.00000  221.33333      -     -    1s
H    0     0                     129.0000000  221.33333  71.6%     -    1s
H    0     0                     136.0000000  221.33333  62.7%     -    1s
H    0     0                     143.0000000  221.33333  54.8%     -    1s
H    0     0                     146.0000000  217.45000  48.9%     -    1s
     0     0  217.45000    0  644  146.00000  217.45000  48.9%     -    1s
H    0     0                     150.0000000  217.45000  45.0%     -    1s
     0     0  217.08565    0  565  150.00000  217.08565  44.7%     -    1s
     0     0  217.08565    0  641  150.00000  217.08565  44.7%     -    1s
     0     0  217.07292    0  564  150.00000  217.07292  44.7%     -    2s
     0     0  217.07292    0  602  150.00000  217.07292  44.7%     -    2s
H    0     0                     153.0000000  216.46813  41.5%     -    2s
H    0     0                     157.0000000  216.46813  37.9%     -    2s
H    0     0                     158.0000000  216.46813  37.0%     -    2s
H    0     0                     159.0000000  216.46813  36.1%     -    2s
H    0     0                     160.0000000  216.46813  35.3%     -    2s
     0     0  216.42361    0 1149  160.00000  216.42361  35.3%     -    2s
H    0     0                     161.0000000  216.42361  34.4%     -    2s
H    0     0                     164.0000000  216.38625  31.9%     -    2s
     0     0  216.38625    0 1078  164.00000  216.38625  31.9%     -    2s
     0     0  216.38020    0 1119  164.00000  216.38020  31.9%     -    2s
     0     0  216.38020    0 1014  164.00000  216.38020  31.9%     -    2s
H    0     0                     165.0000000  215.81894  30.8%     -    2s
H    0     0                     166.0000000  215.81894  30.0%     -    2s
     0     0  215.81894    0 1362  166.00000  215.81894  30.0%     -    2s
H    0     0                     168.0000000  215.64748  28.4%     -    2s
H    0     0                     169.0000000  215.64748  27.6%     -    2s
H    0     0                     171.0000000  215.64748  26.1%     -    2s
     0     0  215.64748    0 1315  171.00000  215.64748  26.1%     -    2s
H    0     0                     172.0000000  215.64729  25.4%     -    2s
H    0     0                     173.0000000  215.64729  24.7%     -    2s
     0     0  215.64729    0 1329  173.00000  215.64729  24.7%     -    2s
H    0     0                     174.0000000  215.63171  23.9%     -    2s
     0     0  215.63171    0 1236  174.00000  215.63171  23.9%     -    2s
H    0     0                     175.0000000  215.63171  23.2%     -    2s
     0     0  215.63171    0 1410  175.00000  215.63171  23.2%     -    2s
H    0     0                     176.0000000  215.63171  22.5%     -    2s
H    0     0                     177.0000000  215.62880  21.8%     -    2s
H    0     0                     178.0000000  215.62880  21.1%     -    2s
H    0     0                     179.0000000  215.62880  20.5%     -    2s
     0     0  215.62880    0 1383  179.00000  215.62880  20.5%     -    2s
     0     0  215.61266    0  813  179.00000  215.61266  20.5%     -    2s
H    0     0                     182.0000000  215.61266  18.5%     -    3s
H    0     0                     187.0000000  215.61266  15.3%     -    3s
H    0     2                     189.0000000  215.61266  14.1%     -    3s
     0     2  215.61266    0  751  189.00000  215.61266  14.1%     -    3s
H   27    40                     190.0000000  215.56353  13.5%  1012    3s
H   73    82                     192.0000000  215.55655  12.3%   853    4s
H  125   133                     193.0000000  215.55655  11.7%   591    4s
H  137   145                     194.0000000  215.55655  11.1%   555    4s
   162   175  214.83681   12 1431  194.00000  215.55655  11.1%   508    5s
H  265   273                     195.0000000  215.55655  10.5%   422    6s
H  278   293                     196.0000000  215.55655  10.0%   416    6s
H  798   817                     197.0000000  215.55655  9.42%   253    7s
H 1034  1036                     198.0000000  215.55655  8.87%   217    8s
  2377  2323  209.56695  113  560  198.00000  215.55655  8.87%   136   10s
H 4211  4014                     199.0000000  215.55655  8.32%  98.9   11s
  6624  6248  204.97407  111  665  199.00000  215.55655  8.32%  90.7   15s
H 6710  6138                     200.0000000  215.55655  7.78%  90.2   15s
  7771  6963  209.15741  128 1989  200.00000  214.23938  7.12%  88.1   20s
  7789  6975  208.25000  132 2097  200.00000  214.15441  7.08%  87.9   25s
H 7793  6628                     201.0000000  214.09223  6.51%  87.9   27s
  7806  6637  204.22972  123 2282  201.00000  214.06442  6.50%  87.7   30s
  7824  6649  201.88889  159 2336  201.00000  214.04864  6.49%  87.5   35s
  7848  6665  207.41944  147 2411  201.00000  214.02862  6.48%  87.2   40s
H 7848  6330                     202.0000000  214.02806  5.95%  87.2   40s
  7864  6340  202.00000  160 2391  202.00000  214.00064  5.94%  87.1   45s
  7881  6352  204.11111  214 2362  202.00000  213.97868  5.93%  86.9   50s
  7898  6363  203.27778  219 2416  202.00000  213.94409  5.91%  86.7   55s
  7914  6374  213.92483   13 2517  202.00000  213.92483  5.90%  86.5   60s
  7933  6386  203.06944  226 2238  202.00000  213.89725  5.89%  86.3   65s
  7953  6400  213.66667   15 2376  202.00000  213.87609  5.88%  86.1   70s
  7973  6414  202.76667  237 2258  202.00000  213.83061  5.86%   109   75s
  7997  6430  204.20833  180 2380  202.00000  213.80560  5.84%   109   80s
  8008  6443  213.80063   32 2097  202.00000  213.80070  5.84%   115   85s
  8036  6477  213.68597   35 2338  202.00000  213.73814  5.81%   125   91s
  8096  6517  213.67296   37 2319  202.00000  213.70446  5.79%   146   95s
  8166  6566  213.40006   38 2137  202.00000  213.70319  5.79%   160  101s
  8277  6634  213.19351   40 2028  202.00000  213.67990  5.78%   178  109s
  8297  6668  213.19366   41 2074  202.00000  213.67990  5.78%   181  111s
  8451  6784  213.13058   44 1973  202.00000  213.67990  5.78%   204  115s
  8687  6912  213.01392   47 1998  202.00000  213.67990  5.78%   223  123s
  8797  7038  212.93721   49 1927  202.00000  213.67990  5.78%   230  125s
  9284  7386  212.63318   57 1866  202.00000  213.67990  5.78%   251  131s
  9660  7599  212.01503   61 1836  202.00000  213.67990  5.78%   266  136s
 10114  7976  211.92000   65 1744  202.00000  213.67990  5.78%   280  140s
 11227  8709  211.15859   81 1459  202.00000  213.67990  5.78%   284  148s
 11473  9002  210.81207   81 1297  202.00000  213.67990  5.78%   280  150s
 12781  9897  210.11624  100 1334  202.00000  213.67990  5.78%   273  155s
 14499 10742  209.02512  116 1212  202.00000  213.67990  5.78%   256  162s
 15023 10954  208.38523  126 1143  202.00000  213.67990  5.78%   254  166s
 15911 11399  207.02256  146 1030  202.00000  213.67990  5.78%   252  170s
 16826 11867  203.66770  205  773  202.00000  213.67386  5.78%   252  178s
 17244 12180  213.49158   40 2088  202.00000  213.67386  5.78%   253  182s
 18316 12835  212.80486   48 1864  202.00000  213.67386  5.78%   252  188s
 18959 13130  212.36224   54 1638  202.00000  213.67386  5.78%   251  192s
 19568 13316  211.36533   61 1604  202.00000  213.67386  5.78%   251  196s
 20042 13178  209.68308   84 1156  202.00000  213.67386  5.78%   253  220s
 20412 13475  205.80777  132  890  202.00000  213.67386  5.78%   256  240s
 20510 13818 infeasible  137       202.00000  213.65662  5.77%   257  249s
 20915 14462  213.24086   40 2037  202.00000  213.65662  5.77%   259  254s
 21820 15017  212.76707   46 1917  202.00000  213.65662  5.77%   256  259s
 22787 15510  211.07397   66 1572  202.00000  213.65662  5.77%   254  263s
 23703 16310  205.76290  144  562  202.00000  213.64631  5.77%   252  270s
 25030 16285  213.24723   43 2009  202.00000  213.64631  5.77%   252  275s
 25509 16680  212.99129   50 1496  202.00000  213.64631  5.77%   255  280s
 26178 17465  208.70933   76 1030  202.00000  213.60414  5.74%   258  286s
 27404 17849  213.44312   38 2119  202.00000  213.59690  5.74%   258  292s
 28328 18382  213.06695   46 1897  202.00000  213.59690  5.74%   259  298s
 28984 19313  210.81765   63 1555  202.00000  213.59655  5.74%   262  305s
 30033 19786  213.17396   40 2045  202.00000  213.58889  5.74%   264  313s
 30587 20818  212.16671   51 1737  202.00000  213.58889  5.74%   268  320s
 31756 22421  210.46157   90  903  202.00000  213.58889  5.74%   269  326s
 33473 24010  205.39749  169  555  202.00000  213.58722  5.74%   267  336s
 35458 24609  213.28966   43 2008  202.00000  213.58722  5.74%   261  343s
 36279 25477 infeasible   48       202.00000  213.58722  5.74%   263  349s
 37412 26184  205.63622   91  863  202.00000  213.55851  5.72%   266  357s
 38432 27587  213.04087   39 1984  202.00000  213.55851  5.72%   268  365s
 39980 28833  207.78743   91 1015  202.00000  213.53968  5.71%   267  374s
 41484 29519  213.26907   43 2007  202.00000  213.53968  5.71%   269  382s
 42326 30529  207.65079   74 1245  202.00000  213.52511  5.71%   273  391s
 43610 31609  213.35943   39 2101  202.00000  213.51927  5.70%   276  401s
 44936 33565  206.96034   89 1256  202.00000  213.49760  5.69%   279  412s
 47178 33566  205.27620  166 1285  202.00000  213.49760  5.69%   278  506s
 47184 33570  211.95630   50 2029  202.00000  213.49760  5.69%   278  510s
 47190 33574  206.68828  165 2495  202.00000  213.49760  5.69%   278  515s
 47201 33581  205.88644  191 2469  202.00000  213.49760  5.69%   277  520s
 47213 33589  207.90476  129 2539  202.00000  213.49760  5.69%   277  525s
 47224 33597  207.31566  149 2582  202.00000  213.49760  5.69%   277  530s
 47235 33604  203.48980  103 2608  202.00000  213.49760  5.69%   277  535s
 47247 33612  203.30556  206 2527  202.00000  213.49760  5.69%   277  540s
 47256 33618  208.70668  116 2625  202.00000  213.49760  5.69%   277  545s
 47265 33624  207.88375  128 2598  202.00000  213.49760  5.69%   277  550s
 47273 33629  204.18536  116 2586  202.00000  213.49760  5.69%   277  555s
 47280 33634  203.50617  251 2546  202.00000  213.49760  5.69%   277  560s
 47291 33641  206.55556  169 2574  202.00000  213.49760  5.69%   277  566s
 47299 33647  211.93799   77 2588  202.00000  213.49760  5.69%   277  571s
 47306 33651  206.89730  138 2605  202.00000  213.49760  5.69%   277  575s
 47316 33658  205.84400  148 2583  202.00000  213.49760  5.69%   277  580s
 47326 33665  203.39103  151 2573  202.00000  213.49760  5.69%   277  585s
 47336 33671  210.07791   72 2562  202.00000  213.49760  5.69%   277  590s
 47346 33678  212.77058   45 2569  202.00000  213.49760  5.69%   277  595s
 47354 33683  209.62851  105 2629  202.00000  213.49760  5.69%   277  600s
 47362 33689  207.13328  161 2591  202.00000  213.49760  5.69%   277  605s
 47371 33695  210.31818  105 2625  202.00000  213.49760  5.69%   276  610s
 47380 33701  203.50617  251 2582  202.00000  213.49760  5.69%   276  615s
 47388 33706  206.47572  137 2592  202.00000  213.49760  5.69%   276  620s
 47397 33712  206.61944  149 2569  202.00000  213.49760  5.69%   276  625s
 47407 33719  207.61581  157 2613  202.00000  213.49760  5.69%   276  630s
 47416 33725  205.84400  148 2594  202.00000  213.49760  5.69%   276  635s
 47425 33731  207.01065  127 2583  202.00000  213.49760  5.69%   276  640s
 47433 33736  212.24343   53 2604  202.00000  213.49760  5.69%   276  645s
 47435 33737  203.48980  103 2316  202.00000  213.49760  5.69%   276  650s
 47442 33751  213.49760   48 2280  202.00000  213.49760  5.69%   281  655s
 47466 33779  213.39776   50 2373  202.00000  213.49760  5.69%   283  665s
 47506 33806  213.24162   51 2323  202.00000  213.44333  5.67%   288  670s
 47570 33852  213.14570   53 2369  202.00000  213.43143  5.66%   291  676s
H47589 32154                     203.0000000  213.43139  5.14%   291  676s
 47644 32217  212.99350   55 2297  203.00000  213.43139  5.14%   292  680s
 47695 32253  212.65670   56 2352  203.00000  213.43139  5.14%   292  685s
 47847 32373  212.41774   59 2165  203.00000  213.43139  5.14%   294  691s
 47975 32462  212.17010   63 2012  203.00000  213.43139  5.14%   295  696s
 48264 32673  211.80568   67 1986  203.00000  213.43139  5.14%   297  701s
 48530 32791  210.80098   72 1987  203.00000  213.43139  5.14%   298  710s
 48636 32915  211.20576   74 1898  203.00000  213.43139  5.14%   299  716s
 48816 33011  210.71433   77 1800  203.00000  213.43139  5.14%   300  721s
 49230 33315  209.34542   81 1624  203.00000  213.43139  5.14%   302  726s
H49246 31687                     204.0000000  213.43139  4.62%   302  726s
 49571 32030  209.74939   85 1650  204.00000  213.43139  4.62%   303  730s
 50091 32342  209.06176   92 1393  204.00000  213.43139  4.62%   303  735s
 50351 32539  208.92842   97 1406  204.00000  213.43139  4.62%   303  740s
 50675 32671  208.48570  102 1267  204.00000  213.43139  4.62%   303  745s
 50968 32783  208.39185  106 1254  204.00000  213.43139  4.62%   304  750s
 51239 32868  207.98009  111 1189  204.00000  213.43139  4.62%   305  755s
 51716 33203  205.83112  128  946  204.00000  213.43139  4.62%   307  762s
 52003 33385  206.22189  139  782  204.00000  213.43139  4.62%   308  766s
 52342 33462  205.66231  151  569  204.00000  213.41220  4.61%   308  773s
 52602 33532  213.15088   52 2307  204.00000  213.41220  4.61%   310  781s
 53057 33803  212.15450   61 2034  204.00000  213.41220  4.61%   313  790s
 53656 34109  210.44775   84 1862  204.00000  213.41220  4.61%   315  800s
 53975 34173  209.46065   99 1710  204.00000  213.41220  4.61%   316  807s
 54183 34348  208.15067  117 1509  204.00000  213.41220  4.61%   318  812s
 54448 34529  206.73705  132 1324  204.00000  213.37560  4.60%   318  820s
 54806 34648  213.17951   52 2395  204.00000  213.36869  4.59%   320  827s
 55075 34836  212.66857   57 2329  204.00000  213.36869  4.59%   321  834s
 55390 34750  211.79288   63 2223  204.00000  213.36869  4.59%   323  874s
 55426 34907  211.78633   64 2165  204.00000  213.36869  4.59%   323  884s
 55653 35097  211.56666   72 2000  204.00000  213.36869  4.59%   325  892s
 56026 35337  209.67290   88 1863  204.00000  213.36869  4.59%   326  900s
 56429 35609  208.62001  100 1503  204.00000  213.36869  4.59%   328  909s
 56673 35528  206.51962  138 1257  204.00000  213.36869  4.59%   329  910s
 56904 35818  205.06501  133 1236  204.00000  213.29979  4.56%   329  917s
 57360 36070  213.26652   53 2430  204.00000  213.29821  4.56%   331  925s
 57872 36252  212.13147   62 2062  204.00000  213.29821  4.56%   333  934s
 58305 36436  209.55782   83 1714  204.00000  213.29821  4.56%   335  943s
 58715 36457  208.15642  109 1484  204.00000  213.29821  4.56%   337  967s
 58881 36921  207.37704  117 1345  204.00000  213.28834  4.55%   338  979s
 59520 37202  212.70984   55 2379  204.00000  213.28834  4.55%   339  990s
 60105 37466  210.21213   78 2048  204.00000  213.28834  4.55%   342 1003s
 60640 38244  207.53370   93 1746  204.00000  213.24042  4.53%   344 1016s
 61768 38286  212.34172   54 2288  204.00000  213.24042  4.53%   345 1028s
 62367 38497  211.55670   63 2182  204.00000  213.24042  4.53%   348 1049s
 62843 38991  208.41039   76 1956  204.00000  213.24042  4.53%   349 1061s
 63632 39218  206.95333   94 1625  204.00000  213.21288  4.52%   351 1076s
 64275 39487  213.02533   54 2374  204.00000  213.18942  4.50%   354 1089s
 64854 40155  210.55171   82 1631  204.00000  213.18547  4.50%   357 1105s
 65934 40507  212.85428   56 1978  204.00000  213.18547  4.50%   359 1119s
 66736 41206  211.20917   75 1560  204.00000  213.18547  4.50%   362 1133s
 67782 42336  209.06328  116 1044  204.00000  213.16661  4.49%   363 1151s
 69412 43028  212.17817   55 2358  204.00000  213.16661  4.49%   362 1170s
 70952 44012  209.18814   85 1818  204.00000  213.15467  4.49%   362 1189s
 72693 44044  212.56953   58 2248  204.00000  213.15467  4.49%   362 1203s
 73470 44921  211.09329   78 1816  204.00000  213.15467  4.49%   364 1216s
 74672 45884  208.17208  109  918  204.00000  213.13838  4.48%   365 1233s
 76307 46168  212.93188   54 2398  204.00000  213.12800  4.47%   365 1248s
 77294 46891  209.40420   94 1587  204.00000  213.12662  4.47%   367 1265s
 78580 47731  212.79480   54 2286  204.00000  213.10642  4.46%   368 1280s
 79890 48375  208.92510  101 1668  204.00000  213.10287  4.46%   368 1299s
 81298 49102  212.03726   60 2083  204.00000  213.09837  4.46%   370 1318s
 82614 49297  205.87047  128 1354  204.00000  213.08261  4.45%   372 1336s
 83508 50286  212.46697   59 2260  204.00000  213.07625  4.45%   375 1356s
 84909 52135  209.99213   90 1598  204.00000  213.07625  4.45%   377 1381s
 87760 52424  206.31529  139 1209  204.00000  213.05748  4.44%   375 1403s
 89185 53000  211.91432   65 2074  204.00000  213.05748  4.44%   377 1424s
 90438 54675  207.23098  127  935  204.00000  213.04847  4.44%   379 1450s
 92993 55150  212.69833   55 2287  204.00000  213.03687  4.43%   379 1475s
 94488 55893  206.65558  121 1564  204.00000  213.02021  4.42%   381 1504s
 96187 56890  206.33177  115 1152  204.00000  213.00180  4.41%   385 1540s
 98242 58777  205.42316  130  999  204.00000  213.00063  4.41%   385 1580s
 101412 59361  212.50381   57 2280  204.00000  212.97456  4.40%   387 1611s
 103409 60226  210.43618   77 2003  204.00000  212.96084  4.39%   389 1643s
 105315 61336  209.12391   94 1725  204.00000  212.94693  4.39%   392 1679s
 107402 62157  212.59612   61 2349  204.00000  212.93588  4.38%   395 1714s
 109313 64045  211.64359   65 2182  204.00000  212.92820  4.38%   398 1751s
 112333 64454  212.47549   59 2394  204.00000  212.92810  4.38%   399 1785s
 114177 65027  212.61824   55 2458  204.00000  212.91225  4.37%   402 1820s
 115647 65481  205.62508  118 1436  204.00000  212.91062  4.37%   404 1856s
 116838 66616  212.16593   55 2325  204.00000  212.90264  4.36%   405 1903s
 118779 67523  211.43135   63 2296  204.00000  212.88923  4.36%   408 1938s
 120692 68923  211.49472   59 2307  204.00000  212.88357  4.35%   411 1976s
 123203 70252  211.75766   63 2082  204.00000  212.87545  4.35%   413 2014s
 125808 71180  208.80073   92 1594  204.00000  212.87487  4.35%   413 2052s
 127994 71953  210.40677   65 2142  204.00000  212.86754  4.35%   414 2087s
 129879 72788  205.10031  112 1498  204.00000  212.86178  4.34%   417 2124s
 131251 72331  212.32019   57 2407  204.00000  212.85596  4.34%   418 2125s
 131744 73610  208.03759   90 1833  204.00000  212.85389  4.34%   419 2170s
 133656 74532  212.23715   59 1880  204.00000  212.85199  4.34%   421 2212s
 135651 75762  211.91440   61 2273  204.00000  212.84439  4.34%   423 2250s
 137961 76585  205.21094  125 1428  204.00000  212.83602  4.33%   424 2290s
 139909 77966  205.70026  129 1387  204.00000  212.83035  4.33%   426 2328s
 141925 78094  212.48762   60 2421  204.00000  212.82443  4.33%   428 2441s
 142101 94806  212.41360   61 2387  204.00000  212.82412  4.33%   428 2806s
 162121 96857  206.19879  164  555  204.00000  212.77337  4.30%   436 2856s
 164734 97802     cutoff  129       204.00000  212.76513  4.30%   437 2947s
 165903 100979  209.35163   86 2048  204.00000  212.76424  4.30%   437 3014s
 169727 103039  209.82286   74 2058  204.00000  212.75194  4.29%   439 3060s
 172277 104602  206.93955  118 1732  204.00000  212.74665  4.29%   441 3104s
 174141 105363  209.37008   90 2022  204.00000  212.74131  4.28%   442 3120s

Cutting planes:
  Gomory: 97
  Cover: 1523
  Clique: 26
  MIR: 594
  Mixing: 3
  StrongCG: 9
  Flow cover: 1518
  GUB cover: 2
  Inf proof: 6
  Zero half: 1339
  Mod-K: 6
  RLT: 348

Explored 175037 nodes (77404965 simplex iterations) in 3121.34 seconds (3607.23 work units)
Thread count was 20 (of 20 available processors)

Solution count 10: 204 203 202 ... 195

Work limit reached
Best objective 2.040000000000e+02, best bound 2.120000000000e+02, gap 3.9216%

User-callback calls 556363, time in user-callback 0.52 sec
