
Gurobi 11.0.2 (win64) logging started Mon Jan 20 16:51:44 2025

Set parameter LogFile to value "log_MTTP3_targetS1_E2_Gurobi.log"
Set parameter Method to value 0

Gurobi 11.0.2 (win64) logging started Mon Jan 20 16:51:55 2025

Set parameter LogFile to value "log_MTTP3_targetS1_E2_Gurobi.log"
Gurobi Optimizer version 11.0.2 build v11.0.2rc0 (win64 - Windows 11.0 (22621.2))

CPU model: 12th Gen Intel(R) Core(TM) i7-12700, instruction set [SSE2|AVX|AVX2]
Thread count: 12 physical cores, 20 logical processors, using up to 20 threads

Optimize a model with 5141518 rows, 5952 columns and 10286154 nonzeros
Model fingerprint: 0x06fb03c9
Variable types: 0 continuous, 5952 integer (5952 binary)
Coefficient statistics:
  Matrix range     [1e+00, 2e+00]
  Objective range  [1e+00, 1e+00]
  Bounds range     [0e+00, 0e+00]
  RHS range        [1e+00, 2e+00]
Found heuristic solution: objective -0.0000000
Presolve removed 5116666 rows and 267 columns
Presolve time: 1.11s
Presolved: 24852 rows, 5685 columns, 52821 nonzeros
Variable types: 0 continuous, 5685 integer (5685 binary)
Found heuristic solution: objective 166.0000000

Root relaxation: objective 3.370833e+02, 3465 iterations, 0.01 seconds (0.01 work units)

    Nodes    |    Current Node    |     Objective Bounds      |     Work
 Expl Unexpl |  Obj  Depth IntInf | Incumbent    BestBd   Gap | It/Node Time

     0     0  337.08333    0  281  166.00000  337.08333   103%     -    1s
H    0     0                     271.0000000  337.08333  24.4%     -    1s
H    0     0                     280.0000000  337.08333  20.4%     -    1s
H    0     0                     281.0000000  337.08333  20.0%     -    2s
H    0     0                     283.0000000  337.08333  19.1%     -    2s
     0     0  336.00000    0  369  283.00000  336.00000  18.7%     -    2s
H    0     0                     284.0000000  336.00000  18.3%     -    2s
H    0     0                     286.0000000  336.00000  17.5%     -    2s
     0     0  336.00000    0  365  286.00000  336.00000  17.5%     -    2s
     0     0  336.00000    0  345  286.00000  336.00000  17.5%     -    2s
H    0     0                     293.0000000  336.00000  14.7%     -    2s
     0     0  336.00000    0  143  293.00000  336.00000  14.7%     -    2s
H    0     0                     303.0000000  336.00000  10.9%     -    2s
H    0     2                     304.0000000  336.00000  10.5%     -    2s
     0     2  336.00000    0  131  304.00000  336.00000  10.5%     -    2s
H   30    40                     306.0000000  335.91667  9.78%   615    3s
H   68    86                     308.0000000  335.91667  9.06%   421    3s
H   73    86                     309.0000000  335.91667  8.71%   394    3s
H   85    98                     312.0000000  335.91667  7.67%   347    3s
H   86    98                     315.0000000  335.91667  6.64%   344    3s
H   90    98                     316.0000000  335.91667  6.30%   329    3s
H  119   132                     317.0000000  335.91667  5.97%   262    3s
H  122   132                     318.0000000  335.91667  5.63%   257    3s
H  135   144                     319.0000000  335.91667  5.30%   234    4s
H  170   183                     323.0000000  335.91667  4.00%   193    4s
   648   719  334.50000   51  105  323.00000  335.91667  4.00%  73.5    5s
H 1389  1400                     324.0000000  335.91667  3.68%  49.5    6s
H 1521  1572                     325.0000000  335.91667  3.36%  47.9    6s
H 1993  1991                     326.0000000  335.91667  3.04%  44.9    7s
H 2585  2675                     327.0000000  335.91667  2.73%  41.4    7s
  4831  4738  335.91667    6  840  327.00000  335.91667  2.73%  41.3   10s
H 7061  6554                     328.0000000  335.91667  2.41%  44.8   11s
H 7805  6699                     329.0000000  335.91667  2.10%  45.6   13s
  7839  6703  334.50000   67  181  329.00000  335.50000  1.98%  45.7   15s
  7879  6737  335.00000   24   61  329.00000  335.00000  1.82%  53.6   20s
H 8008  6484                     330.0000000  335.00000  1.52%  57.4   21s
  8907  8064  334.50000   62   69  330.00000  335.00000  1.52%  62.9   25s
H 9989  7642                     332.0000000  335.00000  0.90%  62.7   27s
 11192  8768  333.18750  177   86  332.00000  335.00000  0.90%  62.5   30s
 12216  8582  333.25000   98  192  332.00000  335.00000  0.90%  61.4   35s
 14095 10478  334.00000   82  381  332.00000  335.00000  0.90%  57.9   40s
 18071 10687  334.50000   76  455  332.00000  335.00000  0.90%  55.9   45s
 18257 14629  334.50000   77  441  332.00000  335.00000  0.90%  56.4   52s
 24934 13649  334.44643  102  263  332.00000  335.00000  0.90%  57.8   59s
 24961 14640  334.44643  103  239  332.00000  335.00000  0.90%  58.0   61s
 27571 16289  335.00000   63   80  332.00000  335.00000  0.90%  60.8   65s
 31911 20064     cutoff  126       332.00000  335.00000  0.90%  65.2   71s
 34472 20862  333.95238  135  206  332.00000  335.00000  0.90%  66.4   86s
 34486 21647  333.95286  135  402  332.00000  335.00000  0.90%  66.4   90s
 37505 23073  333.75000   44 1760  332.00000  335.00000  0.90%  67.5  117s
 37514 23079  333.75000  126 1628  332.00000  335.00000  0.90%  67.4  120s
 37523 23085  333.75000  107  109  332.00000  335.00000  0.90%  67.4  125s
 37767 23289  334.50000   47  406  332.00000  335.00000  0.90%  70.2  132s
 38594 24340  333.00000  100   90  332.00000  335.00000  0.90%  71.1  136s
 39229 24317     cutoff  130       332.00000  335.00000  0.90%  71.3  144s
H39471 22858                     333.0000000  335.00000  0.60%  71.3  144s
 39472 23202     cutoff  132       333.00000  335.00000  0.60%  71.3  147s
 40149 24012  335.00000   58  324  333.00000  335.00000  0.60%  72.2  150s
 41606 23526  335.00000   55  537  333.00000  335.00000  0.60%  73.1  165s
 42966 24789     cutoff   90       333.00000  335.00000  0.60%  75.1  171s
 45628 25819     cutoff  156       333.00000  335.00000  0.60%  77.6  177s
 47276 26152  334.90000   75  917  333.00000  335.00000  0.60%  78.7  180s
 49963 26974  335.00000   62  738  333.00000  335.00000  0.60%  82.0  185s
 52571 28026  334.39474  106  331  333.00000  335.00000  0.60%  85.9  192s
 53969 27758  334.00000  182   67  333.00000  335.00000  0.60%  87.9  198s
 54365 28810  334.45952   85  895  333.00000  335.00000  0.60%  88.5  202s
 56095 29116  334.43750   93  678  333.00000  335.00000  0.60%  90.4  206s
 57813 29473  334.01153   92  717  333.00000  335.00000  0.60%  92.4  210s
 61102 30799  334.91515   74 1381  333.00000  335.00000  0.60%  96.4  218s
 63043 31528  334.75962   65  552  333.00000  335.00000  0.60%  98.2  223s
 64976 32073  334.83333   57  897  333.00000  335.00000  0.60%   100  227s
 66664 32546  334.34771   98  668  333.00000  335.00000  0.60%   102  232s
 68175 32646  334.03125   80  887  333.00000  335.00000  0.60%   104  237s
 69028 32389  334.43056   96  873  333.00000  335.00000  0.60%   105  256s
H69049 11728                     334.0000000  335.00000  0.30%   105  256s
 69067 11660  335.00000   52   96  334.00000  335.00000  0.30%   105  260s
 69075 11665  335.00000   68  658  334.00000  335.00000  0.30%   105  266s
 69460 11832  335.00000   58  258  334.00000  335.00000  0.30%   106  270s
 70922 11669 infeasible  110       334.00000  335.00000  0.30%   108  275s
 72813 11522  335.00000   62  598  334.00000  335.00000  0.30%   111  282s
 74011 11224  335.00000   54  610  334.00000  335.00000  0.30%   112  285s
 76243 10709 infeasible  109       334.00000  335.00000  0.30%   114  292s
 76978 11024  335.00000   69  604  334.00000  335.00000  0.30%   115  297s
 79018 11221 infeasible   88       334.00000  335.00000  0.30%   115  302s
 83153  9115 infeasible   90       334.00000  335.00000  0.30%   117  322s
 83565  8809  335.00000   81  319  334.00000  335.00000  0.30%   117  325s
 85301  8422 infeasible   60       334.00000  335.00000  0.30%   121  332s
 87416  7741 infeasible   87       334.00000  335.00000  0.30%   123  336s
 89142  7308  335.00000   78  128  334.00000  335.00000  0.30%   124  340s
 90771  6933 infeasible   85       334.00000  335.00000  0.30%   127  346s
 95019  4946  335.00000   70  476  334.00000  335.00000  0.30%   130  353s
 96093  4609 infeasible   68       334.00000  335.00000  0.30%   133  358s
 97547  4020  335.00000   75  435  334.00000  335.00000  0.30%   136  363s
 98747  3823 infeasible   55       334.00000  335.00000  0.30%   139  369s
 100735  3240 infeasible   67       334.00000  335.00000  0.30%   142  374s
 102984  2551 infeasible   86       334.00000  335.00000  0.30%   145  380s
 105568  2195  335.00000   91   92  334.00000  335.00000  0.30%   148  386s
 105576  2200  335.00000  110  312  334.00000  335.00000  0.30%   148  391s
 105736  2306  335.00000   66  395  334.00000  335.00000  0.30%   149  395s
 106971  2956  335.00000   74  288  334.00000  335.00000  0.30%   148  400s
 109812  2711  335.00000  147  137  334.00000  335.00000  0.30%   149  406s
 111960  2580  335.00000   72  587  334.00000  335.00000  0.30%   150  411s
 113822  2707  335.00000   73  605  334.00000  335.00000  0.30%   152  416s
 116043  2988 infeasible  108       334.00000  335.00000  0.30%   155  422s
 117346  2696 infeasible   89       334.00000  335.00000  0.30%   156  425s
 119652  1996  335.00000   72  741  334.00000  335.00000  0.30%   161  432s
 120787  1662  335.00000   86  465  334.00000  335.00000  0.30%   163  436s
 121894  1559  335.00000   71  374  334.00000  335.00000  0.30%   165  440s
 123461  1709  335.00000   70  932  334.00000  335.00000  0.30%   167  445s
 126737  1571 infeasible   80       334.00000  335.00000  0.30%   169  454s
 128260  1366 infeasible   95       334.00000  335.00000  0.30%   172  459s
 129860   851 infeasible   96       334.00000  335.00000  0.30%   174  465s
 132713    15 infeasible   73       334.00000  335.00000  0.30%   181  471s

Cutting planes:
  Gomory: 173
  Lift-and-project: 11
  Cover: 1751
  Clique: 82
  MIR: 4
  Mixing: 1
  Flow cover: 157
  GUB cover: 15
  Inf proof: 53
  Zero half: 461
  RLT: 17
  BQP: 5

Explored 132943 nodes (24073886 simplex iterations) in 473.25 seconds (444.11 work units)
Thread count was 20 (of 20 available processors)

Solution count 10: 334 333 332 ... 324

Optimal solution found (tolerance 1.00e-04)
Best objective 3.340000000000e+02, best bound 3.340000000000e+02, gap 0.0000%

User-callback calls 315709, time in user-callback 0.16 sec

Gurobi 11.0.2 (win64) logging started Tue Jan 21 05:52:10 2025

Set parameter LogFile to value "log_MTTP3_targetS1_E2_Gurobi.log"
Set parameter Method to value 0

Gurobi 11.0.2 (win64) logging started Tue Jan 21 05:52:21 2025

Set parameter LogFile to value "log_MTTP3_targetS1_E2_Gurobi.log"
Gurobi Optimizer version 11.0.2 build v11.0.2rc0 (win64 - Windows 11.0 (22621.2))

CPU model: 12th Gen Intel(R) Core(TM) i7-12700, instruction set [SSE2|AVX|AVX2]
Thread count: 12 physical cores, 20 logical processors, using up to 20 threads

Optimize a model with 5141518 rows, 5952 columns and 10286154 nonzeros
Model fingerprint: 0x06fb03c9
Variable types: 0 continuous, 5952 integer (5952 binary)
Coefficient statistics:
  Matrix range     [1e+00, 2e+00]
  Objective range  [1e+00, 1e+00]
  Bounds range     [0e+00, 0e+00]
  RHS range        [1e+00, 2e+00]
Found heuristic solution: objective -0.0000000
Presolve removed 5116666 rows and 267 columns
Presolve time: 1.12s
Presolved: 24852 rows, 5685 columns, 52821 nonzeros
Variable types: 0 continuous, 5685 integer (5685 binary)
Found heuristic solution: objective 166.0000000

Root relaxation: objective 3.370833e+02, 3465 iterations, 0.02 seconds (0.01 work units)

    Nodes    |    Current Node    |     Objective Bounds      |     Work
 Expl Unexpl |  Obj  Depth IntInf | Incumbent    BestBd   Gap | It/Node Time

     0     0  337.08333    0  281  166.00000  337.08333   103%     -    2s
H    0     0                     271.0000000  337.08333  24.4%     -    2s
H    0     0                     280.0000000  337.08333  20.4%     -    2s
H    0     0                     281.0000000  337.08333  20.0%     -    2s
H    0     0                     283.0000000  337.08333  19.1%     -    2s
     0     0  336.00000    0  369  283.00000  336.00000  18.7%     -    2s
H    0     0                     284.0000000  336.00000  18.3%     -    2s
H    0     0                     286.0000000  336.00000  17.5%     -    2s
     0     0  336.00000    0  365  286.00000  336.00000  17.5%     -    2s
     0     0  336.00000    0  345  286.00000  336.00000  17.5%     -    2s
H    0     0                     293.0000000  336.00000  14.7%     -    2s
     0     0  336.00000    0  143  293.00000  336.00000  14.7%     -    2s
H    0     0                     303.0000000  336.00000  10.9%     -    2s
H    0     2                     304.0000000  336.00000  10.5%     -    2s
     0     2  336.00000    0  131  304.00000  336.00000  10.5%     -    2s
H   30    40                     306.0000000  335.91667  9.78%   615    3s
H   68    86                     308.0000000  335.91667  9.06%   421    3s
H   73    86                     309.0000000  335.91667  8.71%   394    3s
H   85    98                     312.0000000  335.91667  7.67%   347    3s
H   86    98                     315.0000000  335.91667  6.64%   344    3s
H   90    98                     316.0000000  335.91667  6.30%   329    3s
H  119   132                     317.0000000  335.91667  5.97%   262    4s
H  122   132                     318.0000000  335.91667  5.63%   257    4s
H  135   144                     319.0000000  335.91667  5.30%   234    4s
H  170   183                     323.0000000  335.91667  4.00%   193    4s
   215   248  335.75000   18  426  323.00000  335.91667  4.00%   159    5s
H 1389  1400                     324.0000000  335.91667  3.68%  49.5    6s
H 1521  1572                     325.0000000  335.91667  3.36%  47.9    7s
H 1993  1991                     326.0000000  335.91667  3.04%  44.9    7s
H 2585  2675                     327.0000000  335.91667  2.73%  41.4    8s
  3704  3939  331.62500  209  165  327.00000  335.91667  2.73%  37.8   10s
H 7061  6554                     328.0000000  335.91667  2.41%  44.8   13s
  7802  7162  334.25000   71  283  328.00000  335.91667  2.41%  45.5   15s
H 7805  6699                     329.0000000  335.91667  2.10%  45.6   15s
  7864  6722  334.50000  101  383  329.00000  335.00000  1.82%  50.5   20s
H 8008  6484                     330.0000000  335.00000  1.52%  57.4   23s
  8287  6796  335.00000   38   88  330.00000  335.00000  1.52%  61.3   25s
H 9989  7642                     332.0000000  335.00000  0.90%  62.7   29s
 10297  8298  334.00000  144   58  332.00000  335.00000  0.90%  62.7   31s
 12216  8582  333.25000   98  192  332.00000  335.00000  0.90%  61.4   38s
 12451  9645  333.25000  104  184  332.00000  335.00000  0.90%  60.7   40s
 16050 11228  335.00000   77  411  332.00000  335.00000  0.90%  56.9   45s
 18257 14629  334.50000   77  441  332.00000  335.00000  0.90%  56.4   56s
 24934 13649  334.44643  102  263  332.00000  335.00000  0.90%  57.8   63s
 24961 14640  334.44643  103  239  332.00000  335.00000  0.90%  58.0   65s
 28860 17603  333.84615  132  359  332.00000  335.00000  0.90%  63.3   72s
 31911 20064     cutoff  126       332.00000  335.00000  0.90%  65.2   77s
 34472 20862  333.95238  135  206  332.00000  335.00000  0.90%  66.4   93s
 34486 21647  333.95286  135  402  332.00000  335.00000  0.90%  66.4   96s
 35631 23072  334.00000  136   83  332.00000  335.00000  0.90%  66.6  100s
 37505 23073  333.75000   44 1760  332.00000  335.00000  0.90%  67.5  126s
 37515 23080  333.50000   99  119  332.00000  335.00000  0.90%  67.4  130s
 37526 23092  335.00000   35  504  332.00000  335.00000  0.90%  68.6  135s
 37767 23289  334.50000   47  406  332.00000  335.00000  0.90%  70.2  142s
 38089 23955  334.29167   64  468  332.00000  335.00000  0.90%  70.7  145s
 39229 24317     cutoff  130       332.00000  335.00000  0.90%  71.3  155s
H39471 22858                     333.0000000  335.00000  0.60%  71.3  155s
 40149 24012  335.00000   58  324  333.00000  335.00000  0.60%  72.2  161s
 41606 23526  335.00000   55  537  333.00000  335.00000  0.60%  73.1  176s
 41628 24373  335.00000   56  493  333.00000  335.00000  0.60%  73.5  180s
 44221 25252  334.50000   85  434  333.00000  335.00000  0.60%  76.3  186s
 47276 26152  334.90000   75  917  333.00000  335.00000  0.60%  78.7  192s
 48534 26684  334.38132   79 1098  333.00000  335.00000  0.60%  80.4  195s
 51273 27454     cutoff  104       333.00000  335.00000  0.60%  83.8  201s
 52571 28026  334.39474  106  331  333.00000  335.00000  0.60%  85.9  205s
 53969 27758  334.00000  182   67  333.00000  335.00000  0.60%  87.9  212s
 54365 28810  334.45952   85  895  333.00000  335.00000  0.60%  88.5  215s
 56095 29116  334.43750   93  678  333.00000  335.00000  0.60%  90.4  220s
 59326 30138  334.45000   73  432  333.00000  335.00000  0.60%  94.4  228s
 61102 30799  334.91515   74 1381  333.00000  335.00000  0.60%  96.4  233s
 63043 31528  334.75962   65  552  333.00000  335.00000  0.60%  98.2  238s
 64976 32073  334.83333   57  897  333.00000  335.00000  0.60%   100  242s
 66664 32546  334.34771   98  668  333.00000  335.00000  0.60%   102  247s
 68175 32646  334.03125   80  887  333.00000  335.00000  0.60%   104  251s
 69028 32389  334.43056   96  873  333.00000  335.00000  0.60%   105  271s
H69049 11728                     334.0000000  335.00000  0.30%   105  271s
 69067 11660  335.00000   52   96  334.00000  335.00000  0.30%   105  276s
 69073 11664  335.00000   65  276  334.00000  335.00000  0.30%   105  280s
 69219 11766  335.00000   53  265  334.00000  335.00000  0.30%   105  285s
 70583 11756 infeasible   68       334.00000  335.00000  0.30%   106  291s
 71952 11531  335.00000   67  541  334.00000  335.00000  0.30%   110  296s
 74011 11224  335.00000   54  610  334.00000  335.00000  0.30%   112  303s
 74988 11030  335.00000   74  169  334.00000  335.00000  0.30%   113  306s
 76243 10709 infeasible  109       334.00000  335.00000  0.30%   114  311s
 76978 11024  335.00000   69  604  334.00000  335.00000  0.30%   115  317s
 79018 11221 infeasible   88       334.00000  335.00000  0.30%   115  322s
 83153  9115 infeasible   90       334.00000  335.00000  0.30%   117  342s
 83565  8809  335.00000   81  319  334.00000  335.00000  0.30%   117  345s
 85301  8422 infeasible   60       334.00000  335.00000  0.30%   121  354s
 87416  7741 infeasible   87       334.00000  335.00000  0.30%   123  358s
 89142  7308  335.00000   78  128  334.00000  335.00000  0.30%   124  362s
 90771  6933 infeasible   85       334.00000  335.00000  0.30%   127  368s
 93926  5456 infeasible   81       334.00000  335.00000  0.30%   127  372s
 95019  4946  335.00000   70  476  334.00000  335.00000  0.30%   130  376s
 96093  4609 infeasible   68       334.00000  335.00000  0.30%   133  381s
 97547  4020  335.00000   75  435  334.00000  335.00000  0.30%   136  386s
 98747  3823 infeasible   55       334.00000  335.00000  0.30%   139  391s
 100735  3240 infeasible   67       334.00000  335.00000  0.30%   142  397s
 102984  2551 infeasible   86       334.00000  335.00000  0.30%   145  404s
 105558  2188  335.00000   71 1222  334.00000  335.00000  0.30%   148  406s
 105568  2195  335.00000   91   92  334.00000  335.00000  0.30%   148  410s
 105575  2199  335.00000  108  735  334.00000  335.00000  0.30%   148  415s
 105715  2289  335.00000   66  385  334.00000  335.00000  0.30%   149  420s
 106971  2956  335.00000   74  288  334.00000  335.00000  0.30%   148  426s
 108822  3048  335.00000  112  151  334.00000  335.00000  0.30%   149  431s
 110860  2664 infeasible   98       334.00000  335.00000  0.30%   149  435s
 112992  2557  335.00000   87  275  334.00000  335.00000  0.30%   151  441s
 114773  2977 infeasible  103       334.00000  335.00000  0.30%   154  447s
 116043  2988 infeasible  108       334.00000  335.00000  0.30%   155  450s
 118325  2438  335.00000   73  511  334.00000  335.00000  0.30%   158  457s
 119652  1996  335.00000   72  741  334.00000  335.00000  0.30%   161  461s
 121894  1559  335.00000   71  374  334.00000  335.00000  0.30%   165  468s
 123461  1709  335.00000   70  932  334.00000  335.00000  0.30%   167  474s
 125048  1640 infeasible   92       334.00000  335.00000  0.30%   168  479s
 126737  1571 infeasible   80       334.00000  335.00000  0.30%   169  484s
 128260  1366 infeasible   95       334.00000  335.00000  0.30%   172  490s
 129860   851 infeasible   96       334.00000  335.00000  0.30%   174  495s
 132713    15 infeasible   73       334.00000  335.00000  0.30%   181  501s

Cutting planes:
  Gomory: 173
  Lift-and-project: 11
  Cover: 1751
  Clique: 82
  MIR: 4
  Mixing: 1
  Flow cover: 157
  GUB cover: 15
  Inf proof: 53
  Zero half: 461
  RLT: 17
  BQP: 5

Explored 132943 nodes (24073886 simplex iterations) in 503.47 seconds (444.11 work units)
Thread count was 20 (of 20 available processors)

Solution count 10: 334 333 332 ... 324

Optimal solution found (tolerance 1.00e-04)
Best objective 3.340000000000e+02, best bound 3.340000000000e+02, gap 0.0000%

User-callback calls 319882, time in user-callback 0.18 sec
