
Gurobi 11.0.2 (win64) logging started Mon Jan 20 21:13:42 2025

Set parameter LogFile to value "log_MTTP3_targetS2_E2_Gurobi.log"
Set parameter Method to value 0

Gurobi 11.0.2 (win64) logging started Mon Jan 20 21:13:56 2025

Set parameter LogFile to value "log_MTTP3_targetS2_E2_Gurobi.log"
Gurobi Optimizer version 11.0.2 build v11.0.2rc0 (win64 - Windows 11.0 (22621.2))

CPU model: 12th Gen Intel(R) Core(TM) i7-12700, instruction set [SSE2|AVX|AVX2]
Thread count: 12 physical cores, 20 logical processors, using up to 20 threads

Optimize a model with 6260357 rows, 7634 columns and 12523088 nonzeros
Model fingerprint: 0xaea429fc
Variable types: 0 continuous, 7634 integer (7634 binary)
Coefficient statistics:
  Matrix range     [1e+00, 2e+00]
  Objective range  [1e+00, 1e+00]
  Bounds range     [0e+00, 0e+00]
  RHS range        [1e+00, 2e+00]
Found heuristic solution: objective -0.0000000
Presolve removed 6232874 rows and 1256 columns
Presolve time: 1.38s
Presolved: 27483 rows, 6378 columns, 57340 nonzeros
Variable types: 0 continuous, 6378 integer (6378 binary)
Found heuristic solution: objective 221.0000000

Root relaxation: objective 3.115695e+02, 5030 iterations, 0.26 seconds (0.36 work units)

    Nodes    |    Current Node    |     Objective Bounds      |     Work
 Expl Unexpl |  Obj  Depth IntInf | Incumbent    BestBd   Gap | It/Node Time

     0     0  311.56949    0 1418  221.00000  311.56949  41.0%     -    2s
H    0     0                     257.0000000  311.56949  21.2%     -    2s
H    0     0                     260.0000000  311.56949  19.8%     -    2s
H    0     0                     262.0000000  311.56949  18.9%     -    2s
H    0     0                     267.0000000  311.56949  16.7%     -    2s
     0     0  308.95027    0 1724  267.00000  308.95027  15.7%     -    3s
H    0     0                     268.0000000  308.95027  15.3%     -    3s
     0     0  308.95027    0 1724  268.00000  308.95027  15.3%     -    3s
     0     0  308.94849    0 1715  268.00000  308.94849  15.3%     -    3s
     0     0  308.94784    0 1717  268.00000  308.94784  15.3%     -    3s
     0     0  308.94760    0 1721  268.00000  308.94760  15.3%     -    3s
     0     0  307.87055    0 1817  268.00000  307.87055  14.9%     -    4s
H    0     0                     269.0000000  307.87055  14.5%     -    4s
     0     0  307.73764    0 1843  269.00000  307.73764  14.4%     -    4s
     0     0  307.70096    0 1867  269.00000  307.70096  14.4%     -    4s
     0     0  307.68919    0 1864  269.00000  307.68919  14.4%     -    4s
     0     0  307.68848    0 1883  269.00000  307.68848  14.4%     -    4s
H    0     0                     271.0000000  307.36008  13.4%     -    4s
     0     0  307.36008    0 1884  271.00000  307.36008  13.4%     -    4s
     0     0  307.26689    0 1867  271.00000  307.26689  13.4%     -    5s
     0     0  307.25388    0 1895  271.00000  307.25388  13.4%     -    5s
     0     0  307.25080    0 1903  271.00000  307.25080  13.4%     -    5s
     0     0  307.25053    0 1912  271.00000  307.25053  13.4%     -    5s
     0     0  307.14026    0 1932  271.00000  307.14026  13.3%     -    5s
     0     0  307.13505    0 1932  271.00000  307.13505  13.3%     -    5s
     0     0  307.13482    0 1933  271.00000  307.13482  13.3%     -    5s
H    0     0                     272.0000000  307.13482  12.9%     -    6s
     0     0  307.11506    0 1970  272.00000  307.11506  12.9%     -    6s
     0     0  307.11432    0 1975  272.00000  307.11432  12.9%     -    6s
H    0     0                     273.0000000  307.08756  12.5%     -    6s
     0     0  307.08756    0 1975  273.00000  307.08756  12.5%     -    6s
     0     0  307.08197    0 1976  273.00000  307.08197  12.5%     -    6s
     0     0  307.08162    0 1977  273.00000  307.08162  12.5%     -    6s
     0     0  307.02506    0 1957  273.00000  307.02506  12.5%     -    7s
H    0     0                     274.0000000  307.02506  12.1%     -    7s
H    0     0                     278.0000000  307.02214  10.4%     -    7s
H    0     0                     279.0000000  307.02214  10.0%     -    7s
     0     0  307.02214    0 1973  279.00000  307.02214  10.0%     -    7s
     0     0  307.02214    0 1976  279.00000  307.02214  10.0%     -    7s
H    0     0                     280.0000000  307.02214  9.65%     -    7s
H    0     0                     281.0000000  307.02214  9.26%     -    7s
H    0     0                     284.0000000  307.02214  8.11%     -    7s
     0     0  307.00916    0 1950  284.00000  307.00916  8.10%     -    7s
     0     0  307.00913    0 1934  284.00000  307.00913  8.10%     -    7s
H    0     0                     287.0000000  307.00913  6.97%     -    8s
H    0     2                     288.0000000  307.00913  6.60%     -    8s
     0     2  307.00913    0 1928  288.00000  307.00913  6.60%     -    8s
    39    52  306.13657    6 1914  288.00000  306.58755  6.45%   923   10s
H   75    88                     289.0000000  306.58755  6.09%   906   11s
H  124   136                     290.0000000  306.58755  5.72%   904   14s
   148   162  305.88150   11 1866  290.00000  306.58755  5.72%   890   15s
H  161   175                     291.0000000  306.58755  5.36%   879   15s
H  168   175                     292.0000000  306.58755  5.00%   885   15s
H  204   217                     293.0000000  306.58755  4.64%   897   18s
H  254   268                     294.0000000  306.58755  4.28%   879   20s
   398   410  304.61872   28 1739  294.00000  306.58755  4.28%   831   26s
   671   730  303.74615   41 1691  294.00000  306.58755  4.28%   748   30s
  1054  1138  302.85828   57 1503  294.00000  306.58755  4.28%   654   35s
  1527  1596  301.26570   83 1376  294.00000  306.58755  4.28%   604   40s
  2217  2367  299.52592  106 1292  294.00000  306.58755  4.28%   551   46s
H 2662  2525                     295.0000000  306.58755  3.93%   516   48s
  2701  2592  297.16015  137  847  295.00000  306.48330  3.89%   522   50s
  3002  2856  304.61738   15 1766  295.00000  306.41253  3.87%   533   55s
  3620  3606  301.08969   51 1553  295.00000  306.41253  3.87%   527   60s
  4424  4083  302.82945   44 1320  295.00000  306.24678  3.81%   496   68s
  4428  4086  303.90384   19 1865  295.00000  306.24678  3.81%   496   70s
  4449  4100  299.67342  102 1996  295.00000  306.24678  3.81%   493   75s
  4465  4110  301.13858   85 2019  295.00000  306.16248  3.78%   491   80s
  4481  4121  303.99060   37 2024  295.00000  305.98604  3.72%   490   85s
  4490  4132  305.81042   17 1972  295.00000  305.89575  3.69%   496   90s
  4578  4207  305.16803   22 1937  295.00000  305.47828  3.55%   511   95s
  4638  4247  304.86324   23 1897  295.00000  305.36885  3.51%   520  100s
  4779  4353  304.18363   26 1864  295.00000  305.36885  3.51%   536  105s
  5008  4517  304.21630   32 1809  295.00000  305.36885  3.51%   555  111s
  5209  4669  303.73033   36 1826  295.00000  305.36885  3.51%   566  115s
  5477  4823  302.89624   39 1739  295.00000  305.36885  3.51%   572  120s
  5974  5205  301.95669   47 1624  295.00000  305.36885  3.51%   575  126s
  6107  5181  301.72306   49 1543  295.00000  305.36885  3.51%   573  135s
  6975  5893  301.00051   58 1259  295.00000  305.36885  3.51%   554  142s
  7717  6424  300.32672   66 1427  295.00000  305.36885  3.51%   536  145s
  8439  6685  299.14626   78 1153  295.00000  305.36885  3.51%   524  150s
  9247  7280  297.14210  100  917  295.00000  305.34938  3.51%   507  155s
 10154  7780  304.65434   26 1816  295.00000  305.34938  3.51%   492  161s
 10771  7960  304.05878   30 1753  295.00000  305.34938  3.51%   484  165s
 11529  8483  303.29664   38 1714  295.00000  305.34938  3.51%   480  171s
 12160  8863  302.54949   44 1616  295.00000  305.34938  3.51%   475  176s
 13011  9328  301.89439   52 1498  295.00000  305.34938  3.51%   466  182s
 13733  9796  300.92299   64 1357  295.00000  305.34938  3.51%   463  187s
 14232 10035  300.54312   73 1299  295.00000  305.34938  3.51%   459  190s
 15166 10597  298.03899   94  825  295.00000  305.09751  3.42%   454  197s
 15725 10500  304.90795   24 1890  295.00000  305.09709  3.42%   450  203s
 15816 10794  304.11349   27 1806  295.00000  305.09709  3.42%   450  207s
 16246 11087  304.07001   29 1805  295.00000  305.09709  3.42%   449  212s
 16757 11287  303.53308   33 1778  295.00000  305.09709  3.42%   446  215s
 17835 12502  301.63899   57 1607  295.00000  305.09709  3.42%   441  224s
 18571 12975  300.51645   66 1504  295.00000  305.09709  3.42%   438  228s
 19107 13598  299.30566   75 1429  295.00000  305.09709  3.42%   440  233s
 19805 14156  297.52707   94 1150  295.00000  304.90583  3.36%   439  237s
 20533 14549  304.25769   25 1821  295.00000  304.88756  3.35%   438  242s
 20962 14903  302.97920   28 1693  295.00000  304.88756  3.35%   443  247s
 21347 15532  302.25211   33 1664  295.00000  304.88756  3.35%   449  252s
 22034 15913  300.61202   38 1602  295.00000  304.88756  3.35%   451  259s
 22582 16472  300.54359   41 1570  295.00000  304.88756  3.35%   452  264s
 23179 17083  298.08617   51 1408  295.00000  304.87050  3.35%   455  271s
 23903 17903  303.82677   29 1731  295.00000  304.85551  3.34%   458  278s
 24875 18581  301.08021   64 1454  295.00000  304.84751  3.34%   460  284s
 25679 19788  304.18377   25 1813  295.00000  304.81389  3.33%   462  291s
 26947 20937  301.39870   55 1584  295.00000  304.81282  3.33%   459  297s
 28313 21517  304.42081   25 1883  295.00000  304.79513  3.32%   453  303s
 28972 22650  303.16010   36 1773  295.00000  304.79513  3.32%   456  310s
 30201 23873  301.63162   46 1558  295.00000  304.79513  3.32%   454  317s
 31651 25001  299.14823   68 1182  295.00000  304.79513  3.32%   449  324s
 32933 25690  296.93054  103  907  295.00000  304.76543  3.31%   446  331s
 33835 26532  302.27585   39 1685  295.00000  304.73204  3.30%   447  339s
 34876 27235  303.92661   27 1685  295.00000  304.71373  3.29%   447  347s
 35678 28298  300.18095   53 1318  295.00000  304.70646  3.29%   447  355s
 37033 29468  302.12737   35 1614  295.00000  304.67289  3.28%   446  363s
 38494 30747  303.89156   29 1761  295.00000  304.66316  3.28%   444  373s
 39878 32039  299.09379   84 1309  295.00000  304.64949  3.27%   443  381s
 41412 32165  301.78103   48 1561  295.00000  304.64695  3.27%   442  411s
 41549 33599  299.93863   73 1301  295.00000  304.63771  3.27%   442  421s
 43192 34596  302.94300   32 1662  295.00000  304.63771  3.27%   441  431s
 44262 36426  300.10833   54 1372  295.00000  304.62836  3.26%   446  442s
 46378 36427  298.51212   48 1320  295.00000  304.61768  3.26%   444  597s
 46382 36430  303.11395   31 1840  295.00000  304.61768  3.26%   444  600s
 46396 36439  302.06405   54 1984  295.00000  304.15980  3.11%   444  606s
 46401 36442  298.92864  100 2031  295.00000  303.94058  3.03%   444  610s
 46413 36450  297.77869   92 2075  295.00000  303.75391  2.97%   443  616s
 46417 36453  303.27582   36 2076  295.00000  303.73097  2.96%   443  620s
 46426 36459  300.51551   66 2075  295.00000  303.68670  2.94%   443  626s
 46434 36464  300.76807   49 2053  295.00000  303.66004  2.94%   443  632s
 46438 36467  300.93280   62 2092  295.00000  303.64571  2.93%   443  635s
 46445 36472  296.96111  120 2065  295.00000  303.58142  2.91%   443  641s
 46448 36474  302.58568   31 2062  295.00000  303.55878  2.90%   443  645s
 46455 36478  303.54261   29 2074  295.00000  303.54261  2.90%   443  650s
 46465 36485  298.91274   75 2101  295.00000  303.52526  2.89%   443  656s
 46471 36489  297.92200  104 2081  295.00000  303.47844  2.87%   443  660s
 46475 36492  297.22637   99 2091  295.00000  303.45983  2.87%   443  666s
 46480 36495  297.07022   97 2100  295.00000  303.45272  2.87%   443  672s
 46484 36498  296.75896   92 2104  295.00000  303.43559  2.86%   443  675s
 46489 36501  298.15161   69 2109  295.00000  303.43298  2.86%   443  681s
 46493 36504  300.03195   55 2127  295.00000  303.42792  2.86%   443  685s
 46500 36508  296.60151  127 2097  295.00000  303.40426  2.85%   443  691s
 46506 36512  297.67579   70 2104  295.00000  303.39320  2.85%   443  697s
 46511 36516  298.88861   87 2096  295.00000  303.36983  2.84%   443  701s
 46517 36520  303.27582   36 2084  295.00000  303.36004  2.83%   442  707s
 46521 36522  303.35202   25 2084  295.00000  303.35202  2.83%   442  710s
 46527 36526  300.77408   53 2084  295.00000  303.33575  2.83%   442  716s
 46532 36530  297.58920   86 2081  295.00000  303.33401  2.83%   442  722s
 46535 36532  303.33123   28 2103  295.00000  303.33123  2.82%   442  725s
 46540 36535  297.95743   74 2081  295.00000  303.31109  2.82%   442  731s
 46545 36538  296.96111  120 2054  295.00000  303.28123  2.81%   442  735s
 46550 36542  299.61933   81 2071  295.00000  303.27924  2.81%   442  740s
 46556 36546  296.98686  115 2078  295.00000  303.26980  2.80%   442  746s
 46561 36549  299.59058   57 2068  295.00000  303.26636  2.80%   442  751s
 46566 36552  302.25870   53 2076  295.00000  303.26233  2.80%   442  757s
 46569 36554  302.98146   36 2081  295.00000  303.26079  2.80%   442  760s
 46574 36558  302.12127   42 2073  295.00000  303.25790  2.80%   442  765s
 46578 36560  298.51212   48 2064  295.00000  303.25521  2.80%   442  771s
 46584 36564  296.75896   92 2089  295.00000  303.23077  2.79%   442  776s
 46591 36569  303.21493   24 2102  295.00000  303.21493  2.78%   442  782s
 46594 36571  297.57074  111 2110  295.00000  303.21276  2.78%   442  786s
 46600 36575  296.60151  127 2094  295.00000  303.20578  2.78%   442  792s
 46603 36577  299.35075   95 2101  295.00000  303.20222  2.78%   442  795s
 46610 36582  296.70521   86 2130  295.00000  303.18192  2.77%   442  802s
 46612 36583  301.14958   65 2133  295.00000  303.17805  2.77%   442  805s
 46616 36586  299.95356   61 2100  295.00000  303.17342  2.77%   442  811s
 46621 36589  303.16998   25 2111  295.00000  303.16998  2.77%   442  817s
 46623 36590  303.16912   26 2127  295.00000  303.16912  2.77%   441  821s
 46628 36594  301.63894   54 2110  295.00000  303.15761  2.77%   441  827s
 46630 36595  296.21931  108 2121  295.00000  303.15700  2.77%   441  831s
 46634 36598  300.76807   49 2146  295.00000  303.15590  2.76%   441  837s
 46636 36599  299.31108   92 2144  295.00000  303.15409  2.76%   441  841s
 46641 36602  303.14435   30 2142  295.00000  303.14435  2.76%   441  848s
 46643 36604  299.56531   66 2138  295.00000  303.14306  2.76%   441  851s
 46646 36606  303.02247   31 2130  295.00000  303.14020  2.76%   441  855s
 46650 36608  299.61933   81 2140  295.00000  303.13984  2.76%   441  861s
 46652 36610  301.53248   46 2142  295.00000  303.13946  2.76%   441  865s
 46656 36612  296.98686  115 2151  295.00000  303.13927  2.76%   441  872s
 46658 36614  298.12254   71 2152  295.00000  303.13829  2.76%   441  875s
 46664 36618  301.77264   52 2123  295.00000  303.13282  2.76%   441  882s
 46667 36620  303.12676   25 2103  295.00000  303.12676  2.75%   441  886s
 46669 36621  302.98146   36 2127  295.00000  303.12617  2.75%   441  890s
 46674 36624  302.12127   42 2125  295.00000  303.12453  2.75%   441  897s
 46677 36626  303.12077   31 2104  295.00000  303.12077  2.75%   441  901s
 46682 36630  303.10582   31 2121  295.00000  303.10582  2.75%   441  905s
 46686 36632  298.38201   89 2129  295.00000  303.10480  2.75%   441  912s
 46688 36634  300.77678   54 2122  295.00000  303.10478  2.75%   441  915s
 46690 36635  296.99104  119 2103  295.00000  303.10310  2.75%   441  923s
 46693 36642  302.98321   32 2023  295.00000  303.06595  2.73%   443  926s
 46721 36677  302.61879   35 2017  295.00000  302.74460  2.63%   444  938s
 46741 36690  302.57700   36 2035  295.00000  302.72526  2.62%   444  940s
 46842 36757  302.06518   38 1956  295.00000  302.51690  2.55%   446  946s
 46862 36771  302.28284   39 2002  295.00000  302.51690  2.55%   447  950s
 46923 36822  302.06271   40 1966  295.00000  302.51690  2.55%   448  955s
 47010 36879  301.98305   42 1967  295.00000  302.51690  2.55%   450  960s
 47072 36911  301.96397   43 1961  295.00000  302.51690  2.55%   451  965s
 47160 36988  301.85160   44 1951  295.00000  302.51690  2.55%   453  971s
 47247 37056  301.67230   46 1897  295.00000  302.51690  2.55%   454  975s
 47408 37180  301.22302   49 1844  295.00000  302.51690  2.55%   457  980s
 47537 37253  300.96304   51 1781  295.00000  302.51690  2.55%   459  985s
 47749 37411  300.15097   54 1624  295.00000  302.51690  2.55%   461  991s
 47936 37541  299.82618   58 1605  295.00000  302.51690  2.55%   462  995s
 48290 37824  299.08137   63 1467  295.00000  302.51690  2.55%   465 1002s
 48445 37841  299.03030   65 1481  295.00000  302.51690  2.55%   465 1006s
H48446 35974                     296.0000000  302.51690  2.20%   465 1006s
 48721 36162  298.82902   68 1473  296.00000  302.51690  2.20%   466 1012s
 48889 36221  298.41655   71 1346  296.00000  302.51690  2.20%   467 1015s
 49211 36363  297.54156   79 1057  296.00000  302.51690  2.20%   469 1022s
 49364 36448  297.33490   85 1143  296.00000  302.51690  2.20%   469 1025s
 49691 36615  302.12977   37 1863  296.00000  302.46194  2.18%   471 1031s
 49867 36751  301.70490   38 1793  296.00000  302.46194  2.18%   471 1035s
 50304 36948  301.58729   42 1692  296.00000  302.46194  2.18%   472 1043s
 50480 37072  300.78066   44 1643  296.00000  302.46194  2.18%   473 1046s
 50679 37193  301.00090   47 1669  296.00000  302.46194  2.18%   473 1050s
 51139 37446  300.12988   53 1493  296.00000  302.46194  2.18%   474 1058s
 51362 37594  300.22016   57 1475  296.00000  302.46194  2.18%   475 1062s
 51621 37747  299.90767   62 1443  296.00000  302.46194  2.18%   476 1067s
 51900 37909  299.56557   67 1274  296.00000  302.46194  2.18%   476 1071s
 52177 38081  299.21897   74 1200  296.00000  302.46194  2.18%   477 1076s
 52478 38244  298.07066   81 1056  296.00000  302.46194  2.18%   477 1081s
 52814 38419  297.77057   91 1177  296.00000  302.35393  2.15%   478 1086s
 53139 38598  301.38159   38 1864  296.00000  302.35393  2.15%   478 1092s
 53505 38710  300.93339   43 1846  296.00000  302.35393  2.15%   478 1098s
 53795 38859  299.54787   46 1789  296.00000  302.35393  2.15%   479 1103s
 54081 39099  298.94669   51 1674  296.00000  302.35393  2.15%   480 1109s
 54427 39359  297.15087   57 1541  296.00000  302.35393  2.15%   481 1116s
 54911 39467     cutoff   61       296.00000  302.24355  2.11%   481 1123s
 55261 39594  301.59284   44 1844  296.00000  302.22290  2.10%   482 1130s
 55538 39861  301.40171   46 1828  296.00000  302.22290  2.10%   482 1137s
 55966 40137  300.38718   58 1731  296.00000  302.22290  2.10%   483 1144s
 56440 40334  299.23661   77 1492  296.00000  302.22290  2.10%   483 1151s
 56862 40628  297.48924  113 1203  296.00000  302.17791  2.09%   484 1159s
 57359 40782  301.08848   48 1717  296.00000  302.17791  2.09%   485 1167s
 57751 41019  299.71347   71 1524  296.00000  302.17791  2.09%   487 1176s
 58170 41373  297.27549  111 1009  296.00000  302.13945  2.07%   488 1184s
 58752 41697  300.86844   48 1762  296.00000  302.13945  2.07%   490 1193s
 59409 42057  299.83066   61 1438  296.00000  302.13543  2.07%   490 1203s
 60051 42470  301.79799   40 1882  296.00000  302.10559  2.06%   491 1213s
 60812 42489  301.07493   46 1745  296.00000  302.10559  2.06%   492 1223s
 61125 42672  300.69082   50 1625  296.00000  302.10559  2.06%   493 1238s
 61425 43526  299.80045   57 1375  296.00000  302.10559  2.06%   495 1249s
 62586 43768  297.93434   84  644  296.00000  302.05754  2.05%   498 1261s
 63483 44096  299.77398   61 1546  296.00000  302.05184  2.04%   501 1271s
 64308 44529  301.09227   39 1692  296.00000  302.03508  2.04%   504 1282s
 65229 44936  298.04618   66 1375  296.00000  302.00622  2.03%   507 1294s
 66069 45172  300.73733   42 1767  296.00000  301.99724  2.03%   510 1306s
 66691 45724  297.01696   54 1495  296.00000  301.99629  2.03%   515 1319s
 67700 45823  299.58326   45 1719  296.00000  301.99451  2.03%   519 1332s
 68380 45616  300.28196   54 1658  296.00000  301.96157  2.01%   523 1404s
 68400 46356  300.23211   55 1654  296.00000  301.94587  2.01%   523 1429s
 69239 46946  301.35614   42 1809  296.00000  301.94507  2.01%   525 1448s
 70549 47075  297.44257   49 1421  296.00000  301.92070  2.00%   530 1462s
 71338 47688  300.70871   49 1536  296.00000  301.90202  1.99%   535 1479s
 72278 48540  298.17406   76 1039  296.00000  301.90079  1.99%   541 1495s
 73778 48576  301.33373   42 1890  296.00000  301.89849  1.99%   545 1510s
 74466 49590  300.36687   50 1754  296.00000  301.87968  1.99%   548 1527s
 75983 50237  301.24604   43 1732  296.00000  301.86683  1.98%   551 1545s
 77424 50928  300.69831   47 1727  296.00000  301.85637  1.98%   554 1563s
 78948 51755  300.65063   50 1607  296.00000  301.83815  1.97%   557 1581s
 80696 52361  300.86189   51 1806  296.00000  301.82787  1.97%   558 1600s
 82145 52943  301.05325   43 1659  296.00000  301.81623  1.96%   560 1619s
 83458 53370  299.60275   48 1647  296.00000  301.80700  1.96%   564 1639s
 84656 54420  301.15546   41 1750  296.00000  301.79438  1.96%   570 1661s
 86410 55033  300.75790   46 1776  296.00000  301.78597  1.95%   573 1683s
 87843 56134  300.71837   49 1750  296.00000  301.76950  1.95%   577 1706s
 89736 57029  300.45972   48 1710  296.00000  301.76198  1.95%   581 1730s
 91581 58095  299.22885   78 1393  296.00000  301.74908  1.94%   583 1755s
 93682 59473  300.15631   50 1623  296.00000  301.73814  1.94%   586 1787s
 96187 60226     cutoff   91       296.00000  301.72390  1.93%   588 1813s
 98228 61243  299.52533   62 1504  296.00000  301.70248  1.93%   591 1840s
 100330 61859  300.78567   45 1770  296.00000  301.69333  1.92%   595 1866s
 101960 62948  300.17399   47 1661  296.00000  301.68199  1.92%   600 1894s
 104347 63460  300.27457   50 1786  296.00000  301.65671  1.91%   601 1921s
 105911 64778  298.77203   56 1190  296.00000  301.64980  1.91%   606 1949s
 108269 65652  299.46389   62 1555  296.00000  301.63819  1.90%   609 1977s
 110258 67137  298.99237   62 1283  296.00000  301.63197  1.90%   613 2005s
 112879 68077  298.88646   62 1544  296.00000  301.62407  1.90%   614 2032s
 115051 68944  299.94839   53 1495  296.00000  301.61539  1.90%   616 2059s
 117342 69668  301.20189   43 1690  296.00000  301.60366  1.89%   617 2092s
 119345 70755  297.73550   57 1531  296.00000  301.59397  1.89%   622 2125s
 121647 71818  299.93925   49 1703  296.00000  301.57376  1.88%   625 2157s
 123980 72996  297.41068   91 1225  296.00000  301.56527  1.88%   628 2187s
 126371 74118  298.18141   68 1259  296.00000  301.55113  1.88%   630 2218s
 128810 75103     cutoff   85       296.00000  301.54095  1.87%   632 2247s
 131057 75830  298.36198   51 1576  296.00000  301.53204  1.87%   633 2274s
 133061 76700  299.98922   43 1729  296.00000  301.52701  1.87%   636 2302s
 135215 77719  297.87796   66 1497  296.00000  301.52000  1.86%   638 2331s
 137377 78930  300.41851   52 1532  296.00000  301.50844  1.86%   639 2361s
 139715 80179  300.53066   41 1845  296.00000  301.49998  1.86%   640 2389s
 142162 81415  297.97772   85 1360  296.00000  301.49157  1.86%   640 2421s
 144660 82413  298.58951   79  703  296.00000  301.47993  1.85%   641 2449s
 147133 83229  299.41854   56 1672  296.00000  301.47600  1.85%   642 2473s
 149306 84100  300.29202   56 1800  296.00000  301.46934  1.85%   643 2498s
 151335 84767  300.66133   43 1794  296.00000  301.45744  1.84%   643 2524s
 153195 86278  298.62267   54 1527  296.00000  301.45330  1.84%   645 2553s
 155154 88192  297.31073   93 1309  296.00000  301.44788  1.84%   647 2580s
 157473 89617  297.76525   73 1008  296.00000  301.43998  1.84%   648 2606s
 159199 91353  299.32122   76 1399  296.00000  301.43587  1.84%   648 2634s
 161655 92943  300.20720   52 1600  296.00000  301.43056  1.83%   649 2661s
 163690 93116  298.49894   68 1537  296.00000  301.42442  1.83%   651 2717s
 163907 94833  298.41727   69 1511  296.00000  301.42413  1.83%   651 2746s
 166444 96170  299.63760   62 1409  296.00000  301.41480  1.83%   651 2797s
 168074 98162  297.58222  107 1224  296.00000  301.41087  1.83%   652 2838s
 170995 100289  299.88274   51 1734  296.00000  301.40087  1.82%   654 2872s
 173907 102545  299.20182   76 1474  296.00000  301.39153  1.82%   655 2903s
 176650 104313  299.19943   57 1571  296.00000  301.38439  1.82%   656 2933s
 178891 106412  299.13827   62 1313  296.00000  301.37768  1.82%   657 2963s
 181448 107992  299.18190   67 1390  296.00000  301.37056  1.81%   657 2991s
 183352 109743  300.05247   52 1670  296.00000  301.36761  1.81%   658 3022s
 185518 111796  300.19070   43 1721  296.00000  301.36373  1.81%   658 3051s
 188032 113781  300.57188   44 1653  296.00000  301.35735  1.81%   658 3079s
 190467 116099  297.06180   80 1359  296.00000  301.35169  1.81%   659 3111s
 193260 117736  297.15920   74 1305  296.00000  301.34290  1.81%   659 3136s
 195248 119648  299.22253   65 1451  296.00000  301.33778  1.80%   660 3162s
 197560 121390  300.18953   52 1596  296.00000  301.33461  1.80%   660 3187s
 199700 123045  300.98489   47 1625  296.00000  301.32933  1.80%   660 3212s
 201733 124844  299.89766   46 1726  296.00000  301.32316  1.80%   661 3238s
 203947 126524  299.50372   59 1578  296.00000  301.31608  1.80%   661 3264s
 206040 128161  300.17373   45 1719  296.00000  301.31114  1.79%   662 3291s
 208113 129962  299.56914   49 1631  296.00000  301.30463  1.79%   662 3318s
 210385 131659     cutoff   84       296.00000  301.30177  1.79%   663 3345s
 212471 133528  298.87309   63 1664  296.00000  301.29706  1.79%   663 3372s
 214746 135738  299.50625   75 1415  296.00000  301.29051  1.79%   664 3405s
 217469 137664  297.23453   97 1287  296.00000  301.28562  1.79%   664 3431s
 219805 138878  298.68841   51 1660  296.00000  301.28196  1.78%   664 3457s
 221514 140843     cutoff   80       296.00000  301.27760  1.78%   665 3485s
 223927 142245     cutoff   80       296.00000  301.27300  1.78%   665 3513s
 225902 143947  300.48465   49 1709  296.00000  301.26804  1.78%   667 3541s
 227934 145974  300.59122   44 1801  296.00000  301.26385  1.78%   668 3568s
 230469 148118  300.71567   45 1666  296.00000  301.25936  1.78%   668 3596s
 233085 148316  297.67564   83 1486  296.00000  301.25676  1.78%   668 3600s

Cutting planes:
  Gomory: 10
  Cover: 485
  Clique: 115
  MIR: 19
  Mixing: 1
  Flow cover: 385
  Zero half: 805
  RLT: 29
  Relax-and-lift: 1

Explored 233389 nodes (155856794 simplex iterations) in 3601.01 seconds (4278.44 work units)
Thread count was 20 (of 20 available processors)

Solution count 10: 296 295 294 ... 287

Time limit reached
Best objective 2.960000000000e+02, best bound 3.010000000000e+02, gap 1.6892%

User-callback calls 635021, time in user-callback 0.42 sec

Gurobi 11.0.2 (win64) logging started Tue Jan 21 09:15:07 2025

Set parameter LogFile to value "log_MTTP3_targetS2_E2_Gurobi.log"
Set parameter Method to value 0

Gurobi 11.0.2 (win64) logging started Tue Jan 21 09:15:24 2025

Set parameter LogFile to value "log_MTTP3_targetS2_E2_Gurobi.log"
Gurobi Optimizer version 11.0.2 build v11.0.2rc0 (win64 - Windows 11.0 (22621.2))

CPU model: 12th Gen Intel(R) Core(TM) i7-12700, instruction set [SSE2|AVX|AVX2]
Thread count: 12 physical cores, 20 logical processors, using up to 20 threads

Optimize a model with 6260357 rows, 7634 columns and 12523088 nonzeros
Model fingerprint: 0xaea429fc
Variable types: 0 continuous, 7634 integer (7634 binary)
Coefficient statistics:
  Matrix range     [1e+00, 2e+00]
  Objective range  [1e+00, 1e+00]
  Bounds range     [0e+00, 0e+00]
  RHS range        [1e+00, 2e+00]
Found heuristic solution: objective -0.0000000
Presolve removed 6232874 rows and 1256 columns
Presolve time: 1.53s
Presolved: 27483 rows, 6378 columns, 57340 nonzeros
Variable types: 0 continuous, 6378 integer (6378 binary)
Found heuristic solution: objective 221.0000000

Root relaxation: objective 3.115695e+02, 5030 iterations, 0.29 seconds (0.36 work units)

    Nodes    |    Current Node    |     Objective Bounds      |     Work
 Expl Unexpl |  Obj  Depth IntInf | Incumbent    BestBd   Gap | It/Node Time

     0     0  311.56949    0 1418  221.00000  311.56949  41.0%     -    2s
H    0     0                     257.0000000  311.56949  21.2%     -    2s
H    0     0                     260.0000000  311.56949  19.8%     -    2s
H    0     0                     262.0000000  311.56949  18.9%     -    3s
H    0     0                     267.0000000  311.56949  16.7%     -    3s
     0     0  308.95027    0 1724  267.00000  308.95027  15.7%     -    3s
H    0     0                     268.0000000  308.95027  15.3%     -    3s
     0     0  308.95027    0 1724  268.00000  308.95027  15.3%     -    3s
     0     0  308.94849    0 1715  268.00000  308.94849  15.3%     -    3s
     0     0  308.94784    0 1717  268.00000  308.94784  15.3%     -    3s
     0     0  308.94760    0 1721  268.00000  308.94760  15.3%     -    3s
     0     0  307.87055    0 1817  268.00000  307.87055  14.9%     -    4s
H    0     0                     269.0000000  307.87055  14.5%     -    4s
     0     0  307.73764    0 1843  269.00000  307.73764  14.4%     -    4s
     0     0  307.70096    0 1867  269.00000  307.70096  14.4%     -    4s
     0     0  307.68919    0 1864  269.00000  307.68919  14.4%     -    4s
     0     0  307.68848    0 1883  269.00000  307.68848  14.4%     -    4s
H    0     0                     271.0000000  307.36008  13.4%     -    5s
     0     0  307.36008    0 1884  271.00000  307.36008  13.4%     -    5s
     0     0  307.26689    0 1867  271.00000  307.26689  13.4%     -    5s
     0     0  307.25388    0 1895  271.00000  307.25388  13.4%     -    5s
     0     0  307.25080    0 1903  271.00000  307.25080  13.4%     -    5s
     0     0  307.25053    0 1912  271.00000  307.25053  13.4%     -    5s
     0     0  307.14026    0 1932  271.00000  307.14026  13.3%     -    5s
     0     0  307.13505    0 1932  271.00000  307.13505  13.3%     -    5s
     0     0  307.13482    0 1933  271.00000  307.13482  13.3%     -    5s
H    0     0                     272.0000000  307.13482  12.9%     -    6s
     0     0  307.11506    0 1970  272.00000  307.11506  12.9%     -    6s
     0     0  307.11432    0 1975  272.00000  307.11432  12.9%     -    6s
H    0     0                     273.0000000  307.08756  12.5%     -    6s
     0     0  307.08756    0 1975  273.00000  307.08756  12.5%     -    6s
     0     0  307.08197    0 1976  273.00000  307.08197  12.5%     -    6s
     0     0  307.08162    0 1977  273.00000  307.08162  12.5%     -    6s
     0     0  307.02506    0 1957  273.00000  307.02506  12.5%     -    7s
H    0     0                     274.0000000  307.02506  12.1%     -    7s
H    0     0                     278.0000000  307.02214  10.4%     -    7s
H    0     0                     279.0000000  307.02214  10.0%     -    7s
     0     0  307.02214    0 1973  279.00000  307.02214  10.0%     -    7s
     0     0  307.02214    0 1976  279.00000  307.02214  10.0%     -    7s
H    0     0                     280.0000000  307.02214  9.65%     -    7s
H    0     0                     281.0000000  307.02214  9.26%     -    7s
H    0     0                     284.0000000  307.02214  8.11%     -    7s
     0     0  307.00916    0 1950  284.00000  307.00916  8.10%     -    7s
     0     0  307.00913    0 1934  284.00000  307.00913  8.10%     -    7s
H    0     0                     287.0000000  307.00913  6.97%     -    8s
H    0     2                     288.0000000  307.00913  6.60%     -    8s
     0     2  307.00913    0 1928  288.00000  307.00913  6.60%     -    8s
    27    40  306.58666    5 1929  288.00000  306.58755  6.45%   909   10s
H   75    88                     289.0000000  306.58755  6.09%   906   11s
   123   136  306.03560   10 1853  289.00000  306.58755  6.09%   911   15s
H  124   136                     290.0000000  306.58755  5.72%   904   15s
H  161   175                     291.0000000  306.58755  5.36%   879   16s
H  168   175                     292.0000000  306.58755  5.00%   885   16s
H  204   217                     293.0000000  306.58755  4.64%   897   18s
H  254   268                     294.0000000  306.58755  4.28%   879   21s
   398   410  304.61872   28 1739  294.00000  306.58755  4.28%   831   26s
   671   730  303.74615   41 1691  294.00000  306.58755  4.28%   748   30s
  1054  1138  302.85828   57 1503  294.00000  306.58755  4.28%   654   35s
  1527  1596  301.26570   83 1376  294.00000  306.58755  4.28%   604   40s
  2217  2367  299.52592  106 1292  294.00000  306.58755  4.28%   551   46s
H 2662  2525                     295.0000000  306.58755  3.93%   516   49s
  2701  2592  297.16015  137  847  295.00000  306.48330  3.89%   522   50s
  3002  2856  304.61738   15 1766  295.00000  306.41253  3.87%   533   55s
  3620  3606  301.08969   51 1553  295.00000  306.41253  3.87%   527   60s
  4424  4083  302.82945   44 1320  295.00000  306.24678  3.81%   496   68s
  4427  4085  296.18750  120 1807  295.00000  306.24678  3.81%   496   70s
  4445  4097  303.89859   28 1953  295.00000  306.24678  3.81%   494   75s
  4465  4110  301.13858   85 2019  295.00000  306.16248  3.78%   491   81s
  4481  4121  303.99060   37 2024  295.00000  305.98604  3.72%   490   85s
  4490  4132  305.81042   17 1972  295.00000  305.89575  3.69%   496   90s
  4578  4207  305.16803   22 1937  295.00000  305.47828  3.55%   511   95s
  4638  4247  304.86324   23 1897  295.00000  305.36885  3.51%   520  100s
  4779  4353  304.18363   26 1864  295.00000  305.36885  3.51%   536  105s
  4962  4489  304.24499   31 1825  295.00000  305.36885  3.51%   553  110s
  5149  4627  303.86006   35 1852  295.00000  305.36885  3.51%   564  115s
  5396  4790  303.17136   38 1751  295.00000  305.36885  3.51%   571  120s
  5744  5028  302.23498   43 1657  295.00000  305.36885  3.51%   575  125s
  6107  5181  301.72306   49 1543  295.00000  305.36885  3.51%   573  137s
  6489  5659  301.44293   53 1517  295.00000  305.36885  3.51%   566  140s
  7161  6096  300.96698   61 1473  295.00000  305.36885  3.51%   550  145s
  8245  6596  299.50983   74 1414  295.00000  305.36885  3.51%   525  151s
  8613  6892  298.84941   82 1155  295.00000  305.36885  3.51%   521  155s
  9579  7402  305.07724   23 1914  295.00000  305.34938  3.51%   500  160s
 10482  7873  304.38621   28 1776  295.00000  305.34938  3.51%   487  165s
 10989  8098  303.37025   32 1709  295.00000  305.34938  3.51%   484  170s
 11872  8645  303.04608   41 1698  295.00000  305.34938  3.51%   477  177s
 12534  9132  302.41144   48 1544  295.00000  305.34938  3.51%   472  182s
 13011  9328  301.89439   52 1498  295.00000  305.34938  3.51%   466  185s
 13733  9796  300.92299   64 1357  295.00000  305.34938  3.51%   463  191s
 14678 10288  298.43261   82 1170  295.00000  305.34938  3.51%   457  197s
 15166 10597  298.03899   94  825  295.00000  305.09751  3.42%   454  200s
 15725 10500  304.90795   24 1890  295.00000  305.09709  3.42%   450  208s
 15816 10794  304.11349   27 1806  295.00000  305.09709  3.42%   450  211s
 16246 11087  304.07001   29 1805  295.00000  305.09709  3.42%   449  216s
 17149 11896  302.34183   47 1628  295.00000  305.09709  3.42%   446  223s
 17835 12502  301.63899   57 1607  295.00000  305.09709  3.42%   441  228s
 18571 12975  300.51645   66 1504  295.00000  305.09709  3.42%   438  232s
 19107 13598  299.30566   75 1429  295.00000  305.09709  3.42%   440  237s
 19805 14156  297.52707   94 1150  295.00000  304.90583  3.36%   439  242s
 20533 14549  304.25769   25 1821  295.00000  304.88756  3.35%   438  247s
 20962 14903  302.97920   28 1693  295.00000  304.88756  3.35%   443  251s
 21347 15532  302.25211   33 1664  295.00000  304.88756  3.35%   449  257s
 22034 15913  300.61202   38 1602  295.00000  304.88756  3.35%   451  263s
 22582 16472  300.54359   41 1570  295.00000  304.88756  3.35%   452  269s
 23179 17083  298.08617   51 1408  295.00000  304.87050  3.35%   455  275s
 23903 17903  303.82677   29 1731  295.00000  304.85551  3.34%   458  283s
 24875 18581  301.08021   64 1454  295.00000  304.84751  3.34%   460  289s
 25679 19788  304.18377   25 1813  295.00000  304.81389  3.33%   462  297s
 26947 20937  301.39870   55 1584  295.00000  304.81282  3.33%   459  303s
 28313 21517  304.42081   25 1883  295.00000  304.79513  3.32%   453  309s
 28972 22650  303.16010   36 1773  295.00000  304.79513  3.32%   456  316s
 30201 23873  301.63162   46 1558  295.00000  304.79513  3.32%   454  323s
 31651 25001  299.14823   68 1182  295.00000  304.79513  3.32%   449  330s
 32933 25690  296.93054  103  907  295.00000  304.76543  3.31%   446  337s
 33835 26532  302.27585   39 1685  295.00000  304.73204  3.30%   447  345s
 34876 27235  303.92661   27 1685  295.00000  304.71373  3.29%   447  353s
 35678 28298  300.18095   53 1318  295.00000  304.70646  3.29%   447  361s
 37033 29468  302.12737   35 1614  295.00000  304.67289  3.28%   446  369s
 38494 30747  303.89156   29 1761  295.00000  304.66316  3.28%   444  378s
 39878 32039  299.09379   84 1309  295.00000  304.64949  3.27%   443  388s
 41412 32165  301.78103   48 1561  295.00000  304.64695  3.27%   442  418s
 41549 33599  299.93863   73 1301  295.00000  304.63771  3.27%   442  428s
 43192 34596  302.94300   32 1662  295.00000  304.63771  3.27%   441  438s
 44262 36426  300.10833   54 1372  295.00000  304.62836  3.26%   446  449s
 46378 36427  298.51212   48 1320  295.00000  304.61768  3.26%   444  603s
 46381 36429  301.87994   52 1771  295.00000  304.61768  3.26%   444  605s
 46391 36436  304.16847   24 1947  295.00000  304.16847  3.11%   444  610s
 46401 36442  298.92864  100 2031  295.00000  303.94058  3.03%   444  616s
 46413 36450  297.77869   92 2075  295.00000  303.75391  2.97%   443  622s
 46417 36453  303.27582   36 2076  295.00000  303.73097  2.96%   443  626s
 46426 36459  300.51551   66 2075  295.00000  303.68670  2.94%   443  632s
 46429 36461  300.83388   56 2072  295.00000  303.68412  2.94%   443  635s
 46438 36467  300.93280   62 2092  295.00000  303.64571  2.93%   443  641s
 46442 36470  303.58633   27 2046  295.00000  303.58633  2.91%   443  645s
 46448 36474  302.58568   31 2062  295.00000  303.55878  2.90%   443  651s
 46455 36478  303.54261   29 2074  295.00000  303.54261  2.90%   443  657s
 46461 36482  299.59058   57 2081  295.00000  303.52771  2.89%   443  660s
 46469 36488  302.98146   36 2070  295.00000  303.48649  2.88%   443  666s
 46475 36492  297.22637   99 2091  295.00000  303.45983  2.87%   443  672s
 46477 36493  303.45658   31 2081  295.00000  303.45658  2.87%   443  675s
 46484 36498  296.75896   92 2104  295.00000  303.43559  2.86%   443  682s
 46486 36499  298.38201   89 2094  295.00000  303.43427  2.86%   443  685s
 46493 36504  300.03195   55 2127  295.00000  303.42792  2.86%   443  691s
 46500 36508  296.60151  127 2097  295.00000  303.40426  2.85%   443  697s
 46502 36510  303.40308   29 2113  295.00000  303.40308  2.85%   443  701s
 46511 36516  298.88861   87 2096  295.00000  303.36983  2.84%   443  707s
 46514 36518  301.74140   49 2081  295.00000  303.36404  2.84%   443  710s
 46521 36522  303.35202   25 2084  295.00000  303.35202  2.83%   442  716s
 46527 36526  300.77408   53 2084  295.00000  303.33575  2.83%   442  722s
 46530 36528  296.21931  108 2091  295.00000  303.33405  2.83%   442  725s
 46535 36532  303.33123   28 2103  295.00000  303.33123  2.82%   442  732s
 46537 36533  297.44617   92 2102  295.00000  303.33118  2.82%   442  735s
 46543 36537  299.56531   66 2094  295.00000  303.30619  2.82%   442  741s
 46550 36542  299.61933   81 2071  295.00000  303.27924  2.81%   442  747s
 46554 36544  303.26986   27 2079  295.00000  303.26986  2.80%   442  750s
 46558 36547  298.12254   71 2081  295.00000  303.26883  2.80%   442  756s
 46564 36551  301.77264   52 2071  295.00000  303.26289  2.80%   442  761s
 46569 36554  302.98146   36 2081  295.00000  303.26079  2.80%   442  767s
 46571 36556  297.92200  104 2086  295.00000  303.26009  2.80%   442  770s
 46576 36559  303.25662   31 2070  295.00000  303.25662  2.80%   442  775s
 46581 36562  301.87994   52 2063  295.00000  303.24458  2.79%   442  780s
 46588 36567  300.77678   54 2101  295.00000  303.22481  2.79%   442  786s
 46594 36571  297.57074  111 2110  295.00000  303.21276  2.78%   442  793s
 46597 36573  302.92250   41 2095  295.00000  303.20770  2.78%   442  796s
 46603 36577  299.35075   95 2101  295.00000  303.20222  2.78%   442  802s
 46607 36580  302.97272   44 2112  295.00000  303.19045  2.78%   442  806s
 46612 36583  301.14958   65 2133  295.00000  303.17805  2.77%   442  812s
 46614 36584  301.74140   49 2126  295.00000  303.17694  2.77%   442  815s
 46619 36588  297.87712  112 2105  295.00000  303.17048  2.77%   442  821s
 46621 36589  303.16998   25 2111  295.00000  303.16998  2.77%   442  825s
 46626 36592  300.51551   66 2125  295.00000  303.15962  2.77%   441  832s
 46628 36594  301.63894   54 2110  295.00000  303.15761  2.77%   441  835s
 46632 36596  297.58920   86 2124  295.00000  303.15688  2.77%   441  841s
 46634 36598  300.76807   49 2146  295.00000  303.15590  2.76%   441  845s
 46639 36601  296.49326   83 2131  295.00000  303.14746  2.76%   441  852s
 46641 36602  303.14435   30 2142  295.00000  303.14435  2.76%   441  855s
 46646 36606  303.02247   31 2130  295.00000  303.14020  2.76%   441  862s
 46648 36607  302.58568   31 2139  295.00000  303.14011  2.76%   441  866s
 46652 36610  301.53248   46 2142  295.00000  303.13946  2.76%   441  873s
 46654 36611  303.13928   27 2147  295.00000  303.13928  2.76%   441  876s
 46656 36612  296.98686  115 2151  295.00000  303.13927  2.76%   441  880s
 46660 36615  296.36784  127 2151  295.00000  303.13769  2.76%   441  886s
 46664 36618  301.77264   52 2123  295.00000  303.13282  2.76%   441  890s
 46669 36621  302.98146   36 2127  295.00000  303.12617  2.75%   441  897s
 46671 36622  297.92200  104 2125  295.00000  303.12520  2.75%   441  902s
 46674 36624  302.12127   42 2125  295.00000  303.12453  2.75%   441  905s
 46681 36629  301.87994   52 2133  295.00000  303.11247  2.75%   441  913s
 46684 36631  296.75896   92 2136  295.00000  303.10514  2.75%   441  917s
 46686 36632  298.38201   89 2129  295.00000  303.10480  2.75%   441  920s
 46690 36635  296.99104  119 2103  295.00000  303.10310  2.75%   441  932s
 46697 36649  302.87637   33 2030  295.00000  302.98315  2.71%   443  936s
 46721 36677  302.61879   35 2017  295.00000  302.74460  2.63%   444  947s
 46761 36703  302.35399   36 1971  295.00000  302.59458  2.57%   445  950s
 46842 36757  302.06518   38 1956  295.00000  302.51690  2.55%   446  955s
 46882 36785  301.99757   39 1936  295.00000  302.51690  2.55%   447  960s
 46954 36839  302.00859   41 1969  295.00000  302.51690  2.55%   448  965s
 47040 36901  301.40237   42 1941  295.00000  302.51690  2.55%   450  970s
 47092 36937  301.55853   43 1919  295.00000  302.51690  2.55%   451  976s
 47160 36988  301.85160   44 1951  295.00000  302.51690  2.55%   453  980s
 47296 37092  301.35319   47 1855  295.00000  302.51690  2.55%   455  985s
 47473 37222  301.11199   50 1838  295.00000  302.51690  2.55%   458  990s
 47594 37305  300.60522   52 1780  295.00000  302.51690  2.55%   459  995s
 47837 37472  299.91126   56 1602  295.00000  302.51690  2.55%   462 1001s
 48044 37618  299.36192   59 1582  295.00000  302.51690  2.55%   463 1006s
 48290 37824  299.08137   63 1467  295.00000  302.51690  2.55%   465 1011s
 48445 37841  299.03030   65 1481  295.00000  302.51690  2.55%   465 1015s
H48446 35974                     296.0000000  302.51690  2.20%   465 1015s
 48721 36162  298.82902   68 1473  296.00000  302.51690  2.20%   466 1021s
 49054 36294  297.96962   75 1257  296.00000  302.51690  2.20%   468 1027s
 49211 36363  297.54156   79 1057  296.00000  302.51690  2.20%   469 1031s
 49534 36521     cutoff   91       296.00000  302.46194  2.18%   470 1038s
 49691 36615  302.12977   37 1863  296.00000  302.46194  2.18%   471 1042s
 49867 36751  301.70490   38 1793  296.00000  302.46194  2.18%   471 1045s
 50304 36948  301.58729   42 1692  296.00000  302.46194  2.18%   472 1052s
 50480 37072  300.78066   44 1643  296.00000  302.46194  2.18%   473 1056s
 50679 37193  301.00090   47 1669  296.00000  302.46194  2.18%   473 1060s
 51139 37446  300.12988   53 1493  296.00000  302.46194  2.18%   474 1068s
 51362 37594  300.22016   57 1475  296.00000  302.46194  2.18%   475 1072s
 51621 37747  299.90767   62 1443  296.00000  302.46194  2.18%   476 1077s
 51900 37909  299.56557   67 1274  296.00000  302.46194  2.18%   476 1081s
 52177 38081  299.21897   74 1200  296.00000  302.46194  2.18%   477 1087s
 52478 38244  298.07066   81 1056  296.00000  302.46194  2.18%   477 1092s
 52814 38419  297.77057   91 1177  296.00000  302.35393  2.15%   478 1096s
 53139 38598  301.38159   38 1864  296.00000  302.35393  2.15%   478 1102s
 53505 38710  300.93339   43 1846  296.00000  302.35393  2.15%   478 1108s
 53795 38859  299.54787   46 1789  296.00000  302.35393  2.15%   479 1114s
 54081 39099  298.94669   51 1674  296.00000  302.35393  2.15%   480 1119s
 54427 39359  297.15087   57 1541  296.00000  302.35393  2.15%   481 1126s
 54911 39467     cutoff   61       296.00000  302.24355  2.11%   481 1133s
 55261 39594  301.59284   44 1844  296.00000  302.22290  2.10%   482 1140s
 55538 39861  301.40171   46 1828  296.00000  302.22290  2.10%   482 1147s
 55966 40137  300.38718   58 1731  296.00000  302.22290  2.10%   483 1155s
 56440 40334  299.23661   77 1492  296.00000  302.22290  2.10%   483 1162s
 56862 40628  297.48924  113 1203  296.00000  302.17791  2.09%   484 1170s
 57359 40782  301.08848   48 1717  296.00000  302.17791  2.09%   485 1178s
 57751 41019  299.71347   71 1524  296.00000  302.17791  2.09%   487 1187s
 58170 41373  297.27549  111 1009  296.00000  302.13945  2.07%   488 1195s
 58752 41697  300.86844   48 1762  296.00000  302.13945  2.07%   490 1205s
 59409 42057  299.83066   61 1438  296.00000  302.13543  2.07%   490 1214s
 60051 42470  301.79799   40 1882  296.00000  302.10559  2.06%   491 1223s
 60812 42489  301.07493   46 1745  296.00000  302.10559  2.06%   492 1234s
 61125 42672  300.69082   50 1625  296.00000  302.10559  2.06%   493 1249s
 61425 43526  299.80045   57 1375  296.00000  302.10559  2.06%   495 1261s
 62586 43768  297.93434   84  644  296.00000  302.05754  2.05%   498 1272s
 63483 44096  299.77398   61 1546  296.00000  302.05184  2.04%   501 1283s
 64308 44529  301.09227   39 1692  296.00000  302.03508  2.04%   504 1295s
 65229 44936  298.04618   66 1375  296.00000  302.00622  2.03%   507 1306s
 66069 45172  300.73733   42 1767  296.00000  301.99724  2.03%   510 1318s
 66691 45724  297.01696   54 1495  296.00000  301.99629  2.03%   515 1331s
 67700 45823  299.58326   45 1719  296.00000  301.99451  2.03%   519 1344s
 68380 45616  300.28196   54 1658  296.00000  301.96157  2.01%   523 1415s
 68400 46356  300.23211   55 1654  296.00000  301.94587  2.01%   523 1440s
 69239 46946  301.35614   42 1809  296.00000  301.94507  2.01%   525 1459s
 70549 47075  297.44257   49 1421  296.00000  301.92070  2.00%   530 1474s
 71338 47688  300.70871   49 1536  296.00000  301.90202  1.99%   535 1489s
 72278 48540  298.17406   76 1039  296.00000  301.90079  1.99%   541 1506s
 73778 48576  301.33373   42 1890  296.00000  301.89849  1.99%   545 1521s
 74466 49590  300.36687   50 1754  296.00000  301.87968  1.99%   548 1538s
 75983 50237  301.24604   43 1732  296.00000  301.86683  1.98%   551 1556s
 77424 50928  300.69831   47 1727  296.00000  301.85637  1.98%   554 1574s
 78948 51755  300.65063   50 1607  296.00000  301.83815  1.97%   557 1593s
 80696 52361  300.86189   51 1806  296.00000  301.82787  1.97%   558 1612s
 82145 52943  301.05325   43 1659  296.00000  301.81623  1.96%   560 1632s
 83458 53370  299.60275   48 1647  296.00000  301.80700  1.96%   564 1652s
 84656 54420  301.15546   41 1750  296.00000  301.79438  1.96%   570 1673s
 86410 55033  300.75790   46 1776  296.00000  301.78597  1.95%   573 1695s
 87843 56134  300.71837   49 1750  296.00000  301.76950  1.95%   577 1718s
 89736 57029  300.45972   48 1710  296.00000  301.76198  1.95%   581 1742s
 91581 58095  299.22885   78 1393  296.00000  301.74908  1.94%   583 1767s
 93682 59473  300.15631   50 1623  296.00000  301.73814  1.94%   586 1799s
 95088 59004  300.02276   63 1704  296.00000  301.72834  1.94%   587 1800s
 96187 60226     cutoff   91       296.00000  301.72390  1.93%   588 1826s
 98228 61243  299.52533   62 1504  296.00000  301.70248  1.93%   591 1853s
 100330 61859  300.78567   45 1770  296.00000  301.69333  1.92%   595 1880s
 101960 62948  300.17399   47 1661  296.00000  301.68199  1.92%   600 1907s
 104347 63460  300.27457   50 1786  296.00000  301.65671  1.91%   601 1935s
 105911 64778  298.77203   56 1190  296.00000  301.64980  1.91%   606 1963s
 108269 65652  299.46389   62 1555  296.00000  301.63819  1.90%   609 1991s
 110258 67137  298.99237   62 1283  296.00000  301.63197  1.90%   613 2019s
 112879 68077  298.88646   62 1544  296.00000  301.62407  1.90%   614 2046s
 115051 68944  299.94839   53 1495  296.00000  301.61539  1.90%   616 2072s
 117342 69668  301.20189   43 1690  296.00000  301.60366  1.89%   617 2104s
 119345 70755  297.73550   57 1531  296.00000  301.59397  1.89%   622 2137s
 121647 71818  299.93925   49 1703  296.00000  301.57376  1.88%   625 2167s
 123980 72996  297.41068   91 1225  296.00000  301.56527  1.88%   628 2198s
 126371 74118  298.18141   68 1259  296.00000  301.55113  1.88%   630 2229s
 128810 75103     cutoff   85       296.00000  301.54095  1.87%   632 2258s
 131057 75830  298.36198   51 1576  296.00000  301.53204  1.87%   633 2286s
 133061 76700  299.98922   43 1729  296.00000  301.52701  1.87%   636 2315s
 135215 77719  297.87796   66 1497  296.00000  301.52000  1.86%   638 2342s
 137377 78930  300.41851   52 1532  296.00000  301.50844  1.86%   639 2372s
 139715 80179  300.53066   41 1845  296.00000  301.49998  1.86%   640 2400s
 142162 81415  297.97772   85 1360  296.00000  301.49157  1.86%   640 2433s
 144660 82413  298.58951   79  703  296.00000  301.47993  1.85%   641 2460s
 147133 83229  299.41854   56 1672  296.00000  301.47600  1.85%   642 2485s
 149306 84100  300.29202   56 1800  296.00000  301.46934  1.85%   643 2510s
 151335 84767  300.66133   43 1794  296.00000  301.45744  1.84%   643 2535s
 153195 86278  298.62267   54 1527  296.00000  301.45330  1.84%   645 2564s
 155154 88192  297.31073   93 1309  296.00000  301.44788  1.84%   647 2591s
 157473 89617  297.76525   73 1008  296.00000  301.43998  1.84%   648 2618s
 159199 91353  299.32122   76 1399  296.00000  301.43587  1.84%   648 2646s
 161655 92943  300.20720   52 1600  296.00000  301.43056  1.83%   649 2673s
 163690 93116  298.49894   68 1537  296.00000  301.42442  1.83%   651 2729s
 163907 94833  298.41727   69 1511  296.00000  301.42413  1.83%   651 2758s
 166444 96170  299.63760   62 1409  296.00000  301.41480  1.83%   651 2811s
 168074 98162  297.58222  107 1224  296.00000  301.41087  1.83%   652 2852s
 170995 100289  299.88274   51 1734  296.00000  301.40087  1.82%   654 2886s
 173907 102545  299.20182   76 1474  296.00000  301.39153  1.82%   655 2919s
 176650 104313  299.19943   57 1571  296.00000  301.38439  1.82%   656 2948s
 178891 106412  299.13827   62 1313  296.00000  301.37768  1.82%   657 2978s
 181448 107992  299.18190   67 1390  296.00000  301.37056  1.81%   657 3006s
 183352 109743  300.05247   52 1670  296.00000  301.36761  1.81%   658 3036s

Cutting planes:
  Gomory: 10
  Cover: 471
  Clique: 114
  MIR: 19
  Mixing: 1
  Flow cover: 383
  Zero half: 797
  RLT: 29
  Relax-and-lift: 1

Explored 185518 nodes (122075199 simplex iterations) in 3038.03 seconds (3603.10 work units)
Thread count was 20 (of 20 available processors)

Solution count 10: 296 295 294 ... 287

Work limit reached
Best objective 2.960000000000e+02, best bound 3.010000000000e+02, gap 1.6892%

User-callback calls 536647, time in user-callback 0.37 sec
