
Gurobi 11.0.2 (win64) logging started Mon Jan 20 20:11:02 2025

Set parameter LogFile to value "log_MTTP2_targetS2_E2_Gurobi.log"
Set parameter Method to value 0

Gurobi 11.0.2 (win64) logging started Mon Jan 20 20:11:18 2025

Set parameter LogFile to value "log_MTTP2_targetS2_E2_Gurobi.log"
Gurobi Optimizer version 11.0.2 build v11.0.2rc0 (win64 - Windows 11.0 (22621.2))

CPU model: 12th Gen Intel(R) Core(TM) i7-12700, instruction set [SSE2|AVX|AVX2]
Thread count: 12 physical cores, 20 logical processors, using up to 20 threads

Optimize a model with 6303219 rows, 7588 columns and 12608892 nonzeros
Model fingerprint: 0x9b362a7e
Variable types: 0 continuous, 7588 integer (7588 binary)
Coefficient statistics:
  Matrix range     [1e+00, 2e+00]
  Objective range  [1e+00, 1e+00]
  Bounds range     [0e+00, 0e+00]
  RHS range        [1e+00, 2e+00]
Found heuristic solution: objective -0.0000000
Presolve removed 6274228 rows and 956 columns
Presolve time: 1.61s
Presolved: 28991 rows, 6632 columns, 60436 nonzeros
Variable types: 0 continuous, 6632 integer (6632 binary)

Root relaxation: objective 3.138257e+02, 6155 iterations, 0.60 seconds (0.72 work units)

    Nodes    |    Current Node    |     Objective Bounds      |     Work
 Expl Unexpl |  Obj  Depth IntInf | Incumbent    BestBd   Gap | It/Node Time

     0     0  313.82571    0 1419   -0.00000  313.82571      -     -    3s
H    0     0                     252.0000000  313.82571  24.5%     -    3s
H    0     0                     255.0000000  313.82571  23.1%     -    3s
H    0     0                     260.0000000  313.82571  20.7%     -    3s
H    0     0                     262.0000000  313.82571  19.8%     -    3s
     0     0  311.53690    0 1772  262.00000  311.53690  18.9%     -    4s
     0     0  311.47003    0 1757  262.00000  311.47003  18.9%     -    4s
     0     0  311.46807    0 1758  262.00000  311.46807  18.9%     -    4s
     0     0  311.46696    0 1763  262.00000  311.46696  18.9%     -    4s
     0     0  311.46696    0 1764  262.00000  311.46696  18.9%     -    4s
H    0     0                     264.0000000  310.67280  17.7%     -    5s
     0     0  310.67280    0 1820  264.00000  310.67280  17.7%     -    5s
H    0     0                     266.0000000  310.67280  16.8%     -    5s
     0     0  310.58346    0 1880  266.00000  310.58346  16.8%     -    5s
     0     0  310.56790    0 1884  266.00000  310.56790  16.8%     -    5s
     0     0  310.56773    0 1873  266.00000  310.56773  16.8%     -    5s
     0     0  310.30148    0 1877  266.00000  310.30148  16.7%     -    6s
H    0     0                     268.0000000  310.30148  15.8%     -    6s
     0     0  310.25243    0 1894  268.00000  310.25243  15.8%     -    6s
     0     0  310.25105    0 1903  268.00000  310.25105  15.8%     -    6s
     0     0  310.24859    0 1900  268.00000  310.24859  15.8%     -    6s
     0     0  310.24849    0 1904  268.00000  310.24849  15.8%     -    6s
     0     0  310.15287    0 1902  268.00000  310.15287  15.7%     -    7s
H    0     0                     270.0000000  310.15287  14.9%     -    7s
     0     0  310.13880    0 1932  270.00000  310.13880  14.9%     -    7s
     0     0  310.13756    0 1945  270.00000  310.13756  14.9%     -    7s
     0     0  310.04911    0 1951  270.00000  310.04911  14.8%     -    8s
     0     0  310.03741    0 1967  270.00000  310.03741  14.8%     -    8s
     0     0  310.03619    0 1968  270.00000  310.03619  14.8%     -    8s
     0     0  310.01776    0 1928  270.00000  310.01776  14.8%     -    8s
     0     0  310.01610    0 1951  270.00000  310.01610  14.8%     -    8s
     0     0  310.01582    0 1951  270.00000  310.01582  14.8%     -    8s
     0     0  310.00959    0 1958  270.00000  310.00959  14.8%     -    8s
     0     0  310.00957    0 1959  270.00000  310.00957  14.8%     -    8s
     0     0  310.00925    0 1952  270.00000  310.00925  14.8%     -    8s
     0     0  310.00111    0 1919  270.00000  310.00111  14.8%     -    8s
H    0     0                     277.0000000  310.00111  11.9%     -   10s
H    0     0                     278.0000000  310.00111  11.5%     -   10s
     0     2  310.00111    0 1919  278.00000  310.00111  11.5%     -   10s
H   27    40                     279.0000000  309.58033  11.0%  1451   12s
    63    76  309.24068    6 1866  279.00000  309.58033  11.0%  1335   19s
H   75    88                     280.0000000  309.58033  10.6%  1249   19s
H   75    88                     283.0000000  309.58033  9.39%  1249   19s
    87   100  309.05305    8 1908  283.00000  309.58033  9.39%  1236   20s
H  112   125                     285.0000000  309.58033  8.62%  1154   21s
H  124   138                     287.0000000  309.58033  7.87%  1130   22s
H  149   163                     289.0000000  309.58033  7.12%  1123   24s
   162   179  308.67808   13 1895  289.00000  309.58033  7.12%  1119   25s
H  174   179                     290.0000000  309.58033  6.75%  1095   25s
H  197   210                     291.0000000  309.58033  6.38%  1100   27s
H  243   256                     292.0000000  309.58033  6.02%  1049   29s
   275   288  308.31944   21 1873  292.00000  309.58033  6.02%  1045   32s
H  277   288                     293.0000000  309.58033  5.66%  1042   32s
   348   379  308.15975   24 1855  293.00000  309.58033  5.66%   983   35s
H  382   391                     294.0000000  309.58033  5.30%   947   37s
   459   483  307.83177   34 1862  294.00000  309.58033  5.30%   898   40s
   540   554  307.51758   37 1803  294.00000  309.58033  5.30%   917   45s
   733   796  306.95450   45 1764  294.00000  309.58033  5.30%   844   50s
   939   988  306.31834   58 1685  294.00000  309.58033  5.30%   808   55s
  1188  1220  305.67052   74 1634  294.00000  309.58033  5.30%   775   62s
H 1290  1346                     295.0000000  309.58033  4.94%   764   65s
  1521  1637  304.68317   92 1684  295.00000  309.58033  4.94%   750   70s
H 1645  1755                     296.0000000  309.58033  4.59%   730   71s
  1857  1957  304.06067  106 1608  296.00000  309.58033  4.59%   710   76s
  2074  2228  303.59650  114 1562  296.00000  309.58033  4.59%   688   80s
  2227  2253  303.30064  120 1579  296.00000  309.58033  4.59%   669   85s
  2618  2880  302.49361  138 1488  296.00000  309.58033  4.59%   634   92s
  3131  3441  301.44183  163 1374  296.00000  309.58033  4.59%   585   97s
H 3458  3713                     297.0000000  309.58033  4.24%   559   99s
  3827  3735  300.22826  191 1202  297.00000  309.58033  4.24%   532  102s
  4160  4048  298.16054  226 1116  297.00000  309.26189  4.13%   530  107s
  4325  4174  308.67003    8 1796  297.00000  309.26189  4.13%   532  110s
  4659  4526  306.71159   28 1707  297.00000  309.26189  4.13%   533  115s
  5029  4891  304.26381   67 1495  297.00000  309.26189  4.13%   535  121s
  5476  5357  300.09822  126 1294  297.00000  309.25276  4.13%   533  128s
  5767  5574  308.68849    7 1871  297.00000  309.25276  4.13%   529  131s
  6009  5575  302.46318   98 1421  297.00000  309.25276  4.13%   529  141s
  6018  5581  301.94960   96 1886  297.00000  309.25276  4.13%   528  145s
  6036  5593  307.89429   15 1978  297.00000  309.25276  4.13%   526  150s
  6050  5602  301.71028  150 1984  297.00000  309.25276  4.13%   525  156s
  6057  5607  304.76289   75 2004  297.00000  309.24540  4.12%   524  161s
  6073  5631  308.81479   19 1975  297.00000  308.96317  4.03%   531  165s
  6145  5679  308.39874   22 1939  297.00000  308.72128  3.95%   543  170s
  6205  5719  308.29149   25 1922  297.00000  308.64606  3.92%   552  175s
  6232  5737  308.19079   26 1923  297.00000  308.64606  3.92%   557  185s
  6292  5788  307.95075   28 1901  297.00000  308.64606  3.92%   568  190s
  6349  5827  307.61235   31 1861  297.00000  308.64606  3.92%   576  196s
  6457  5903  306.11147   35 1783  297.00000  308.64606  3.92%   590  200s
  6593  6003  305.93142   41 1671  297.00000  308.64606  3.92%   605  206s
  6722  6100  305.28791   47 1663  297.00000  308.64606  3.92%   618  210s
  6888  6231  304.48738   55 1485  297.00000  308.64606  3.92%   631  215s
  7119  6419  303.85863   65 1403  297.00000  308.64606  3.92%   640  220s
  7479  6711  302.83692   79 1258  297.00000  308.64606  3.92%   646  225s
  7970  7022  301.88434   96 1186  297.00000  308.64606  3.92%   641  231s
  8318  7270  300.99234  108 1036  297.00000  308.64606  3.92%   634  235s
  8912  7545     cutoff  150       297.00000  308.64601  3.92%   625  241s
  9221  7737  307.21974   28 1803  297.00000  308.64601  3.92%   625  245s
  9574  8052  306.14392   43 1705  297.00000  308.64601  3.92%   624  250s
 10022  8282  304.46668   64 1549  297.00000  308.64601  3.92%   621  255s
 10402  8455  301.93738   96 1382  297.00000  308.64601  3.92%   620  261s
 10734  8645  308.28988   21 1932  297.00000  308.63112  3.92%   622  267s
 10907  8739  307.74865   28 1873  297.00000  308.63112  3.92%   623  270s
 11256  9046  306.06997   51 1784  297.00000  308.63112  3.92%   626  277s
 11498  9182  305.16264   66 1685  297.00000  308.63112  3.92%   624  281s
 11715  9428  303.86789   81 1630  297.00000  308.63112  3.92%   625  285s
 12442  9914  301.08752  131 1320  297.00000  308.61441  3.91%   617  292s
 12877 10037  308.42646   23 1872  297.00000  308.61441  3.91%   611  296s
 13185 10226  307.34781   35 1769  297.00000  308.61441  3.91%   610  301s
 13517 10374  306.32536   47 1687  297.00000  308.61441  3.91%   608  305s
 13776 10638  304.89437   68 1609  297.00000  308.61441  3.91%   609  310s
 14569 11014  300.19612  138 1301  297.00000  308.54411  3.89%   603  319s
 14894 11181  307.70543   24 1823  297.00000  308.54411  3.89%   602  324s
 15170 11361  306.38903   38 1711  297.00000  308.54411  3.89%   603  329s
 15473 11632  304.17431   57 1636  297.00000  308.54411  3.89%   604  334s
 15845 11926  301.55829   88 1465  297.00000  308.51165  3.88%   603  340s
 16363 12003  308.03731   24 1845  297.00000  308.51165  3.88%   600  347s
 16612 12385  306.21156   37 1714  297.00000  308.51165  3.88%   602  353s
 17129 12819  303.74642   64 1384  297.00000  308.51165  3.88%   600  360s
 17820 12951  298.41425  131  958  297.00000  308.48698  3.87%   596  368s
 18231 13504  306.79260   38 1787  297.00000  308.48698  3.87%   601  376s
 19079 13316  304.35777   71 1715  297.00000  308.48698  3.87%   599  388s
 19186 13668  304.18022   72 1702  297.00000  308.48698  3.87%   598  395s
 19573 14057  301.78753  113 1358  297.00000  308.48698  3.87%   605  404s
 20125 14647  298.97048  165 1097  297.00000  308.45114  3.86%   607  414s
 21025 14549  306.18163   39 1751  297.00000  308.44043  3.85%   604  424s
 21275 15028  304.30713   57 1684  297.00000  308.44043  3.85%   608  433s
 21885 15307  299.93622  106 1279  297.00000  308.42310  3.85%   613  443s
 22498 15744  307.45065   29 1834  297.00000  308.40500  3.84%   615  454s
 23181 16159  303.69059   62 1600  297.00000  308.39796  3.84%   618  465s
 23839 16741  307.96986   25 1848  297.00000  308.37376  3.83%   623  477s
 24497 17429  303.30436   62 1238  297.00000  308.35447  3.82%   626  488s
 25266 18355  306.33379   42 1809  297.00000  308.35085  3.82%   629  500s
 26292 18986  302.43347   93 1473  297.00000  308.33439  3.82%   630  513s
 27025 19641  306.85823   33 1814  297.00000  308.30496  3.81%   634  526s
 27737 20472  304.24170   73 1546  297.00000  308.30067  3.80%   636  539s
 28660 21059  307.33863   26 1827  297.00000  308.30067  3.80%   638  553s
 29309 21949  303.86741   49 1584  297.00000  308.30067  3.80%   646  568s
 30359 22744  300.03837   71 1253  297.00000  308.26958  3.79%   650  583s
 31194 23718  304.22920   63 1517  297.00000  308.25241  3.79%   655  598s
 32333 24384  306.93193   32 1806  297.00000  308.22987  3.78%   656  614s
 32999 25547  304.56837   56 1503  297.00000  308.22987  3.78%   666  634s
 34189 27307  302.04463   84 1358  297.00000  308.22622  3.78%   666  651s
 36241 27308  302.60343   85 1421  297.00000  308.19909  3.77%   656  829s
 36243 27309  307.99955   26 1419  297.00000  308.19909  3.77%   656  830s
 36247 27312  298.91175  176 1897  297.00000  307.83937  3.65%   656  835s
 36259 27320  300.04580  133 1994  297.00000  307.29979  3.47%   656  841s
 36264 27323  303.83895   81 2009  297.00000  307.18758  3.43%   656  847s
 36270 27327  304.64936   64 1985  297.00000  307.08842  3.40%   656  851s
 36275 27331  307.06824   25 1978  297.00000  307.06824  3.39%   656  856s
 36279 27333  303.54582   69 1993  297.00000  307.04945  3.38%   656  860s
 36283 27336  304.60786   59 1976  297.00000  307.02854  3.38%   656  865s
 36287 27339  300.76933  102 2023  297.00000  307.00285  3.37%   656  870s
 36290 27341  303.12662   56 1994  297.00000  306.99933  3.37%   656  875s
 36293 27343  301.77386   93 2015  297.00000  306.99394  3.36%   655  880s
 36296 27345  306.10803   44 2043  297.00000  306.99027  3.36%   655  885s
 36299 27347  304.05529   72 2008  297.00000  306.97960  3.36%   655  890s
 36302 27349  303.42840   89 2050  297.00000  306.97747  3.36%   655  895s
 36306 27351  299.56544  140 2047  297.00000  306.95717  3.35%   655  900s
 36314 27357  302.62447   98 2036  297.00000  306.93932  3.35%   655  909s
 36319 27360  306.44039   34 2055  297.00000  306.92721  3.34%   655  914s
 36323 27363  302.43548  105 2052  297.00000  306.92078  3.34%   655  919s
 36327 27365  306.91065   28 2061  297.00000  306.91065  3.34%   655  925s
 36330 27367  300.13474  111 2044  297.00000  306.89358  3.33%   655  930s
 36332 27369  298.87186  140 2059  297.00000  306.89325  3.33%   655  935s
 36338 27373  305.98138   41 2071  297.00000  306.88650  3.33%   655  944s
 36341 27375  302.60343   85 2054  297.00000  306.88195  3.33%   655  949s
 36345 27377  302.74771   74 2076  297.00000  306.86433  3.32%   655  953s
 36347 27379  298.91175  176 2083  297.00000  306.86397  3.32%   655  959s
 36349 27380  299.31250  146 2083  297.00000  306.86313  3.32%   654  963s
 36351 27381  298.55671  114 2090  297.00000  306.86008  3.32%   654  968s
 36353 27383  306.30445   39 2091  297.00000  306.85976  3.32%   654  974s
 36356 27385  301.90275   85 2099  297.00000  306.85533  3.32%   654  979s
 36357 27385  301.83322  113 2038  297.00000  306.84297  3.31%   654  980s
 36360 27387  305.07112   51 2063  297.00000  306.83345  3.31%   654  985s
 36362 27389  300.93987  103 2068  297.00000  306.83342  3.31%   654  990s
 36365 27391  304.23304   63 2061  297.00000  306.82993  3.31%   654  995s
 36368 27393  302.47972   95 2068  297.00000  306.82799  3.31%   654 1000s
 36375 27397  306.82376   25 2076  297.00000  306.82376  3.31%   654 1009s
 36377 27399  304.17859   58 2073  297.00000  306.82301  3.31%   654 1014s
 36379 27400  303.54582   69 2090  297.00000  306.82287  3.31%   654 1019s
 36383 27403  304.60786   59 2071  297.00000  306.81758  3.31%   654 1024s
 36386 27405  306.07005   29 2091  297.00000  306.81584  3.30%   654 1029s
 36388 27406  305.69369   46 2074  297.00000  306.81509  3.30%   654 1034s
 36391 27408  300.24186  120 2074  297.00000  306.81169  3.30%   654 1038s
 36393 27409  301.77386   93 2083  297.00000  306.81115  3.30%   654 1043s
 36395 27411  298.55363  171 2076  297.00000  306.81053  3.30%   654 1048s
 36397 27412  298.80998   97 2076  297.00000  306.81048  3.30%   654 1053s
 36400 27414  304.59355   61 2080  297.00000  306.80558  3.30%   654 1058s
 36403 27416  303.22634   89 2086  297.00000  306.80391  3.30%   654 1063s
 36405 27417  306.80329   31 2073  297.00000  306.80329  3.30%   653 1068s
 36408 27419  305.00913   48 2084  297.00000  306.80174  3.30%   653 1073s
 36410 27421  298.55468  159 2061  297.00000  306.80111  3.30%   653 1077s
 36412 27422  299.21645  116 2063  297.00000  306.80109  3.30%   653 1082s
 36414 27423  302.62447   98 2072  297.00000  306.80007  3.30%   653 1087s
 36416 27425  306.06780   43 2065  297.00000  306.79928  3.30%   653 1092s
 36420 27427  301.46420  107 2084  297.00000  306.76640  3.29%   653 1097s
 36423 27429  302.43548  105 2080  297.00000  306.76215  3.29%   653 1102s
 36426 27431  302.61628   70 2078  297.00000  306.75813  3.29%   653 1106s
 36429 27433  300.09877  141 2079  297.00000  306.75024  3.28%   653 1111s
 36433 27436  299.49079   92 2094  297.00000  306.74458  3.28%   653 1117s
 36437 27439  306.73453   30 2060  297.00000  306.73453  3.28%   653 1121s
 36439 27440  303.63587   68 2068  297.00000  306.73448  3.28%   653 1127s
 36441 27441  302.60343   85 2076  297.00000  306.73327  3.28%   653 1133s
 36445 27444  302.74771   74 2071  297.00000  306.73021  3.28%   653 1138s
 36447 27445  298.91175  176 2067  297.00000  306.72926  3.28%   653 1143s
 36449 27447  299.31250  146 2062  297.00000  306.72914  3.28%   653 1148s
 36452 27449  305.77090   42 2066  297.00000  306.72605  3.27%   653 1154s
 36456 27451  301.90275   85 2065  297.00000  306.72133  3.27%   653 1159s
 36459 27453  300.04580  133 2078  297.00000  306.71982  3.27%   653 1164s
 36462 27455  300.93987  103 2065  297.00000  306.71797  3.27%   652 1169s
 36464 27457  303.83895   81 2066  297.00000  306.71296  3.27%   652 1173s
 36468 27459  302.47972   95 2056  297.00000  306.70506  3.27%   652 1178s
 36470 27461  304.64936   64 2053  297.00000  306.70465  3.27%   652 1184s
 36473 27463  306.70241   25 2070  297.00000  306.70241  3.27%   652 1189s
 36474 27463  299.72235  104 2099  297.00000  306.70184  3.27%   652 1190s
 36476 27465  305.99636   40 2069  297.00000  306.69932  3.27%   652 1195s
 36481 27468  306.11644   40 2085  297.00000  306.69408  3.26%   652 1200s
 36482 27469  305.04822   60 2104  297.00000  306.69393  3.26%   652 1205s
 36485 27471  302.23680   76 2096  297.00000  306.69329  3.26%   652 1210s
 36487 27472  300.76933  102 2081  297.00000  306.69283  3.26%   652 1216s
 36490 27474  303.12662   56 2093  297.00000  306.69081  3.26%   652 1222s
 36492 27475  301.71038  116 2078  297.00000  306.68926  3.26%   652 1227s
 36495 27477  298.55363  171 2087  297.00000  306.68697  3.26%   652 1233s
 36498 27479  303.85650   58 2089  297.00000  306.68500  3.26%   652 1238s
 36500 27481  304.59355   61 2075  297.00000  306.68408  3.26%   652 1243s
 36502 27482  303.42840   89 2085  297.00000  306.68401  3.26%   652 1247s
 36503 27483  303.22634   89 2085  297.00000  306.68401  3.26%   652 1252s
 36504 27483  298.84280  122 2072  297.00000  306.68386  3.26%   652 1258s
 36505 27484  306.68378   31 2086  297.00000  306.68378  3.26%   652 1263s
 36508 27486  305.00913   48 2070  297.00000  306.67683  3.26%   652 1268s
 36510 27487  298.55468  159 2083  297.00000  306.67675  3.26%   652 1274s
 36512 27489  299.21645  116 2083  297.00000  306.67631  3.26%   652 1279s
 36515 27491  302.27790   85 2107  297.00000  306.67367  3.26%   652 1284s
 36516 27491  306.06780   43 2086  297.00000  306.67242  3.26%   651 1285s
 36518 27493  300.69569  105 2087  297.00000  306.66043  3.25%   651 1290s
 36521 27495  306.22771   44 2101  297.00000  306.65597  3.25%   651 1295s
 36524 27497  299.06690  157 2092  297.00000  306.65335  3.25%   651 1301s
 36527 27499  306.65081   28 2093  297.00000  306.65081  3.25%   651 1306s
 36529 27500  300.09877  141 2085  297.00000  306.64858  3.25%   651 1311s
 36531 27501  304.61840   65 2091  297.00000  306.64852  3.25%   651 1316s
 36533 27503  299.49079   92 2085  297.00000  306.64741  3.25%   651 1322s
 36535 27504  303.47187   42 2099  297.00000  306.64732  3.25%   651 1327s
 36536 27505  300.96801  123 2093  297.00000  306.64731  3.25%   651 1333s
 36539 27507  303.63587   68 2076  297.00000  306.64472  3.25%   651 1338s
 36541 27508  302.60343   85 2078  297.00000  306.64236  3.25%   651 1347s
 36544 27515  306.56665   32 2064  297.00000  306.60073  3.23%   653 1350s
 36568 27539  306.29439   35 2099  297.00000  306.47375  3.19%   654 1371s
 36604 27563  306.08542   36 2035  297.00000  306.34906  3.15%   656 1375s
 36640 27587  306.06844   38 2014  297.00000  306.34906  3.15%   657 1380s
 36679 27617  305.76630   39 1964  297.00000  306.34906  3.15%   659 1386s
 36695 27624  305.98555   40 1998  297.00000  306.34906  3.15%   660 1390s
 36741 27659  305.71395   41 1904  297.00000  306.34906  3.15%   661 1395s
 36801 27698  305.36211   44 1928  297.00000  306.34906  3.15%   664 1411s
 36844 27734  305.04676   45 1913  297.00000  306.34906  3.15%   665 1415s
 36896 27776  304.70373   47 1785  297.00000  306.34906  3.15%   666 1420s
 36957 27825  304.46301   49 1804  297.00000  306.34906  3.15%   668 1425s
 37069 27880  303.91079   53 1694  297.00000  306.34906  3.15%   671 1434s
 37088 27915  303.76197   54 1639  297.00000  306.34906  3.15%   671 1436s
 37179 27990  303.29247   58 1552  297.00000  306.34906  3.15%   674 1441s
 37295 28027  302.88699   62 1524  297.00000  306.34906  3.15%   676 1449s
 37310 28083  302.93423   62 1512  297.00000  306.34906  3.15%   676 1451s
 37450 28211  302.49594   68 1406  297.00000  306.34906  3.15%   678 1457s
 37647 28366  301.77072   74 1296  297.00000  306.34906  3.15%   680 1463s
 37767 28461  301.62045   78 1264  297.00000  306.34906  3.15%   681 1465s
 38050 28665  300.65192   86 1100  297.00000  306.34906  3.15%   682 1471s
 38390 28827  299.62324   99  811  297.00000  306.34906  3.15%   682 1478s
 38535 28881  298.68408  105  363  297.00000  306.34906  3.15%   682 1482s
 38674 28912  298.39637  113  613  297.00000  306.31273  3.14%   683 1486s
 38938 29015  305.82899   40 1860  297.00000  306.31273  3.14%   684 1493s
 39020 29064  305.64863   42 1858  297.00000  306.31273  3.14%   685 1497s
 39119 29120  305.26489   47 1831  297.00000  306.31273  3.14%   686 1501s
 39208 29189  304.83434   52 1786  297.00000  306.31273  3.14%   687 1506s
 39325 29270  304.43320   60 1701  297.00000  306.31273  3.14%   688 1510s
 39448 29334  304.00875   68 1703  297.00000  306.31273  3.14%   688 1516s
 39560 29472  303.44620   77 1667  297.00000  306.31273  3.14%   689 1520s
 39735 29610  302.79043   87 1627  297.00000  306.31273  3.14%   689 1525s
 39939 29739  302.13645  100 1527  297.00000  306.31273  3.14%   689 1531s
 40170 29801  301.13489  117 1472  297.00000  306.31273  3.14%   688 1536s
 40324 29974  299.99158  138 1338  297.00000  306.31273  3.14%   689 1541s
 40548 30083  298.79783  170 1108  297.00000  306.26551  3.12%   689 1547s
 40782 30218  305.76210   38 1815  297.00000  306.22535  3.11%   689 1553s
H40964 28359                     298.0000000  306.22535  2.76%   690 1553s
 41004 28451  304.89190   46 1704  298.00000  306.22535  2.76%   690 1559s
 41220 28539  302.93652   56 1547  298.00000  306.22535  2.76%   690 1565s
 41405 28623  301.42378   75 1358  298.00000  306.22535  2.76%   692 1571s
 41574 28690  299.24189  104 1045  298.00000  306.18143  2.75%   693 1578s
 41734 28792  305.41594   41 1920  298.00000  306.10169  2.72%   696 1585s
 41892 28926  304.74580   52 1733  298.00000  306.10169  2.72%   698 1592s
 42088 29089  303.80843   67 1579  298.00000  306.10169  2.72%   699 1599s
 42316 29316  302.43877   87 1494  298.00000  306.10169  2.72%   701 1607s
 42656 29433  300.02353  109 1317  298.00000  306.09030  2.71%   702 1615s
 42950 29552  305.62071   43 1882  298.00000  306.08036  2.71%   703 1623s
 43171 29695  304.71152   55 1683  298.00000  306.08036  2.71%   705 1631s
 43442 29917  303.48664   75 1533  298.00000  306.08036  2.71%   707 1640s
 43789 30087  301.96200  107 1309  298.00000  306.08036  2.71%   707 1649s
 44163 30144  299.68334  165 1063  298.00000  306.07536  2.71%   708 1658s
 44356 30418  304.99459   46 1796  298.00000  306.05044  2.70%   711 1668s
 44702 30675  303.31340   65 1587  298.00000  306.05044  2.70%   712 1678s
 45147 30762  300.93819   97 1282  298.00000  306.03934  2.70%   713 1690s
 45443 30905  305.49666   42 1896  298.00000  306.03934  2.70%   715 1700s
 45717 31144  303.56480   59 1559  298.00000  306.03934  2.70%   718 1712s
 46092 31186  300.48510   94 1050  298.00000  306.02743  2.69%   720 1726s
 46287 31414  305.20591   46 1922  298.00000  306.02743  2.69%   721 1738s
 46644 31611  303.56852   67 1641  298.00000  306.02743  2.69%   724 1751s
 47023 31874  300.79055  105 1426  298.00000  305.99331  2.68%   726 1765s
 47453 32157  305.06743   43 1792  298.00000  305.99331  2.68%   729 1779s
 47992 32386  301.92309   75 1404  298.00000  305.96893  2.67%   730 1792s
 48481 32856  305.17689   43 1821  298.00000  305.96893  2.67%   731 1807s
 49209 33055  301.12089   84 1114  298.00000  305.96816  2.67%   733 1823s
 49728 33584  304.39175   57 1709  298.00000  305.94859  2.67%   736 1839s
 50536 33733  300.46614  121 1232  298.00000  305.93650  2.66%   740 1856s
 51025 34222  303.83487   61 1654  298.00000  305.91614  2.66%   746 1874s
 51698 34547  305.63351   39 1851  298.00000  305.91614  2.66%   751 1893s
 52399 35014  302.45092   61 1334  298.00000  305.91438  2.66%   754 1912s
 53191 35449  304.50255   56 1737  298.00000  305.91438  2.66%   759 1931s
 54000 35996  300.45238  113 1316  298.00000  305.88591  2.65%   764 1953s
 54943 36279  302.71640   70 1505  298.00000  305.86680  2.64%   769 1971s
 55660 36681  304.36587   50 1715  298.00000  305.86680  2.64%   774 1990s
 56394 37003  299.90399  112 1292  298.00000  305.86107  2.64%   779 2009s
 57097 37345  301.72688   83 1315  298.00000  305.83504  2.63%   784 2030s
 57807 37432  299.93267   64  897  298.00000  305.83066  2.63%   789 2052s
 58235 38170  304.42769   47 1759  298.00000  305.82280  2.63%   795 2077s
 59169 38970  301.47061   74 1215  298.00000  305.82275  2.63%   802 2102s
 60542 39466  301.39518   73 1254  298.00000  305.79993  2.62%   806 2127s
 61760 39745  299.25143  106  761  298.00000  305.79431  2.62%   809 2153s
 62555 40518  302.35490   83 1561  298.00000  305.79049  2.61%   814 2180s
 63737 41114  303.14464   55 1541  298.00000  305.77376  2.61%   819 2207s
 64880 41869  303.05457   69 1598  298.00000  305.76241  2.60%   825 2235s
 66171 42676  303.89553   63 1722  298.00000  305.75112  2.60%   830 2265s
 67556 43254  303.75218   61 1620  298.00000  305.73703  2.60%   833 2295s
 68739 44078  304.42199   51 1722  298.00000  305.72985  2.59%   839 2325s
 70134 44806  300.94835   97 1102  298.00000  305.72724  2.59%   841 2355s
 71523 45386  305.43275   40 1821  298.00000  305.71557  2.59%   845 2384s
 72754 45834  305.04801   41 1858  298.00000  305.70615  2.59%   850 2418s
 73770 47227  304.74573   42 1666  298.00000  305.69477  2.58%   855 2458s
 75700 47828  303.38485   63 1467  298.00000  305.68693  2.58%   861 2489s
 77174 48449  304.64387   43 1785  298.00000  305.68627  2.58%   864 2520s
 78397 49092  302.92345   64 1449  298.00000  305.68017  2.58%   868 2550s
 79705 49396  305.29481   41 1862  298.00000  305.67709  2.58%   870 2580s
 80601 49973  304.68325   48 1726  298.00000  305.67237  2.57%   876 2611s
 81603 50659  301.13330   70 1176  298.00000  305.66585  2.57%   883 2643s
 82785 51446  302.46650   73 1446  298.00000  305.65816  2.57%   886 2674s
 84120 52007  302.75153   73 1505  298.00000  305.65804  2.57%   890 2705s
 85296 51742  301.96151   79 1550  298.00000  305.64978  2.57%   893 2772s
 85449 52751  301.88122   80 1535  298.00000  305.64923  2.57%   893 2805s
 86674 53280  300.87954  104 1336  298.00000  305.64157  2.56%   898 2838s
 87788 54428  303.79628   63 1644  298.00000  305.63803  2.56%   900 2872s
 89496 54902  299.56109  118 1077  298.00000  305.63350  2.56%   902 2903s
 90731 55952  302.17966   72 1284  298.00000  305.62410  2.56%   905 2939s
 91626 55653  304.96032   43 1751  298.00000  305.62213  2.56%   906 2940s
 92385 56377  300.98418   93 1453  298.00000  305.62121  2.56%   907 2967s
 93525 57089  302.75791   67 1451  298.00000  305.61778  2.56%   910 2996s
 94699 57600  304.09644   53 1570  298.00000  305.61611  2.56%   913 3024s
 95743 58365  300.08946  101  891  298.00000  305.61610  2.56%   915 3053s
 97065 58828  301.08272  105 1309  298.00000  305.60497  2.55%   918 3083s
 98133 59404  302.77188   52 1506  298.00000  305.60107  2.55%   921 3114s
 99225 59966  303.34372   65 1755  298.00000  305.59770  2.55%   925 3145s
 100365 60547  302.25794   71 1454  298.00000  305.59133  2.55%   929 3178s
 101509 61211  302.60148   68 1510  298.00000  305.58438  2.55%   932 3209s
 102702 61953  301.65709   89 1449  298.00000  305.58088  2.54%   935 3241s
 104062 62663  300.33480  104 1234  298.00000  305.57627  2.54%   938 3273s
 105489 63240  304.69524   46 1803  298.00000  305.56985  2.54%   939 3307s
 106701 63918  305.37403   44 1880  298.00000  305.56334  2.54%   942 3339s
 107964 64490  305.24324   41 1789  298.00000  305.55728  2.54%   945 3371s
 109169 65064  301.90217   71 1312  298.00000  305.55261  2.53%   948 3406s
 110370 65856  304.56804   55 1810  298.00000  305.54976  2.53%   950 3443s
 111818 66485  302.64788   64 1462  298.00000  305.54378  2.53%   953 3477s
 113179 66845  300.06898  101 1188  298.00000  305.53665  2.53%   956 3511s
 114156 67460  303.25564   54 1536  298.00000  305.52978  2.53%   959 3548s
 115228 68053  303.73746   58 1539  298.00000  305.52795  2.53%   964 3586s
 116233 68547  303.50085   51 1559  298.00000  305.52467  2.53%   968 3600s

Cutting planes:
  Gomory: 7
  Cover: 348
  Clique: 225
  MIR: 9
  Flow cover: 481
  Zero half: 646
  Mod-K: 2
  RLT: 21
  Relax-and-lift: 1

Explored 116778 nodes (113203290 simplex iterations) in 3600.96 seconds (5703.63 work units)
Thread count was 20 (of 20 available processors)

Solution count 10: 298 297 296 ... 289

Time limit reached
Best objective 2.980000000000e+02, best bound 3.050000000000e+02, gap 2.3490%

User-callback calls 434923, time in user-callback 0.39 sec

Gurobi 11.0.2 (win64) logging started Tue Jan 21 08:33:00 2025

Set parameter LogFile to value "log_MTTP2_targetS2_E2_Gurobi.log"
Set parameter Method to value 0

Gurobi 11.0.2 (win64) logging started Tue Jan 21 08:33:14 2025

Set parameter LogFile to value "log_MTTP2_targetS2_E2_Gurobi.log"
Gurobi Optimizer version 11.0.2 build v11.0.2rc0 (win64 - Windows 11.0 (22621.2))

CPU model: 12th Gen Intel(R) Core(TM) i7-12700, instruction set [SSE2|AVX|AVX2]
Thread count: 12 physical cores, 20 logical processors, using up to 20 threads

Optimize a model with 6303219 rows, 7588 columns and 12608892 nonzeros
Model fingerprint: 0x9b362a7e
Variable types: 0 continuous, 7588 integer (7588 binary)
Coefficient statistics:
  Matrix range     [1e+00, 2e+00]
  Objective range  [1e+00, 1e+00]
  Bounds range     [0e+00, 0e+00]
  RHS range        [1e+00, 2e+00]
Found heuristic solution: objective -0.0000000
Presolve removed 6274228 rows and 956 columns
Presolve time: 1.40s
Presolved: 28991 rows, 6632 columns, 60436 nonzeros
Variable types: 0 continuous, 6632 integer (6632 binary)

Root relaxation: objective 3.138257e+02, 6155 iterations, 0.51 seconds (0.72 work units)

    Nodes    |    Current Node    |     Objective Bounds      |     Work
 Expl Unexpl |  Obj  Depth IntInf | Incumbent    BestBd   Gap | It/Node Time

     0     0  313.82571    0 1419   -0.00000  313.82571      -     -    3s
H    0     0                     252.0000000  313.82571  24.5%     -    3s
H    0     0                     255.0000000  313.82571  23.1%     -    3s
H    0     0                     260.0000000  313.82571  20.7%     -    3s
H    0     0                     262.0000000  313.82571  19.8%     -    3s
     0     0  311.53690    0 1772  262.00000  311.53690  18.9%     -    4s
     0     0  311.47003    0 1757  262.00000  311.47003  18.9%     -    4s
     0     0  311.46807    0 1758  262.00000  311.46807  18.9%     -    4s
     0     0  311.46696    0 1763  262.00000  311.46696  18.9%     -    4s
     0     0  311.46696    0 1764  262.00000  311.46696  18.9%     -    4s
H    0     0                     264.0000000  310.67280  17.7%     -    5s
     0     0  310.67280    0 1820  264.00000  310.67280  17.7%     -    5s
H    0     0                     266.0000000  310.67280  16.8%     -    5s
     0     0  310.58346    0 1880  266.00000  310.58346  16.8%     -    5s
     0     0  310.56790    0 1884  266.00000  310.56790  16.8%     -    5s
     0     0  310.56773    0 1873  266.00000  310.56773  16.8%     -    5s
     0     0  310.30148    0 1877  266.00000  310.30148  16.7%     -    6s
H    0     0                     268.0000000  310.30148  15.8%     -    6s
     0     0  310.25243    0 1894  268.00000  310.25243  15.8%     -    6s
     0     0  310.25105    0 1903  268.00000  310.25105  15.8%     -    6s
     0     0  310.24859    0 1900  268.00000  310.24859  15.8%     -    6s
     0     0  310.24849    0 1904  268.00000  310.24849  15.8%     -    6s
     0     0  310.15287    0 1902  268.00000  310.15287  15.7%     -    7s
H    0     0                     270.0000000  310.15287  14.9%     -    7s
     0     0  310.13880    0 1932  270.00000  310.13880  14.9%     -    7s
     0     0  310.13756    0 1945  270.00000  310.13756  14.9%     -    7s
     0     0  310.04911    0 1951  270.00000  310.04911  14.8%     -    8s
     0     0  310.03741    0 1967  270.00000  310.03741  14.8%     -    8s
     0     0  310.03619    0 1968  270.00000  310.03619  14.8%     -    8s
     0     0  310.01776    0 1928  270.00000  310.01776  14.8%     -    8s
     0     0  310.01610    0 1951  270.00000  310.01610  14.8%     -    8s
     0     0  310.01582    0 1951  270.00000  310.01582  14.8%     -    8s
     0     0  310.00959    0 1958  270.00000  310.00959  14.8%     -    8s
     0     0  310.00957    0 1959  270.00000  310.00957  14.8%     -    8s
     0     0  310.00925    0 1952  270.00000  310.00925  14.8%     -    8s
     0     0  310.00111    0 1919  270.00000  310.00111  14.8%     -    8s
H    0     0                     277.0000000  310.00111  11.9%     -    9s
H    0     0                     278.0000000  310.00111  11.5%     -    9s
     0     2  310.00111    0 1919  278.00000  310.00111  11.5%     -    9s
     1     4  309.85369    1 1889  278.00000  310.00111  11.5%  1036   10s
H   27    40                     279.0000000  309.58033  11.0%  1451   12s
    63    76  309.24068    6 1866  279.00000  309.58033  11.0%  1335   18s
H   75    88                     280.0000000  309.58033  10.6%  1249   19s
H   75    88                     283.0000000  309.58033  9.39%  1249   19s
    87   100  309.05305    8 1908  283.00000  309.58033  9.39%  1236   20s
H  112   125                     285.0000000  309.58033  8.62%  1154   21s
H  124   138                     287.0000000  309.58033  7.87%  1130   22s
H  149   163                     289.0000000  309.58033  7.12%  1123   24s
   162   179  308.67808   13 1895  289.00000  309.58033  7.12%  1119   25s
H  174   179                     290.0000000  309.58033  6.75%  1095   25s
H  197   210                     291.0000000  309.58033  6.38%  1100   27s
H  243   256                     292.0000000  309.58033  6.02%  1049   29s
   255   276  308.34950   20 1866  292.00000  309.58033  6.02%  1058   30s
H  277   288                     293.0000000  309.58033  5.66%  1042   33s
   313   349  308.20316   23 1873  293.00000  309.58033  5.66%  1029   35s
H  382   391                     294.0000000  309.58033  5.30%   947   38s
   422   460  307.92887   31 1861  294.00000  309.58033  5.30%   924   40s
   540   554  307.51758   37 1803  294.00000  309.58033  5.30%   917   46s
   682   734  307.08564   43 1761  294.00000  309.58033  5.30%   860   50s
   884   940  306.54613   55 1725  294.00000  309.58033  5.30%   818   55s
  1118  1189  305.18854   71 1671  294.00000  309.58033  5.30%   785   61s
  1219  1291  305.61237   75 1638  294.00000  309.58033  5.30%   769   65s
H 1290  1346                     295.0000000  309.58033  4.94%   764   67s
  1432  1522  304.92938   90 1679  295.00000  309.58033  4.94%   759   70s
H 1645  1755                     296.0000000  309.58033  4.59%   730   73s
  1754  1858  303.81301  103 1627  296.00000  309.58033  4.59%   716   75s
  1956  2075  303.73137  111 1582  296.00000  309.58033  4.59%   701   80s
  2227  2253  303.30064  120 1579  296.00000  309.58033  4.59%   669   88s
  2252  2426  303.10316  120 1538  296.00000  309.58033  4.59%   667   90s
  2618  2880  302.49361  138 1488  296.00000  309.58033  4.59%   634   95s
  3131  3441  301.44183  163 1374  296.00000  309.58033  4.59%   585  100s
H 3458  3713                     297.0000000  309.58033  4.24%   559  102s
  3827  3735  300.22826  191 1202  297.00000  309.58033  4.24%   532  105s
  4160  4048  298.16054  226 1116  297.00000  309.26189  4.13%   530  111s
  4495  4338  307.78277   17 1684  297.00000  309.26189  4.13%   532  116s
  4863  4673  305.46576   44 1613  297.00000  309.26189  4.13%   532  121s
  5273  5094  302.64743   93 1398  297.00000  309.26189  4.13%   532  127s
  5476  5357  300.09822  126 1294  297.00000  309.25276  4.13%   533  130s
  6009  5575  302.46318   98 1421  297.00000  309.25276  4.13%   529  143s
  6012  5577  306.71546   44 1754  297.00000  309.25276  4.13%   528  145s
  6030  5589  306.48542   42 1960  297.00000  309.25276  4.13%   527  151s
  6043  5598  307.75916   13 1999  297.00000  309.25276  4.13%   526  155s
  6053  5604  305.20014   35 2016  297.00000  309.24731  4.12%   525  160s
  6059  5611  309.09158   16 1955  297.00000  309.24540  4.12%   529  165s
  6109  5655  308.62828   21 1981  297.00000  308.83333  3.98%   538  170s
  6181  5703  308.41555   24 1918  297.00000  308.64606  3.92%   547  176s
  6232  5737  308.19079   26 1923  297.00000  308.64606  3.92%   557  187s
  6256  5759  308.08854   27 1921  297.00000  308.64606  3.92%   561  190s
  6315  5793  307.46146   29 1818  297.00000  308.64606  3.92%   572  196s
  6373  5843  307.48622   32 1876  297.00000  308.64606  3.92%   580  200s
  6518  5951  306.32529   38 1705  297.00000  308.64606  3.92%   597  206s
  6631  6037  305.81413   43 1663  297.00000  308.64606  3.92%   610  210s
  6827  6182  304.98573   51 1604  297.00000  308.64606  3.92%   627  216s
  6957  6276  304.33979   58 1411  297.00000  308.64606  3.92%   635  220s
  7348  6600  303.18080   74 1312  297.00000  308.64606  3.92%   644  226s
  7634  6817  302.38759   84 1282  297.00000  308.64606  3.92%   645  230s
  8125  7158  301.55660  100 1133  297.00000  308.64606  3.92%   637  236s
  8702  7479  299.53673  131  857  297.00000  308.64606  3.92%   627  241s
  9060  7639  307.79694   22 1826  297.00000  308.64601  3.92%   625  246s
  9373  7888  306.72197   34 1775  297.00000  308.64601  3.92%   625  250s
  9817  8146  305.28024   52 1632  297.00000  308.64601  3.92%   622  256s
 10229  8351  303.20118   78 1467  297.00000  308.64601  3.92%   621  261s
 10563  8549  299.94946  122 1222  297.00000  308.63112  3.92%   622  267s
 10734  8645  308.28988   21 1932  297.00000  308.63112  3.92%   622  270s
 11063  8880  306.99209   38 1789  297.00000  308.63112  3.92%   625  276s
 11498  9182  305.16264   66 1685  297.00000  308.63112  3.92%   624  283s
 11715  9428  303.86789   81 1630  297.00000  308.63112  3.92%   625  287s
 12045  9688  302.70622  100 1527  297.00000  308.63112  3.92%   623  291s
 12442  9914  301.08752  131 1320  297.00000  308.61441  3.91%   617  295s
 13185 10226  307.34781   35 1769  297.00000  308.61441  3.91%   610  304s
 13517 10374  306.32536   47 1687  297.00000  308.61441  3.91%   608  308s
 13776 10638  304.89437   68 1609  297.00000  308.61441  3.91%   609  312s
 14163 10898  303.12466   97 1429  297.00000  308.61441  3.91%   605  317s
 14569 11014  300.19612  138 1301  297.00000  308.54411  3.89%   603  322s
 14894 11181  307.70543   24 1823  297.00000  308.54411  3.89%   602  327s
 15170 11361  306.38903   38 1711  297.00000  308.54411  3.89%   603  332s
 15473 11632  304.17431   57 1636  297.00000  308.54411  3.89%   604  338s
 15845 11926  301.55829   88 1465  297.00000  308.51165  3.88%   603  343s
 16363 12003  308.03731   24 1845  297.00000  308.51165  3.88%   600  351s
 16612 12385  306.21156   37 1714  297.00000  308.51165  3.88%   602  357s
 17129 12819  303.74642   64 1384  297.00000  308.51165  3.88%   600  364s
 17820 12951  298.41425  131  958  297.00000  308.48698  3.87%   596  372s
 18231 13504  306.79260   38 1787  297.00000  308.48698  3.87%   601  380s
 19079 13316  304.35777   71 1715  297.00000  308.48698  3.87%   599  392s
 19186 13668  304.18022   72 1702  297.00000  308.48698  3.87%   598  399s
 19573 14057  301.78753  113 1358  297.00000  308.48698  3.87%   605  409s
 20125 14647  298.97048  165 1097  297.00000  308.45114  3.86%   607  418s
 21025 14549  306.18163   39 1751  297.00000  308.44043  3.85%   604  428s
 21275 15028  304.30713   57 1684  297.00000  308.44043  3.85%   608  437s
 21885 15307  299.93622  106 1279  297.00000  308.42310  3.85%   613  447s
 22498 15744  307.45065   29 1834  297.00000  308.40500  3.84%   615  458s
 23181 16159  303.69059   62 1600  297.00000  308.39796  3.84%   618  468s
 23839 16741  307.96986   25 1848  297.00000  308.37376  3.83%   623  480s
 24497 17429  303.30436   62 1238  297.00000  308.35447  3.82%   626  492s
 25266 18355  306.33379   42 1809  297.00000  308.35085  3.82%   629  504s
 26292 18986  302.43347   93 1473  297.00000  308.33439  3.82%   630  517s
 27025 19641  306.85823   33 1814  297.00000  308.30496  3.81%   634  530s
 27737 20472  304.24170   73 1546  297.00000  308.30067  3.80%   636  543s
 28660 21059  307.33863   26 1827  297.00000  308.30067  3.80%   638  557s
 29309 21949  303.86741   49 1584  297.00000  308.30067  3.80%   646  573s
 30359 22744  300.03837   71 1253  297.00000  308.26958  3.79%   650  588s
 31194 23718  304.22920   63 1517  297.00000  308.25241  3.79%   655  603s
 32333 24384  306.93193   32 1806  297.00000  308.22987  3.78%   656  619s
 32999 25547  304.56837   56 1503  297.00000  308.22987  3.78%   666  639s
 34189 27307  302.04463   84 1358  297.00000  308.22622  3.78%   666  656s
 36241 27308  302.60343   85 1421  297.00000  308.19909  3.77%   656  838s
 36243 27309  307.99955   26 1419  297.00000  308.19909  3.77%   656  840s
 36250 27314  307.73166   29 1939  297.00000  307.82683  3.65%   656  845s
 36259 27320  300.04580  133 1994  297.00000  307.29979  3.47%   656  851s
 36264 27323  303.83895   81 2009  297.00000  307.18758  3.43%   656  856s
 36270 27327  304.64936   64 1985  297.00000  307.08842  3.40%   656  861s
 36275 27331  307.06824   25 1978  297.00000  307.06824  3.39%   656  865s
 36279 27333  303.54582   69 1993  297.00000  307.04945  3.38%   656  870s
 36285 27337  302.23680   76 1992  297.00000  307.00366  3.37%   656  875s
 36290 27341  303.12662   56 1994  297.00000  306.99933  3.37%   656  884s
 36293 27343  301.77386   93 2015  297.00000  306.99394  3.36%   655  889s
 36296 27345  306.10803   44 2043  297.00000  306.99027  3.36%   655  894s
 36297 27345  298.80998   97 2023  297.00000  306.98123  3.36%   655  895s
 36302 27349  303.42840   89 2050  297.00000  306.97747  3.36%   655  904s
 36306 27351  299.56544  140 2047  297.00000  306.95717  3.35%   655  909s
 36311 27355  306.94211   25 2026  297.00000  306.94211  3.35%   655  913s
 36314 27357  302.62447   98 2036  297.00000  306.93932  3.35%   655  918s
 36319 27360  306.44039   34 2055  297.00000  306.92721  3.34%   655  923s
 36323 27363  302.43548  105 2052  297.00000  306.92078  3.34%   655  928s
 36327 27365  306.91065   28 2061  297.00000  306.91065  3.34%   655  934s
 36330 27367  300.13474  111 2044  297.00000  306.89358  3.33%   655  939s
 36332 27369  298.87186  140 2059  297.00000  306.89325  3.33%   655  944s
 36334 27370  306.15617   49 2047  297.00000  306.89247  3.33%   655  948s
 36338 27373  305.98138   41 2071  297.00000  306.88650  3.33%   655  953s
 36341 27375  302.60343   85 2054  297.00000  306.88195  3.33%   655  958s
 36345 27377  302.74771   74 2076  297.00000  306.86433  3.32%   655  963s
 36347 27379  298.91175  176 2083  297.00000  306.86397  3.32%   655  968s
 36349 27380  299.31250  146 2083  297.00000  306.86313  3.32%   654  973s
 36351 27381  298.55671  114 2090  297.00000  306.86008  3.32%   654  977s
 36353 27383  306.30445   39 2091  297.00000  306.85976  3.32%   654  983s
 36356 27385  301.90275   85 2099  297.00000  306.85533  3.32%   654  989s
 36360 27387  305.07112   51 2063  297.00000  306.83345  3.31%   654  994s
 36362 27389  300.93987  103 2068  297.00000  306.83342  3.31%   654  999s
 36365 27391  304.23304   63 2061  297.00000  306.82993  3.31%   654 1004s
 36368 27393  302.47972   95 2068  297.00000  306.82799  3.31%   654 1009s
 36371 27395  298.36100  122 2066  297.00000  306.82593  3.31%   654 1014s
 36375 27397  306.82376   25 2076  297.00000  306.82376  3.31%   654 1019s
 36377 27399  304.17859   58 2073  297.00000  306.82301  3.31%   654 1023s
 36379 27400  303.54582   69 2090  297.00000  306.82287  3.31%   654 1029s
 36383 27403  304.60786   59 2071  297.00000  306.81758  3.31%   654 1033s
 36386 27405  306.07005   29 2091  297.00000  306.81584  3.30%   654 1038s
 36388 27406  305.69369   46 2074  297.00000  306.81509  3.30%   654 1043s
 36391 27408  300.24186  120 2074  297.00000  306.81169  3.30%   654 1048s
 36393 27409  301.77386   93 2083  297.00000  306.81115  3.30%   654 1053s
 36395 27411  298.55363  171 2076  297.00000  306.81053  3.30%   654 1057s
 36397 27412  298.80998   97 2076  297.00000  306.81048  3.30%   654 1062s
 36400 27414  304.59355   61 2080  297.00000  306.80558  3.30%   654 1067s
 36403 27416  303.22634   89 2086  297.00000  306.80391  3.30%   654 1072s
 36405 27417  306.80329   31 2073  297.00000  306.80329  3.30%   653 1077s
 36408 27419  305.00913   48 2084  297.00000  306.80174  3.30%   653 1082s
 36410 27421  298.55468  159 2061  297.00000  306.80111  3.30%   653 1087s
 36412 27422  299.21645  116 2063  297.00000  306.80109  3.30%   653 1092s
 36414 27423  302.62447   98 2072  297.00000  306.80007  3.30%   653 1096s
 36416 27425  306.06780   43 2065  297.00000  306.79928  3.30%   653 1101s
 36420 27427  301.46420  107 2084  297.00000  306.76640  3.29%   653 1106s
 36423 27429  302.43548  105 2080  297.00000  306.76215  3.29%   653 1111s
 36426 27431  302.61628   70 2078  297.00000  306.75813  3.29%   653 1116s
 36429 27433  300.09877  141 2079  297.00000  306.75024  3.28%   653 1121s
 36433 27436  299.49079   92 2094  297.00000  306.74458  3.28%   653 1126s
 36437 27439  306.73453   30 2060  297.00000  306.73453  3.28%   653 1131s
 36439 27440  303.63587   68 2068  297.00000  306.73448  3.28%   653 1137s
 36441 27441  302.60343   85 2076  297.00000  306.73327  3.28%   653 1142s
 36445 27444  302.74771   74 2071  297.00000  306.73021  3.28%   653 1147s
 36447 27445  298.91175  176 2067  297.00000  306.72926  3.28%   653 1153s
 36449 27447  299.31250  146 2062  297.00000  306.72914  3.28%   653 1158s
 36452 27449  305.77090   42 2066  297.00000  306.72605  3.27%   653 1163s
 36456 27451  301.90275   85 2065  297.00000  306.72133  3.27%   653 1169s
 36459 27453  300.04580  133 2078  297.00000  306.71982  3.27%   653 1174s
 36462 27455  300.93987  103 2065  297.00000  306.71797  3.27%   652 1178s
 36464 27457  303.83895   81 2066  297.00000  306.71296  3.27%   652 1183s
 36468 27459  302.47972   95 2056  297.00000  306.70506  3.27%   652 1188s
 36470 27461  304.64936   64 2053  297.00000  306.70465  3.27%   652 1194s
 36473 27463  306.70241   25 2070  297.00000  306.70241  3.27%   652 1199s
 36475 27464  306.70175   25 2100  297.00000  306.70175  3.27%   652 1204s
 36479 27467  303.54582   69 2093  297.00000  306.69753  3.27%   652 1209s
 36482 27469  305.04822   60 2104  297.00000  306.69393  3.26%   652 1215s
 36485 27471  302.23680   76 2096  297.00000  306.69329  3.26%   652 1220s
 36487 27472  300.76933  102 2081  297.00000  306.69283  3.26%   652 1226s
 36490 27474  303.12662   56 2093  297.00000  306.69081  3.26%   652 1232s
 36492 27475  301.71038  116 2078  297.00000  306.68926  3.26%   652 1237s
 36495 27477  298.55363  171 2087  297.00000  306.68697  3.26%   652 1242s
 36498 27479  303.85650   58 2089  297.00000  306.68500  3.26%   652 1247s
 36500 27481  304.59355   61 2075  297.00000  306.68408  3.26%   652 1252s
 36502 27482  303.42840   89 2085  297.00000  306.68401  3.26%   652 1257s
 36503 27483  303.22634   89 2085  297.00000  306.68401  3.26%   652 1262s
 36504 27483  298.84280  122 2072  297.00000  306.68386  3.26%   652 1268s
 36505 27484  306.68378   31 2086  297.00000  306.68378  3.26%   652 1273s
 36508 27486  305.00913   48 2070  297.00000  306.67683  3.26%   652 1278s
 36510 27487  298.55468  159 2083  297.00000  306.67675  3.26%   652 1284s
 36512 27489  299.21645  116 2083  297.00000  306.67631  3.26%   652 1289s
 36515 27491  302.27790   85 2107  297.00000  306.67367  3.26%   652 1294s
 36517 27492  303.01335   96 2097  297.00000  306.67214  3.26%   651 1299s
 36518 27493  300.69569  105 2087  297.00000  306.66043  3.25%   651 1300s
 36521 27495  306.22771   44 2101  297.00000  306.65597  3.25%   651 1305s
 36524 27497  299.06690  157 2092  297.00000  306.65335  3.25%   651 1311s
 36527 27499  306.65081   28 2093  297.00000  306.65081  3.25%   651 1316s
 36529 27500  300.09877  141 2085  297.00000  306.64858  3.25%   651 1321s
 36531 27501  304.61840   65 2091  297.00000  306.64852  3.25%   651 1326s
 36533 27503  299.49079   92 2085  297.00000  306.64741  3.25%   651 1332s
 36535 27504  303.47187   42 2099  297.00000  306.64732  3.25%   651 1337s
 36536 27505  300.96801  123 2093  297.00000  306.64731  3.25%   651 1343s
 36539 27507  303.63587   68 2076  297.00000  306.64472  3.25%   651 1348s
 36541 27508  302.60343   85 2078  297.00000  306.64236  3.25%   651 1357s
 36544 27515  306.56665   32 2064  297.00000  306.60073  3.23%   653 1360s
 36568 27539  306.29439   35 2099  297.00000  306.47375  3.19%   654 1381s
 36604 27563  306.08542   36 2035  297.00000  306.34906  3.15%   656 1386s
 36640 27587  306.06844   38 2014  297.00000  306.34906  3.15%   657 1390s
 36679 27617  305.76630   39 1964  297.00000  306.34906  3.15%   659 1396s
 36695 27624  305.98555   40 1998  297.00000  306.34906  3.15%   660 1400s
 36741 27659  305.71395   41 1904  297.00000  306.34906  3.15%   661 1405s
 36779 27690  305.47033   43 1960  297.00000  306.34906  3.15%   663 1410s
 36801 27698  305.36211   44 1928  297.00000  306.34906  3.15%   664 1422s
 36844 27734  305.04676   45 1913  297.00000  306.34906  3.15%   665 1426s
 36896 27776  304.70373   47 1785  297.00000  306.34906  3.15%   666 1431s
 36957 27825  304.46301   49 1804  297.00000  306.34906  3.15%   668 1436s
 37033 27873  303.92817   52 1681  297.00000  306.34906  3.15%   670 1440s
 37069 27880  303.91079   53 1694  297.00000  306.34906  3.15%   671 1445s
 37129 27951  303.70496   55 1638  297.00000  306.34906  3.15%   673 1450s
 37235 28032  303.05639   60 1575  297.00000  306.34906  3.15%   675 1455s
 37295 28027  302.88699   62 1524  297.00000  306.34906  3.15%   676 1460s
 37371 28141  302.79304   65 1485  297.00000  306.34906  3.15%   677 1466s
 37546 28280  302.20801   70 1496  297.00000  306.34906  3.15%   679 1472s
 37647 28366  301.77072   74 1296  297.00000  306.34906  3.15%   680 1475s
 37902 28562  301.27526   82 1093  297.00000  306.34906  3.15%   681 1481s
 38217 28767  300.40596   92 1047  297.00000  306.34906  3.15%   682 1487s
 38390 28827  299.62324   99  811  297.00000  306.34906  3.15%   682 1491s
 38535 28881  298.68408  105  363  297.00000  306.34906  3.15%   682 1495s
 38798 28995  306.07548   37 1951  297.00000  306.31273  3.14%   684 1502s
 38938 29015  305.82899   40 1860  297.00000  306.31273  3.14%   684 1507s
 39020 29064  305.64863   42 1858  297.00000  306.31273  3.14%   685 1511s
 39119 29120  305.26489   47 1831  297.00000  306.31273  3.14%   686 1515s
 39208 29189  304.83434   52 1786  297.00000  306.31273  3.14%   687 1520s
 39448 29334  304.00875   68 1703  297.00000  306.31273  3.14%   688 1529s
 39560 29472  303.44620   77 1667  297.00000  306.31273  3.14%   689 1534s
 39735 29610  302.79043   87 1627  297.00000  306.31273  3.14%   689 1539s
 39939 29739  302.13645  100 1527  297.00000  306.31273  3.14%   689 1545s
 40170 29801  301.13489  117 1472  297.00000  306.31273  3.14%   688 1550s
 40324 29974  299.99158  138 1338  297.00000  306.31273  3.14%   689 1555s
 40548 30083  298.79783  170 1108  297.00000  306.26551  3.12%   689 1561s
 40782 30218  305.76210   38 1815  297.00000  306.22535  3.11%   689 1567s
H40964 28359                     298.0000000  306.22535  2.76%   690 1567s
 41004 28451  304.89190   46 1704  298.00000  306.22535  2.76%   690 1574s
 41220 28539  302.93652   56 1547  298.00000  306.22535  2.76%   690 1580s
 41405 28623  301.42378   75 1358  298.00000  306.22535  2.76%   692 1586s
 41574 28690  299.24189  104 1045  298.00000  306.18143  2.75%   693 1593s
 41734 28792  305.41594   41 1920  298.00000  306.10169  2.72%   696 1599s
 41892 28926  304.74580   52 1733  298.00000  306.10169  2.72%   698 1606s
 42088 29089  303.80843   67 1579  298.00000  306.10169  2.72%   699 1614s
 42316 29316  302.43877   87 1494  298.00000  306.10169  2.72%   701 1622s
 42656 29433  300.02353  109 1317  298.00000  306.09030  2.71%   702 1630s
 42950 29552  305.62071   43 1882  298.00000  306.08036  2.71%   703 1638s
 43171 29695  304.71152   55 1683  298.00000  306.08036  2.71%   705 1646s
 43442 29917  303.48664   75 1533  298.00000  306.08036  2.71%   707 1655s
 43789 30087  301.96200  107 1309  298.00000  306.08036  2.71%   707 1664s
 44163 30144  299.68334  165 1063  298.00000  306.07536  2.71%   708 1673s
 44356 30418  304.99459   46 1796  298.00000  306.05044  2.70%   711 1683s
 44702 30675  303.31340   65 1587  298.00000  306.05044  2.70%   712 1693s
 45147 30762  300.93819   97 1282  298.00000  306.03934  2.70%   713 1704s
 45443 30905  305.49666   42 1896  298.00000  306.03934  2.70%   715 1714s
 45717 31144  303.56480   59 1559  298.00000  306.03934  2.70%   718 1726s
 46092 31186  300.48510   94 1050  298.00000  306.02743  2.69%   720 1740s
 46287 31414  305.20591   46 1922  298.00000  306.02743  2.69%   721 1753s
 46644 31611  303.56852   67 1641  298.00000  306.02743  2.69%   724 1766s
 47023 31874  300.79055  105 1426  298.00000  305.99331  2.68%   726 1780s
 47453 32157  305.06743   43 1792  298.00000  305.99331  2.68%   729 1794s
 47992 32386  301.92309   75 1404  298.00000  305.96893  2.67%   730 1808s
 48481 32856  305.17689   43 1821  298.00000  305.96893  2.67%   731 1823s
 49209 33055  301.12089   84 1114  298.00000  305.96816  2.67%   733 1839s
 49728 33584  304.39175   57 1709  298.00000  305.94859  2.67%   736 1855s
 50536 33733  300.46614  121 1232  298.00000  305.93650  2.66%   740 1871s
 51025 34222  303.83487   61 1654  298.00000  305.91614  2.66%   746 1889s
 51698 34547  305.63351   39 1851  298.00000  305.91614  2.66%   751 1907s
 52399 35014  302.45092   61 1334  298.00000  305.91438  2.66%   754 1926s
 53191 35449  304.50255   56 1737  298.00000  305.91438  2.66%   759 1945s
 54000 35996  300.45238  113 1316  298.00000  305.88591  2.65%   764 1968s
 54943 36279  302.71640   70 1505  298.00000  305.86680  2.64%   769 1986s
 55660 36681  304.36587   50 1715  298.00000  305.86680  2.64%   774 2005s
 56394 37003  299.90399  112 1292  298.00000  305.86107  2.64%   779 2024s
 57097 37345  301.72688   83 1315  298.00000  305.83504  2.63%   784 2045s
 57807 37432  299.93267   64  897  298.00000  305.83066  2.63%   789 2068s
 58235 38170  304.42769   47 1759  298.00000  305.82280  2.63%   795 2093s
 59169 38970  301.47061   74 1215  298.00000  305.82275  2.63%   802 2119s
 60542 39466  301.39518   73 1254  298.00000  305.79993  2.62%   806 2144s
 61760 39745  299.25143  106  761  298.00000  305.79431  2.62%   809 2170s
 62555 40518  302.35490   83 1561  298.00000  305.79049  2.61%   814 2198s
 63737 41114  303.14464   55 1541  298.00000  305.77376  2.61%   819 2225s
 64880 41869  303.05457   69 1598  298.00000  305.76241  2.60%   825 2253s
 66171 42676  303.89553   63 1722  298.00000  305.75112  2.60%   830 2283s
 67556 43254  303.75218   61 1620  298.00000  305.73703  2.60%   833 2312s
 68739 44078  304.42199   51 1722  298.00000  305.72985  2.59%   839 2342s
 70134 44806  300.94835   97 1102  298.00000  305.72724  2.59%   841 2372s

Cutting planes:
  Gomory: 7
  Cover: 313
  Clique: 218
  MIR: 9
  Flow cover: 462
  Zero half: 615
  Mod-K: 2
  RLT: 17
  Relax-and-lift: 1

Explored 71523 nodes (60442504 simplex iterations) in 2373.63 seconds (3602.03 work units)
Thread count was 20 (of 20 available processors)

Solution count 10: 298 297 296 ... 289

Work limit reached
Best objective 2.980000000000e+02, best bound 3.050000000000e+02, gap 2.3490%

User-callback calls 309093, time in user-callback 0.31 sec
