
Gurobi 11.0.2 (win64) logging started Mon Jan 20 22:19:12 2025

Set parameter LogFile to value "log_MTTP4_targetS2_E2_Gurobi.log"
Set parameter Method to value 0

Gurobi 11.0.2 (win64) logging started Mon Jan 20 22:20:07 2025

Set parameter LogFile to value "log_MTTP4_targetS2_E2_Gurobi.log"
Gurobi Optimizer version 11.0.2 build v11.0.2rc0 (win64 - Windows 11.0 (22621.2))

CPU model: 12th Gen Intel(R) Core(TM) i7-12700, instruction set [SSE2|AVX|AVX2]
Thread count: 12 physical cores, 20 logical processors, using up to 20 threads

Optimize a model with 12551133 rows, 12713 columns and 25109595 nonzeros
Model fingerprint: 0x8979f374
Variable types: 0 continuous, 12713 integer (12713 binary)
Coefficient statistics:
  Matrix range     [1e+00, 2e+00]
  Objective range  [1e+00, 1e+00]
  Bounds range     [0e+00, 0e+00]
  RHS range        [1e+00, 2e+00]
Found heuristic solution: objective -0.0000000
Presolve removed 12483655 rows and 200 columns
Presolve time: 2.77s
Presolved: 67478 rows, 12513 columns, 142285 nonzeros
Variable types: 0 continuous, 12513 integer (12513 binary)
Found heuristic solution: objective 124.0000000

Root relaxation: objective 6.841500e+02, 10556 iterations, 0.11 seconds (0.10 work units)
Total elapsed time = 5.03s (DegenMoves)

    Nodes    |    Current Node    |     Objective Bounds      |     Work
 Expl Unexpl |  Obj  Depth IntInf | Incumbent    BestBd   Gap | It/Node Time

     0     0  684.15000    0  991  124.00000  684.15000   452%     -    5s
H    0     0                     398.0000000  684.15000  71.9%     -    5s
H    0     0                     451.0000000  684.15000  51.7%     -    5s
H    0     0                     465.0000000  684.15000  47.1%     -    5s
H    0     0                     468.0000000  684.15000  46.2%     -    5s
H    0     0                     480.0000000  684.15000  42.5%     -    5s
H    0     0                     491.0000000  677.95414  38.1%     -   10s
H    0     0                     496.0000000  677.95414  36.7%     -   10s
H    0     0                     503.0000000  677.95414  34.8%     -   10s
H    0     0                     511.0000000  677.95414  32.7%     -   10s
H    0     0                     523.0000000  677.95414  29.6%     -   10s
H    0     0                     531.0000000  677.95414  27.7%     -   10s
H    0     0                     536.0000000  677.95414  26.5%     -   10s
H    0     0                     538.0000000  677.95414  26.0%     -   10s
H    0     0                     544.0000000  677.95414  24.6%     -   10s
H    0     0                     546.0000000  677.95414  24.2%     -   10s
H    0     0                     548.0000000  677.95414  23.7%     -   10s
H    0     0                     552.0000000  677.95414  22.8%     -   10s
H    0     0                     558.0000000  677.95414  21.5%     -   10s
H    0     0                     559.0000000  677.95414  21.3%     -   10s
H    0     0                     563.0000000  677.95414  20.4%     -   10s
H    0     0                     564.0000000  677.95414  20.2%     -   10s
H    0     0                     566.0000000  677.95414  19.8%     -   10s
H    0     0                     570.0000000  677.95414  18.9%     -   10s
     0     0  677.95414    0 4778  570.00000  677.95414  18.9%     -   11s
H    0     0                     572.0000000  677.95414  18.5%     -   11s
     0     0  677.95414    0 4761  572.00000  677.95414  18.5%     -   11s
H    0     0                     573.0000000  677.95414  18.3%     -   12s
H    0     0                     574.0000000  675.59977  17.7%     -   21s
H    0     0                     575.0000000  675.59977  17.5%     -   21s
H    0     0                     576.0000000  675.59977  17.3%     -   21s
H    0     0                     580.0000000  675.59977  16.5%     -   21s
H    0     0                     581.0000000  675.59977  16.3%     -   21s
H    0     0                     583.0000000  675.59977  15.9%     -   21s
H    0     0                     585.0000000  675.59977  15.5%     -   21s
H    0     0                     587.0000000  675.59977  15.1%     -   21s
H    0     0                     589.0000000  675.59977  14.7%     -   21s
H    0     0                     591.0000000  675.59977  14.3%     -   21s
H    0     0                     593.0000000  675.59977  13.9%     -   21s
H    0     0                     596.0000000  675.59977  13.4%     -   21s
H    0     0                     597.0000000  675.59977  13.2%     -   21s
H    0     0                     598.0000000  675.59977  13.0%     -   21s
     0     0  675.17835    0 5482  598.00000  675.17835  12.9%     -   22s
H    0     0                     599.0000000  674.36851  12.6%     -   31s
H    0     0                     600.0000000  674.36851  12.4%     -   31s
H    0     0                     601.0000000  674.36851  12.2%     -   31s
     0     0  674.36851    0 5927  601.00000  674.36851  12.2%     -   31s
     0     0  674.20573    0 6114  601.00000  674.20573  12.2%     -   35s
     0     0  674.17709    0 6109  601.00000  674.17709  12.2%     -   37s
     0     0  674.16968    0 6072  601.00000  674.16968  12.2%     -   38s
     0     0  674.16920    0 6170  601.00000  674.16920  12.2%     -   38s
H    0     0                     602.0000000  673.32942  11.8%     -   53s
H    0     0                     603.0000000  673.32942  11.7%     -   53s
     0     0  673.32942    0 6517  603.00000  673.32942  11.7%     -   53s
     0     0  673.15684    0 6334  603.00000  673.15684  11.6%     -   59s
H    0     0                     604.0000000  673.11408  11.4%     -   62s
     0     0  673.11408    0 6482  604.00000  673.11408  11.4%     -   62s
     0     0  673.10503    0 6643  604.00000  673.10503  11.4%     -   63s
     0     0  673.09970    0 6690  604.00000  673.09970  11.4%     -   64s
     0     0  673.09830    0 6682  604.00000  673.09830  11.4%     -   64s
H    0     0                     605.0000000  672.92388  11.2%     -   73s
     0     0  672.92388    0 6611  605.00000  672.92388  11.2%     -   73s
H    0     0                     606.0000000  672.85089  11.0%     -   77s
     0     0  672.85089    0 6773  606.00000  672.85089  11.0%     -   77s
     0     0  672.83963    0 6955  606.00000  672.83963  11.0%     -   79s
     0     0  672.83052    0 6989  606.00000  672.83052  11.0%     -   80s
     0     0  672.82913    0 7032  606.00000  672.82913  11.0%     -   81s
H    0     0                     607.0000000  672.82913  10.8%     -   82s
H    0     0                     608.0000000  672.77458  10.7%     -   88s
     0     0  672.77458    0 6996  608.00000  672.77458  10.7%     -   88s
     0     0  672.76251    0 7167  608.00000  672.76251  10.7%     -   90s
     0     0  672.75488    0 7176  608.00000  672.75488  10.7%     -   92s
     0     0  672.75209    0 7155  608.00000  672.75209  10.7%     -   93s
     0     0  672.73346    0 7039  608.00000  672.73346  10.6%     -   97s
     0     0  672.73345    0 6730  608.00000  672.73345  10.6%     -   98s
     0     2  672.73345    0 6695  608.00000  672.73345  10.6%     -  105s
     3     8  672.55056    2 6970  608.00000  672.69645  10.6%  3623  111s
     7    16  672.52727    3 7167  608.00000  672.56555  10.6%  4331  122s
    15    28  672.33656    4 7231  608.00000  672.52837  10.6%  7362  138s
    27    40  672.09953    5 7343  608.00000  672.48685  10.6% 10265  308s
    39    52  672.29581    5 7273  608.00000  672.48678  10.6% 10180  316s
    51    64  672.18160    6 7184  608.00000  672.40883  10.6%  8915  327s
    63    77  672.14802    6 7196  608.00000  672.40870  10.6%  8372  336s
H   71    77                     609.0000000  672.34841  10.4%  7896  336s
    76    90  672.07441    7 7246  609.00000  672.34841  10.4%  7942  347s
    89   105  671.97522    7 7232  609.00000  672.34841  10.4%  8143  358s
   104   123  672.07441    8 7249  609.00000  672.34841  10.4%  7611  369s
   122   137  672.04812    9 7221  609.00000  672.34841  10.4%  7111  377s
   136   156  671.74659    9 7225  609.00000  672.34841  10.4%  6800  388s
   155   178  671.97795   10 7230  609.00000  672.34841  10.4%  6508  396s
   177   198  671.94422   10 7135  609.00000  672.34841  10.4%  6106  409s
   197   218  671.93416   11 7184  609.00000  672.34841  10.4%  6123  422s
   217   243  671.80224   13 7158  609.00000  672.34841  10.4%  5984  431s
   242   262  671.73961   15 7067  609.00000  672.34841  10.4%  5659  443s
H  254   262                     610.0000000  672.34841  10.2%  5549  443s
   261   293  671.59731   16 7178  610.00000  672.34841  10.2%  5542  455s
   292   321  671.49736   17 7035  610.00000  672.34841  10.2%  5298  469s
H  311   321                     611.0000000  672.34841  10.0%  5145  469s
   320   356  671.68324   17 7043  611.00000  672.34841  10.0%  5104  480s
   355   385  671.58916   20 7094  611.00000  672.34841  10.0%  4885  496s
   384   425  671.50098   21 7066  611.00000  672.34841  10.0%  4758  507s
   424   467  671.39055   23 7108  611.00000  672.34841  10.0%  4548  519s
   466   510  671.35193   25 7062  611.00000  672.34841  10.0%  4336  534s
   509   549  670.81884   26 6919  611.00000  672.34841  10.0%  4227  547s
   548   593  671.33493   27 7071  611.00000  672.34841  10.0%  4070  560s
   592   658  671.30905   29 7076  611.00000  672.34841  10.0%  3969  576s
   657   707  671.10892   32 7084  611.00000  672.34841  10.0%  3776  590s
   706   748  671.16405   33 7172  611.00000  672.34841  10.0%  3691  608s
   747   821  671.13297   34 7146  611.00000  672.34841  10.0%  3644  624s
   820   884  671.00724   37 7104  611.00000  672.34841  10.0%  3493  638s
   883   954  670.89846   43 7037  611.00000  672.34841  10.0%  3394  653s
   953   966  670.85810   45 6909  611.00000  672.34841  10.0%  3289  730s
   965  1026  670.85778   46 6930  611.00000  672.34841  10.0%  3272  753s
  1025  1098  670.69878   53 6949  611.00000  672.34841  10.0%  3253  771s
  1097  1172  670.68045   54 6941  611.00000  672.34841  10.0%  3178  788s
  1171  1236  670.57725   59 6890  611.00000  672.34841  10.0%  3125  805s
  1235  1318  670.53272   64 6930  611.00000  672.34841  10.0%  3098  824s
  1317  1401  670.51422   65 6920  611.00000  672.34841  10.0%  3049  845s
  1402  1485  670.33189   71 6828  611.00000  672.34841  10.0%  3004  865s
  1486  1569  670.35094   73 6838  611.00000  672.34841  10.0%  2969  884s
  1570  1647  670.34648   74 6817  611.00000  672.34841  10.0%  2937  907s
  1648  1667  670.32657   76 6859  611.00000  672.34841  10.0%  2933  987s
  1668  1760  670.16284   76 6867  611.00000  672.34841  10.0%  2928 1009s
  1761  1847  670.16890   81 6880  611.00000  672.34841  10.0%  2903 1035s
  1848  1963  670.05555   84 6848  611.00000  672.34841  10.0%  2894 1059s
  1964  2053  669.66557   88 6854  611.00000  672.34841  10.0%  2857 1085s
  2054  2158  669.72429   90 6770  611.00000  672.34841  10.0%  2859 1114s
  2159  2282  669.55883   94 6752  611.00000  672.34841  10.0%  2853 1140s
H 2262  2282                     612.0000000  672.34841  9.86%  2826 1140s
  2283  2402  669.32510   97 6776  612.00000  672.34841  9.86%  2821 1169s
  2403  2542  669.18914  101 6706  612.00000  672.34841  9.86%  2807 1197s
  2543  2671  668.93021  106 6680  612.00000  672.34841  9.86%  2777 1228s
  2672  2820  668.59106  113 6579  612.00000  672.34841  9.86%  2765 1261s
  2821  2974  668.37681  117 6574  612.00000  672.34841  9.86%  2740 1293s
H 2846  2974                     613.0000000  672.34841  9.68%  2740 1293s
  2975  3153  668.07100  121 6578  613.00000  672.34841  9.68%  2717 1328s
  3154  3359  667.66612  127 6541  613.00000  672.34841  9.68%  2685 1363s
  3360  3598  667.29895  135 6413  613.00000  672.34841  9.68%  2642 1401s
  3599  3834  666.76104  142 6185  613.00000  672.34841  9.68%  2588 1440s
  3835  4106  666.37839  149 6229  613.00000  672.34841  9.68%  2549 1479s
  4107  4430  665.85757  154 6147  613.00000  672.34841  9.68%  2501 1523s
  4431  4830  665.47552  163 6134  613.00000  672.34841  9.68%  2436 1565s
  4831  5264  664.71497  172 5874  613.00000  672.34841  9.68%  2350 1608s
  5271  5785  663.97920  188 5821  613.00000  672.34841  9.68%  2259 1651s
  5792  6436  663.30226  206 5680  613.00000  672.34841  9.68%  2159 1692s
H 5996  6436                     614.0000000  672.34841  9.50%  2120 1692s
  6445  7218  662.37201  218 5474  614.00000  672.34841  9.50%  2025 1731s
  7233  8002  660.98609  233 5313  614.00000  672.34841  9.50%  1877 1764s
  8019  8939  660.56870  244 5200  614.00000  672.34841  9.50%  1745 1798s
  8965  8940  670.56598   60 4566  614.00000  672.34841  9.50%  1603 1851s
  8968  8942  658.74459  281 4267  614.00000  672.34841  9.50%  1602 1856s
  8969  8943  660.99508  255 5983  614.00000  672.34841  9.50%  1602 1862s
  8970  8943  667.09595  115 6437  614.00000  672.34841  9.50%  1602 1871s
  8971  8944  669.31241   82 6661  614.00000  672.34841  9.50%  1602 1877s
  8972  8945  665.98094  138 6879  614.00000  672.34841  9.50%  1601 1880s
  8974  8946  658.69383  293 7096  614.00000  672.34841  9.50%  1601 1885s
  8979  8949  650.05148  415 7270  614.00000  672.34841  9.50%  1600 1894s
  8980  8950  669.80563   79 7069  614.00000  672.34841  9.50%  1600 1899s
  8981  8951  670.85810   46 7300  614.00000  672.34841  9.50%  1600 1903s
  8984  8953  660.45924  269 7395  614.00000  672.34841  9.50%  1599 1911s
  8985  8953  662.71875  210 7162  614.00000  672.34841  9.50%  1599 1918s
  8986  8954  659.97876  262 7220  614.00000  672.34841  9.50%  1599 1920s
  8991  8957  663.82117  195 7460  614.00000  672.34841  9.50%  1598 1930s
  8995  8960  654.17078  364 7416  614.00000  672.34841  9.50%  1597 1935s
  8997  8961  671.28008   29 7436  614.00000  672.34841  9.50%  1597 1943s
  9000  8963  636.62500  703 7417  614.00000  672.34841  9.50%  1596 1945s
  9002  8965  670.59074   45 7468  614.00000  672.34841  9.50%  1596 1956s
  9007  8968  670.11766   61 7467  614.00000  672.34841  9.50%  1595 1968s
  9009  8969  665.25053  167 7474  614.00000  672.34236  9.50%  1595 1970s
  9012  8971  658.95626  293 7499  614.00000  672.34052  9.50%  1594 1980s
  9016  8974  664.11621  188 7444  614.00000  672.32935  9.50%  1594 1990s
  9018  8975  668.42436  111 7508  614.00000  672.32858  9.50%  1593 2002s
  9021  8977  667.12554  127 7558  614.00000  672.32631  9.50%  1593 2019s
  9022  8978  654.70432  350 7439  614.00000  672.31664  9.50%  1593 2020s
  9028  8982  661.42091  244 7555  614.00000  672.31435  9.50%  1591 2032s
  9031  8984  672.22048    6 7561  614.00000  672.31304  9.50%  1591 2043s
  9035  8987  653.41449  384 7575  614.00000  672.31027  9.50%  1590 2056s
  9037  8988  671.88245   10 7318  614.00000  672.31010  9.50%  1590 2065s
  9038  8989  669.27310   87 7318  614.00000  672.31010  9.50%  1590 2080s
  9039  8992  672.30184   13 7169  614.00000  672.31007  9.50%  1606 2087s
  9041  8996  672.30109   14 7209  614.00000  672.30184  9.50%  1606 2093s
  9045  9002  672.28902   15 7300  614.00000  672.30105  9.50%  1607 2101s
  9053  9012  672.21080   16 7305  614.00000  672.28898  9.49%  1608 2117s
  9065  9020  672.10520   17 7347  614.00000  672.23898  9.49%  1619 2127s
  9077  9028  672.04690   17 7428  614.00000  672.18793  9.48%  1625 2135s
  9089  9036  672.10049   18 7349  614.00000  672.15747  9.47%  1630 2140s
  9101  9044  672.06260   18 7266  614.00000  672.10048  9.46%  1631 2145s
  9113  9052  672.08408   19 7217  614.00000  672.10048  9.46%  1633 2155s
H 9123  8597                     615.0000000  672.10048  9.28%  1637 2155s
  9137  8617  671.96722   20 7235  615.00000  672.09069  9.28%  1639 2168s
  9149  8626  671.91357   20 7200  615.00000  672.09069  9.28%  1647 2176s
  9162  8633  671.94131   21 7267  615.00000  672.09069  9.28%  1651 2191s
  9174  8647  671.88672   21 7170  615.00000  672.09069  9.28%  1653 2198s
  9192  8653  671.89913   22 7244  615.00000  672.09069  9.28%  1656 2207s
  9204  8667  671.76865   22 7164  615.00000  672.09069  9.28%  1659 2219s
  9222  8681  671.79790   23 7219  615.00000  672.09069  9.28%  1663 2226s
  9242  8690  671.86637   23 7221  615.00000  672.09069  9.28%  1666 2237s
  9257  8704  671.62846   24 7184  615.00000  672.09069  9.28%  1675 2245s
  9276  8717  671.74443   24 7143  615.00000  672.09069  9.28%  1678 2252s
  9296  8731  671.54841   25 7132  615.00000  672.09069  9.28%  1681 2264s
  9316  8745  671.51373   26 7048  615.00000  672.09069  9.28%  1686 2273s
  9337  8763  671.36295   26 7127  615.00000  672.09069  9.28%  1688 2285s
  9362  8780  671.45689   27 7118  615.00000  672.09069  9.28%  1692 2293s
  9387  8799  671.37987   28 7043  615.00000  672.09069  9.28%  1694 2304s
  9415  8813  671.32899   29 7032  615.00000  672.09069  9.28%  1698 2319s
  9438  8829  671.29047   30 7015  615.00000  672.09069  9.28%  1703 2333s
  9462  8847  671.07502   31 6938  615.00000  672.09069  9.28%  1714 2343s
  9488  8869  671.09408   32 6936  615.00000  672.09069  9.28%  1717 2354s
  9518  8880  670.79587   33 6809  615.00000  672.09069  9.28%  1722 2366s
  9539  8895  671.01411   34 6859  615.00000  672.09069  9.28%  1727 2379s
  9561  8921  671.00444   35 6875  615.00000  672.09069  9.28%  1733 2393s
  9595  8927  670.75170   36 6747  615.00000  672.09069  9.28%  1737 2411s
  9612  8960  670.84859   37 6848  615.00000  672.09069  9.28%  1740 2427s
  9651  8979  670.78887   38 6808  615.00000  672.09069  9.28%  1746 2444s
  9683  9008  670.53725   39 6770  615.00000  672.09069  9.28%  1751 2458s
  9722  9035  670.47937   41 6723  615.00000  672.09069  9.28%  1757 2474s
  9762  9070  670.22325   42 6552  615.00000  672.09069  9.28%  1764 2487s
  9811  9094  669.97977   43 6598  615.00000  672.09069  9.28%  1768 2507s
  9851  9141  669.91149   45 6442  615.00000  672.09069  9.28%  1776 2522s
  9911  9178  669.85285   47 6450  615.00000  672.09069  9.28%  1779 2537s
  9968  9195  669.32010   49 6359  615.00000  672.09069  9.28%  1782 2577s
 10004  9255  669.41657   51 6295  615.00000  672.09069  9.28%  1783 2601s
 10076  9306  669.25074   53 6312  615.00000  672.09069  9.28%  1786 2618s
 10151  9365  669.07286   56 6447  615.00000  672.09069  9.28%  1789 2635s
 10235  9423  668.84151   60 6325  615.00000  672.09069  9.28%  1790 2653s
 10321  9474  668.50968   63 6325  615.00000  672.09069  9.28%  1793 2674s
 10401  9544  668.39428   66 6366  615.00000  672.09069  9.28%  1796 2693s
 10498  9624  667.93962   69 6334  615.00000  672.09069  9.28%  1797 2714s
 10610  9703  667.79260   73 6148  615.00000  672.09069  9.28%  1797 2735s
 10726  9772  667.24258   77 5812  615.00000  672.09069  9.28%  1798 2760s
 10834  9875  667.15631   80 5941  615.00000  672.09069  9.28%  1798 2781s
 10973  9861  666.73053   85 5953  615.00000  672.09069  9.28%  1797 2807s
 11005 10011  666.68052   86 5997  615.00000  672.09069  9.28%  1797 2832s
 11166 10108  666.00994   90 5846  615.00000  672.09069  9.28%  1795 2860s
 11317 10250  665.55897   96 5702  615.00000  672.09069  9.28%  1794 2886s
 11509 10393  664.99047  101 5542  615.00000  672.09069  9.28%  1790 2913s
 11716 10555  664.42927  107 5377  615.00000  672.09069  9.28%  1785 2942s
 11947 10730  663.56938  113 5367  615.00000  672.09069  9.28%  1779 2970s
 12199 10907  663.10821  121 5273  615.00000  672.09069  9.28%  1771 3001s
 12460 11157  662.70836  128 5398  615.00000  672.09069  9.28%  1762 3031s
 12797 11389  662.40902  136 5169  615.00000  672.09069  9.28%  1747 3064s
 13141 11661  661.66366  144 5009  615.00000  672.09069  9.28%  1731 3095s
 13528 11941  661.16762  155 5105  615.00000  672.09069  9.28%  1714 3142s
 13937 12273  660.61489  164 4707  615.00000  672.09069  9.28%  1694 3181s
 14405 12737  660.23370  175 4538  615.00000  672.09069  9.28%  1671 3218s
 15027 13223  659.29965  187 4532  615.00000  672.09069  9.28%  1638 3252s
 15725 13883  658.78295  201 4384  615.00000  672.09069  9.28%  1600 3286s
H16394 13232                     616.0000000  672.09069  9.11%  1560 3286s
 16617 14215  658.03080  215 4301  616.00000  672.09069  9.11%  1548 3316s
 17684 15218  657.04691  230 4059  616.00000  672.09069  9.11%  1483 3347s
 19049 16547  656.17017  246 4167  616.00000  672.09069  9.11%  1402 3381s
 20841 17087  654.30261  280 3758  616.00000  672.09069  9.11%  1307 3393s
 22006 17554  654.37247  282 3690  616.00000  672.09069  9.11%  1244 3411s
 22966 17695  653.93254  284 3757  616.00000  672.09069  9.11%  1198 3427s
 23455 18194  653.33100  286 3710  616.00000  672.09069  9.11%  1179 3437s
 24124 18334  653.54569  289 3549  616.00000  672.09069  9.11%  1153 3457s
 24557 18604  653.10422  291 3752  616.00000  672.09069  9.11%  1137 3467s
 24971 18905  652.76835  293 3599  616.00000  672.09069  9.11%  1124 3476s
 25411 19237  652.43060  297 3576  616.00000  672.09069  9.11%  1109 3486s
 25890 19652  652.28361  301 3646  616.00000  672.09069  9.11%  1094 3498s
 26472 20061  652.12098  305 3584  616.00000  672.09069  9.11%  1074 3523s
 27112 20279  651.83158  310 3476  616.00000  672.09069  9.11%  1054 3543s
 27573 20330  651.30686  313 3383  616.00000  672.09069  9.11%  1042 3561s
 27778 20497  651.00908  319 3485  616.00000  672.09069  9.11%  1041 3576s
 28014 20774  650.77075  328 3384  616.00000  672.09069  9.11%  1037 3590s
 28370 20970  650.62955  334 3501  616.00000  672.09069  9.11%  1028 3600s

Cutting planes:
  Gomory: 52
  Cover: 2032
  Clique: 162
  MIR: 25
  Flow cover: 140
  Zero half: 385
  RLT: 56

Explored 28684 nodes (29422728 simplex iterations) in 3600.54 seconds (5396.90 work units)
Thread count was 20 (of 20 available processors)

Solution count 10: 616 615 614 ... 607

Time limit reached
Best objective 6.160000000000e+02, best bound 6.720000000000e+02, gap 9.0909%

User-callback calls 242796, time in user-callback 0.46 sec

Gurobi 11.0.2 (win64) logging started Tue Jan 21 10:11:15 2025

Set parameter LogFile to value "log_MTTP4_targetS2_E2_Gurobi.log"
Set parameter Method to value 0

Gurobi 11.0.2 (win64) logging started Tue Jan 21 10:12:08 2025

Set parameter LogFile to value "log_MTTP4_targetS2_E2_Gurobi.log"
Gurobi Optimizer version 11.0.2 build v11.0.2rc0 (win64 - Windows 11.0 (22621.2))

CPU model: 12th Gen Intel(R) Core(TM) i7-12700, instruction set [SSE2|AVX|AVX2]
Thread count: 12 physical cores, 20 logical processors, using up to 20 threads

Optimize a model with 12551133 rows, 12713 columns and 25109595 nonzeros
Model fingerprint: 0x8979f374
Variable types: 0 continuous, 12713 integer (12713 binary)
Coefficient statistics:
  Matrix range     [1e+00, 2e+00]
  Objective range  [1e+00, 1e+00]
  Bounds range     [0e+00, 0e+00]
  RHS range        [1e+00, 2e+00]
Found heuristic solution: objective -0.0000000
Presolve removed 12483655 rows and 200 columns
Presolve time: 2.90s
Presolved: 67478 rows, 12513 columns, 142285 nonzeros
Variable types: 0 continuous, 12513 integer (12513 binary)
Found heuristic solution: objective 124.0000000

Root relaxation: objective 6.841500e+02, 10556 iterations, 0.11 seconds (0.10 work units)
Total elapsed time = 5.05s (DegenMoves)

    Nodes    |    Current Node    |     Objective Bounds      |     Work
 Expl Unexpl |  Obj  Depth IntInf | Incumbent    BestBd   Gap | It/Node Time

     0     0  684.15000    0  991  124.00000  684.15000   452%     -    5s
H    0     0                     398.0000000  684.15000  71.9%     -    5s
H    0     0                     451.0000000  684.15000  51.7%     -    5s
H    0     0                     465.0000000  684.15000  47.1%     -    5s
H    0     0                     468.0000000  684.15000  46.2%     -    6s
H    0     0                     480.0000000  684.15000  42.5%     -    6s
H    0     0                     491.0000000  677.95414  38.1%     -   10s
H    0     0                     496.0000000  677.95414  36.7%     -   10s
H    0     0                     503.0000000  677.95414  34.8%     -   10s
H    0     0                     511.0000000  677.95414  32.7%     -   10s
H    0     0                     523.0000000  677.95414  29.6%     -   10s
H    0     0                     531.0000000  677.95414  27.7%     -   10s
H    0     0                     536.0000000  677.95414  26.5%     -   10s
H    0     0                     538.0000000  677.95414  26.0%     -   10s
H    0     0                     544.0000000  677.95414  24.6%     -   10s
H    0     0                     546.0000000  677.95414  24.2%     -   10s
H    0     0                     548.0000000  677.95414  23.7%     -   10s
H    0     0                     552.0000000  677.95414  22.8%     -   10s
H    0     0                     558.0000000  677.95414  21.5%     -   10s
H    0     0                     559.0000000  677.95414  21.3%     -   10s
H    0     0                     563.0000000  677.95414  20.4%     -   10s
H    0     0                     564.0000000  677.95414  20.2%     -   10s
H    0     0                     566.0000000  677.95414  19.8%     -   10s
H    0     0                     570.0000000  677.95414  18.9%     -   10s
     0     0  677.95414    0 4778  570.00000  677.95414  18.9%     -   11s
H    0     0                     572.0000000  677.95414  18.5%     -   11s
     0     0  677.95414    0 4761  572.00000  677.95414  18.5%     -   11s
H    0     0                     573.0000000  677.95414  18.3%     -   12s
H    0     0                     574.0000000  675.59977  17.7%     -   22s
H    0     0                     575.0000000  675.59977  17.5%     -   22s
H    0     0                     576.0000000  675.59977  17.3%     -   22s
H    0     0                     580.0000000  675.59977  16.5%     -   22s
H    0     0                     581.0000000  675.59977  16.3%     -   22s
H    0     0                     583.0000000  675.59977  15.9%     -   22s
H    0     0                     585.0000000  675.59977  15.5%     -   22s
H    0     0                     587.0000000  675.59977  15.1%     -   22s
H    0     0                     589.0000000  675.59977  14.7%     -   22s
H    0     0                     591.0000000  675.59977  14.3%     -   22s
H    0     0                     593.0000000  675.59977  13.9%     -   22s
H    0     0                     596.0000000  675.59977  13.4%     -   22s
H    0     0                     597.0000000  675.59977  13.2%     -   22s
H    0     0                     598.0000000  675.59977  13.0%     -   22s
     0     0  675.17835    0 5482  598.00000  675.17835  12.9%     -   22s
H    0     0                     599.0000000  674.36851  12.6%     -   32s
H    0     0                     600.0000000  674.36851  12.4%     -   32s
H    0     0                     601.0000000  674.36851  12.2%     -   32s
     0     0  674.36851    0 5927  601.00000  674.36851  12.2%     -   32s
     0     0  674.20573    0 6114  601.00000  674.20573  12.2%     -   36s
     0     0  674.17709    0 6109  601.00000  674.17709  12.2%     -   37s
     0     0  674.16968    0 6072  601.00000  674.16968  12.2%     -   38s
     0     0  674.16920    0 6170  601.00000  674.16920  12.2%     -   39s
H    0     0                     602.0000000  673.32942  11.8%     -   55s
H    0     0                     603.0000000  673.32942  11.7%     -   55s
     0     0  673.32942    0 6517  603.00000  673.32942  11.7%     -   55s
     0     0  673.15684    0 6334  603.00000  673.15684  11.6%     -   61s
H    0     0                     604.0000000  673.11408  11.4%     -   64s
     0     0  673.11408    0 6482  604.00000  673.11408  11.4%     -   64s
     0     0  673.10503    0 6643  604.00000  673.10503  11.4%     -   65s
     0     0  673.09970    0 6690  604.00000  673.09970  11.4%     -   66s
     0     0  673.09830    0 6682  604.00000  673.09830  11.4%     -   67s
H    0     0                     605.0000000  672.92388  11.2%     -   75s
     0     0  672.92388    0 6611  605.00000  672.92388  11.2%     -   75s
H    0     0                     606.0000000  672.85089  11.0%     -   80s
     0     0  672.85089    0 6773  606.00000  672.85089  11.0%     -   80s
     0     0  672.83963    0 6955  606.00000  672.83963  11.0%     -   81s
     0     0  672.83052    0 6989  606.00000  672.83052  11.0%     -   83s
     0     0  672.82913    0 7032  606.00000  672.82913  11.0%     -   84s
H    0     0                     607.0000000  672.82913  10.8%     -   85s
H    0     0                     608.0000000  672.77458  10.7%     -   91s
     0     0  672.77458    0 6996  608.00000  672.77458  10.7%     -   91s
     0     0  672.76251    0 7167  608.00000  672.76251  10.7%     -   93s
     0     0  672.75488    0 7176  608.00000  672.75488  10.7%     -   95s
     0     0  672.75209    0 7155  608.00000  672.75209  10.7%     -   96s
     0     0  672.73346    0 7039  608.00000  672.73346  10.6%     -  101s
     0     0  672.73345    0 6730  608.00000  672.73345  10.6%     -  102s
     0     2  672.73345    0 6695  608.00000  672.73345  10.6%     -  109s
     1     4  672.69650    1 6640  608.00000  672.73323  10.6%  2715  111s
     7    16  672.52727    3 7167  608.00000  672.56555  10.6%  4331  126s
    15    28  672.33656    4 7231  608.00000  672.52837  10.6%  7362  142s
    27    40  672.09953    5 7343  608.00000  672.48685  10.6% 10265  315s
    39    52  672.29581    5 7273  608.00000  672.48678  10.6% 10180  323s
    51    64  672.18160    6 7184  608.00000  672.40883  10.6%  8915  333s
    63    77  672.14802    6 7196  608.00000  672.40870  10.6%  8372  343s
H   71    77                     609.0000000  672.34841  10.4%  7896  343s
    76    90  672.07441    7 7246  609.00000  672.34841  10.4%  7942  353s
    89   105  671.97522    7 7232  609.00000  672.34841  10.4%  8143  365s
   104   123  672.07441    8 7249  609.00000  672.34841  10.4%  7611  375s
   122   137  672.04812    9 7221  609.00000  672.34841  10.4%  7111  384s
   136   156  671.74659    9 7225  609.00000  672.34841  10.4%  6800  395s
   155   178  671.97795   10 7230  609.00000  672.34841  10.4%  6508  403s
   177   198  671.94422   10 7135  609.00000  672.34841  10.4%  6106  416s
   197   218  671.93416   11 7184  609.00000  672.34841  10.4%  6123  428s
   217   243  671.80224   13 7158  609.00000  672.34841  10.4%  5984  437s
   242   262  671.73961   15 7067  609.00000  672.34841  10.4%  5659  449s
H  254   262                     610.0000000  672.34841  10.2%  5549  449s
   261   293  671.59731   16 7178  610.00000  672.34841  10.2%  5542  461s
   292   321  671.49736   17 7035  610.00000  672.34841  10.2%  5298  475s
H  311   321                     611.0000000  672.34841  10.0%  5145  475s
   320   356  671.68324   17 7043  611.00000  672.34841  10.0%  5104  486s
   355   385  671.58916   20 7094  611.00000  672.34841  10.0%  4885  501s
   384   425  671.50098   21 7066  611.00000  672.34841  10.0%  4758  512s
   424   467  671.39055   23 7108  611.00000  672.34841  10.0%  4548  525s
   466   510  671.35193   25 7062  611.00000  672.34841  10.0%  4336  539s
   509   549  670.81884   26 6919  611.00000  672.34841  10.0%  4227  552s
   548   593  671.33493   27 7071  611.00000  672.34841  10.0%  4070  565s
   592   658  671.30905   29 7076  611.00000  672.34841  10.0%  3969  581s
   657   707  671.10892   32 7084  611.00000  672.34841  10.0%  3776  595s
   706   748  671.16405   33 7172  611.00000  672.34841  10.0%  3691  613s
   747   821  671.13297   34 7146  611.00000  672.34841  10.0%  3644  628s
   820   884  671.00724   37 7104  611.00000  672.34841  10.0%  3493  642s
   883   954  670.89846   43 7037  611.00000  672.34841  10.0%  3394  657s
   953   966  670.85810   45 6909  611.00000  672.34841  10.0%  3289  733s
   965  1026  670.85778   46 6930  611.00000  672.34841  10.0%  3272  757s
  1025  1098  670.69878   53 6949  611.00000  672.34841  10.0%  3253  774s
  1097  1172  670.68045   54 6941  611.00000  672.34841  10.0%  3178  791s
  1171  1236  670.57725   59 6890  611.00000  672.34841  10.0%  3125  808s
  1235  1318  670.53272   64 6930  611.00000  672.34841  10.0%  3098  826s
  1317  1401  670.51422   65 6920  611.00000  672.34841  10.0%  3049  847s
  1402  1485  670.33189   71 6828  611.00000  672.34841  10.0%  3004  867s
  1486  1569  670.35094   73 6838  611.00000  672.34841  10.0%  2969  887s
  1570  1647  670.34648   74 6817  611.00000  672.34841  10.0%  2937  910s
  1648  1667  670.32657   76 6859  611.00000  672.34841  10.0%  2933  990s
  1668  1760  670.16284   76 6867  611.00000  672.34841  10.0%  2928 1011s
  1761  1847  670.16890   81 6880  611.00000  672.34841  10.0%  2903 1037s
  1848  1963  670.05555   84 6848  611.00000  672.34841  10.0%  2894 1061s
  1964  2053  669.66557   88 6854  611.00000  672.34841  10.0%  2857 1087s
  2054  2158  669.72429   90 6770  611.00000  672.34841  10.0%  2859 1116s
  2159  2282  669.55883   94 6752  611.00000  672.34841  10.0%  2853 1142s
H 2262  2282                     612.0000000  672.34841  9.86%  2826 1142s
  2283  2402  669.32510   97 6776  612.00000  672.34841  9.86%  2821 1171s
  2403  2542  669.18914  101 6706  612.00000  672.34841  9.86%  2807 1199s
  2543  2671  668.93021  106 6680  612.00000  672.34841  9.86%  2777 1230s
  2672  2820  668.59106  113 6579  612.00000  672.34841  9.86%  2765 1263s
  2821  2974  668.37681  117 6574  612.00000  672.34841  9.86%  2740 1295s
H 2846  2974                     613.0000000  672.34841  9.68%  2740 1295s
  2975  3153  668.07100  121 6578  613.00000  672.34841  9.68%  2717 1329s
  3154  3359  667.66612  127 6541  613.00000  672.34841  9.68%  2685 1363s
  3360  3598  667.29895  135 6413  613.00000  672.34841  9.68%  2642 1402s
  3599  3834  666.76104  142 6185  613.00000  672.34841  9.68%  2588 1441s
  3835  4106  666.37839  149 6229  613.00000  672.34841  9.68%  2549 1480s
  4107  4430  665.85757  154 6147  613.00000  672.34841  9.68%  2501 1523s
  4431  4830  665.47552  163 6134  613.00000  672.34841  9.68%  2436 1566s
  4831  5264  664.71497  172 5874  613.00000  672.34841  9.68%  2350 1610s
  5271  5785  663.97920  188 5821  613.00000  672.34841  9.68%  2259 1653s
  5792  6436  663.30226  206 5680  613.00000  672.34841  9.68%  2159 1693s
H 5996  6436                     614.0000000  672.34841  9.50%  2120 1693s
  6445  7218  662.37201  218 5474  614.00000  672.34841  9.50%  2025 1731s
  7233  8002  660.98609  233 5313  614.00000  672.34841  9.50%  1877 1765s
  8019  8939  660.56870  244 5200  614.00000  672.34841  9.50%  1745 1799s
  8965  8940  670.56598   60 4566  614.00000  672.34841  9.50%  1603 1851s
  8968  8942  658.74459  281 4267  614.00000  672.34841  9.50%  1602 1856s
  8969  8943  660.99508  255 5983  614.00000  672.34841  9.50%  1602 1862s
  8970  8943  667.09595  115 6437  614.00000  672.34841  9.50%  1602 1870s
  8971  8944  669.31241   82 6661  614.00000  672.34841  9.50%  1602 1875s
  8973  8945  647.65101  464 7057  614.00000  672.34841  9.50%  1601 1882s
  8976  8947  667.84069  126 7185  614.00000  672.34841  9.50%  1601 1885s
  8979  8949  650.05148  415 7270  614.00000  672.34841  9.50%  1600 1891s
  8980  8950  669.80563   79 7069  614.00000  672.34841  9.50%  1600 1897s
  8981  8951  670.85810   46 7300  614.00000  672.34841  9.50%  1600 1900s
  8984  8953  660.45924  269 7395  614.00000  672.34841  9.50%  1599 1909s
  8985  8953  662.71875  210 7162  614.00000  672.34841  9.50%  1599 1915s
  8991  8957  663.82117  195 7460  614.00000  672.34841  9.50%  1598 1927s
  8992  8958  671.44878   14 7283  614.00000  672.34841  9.50%  1598 1930s
  8997  8961  671.28008   29 7436  614.00000  672.34841  9.50%  1597 1940s
  9002  8965  670.59074   45 7468  614.00000  672.34841  9.50%  1596 1953s
  9003  8965  633.75305  702 7306  614.00000  672.34841  9.50%  1596 1955s
  9007  8968  670.11766   61 7467  614.00000  672.34841  9.50%  1595 1965s
  9012  8971  658.95626  293 7499  614.00000  672.34052  9.50%  1594 1977s
  9016  8974  664.11621  188 7444  614.00000  672.32935  9.50%  1594 1987s
  9018  8975  668.42436  111 7508  614.00000  672.32858  9.50%  1593 1999s
  9020  8977  655.25754  296 7516  614.00000  672.32636  9.50%  1593 2000s
  9021  8977  667.12554  127 7558  614.00000  672.32631  9.50%  1593 2015s
  9028  8982  661.42091  244 7555  614.00000  672.31435  9.50%  1591 2028s
  9031  8984  672.22048    6 7561  614.00000  672.31304  9.50%  1591 2039s
  9032  8985  667.91395  112 7512  614.00000  672.31198  9.50%  1591 2040s
  9035  8987  653.41449  384 7575  614.00000  672.31027  9.50%  1590 2052s
  9037  8988  671.88245   10 7318  614.00000  672.31010  9.50%  1590 2061s
  9038  8989  669.27310   87 7318  614.00000  672.31010  9.50%  1590 2077s
  9039  8992  672.30184   13 7169  614.00000  672.31007  9.50%  1606 2084s
  9041  8996  672.30109   14 7209  614.00000  672.30184  9.50%  1606 2090s
  9045  9002  672.28902   15 7300  614.00000  672.30105  9.50%  1607 2098s
  9053  9012  672.21080   16 7305  614.00000  672.28898  9.49%  1608 2113s
  9065  9020  672.10520   17 7347  614.00000  672.23898  9.49%  1619 2124s
  9077  9028  672.04690   17 7428  614.00000  672.18793  9.48%  1625 2132s
  9089  9036  672.10049   18 7349  614.00000  672.15747  9.47%  1630 2137s
  9101  9044  672.06260   18 7266  614.00000  672.10048  9.46%  1631 2141s
  9113  9052  672.08408   19 7217  614.00000  672.10048  9.46%  1633 2151s
H 9123  8597                     615.0000000  672.10048  9.28%  1637 2151s
  9125  8609  672.07381   19 7369  615.00000  672.09069  9.28%  1637 2155s
  9137  8617  671.96722   20 7235  615.00000  672.09069  9.28%  1639 2164s
  9149  8626  671.91357   20 7200  615.00000  672.09069  9.28%  1647 2172s
  9162  8633  671.94131   21 7267  615.00000  672.09069  9.28%  1651 2187s
  9174  8647  671.88672   21 7170  615.00000  672.09069  9.28%  1653 2194s
  9192  8653  671.89913   22 7244  615.00000  672.09069  9.28%  1656 2203s
  9204  8667  671.76865   22 7164  615.00000  672.09069  9.28%  1659 2215s
  9222  8681  671.79790   23 7219  615.00000  672.09069  9.28%  1663 2222s
  9242  8690  671.86637   23 7221  615.00000  672.09069  9.28%  1666 2233s
  9257  8704  671.62846   24 7184  615.00000  672.09069  9.28%  1675 2240s
  9276  8717  671.74443   24 7143  615.00000  672.09069  9.28%  1678 2248s
  9296  8731  671.54841   25 7132  615.00000  672.09069  9.28%  1681 2259s
  9316  8745  671.51373   26 7048  615.00000  672.09069  9.28%  1686 2269s
  9337  8763  671.36295   26 7127  615.00000  672.09069  9.28%  1688 2280s
  9362  8780  671.45689   27 7118  615.00000  672.09069  9.28%  1692 2289s
  9387  8799  671.37987   28 7043  615.00000  672.09069  9.28%  1694 2300s
  9415  8813  671.32899   29 7032  615.00000  672.09069  9.28%  1698 2315s
  9438  8829  671.29047   30 7015  615.00000  672.09069  9.28%  1703 2328s
  9462  8847  671.07502   31 6938  615.00000  672.09069  9.28%  1714 2338s
  9488  8869  671.09408   32 6936  615.00000  672.09069  9.28%  1717 2349s

Cutting planes:
  Gomory: 52
  Cover: 1873
  Clique: 159
  MIR: 23
  Flow cover: 122
  Zero half: 350
  RLT: 53

Explored 9518 nodes (16493239 simplex iterations) in 2350.47 seconds (3606.28 work units)
Thread count was 20 (of 20 available processors)

Solution count 10: 615 614 613 ... 606

Work limit reached
Best objective 6.150000000000e+02, best bound 6.720000000000e+02, gap 9.2683%

User-callback calls 113635, time in user-callback 0.21 sec
