
Gurobi 11.0.2 (win64) logging started Mon Jan 20 19:03:44 2025

Set parameter LogFile to value "log_MTTP4_targetS1_E3_Gurobi.log"
Set parameter Method to value 0

Gurobi 11.0.2 (win64) logging started Mon Jan 20 19:04:21 2025

Set parameter LogFile to value "log_MTTP4_targetS1_E3_Gurobi.log"
Gurobi Optimizer version 11.0.2 build v11.0.2rc0 (win64 - Windows 11.0 (22621.2))

CPU model: 12th Gen Intel(R) Core(TM) i7-12700, instruction set [SSE2|AVX|AVX2]
Thread count: 12 physical cores, 20 logical processors, using up to 20 threads

Optimize a model with 10386798 rows, 10591 columns and 20781237 nonzeros
Model fingerprint: 0x212b3313
Variable types: 0 continuous, 10591 integer (10591 binary)
Coefficient statistics:
  Matrix range     [1e+00, 3e+00]
  Objective range  [1e+00, 1e+00]
  Bounds range     [0e+00, 0e+00]
  RHS range        [1e+00, 2e+00]
Found heuristic solution: objective -0.0000000
Presolve removed 10337608 rows and 374 columns
Presolve time: 2.25s
Presolved: 49190 rows, 10217 columns, 105947 nonzeros
Variable types: 0 continuous, 10217 integer (10217 binary)
Found heuristic solution: objective 58.0000000

Root relaxation: objective 4.500556e+02, 5730 iterations, 0.03 seconds (0.02 work units)

    Nodes    |    Current Node    |     Objective Bounds      |     Work
 Expl Unexpl |  Obj  Depth IntInf | Incumbent    BestBd   Gap | It/Node Time

     0     0  450.05556    0  377   58.00000  450.05556   676%     -    4s
H    0     0                     341.0000000  450.05556  32.0%     -    4s
H    0     0                     347.0000000  450.05556  29.7%     -    4s
H    0     0                     352.0000000  450.05556  27.9%     -    4s
H    0     0                     361.0000000  450.05556  24.7%     -    4s
     0     0  448.66667    0  663  361.00000  448.66667  24.3%     -    4s
H    0     0                     380.0000000  448.66667  18.1%     -    4s
     0     0  448.66667    0  665  380.00000  448.66667  18.1%     -    4s
     0     0  448.66667    0 1468  380.00000  448.66667  18.1%     -    4s
H    0     0                     383.0000000  448.66667  17.1%     -    4s
H    0     0                     385.0000000  448.66667  16.5%     -    4s
     0     0  448.66667    0 1143  385.00000  448.66667  16.5%     -    5s
H    0     0                     386.0000000  448.66667  16.2%     -    6s
H    0     0                     390.0000000  448.66667  15.0%     -    6s
H    0     0                     391.0000000  448.66667  14.7%     -    6s
H    0     0                     394.0000000  448.66667  13.9%     -    6s
H    0     0                     395.0000000  448.66667  13.6%     -    6s
H    0     0                     396.0000000  448.66667  13.3%     -    6s
H    0     0                     398.0000000  448.66667  12.7%     -    6s
H    0     0                     399.0000000  448.66667  12.4%     -    6s
H    0     0                     400.0000000  448.66667  12.2%     -    6s
H    0     0                     401.0000000  448.66667  11.9%     -    6s
H    0     0                     403.0000000  448.66667  11.3%     -    6s
H    0     0                     405.0000000  448.66667  10.8%     -    6s
     0     0  448.66667    0  281  405.00000  448.66667  10.8%     -    6s
H    0     0                     407.0000000  448.66667  10.2%     -    6s
     0     0  448.66667    0  815  407.00000  448.66667  10.2%     -    6s
     0     0  448.66667    0  269  407.00000  448.66667  10.2%     -    7s
     0     0  448.66667    0  249  407.00000  448.66667  10.2%     -    8s
H    0     0                     410.0000000  448.66667  9.43%     -    8s
H    0     0                     411.0000000  448.66667  9.16%     -    8s
     0     2  448.66667    0  246  411.00000  448.66667  9.16%     -    8s
    15    28  448.33333    4 1898  411.00000  448.66667  9.16%  1681   10s
H   31    40                     413.0000000  448.66667  8.64%  2533   13s
    63    76  448.33333    8 1770  413.00000  448.66667  8.64%  1944   15s
H   75    88                     417.0000000  448.66667  7.59%  1728   16s
H  124   137                     418.0000000  448.66667  7.34%  1210   21s
H  125   137                     419.0000000  448.66667  7.08%  1206   21s
H  132   137                     422.0000000  448.66667  6.32%  1303   21s
H  169   212                     423.0000000  448.66667  6.07%  1206   24s
H  173   212                     424.0000000  448.66667  5.82%  1189   24s
H  183   212                     425.0000000  448.66667  5.57%  1143   24s
   211   326  448.33333   17 1652  425.00000  448.66667  5.57%  1047   25s
H  325   370                     426.0000000  448.66667  5.32%   797   29s
H  339   370                     427.0000001  448.66667  5.07%   778   29s
   369   773  448.33333   22 1769  427.00000  448.66667  5.07%   729   33s
   772  1278  448.33333   29 1820  427.00000  448.66667  5.07%   478   36s
  1277  2053  448.33333   41 1754  427.00000  448.66667  5.07%   397   40s
  2052  3247  448.33333   62 1479  427.00000  448.66667  5.07%   331   46s
  3248  4411  448.33333   97 1385  427.00000  448.66667  5.07%   279   50s
  5603  6882  448.09576  191 1157  427.00000  448.66667  5.07%   229   58s
H 6889  6894                     428.0000000  448.66667  4.83%   213   68s
H 6890  6894                     429.0000000  448.66667  4.58%   213   68s
  6901  7870  447.48648  226 1334  429.00000  448.66667  4.58%   213   72s
  7879  9105  446.85455  258 1420  429.00000  448.66667  4.58%   204   77s
H 8393  9105                     430.0000000  448.66667  4.34%   199   77s
  9119  9106  448.26316  140 3176  430.00000  448.66667  4.34%   195   83s
  9123  9109  448.30952  110 1279  430.00000  448.66667  4.34%   195   85s
H 9125  8654                     431.0000000  448.66667  4.10%   195   89s
  9128  8656  446.77442  276  255  431.00000  448.66667  4.10%   195   90s
  9139  8663  448.10185  145  723  431.00000  448.66667  4.10%   195   95s
  9193  8710  448.66667   17  167  431.00000  448.66667  4.10%   207  100s
H 9226  8289                     432.0000000  448.66667  3.86%   207  104s
H 9265  7910                     433.0000000  448.66667  3.62%   208  110s
  9656  8698  448.66667   34  934  433.00000  448.66667  3.62%   218  117s
 10205  9328  448.66667   51  147  433.00000  448.66667  3.62%   223  121s
 11022  9827  448.46296   76  834  433.00000  448.66667  3.62%   229  125s
 12668 11145  448.33333  132  454  433.00000  448.66667  3.62%   234  133s
 13671 11152  448.33333  189  267  433.00000  448.66667  3.62%   235  140s
H13717 10745                     434.0000000  448.66667  3.38%   235  140s
 14012 11930  448.33333  189  311  434.00000  448.66667  3.38%   233  145s
 15303 12898  447.64583  214  602  434.00000  448.66667  3.38%   225  150s
 18205 15578  446.88889  311  715  434.00000  448.66667  3.38%   208  161s
 21587 16620  445.83333  427  293  434.00000  448.66667  3.38%   193  167s
 22668 17208  445.05556  482  341  434.00000  448.66667  3.38%   189  170s
 24877 17920  443.97222  598  226  434.00000  448.66667  3.38%   185  182s
H25084 17424                     435.0000000  448.66667  3.14%   184  182s
 25087 18615  443.55556  644  261  435.00000  448.66667  3.14%   184  186s
 26317 18217  443.15278  644  295  435.00000  448.66667  3.14%   181  205s
 27558 20362  441.77778  700  139  435.00000  448.66667  3.14%   180  214s
 28961 21218  440.66667  757  110  435.00000  448.66667  3.14%   178  219s
 30435 22244  436.85000  828  341  435.00000  448.66667  3.14%   176  224s
 31994 24232  448.66667   72  273  435.00000  448.66667  3.14%   175  230s
 34123 25059  443.56389  343  501  435.00000  448.66667  3.14%   171  235s
 34968 27598  441.02778  450  390  435.00000  448.66667  3.14%   170  242s
 37610 27599  443.27778  433 3176  435.00000  448.66667  3.14%   165  306s
 37615 27602  447.51157  209 2183  435.00000  448.66667  3.14%   165  310s
 37617 27604  447.83333  151  188  435.00000  448.66667  3.14%   165  321s
 37619 27605  447.16667  239  447  435.00000  448.66667  3.14%   165  330s
 37621 27606  441.38889  565  446  435.00000  448.66667  3.14%   165  339s
 37622 27607  448.66667   60 1202  435.00000  448.66667  3.14%   165  342s
 37623 27608  447.38889  261  275  435.00000  448.66667  3.14%   165  350s
 37625 27609  446.66000  323  232  435.00000  448.66667  3.14%   165  360s
 37627 27610  448.66667   33  237  435.00000  448.66667  3.14%   165  372s
 37628 27611  446.62500  159  375  435.00000  448.66667  3.14%   165  375s
 37629 27612  446.65432  359  313  435.00000  448.66667  3.14%   165  383s
 37630 27612  446.84444  246  262  435.00000  448.66667  3.14%   165  386s
 37631 27613  446.58333  298  262  435.00000  448.66667  3.14%   165  392s
 37634 27620  448.66667   24  141  435.00000  448.66667  3.14%   170  395s
 37646 27636  448.66667   26  202  435.00000  448.66667  3.14%   170  402s
 37658 27644  448.66667   27  202  435.00000  448.66667  3.14%   171  405s
 37694 27673  448.66667   28  193  435.00000  448.66667  3.14%   172  410s
 37723 27694  448.66667   29  242  435.00000  448.66667  3.14%   173  416s
 37782 27792  448.66667   31  247  435.00000  448.66667  3.14%   175  422s
 37859 27877  448.66667   32  247  435.00000  448.66667  3.14%   179  439s
 37974 28330  448.66667   35 1143  435.00000  448.66667  3.14%   182  455s
 38468 28678  448.66667   47 1288  435.00000  448.66667  3.14%   195  480s
 38984 29799  448.66667   61  761  435.00000  448.66667  3.14%   209  510s
 40284 30022  448.66667  103  154  435.00000  448.66667  3.14%   232  537s
 40949 30881  448.66667  116  500  435.00000  448.66667  3.14%   242  561s
 42040 31130  448.16667  163 1023  435.00000  448.66667  3.14%   255  583s
 42655 32442  448.66123  177 1126  435.00000  448.66667  3.14%   258  607s
 44174 33508  448.61842  210 1154  435.00000  448.66667  3.14%   264  632s
H45752 31909                     436.0000000  448.66667  2.91%   268  667s
 46063 31937  448.28986  246  758  436.00000  448.66667  2.91%   268  692s
 46197 34090  448.52792  260 1283  436.00000  448.66667  2.91%   269  717s
 48452 35944  447.75000  345  565  436.00000  448.66667  2.91%   270  740s
 51127 37303  444.93651  487  338  436.00000  448.66667  2.91%   272  761s
 53488 38387  442.03704  608  200  436.00000  448.66667  2.91%   275  781s
 55505 40443  440.41667  715  227  436.00000  448.66667  2.91%   279  808s
 58317 41114  448.66667  106  486  436.00000  448.66667  2.91%   284  823s
 60005 40561  448.00000  199 1099  436.00000  448.66667  2.91%   285  866s
 60019 41558  448.00000  200 1070  436.00000  448.66667  2.91%   285  881s
 61050 43277  443.80533  365  890  436.00000  448.66667  2.91%   289  898s
 63192 43961  448.33333   72 1137  436.00000  448.66667  2.91%   288  914s
 64699 45541  446.04398  113 1293  436.00000  448.66667  2.91%   291  931s
 66896 47006  443.22546  164 1697  436.00000  448.66667  2.91%   291  948s
 69185 46983  440.06667  216 1218  436.00000  448.66667  2.91%   291  965s
 69997 49170  448.66667   74  632  436.00000  448.66667  2.91%   293  984s
 72647 49602  443.66667  458  518  436.00000  448.66667  2.91%   292 1002s
 74030 51098  448.66667  158  870  436.00000  448.66667  2.91%   293 1032s
 76105 50780  448.62511  207 1470  436.00000  448.66667  2.91%   296 1069s
H76479 47834                     437.0000000  448.66667  2.67%   296 1069s
 76490 51188  448.62511  208 1505  437.00000  448.66667  2.67%   296 1104s
 79976 52172  440.66610  629  671  437.00000  448.66667  2.67%   299 1129s
 82241 54062  445.00000  385  507  437.00000  448.66667  2.67%   301 1154s
 85016 54576  448.66667   70  924  437.00000  448.66667  2.67%   301 1175s
 86599 56266  442.04762  298 1043  437.00000  448.66667  2.67%   305 1198s
 88855 56681  448.66667   50 1424  437.00000  448.66667  2.67%   305 1219s
H89433 52934                     438.0000000  448.66667  2.44%   304 1219s
 90048 54788  448.66667   51 1776  438.00000  448.66667  2.44%   303 1243s
 92279 57074  448.33333  115  848  438.00000  448.66667  2.44%   306 1272s
H95418 51796                     439.0000000  448.66667  2.20%   306 1307s
 95515 52534  444.80556  299 1203  439.00000  448.66667  2.20%   307 1325s
 96367 54500  440.37644  360 1293  439.00000  448.66667  2.20%   308 1348s
 98779 55699  445.16667  293  969  439.00000  448.66667  2.20%   308 1369s
 100939 55310  448.66667   83  662  439.00000  448.66667  2.20%   309 1400s
 101320 56533  448.66667   83  227  439.00000  448.66667  2.20%   309 1421s
 102770 57589  448.66667  123  340  439.00000  448.66667  2.20%   313 1443s
 104437 58518  448.29885  168  971  439.00000  448.66667  2.20%   315 1466s
 106031 59968  448.00000  188 1031  439.00000  448.66667  2.20%   318 1488s
 107746 61484  447.97333  209 1279  439.00000  448.66667  2.20%   321 1510s
 109312 63476  446.61712  294  979  439.00000  448.66667  2.20%   323 1532s
 111370 66271  445.63194  372  541  439.00000  448.66667  2.20%   325 1562s
 114312 67563  444.82977  480  813  439.00000  448.66667  2.20%   325 1581s
 115742 67794  443.94746  528  745  439.00000  448.66667  2.20%   326 1622s
 115999 69602  443.94329  529  830  439.00000  448.66667  2.20%   326 1648s
 117873 71728  442.87356  597  518  439.00000  448.66667  2.20%   326 1671s
 120077 73726  441.87664  652  422  439.00000  448.66667  2.20%   328 1694s
 122238 74029  440.84733  736  526  439.00000  448.66667  2.20%   328 1728s
 122541 75243  440.80320  737  500  439.00000  448.66667  2.20%   328 1754s
 123877 75889  448.66667   58 1095  439.00000  448.66667  2.20%   330 1779s
 124633 76897  448.66667   78  374  439.00000  448.66667  2.20%   334 1804s
 125710 78057  448.33333  104 1476  439.00000  448.66667  2.20%   338 1828s
 126870 80192  448.33333  136  728  439.00000  448.66667  2.20%   341 1857s
 129063 82024  448.00000  202  684  439.00000  448.66667  2.20%   343 1885s
 131016 83271  446.30769  266  835  439.00000  448.66667  2.20%   345 1911s
 132273 83283  443.80769  346  947  439.00000  448.66667  2.20%   348 1958s
 132285 83913  443.70917  346 1201  439.00000  448.66667  2.20%   348 2002s
H132498 77585                     440.0000000  448.66667  1.97%   349 2002s
 132956 79356  443.42720  390 1010  440.00000  448.66667  1.97%   351 2036s
 134745 81288  441.94030  438 1289  440.00000  448.66667  1.97%   354 2075s
 136917 83542  445.72222  217 1255  440.00000  448.66667  1.97%   358 2113s
 139406 85618  446.83333  159 1166  440.00000  448.66667  1.97%   360 2149s
 141649 87755  442.50926  239 1349  440.00000  448.66667  1.97%   362 2183s
 144016 89190  447.13889  208 1223  440.00000  448.66667  1.97%   364 2216s
 145726 91064  448.00000  158  996  440.00000  448.66667  1.97%   365 2247s
H147601 82737                     441.0000000  448.66667  1.74%   368 2314s
 147901 93604  448.66667   45 1594  441.00000  448.66667  1.74%   368 2488s
 159484 93860  442.13497  670  862  441.00000  448.66667  1.74%   377 2526s
 159836 95465  442.10189  671  772  441.00000  448.66667  1.74%   378 2561s
 161519 97245  447.55556  176  893  441.00000  448.66667  1.74%   380 2594s
 162180 97245  447.34722  215  903  441.00000  448.66667  1.74%   380 2595s
 163357 99234  445.30556  351  731  441.00000  448.66667  1.74%   381 2630s
 165456 99375  443.22778  532  890  441.00000  448.66667  1.74%   383 2673s
 165624 110481  448.66319  138 1953  441.00000  448.66667  1.74%   383 2845s
 177636 111384  448.66667  114 1204  441.00000  448.66667  1.74%   392 2880s
 178576 112949  448.33333  138  832  441.00000  448.66667  1.74%   394 2911s
 180215 114666  447.86183  176 1566  441.00000  448.66667  1.74%   396 2946s
 181970 114678  446.40509  252  740  441.00000  448.66667  1.74%   397 3039s
 181982 116675  446.40509  253  741  441.00000  448.66667  1.74%   397 3073s
 184094 118013  442.83252  444 1149  441.00000  448.66667  1.74%   399 3111s
 185566 120694  448.66667   62  188  441.00000  448.66667  1.74%   399 3159s
 188488 121422  448.66667  102  192  441.00000  448.66667  1.74%   401 3202s
 189365 122656  448.66667  124  658  441.00000  448.66667  1.74%   402 3244s
 190712 125548  448.66667  145  339  441.00000  448.66667  1.74%   404 3291s
 193897 127636  448.26901  202 1217  441.00000  448.66667  1.74%   405 3328s
 196005 130559  447.98649  204 1249  441.00000  448.66667  1.74%   407 3366s
 199069 132599  447.84518  235 1617  441.00000  448.66667  1.74%   407 3405s
 201368 134136  447.11168  270 1683  441.00000  448.66667  1.74%   408 3443s
 203078 135756  446.84280  274 1288  441.00000  448.66667  1.74%   408 3478s
 204770 137895  446.07133  338  961  441.00000  448.66667  1.74%   409 3519s
 207007 138896  444.83433  372  836  441.00000  448.66667  1.74%   411 3571s
 208140 140743  443.86111  450  360  441.00000  448.66667  1.74%   411 3600s

Cutting planes:
  Gomory: 177
  Lift-and-project: 1
  Cover: 1654
  Clique: 34
  MIR: 593
  StrongCG: 6
  Flow cover: 1517
  GUB cover: 1
  Zero half: 494
  RLT: 304

Explored 210016 nodes (86627321 simplex iterations) in 3602.13 seconds (4326.19 work units)
Thread count was 20 (of 20 available processors)

Solution count 10: 441 440 439 ... 432

Time limit reached
Best objective 4.410000000000e+02, best bound 4.480000000000e+02, gap 1.5873%

User-callback calls 637795, time in user-callback 0.54 sec

Gurobi 11.0.2 (win64) logging started Tue Jan 21 07:35:31 2025

Set parameter LogFile to value "log_MTTP4_targetS1_E3_Gurobi.log"
Set parameter Method to value 0

Gurobi 11.0.2 (win64) logging started Tue Jan 21 07:36:02 2025

Set parameter LogFile to value "log_MTTP4_targetS1_E3_Gurobi.log"
Gurobi Optimizer version 11.0.2 build v11.0.2rc0 (win64 - Windows 11.0 (22621.2))

CPU model: 12th Gen Intel(R) Core(TM) i7-12700, instruction set [SSE2|AVX|AVX2]
Thread count: 12 physical cores, 20 logical processors, using up to 20 threads

Optimize a model with 10386798 rows, 10591 columns and 20781237 nonzeros
Model fingerprint: 0x212b3313
Variable types: 0 continuous, 10591 integer (10591 binary)
Coefficient statistics:
  Matrix range     [1e+00, 3e+00]
  Objective range  [1e+00, 1e+00]
  Bounds range     [0e+00, 0e+00]
  RHS range        [1e+00, 2e+00]
Found heuristic solution: objective -0.0000000
Presolve removed 10337608 rows and 374 columns
Presolve time: 2.31s
Presolved: 49190 rows, 10217 columns, 105947 nonzeros
Variable types: 0 continuous, 10217 integer (10217 binary)
Found heuristic solution: objective 58.0000000

Root relaxation: objective 4.500556e+02, 5730 iterations, 0.04 seconds (0.02 work units)

    Nodes    |    Current Node    |     Objective Bounds      |     Work
 Expl Unexpl |  Obj  Depth IntInf | Incumbent    BestBd   Gap | It/Node Time

     0     0  450.05556    0  377   58.00000  450.05556   676%     -    4s
H    0     0                     341.0000000  450.05556  32.0%     -    4s
H    0     0                     347.0000000  450.05556  29.7%     -    4s
H    0     0                     352.0000000  450.05556  27.9%     -    4s
H    0     0                     361.0000000  450.05556  24.7%     -    4s
     0     0  448.66667    0  663  361.00000  448.66667  24.3%     -    4s
H    0     0                     380.0000000  448.66667  18.1%     -    4s
     0     0  448.66667    0  665  380.00000  448.66667  18.1%     -    4s
     0     0  448.66667    0 1468  380.00000  448.66667  18.1%     -    5s
H    0     0                     383.0000000  448.66667  17.1%     -    5s
H    0     0                     385.0000000  448.66667  16.5%     -    5s
     0     0  448.66667    0 1143  385.00000  448.66667  16.5%     -    5s
H    0     0                     386.0000000  448.66667  16.2%     -    7s
H    0     0                     390.0000000  448.66667  15.0%     -    7s
H    0     0                     391.0000000  448.66667  14.7%     -    7s
H    0     0                     394.0000000  448.66667  13.9%     -    7s
H    0     0                     395.0000000  448.66667  13.6%     -    7s
H    0     0                     396.0000000  448.66667  13.3%     -    7s
H    0     0                     398.0000000  448.66667  12.7%     -    7s
H    0     0                     399.0000000  448.66667  12.4%     -    7s
H    0     0                     400.0000000  448.66667  12.2%     -    7s
H    0     0                     401.0000000  448.66667  11.9%     -    7s
H    0     0                     403.0000000  448.66667  11.3%     -    7s
H    0     0                     405.0000000  448.66667  10.8%     -    7s
     0     0  448.66667    0  281  405.00000  448.66667  10.8%     -    7s
H    0     0                     407.0000000  448.66667  10.2%     -    7s
     0     0  448.66667    0  815  407.00000  448.66667  10.2%     -    7s
     0     0  448.66667    0  269  407.00000  448.66667  10.2%     -    8s
     0     0  448.66667    0  249  407.00000  448.66667  10.2%     -    8s
H    0     0                     410.0000000  448.66667  9.43%     -    8s
H    0     0                     411.0000000  448.66667  9.16%     -    8s
     0     2  448.66667    0  246  411.00000  448.66667  9.16%     -    9s
    15    28  448.33333    4 1898  411.00000  448.66667  9.16%  1681   11s
H   31    40                     413.0000000  448.66667  8.64%  2533   14s
    39    52  448.33333    6 1957  413.00000  448.66667  8.64%  2529   15s
H   75    88                     417.0000000  448.66667  7.59%  1728   17s
H  124   137                     418.0000000  448.66667  7.34%  1210   23s
H  125   137                     419.0000000  448.66667  7.08%  1206   23s
H  132   137                     422.0000000  448.66667  6.32%  1303   23s
   166   212  448.33333   16 1770  422.00000  448.66667  6.32%  1222   26s
H  169   212                     423.0000000  448.66667  6.07%  1206   26s
H  173   212                     424.0000000  448.66667  5.82%  1189   26s
H  183   212                     425.0000000  448.66667  5.57%  1143   26s
H  325   370                     426.0000000  448.66667  5.32%   797   31s
H  339   370                     427.0000001  448.66667  5.07%   778   31s
   369   773  448.33333   22 1769  427.00000  448.66667  5.07%   729   35s
  1277  2053  448.33333   41 1754  427.00000  448.66667  5.07%   397   43s
  2052  3247  448.33333   62 1479  427.00000  448.66667  5.07%   331   49s
  3248  4411  448.33333   97 1385  427.00000  448.66667  5.07%   279   53s
  4412  5598  448.30581  127 1317  427.00000  448.66667  5.07%   250   58s
  5603  6882  448.09576  191 1157  427.00000  448.66667  5.07%   229   62s
H 6889  6894                     428.0000000  448.66667  4.83%   213   72s
H 6890  6894                     429.0000000  448.66667  4.58%   213   72s
  6901  7870  447.48648  226 1334  429.00000  448.66667  4.58%   213   76s
  7879  9105  446.85455  258 1420  429.00000  448.66667  4.58%   204   82s
H 8393  9105                     430.0000000  448.66667  4.34%   199   82s
  9119  9106  448.26316  140 3176  430.00000  448.66667  4.34%   195   88s
  9124  9109  447.61111  161 2012  430.00000  448.66667  4.34%   195   90s
H 9125  8654                     431.0000000  448.66667  4.10%   195   94s
  9128  8656  446.77442  276  255  431.00000  448.66667  4.10%   195   95s
  9140  8664  448.18671  177  176  431.00000  448.66667  4.10%   195  101s
  9181  8702  448.66667   16  736  431.00000  448.66667  4.10%   207  105s
H 9226  8289                     432.0000000  448.66667  3.86%   207  109s
  9248  8316  448.66667   19  188  432.00000  448.66667  3.86%   207  110s
H 9265  7910                     433.0000000  448.66667  3.62%   208  116s
  9656  8698  448.66667   34  934  433.00000  448.66667  3.62%   218  122s
 10205  9328  448.66667   51  147  433.00000  448.66667  3.62%   223  127s
 11022  9827  448.46296   76  834  433.00000  448.66667  3.62%   229  131s
 11793 10441  448.66667  100  242  433.00000  448.66667  3.62%   235  135s
 12668 11145  448.33333  132  454  433.00000  448.66667  3.62%   234  140s
 13671 11152  448.33333  189  267  433.00000  448.66667  3.62%   235  147s
H13717 10745                     434.0000000  448.66667  3.38%   235  147s
 14012 11930  448.33333  189  311  434.00000  448.66667  3.38%   233  152s
 15303 12898  447.64583  214  602  434.00000  448.66667  3.38%   225  157s
 16709 13911  447.33333  271  287  434.00000  448.66667  3.38%   216  161s
 18205 15578  446.88889  311  715  434.00000  448.66667  3.38%   208  168s
 20396 16027  445.37037  382  577  434.00000  448.66667  3.38%   198  172s
 21587 16620  445.83333  427  293  434.00000  448.66667  3.38%   193  175s
 23619 18132  444.71759  538  318  434.00000  448.66667  3.38%   188  182s
 24877 17920  443.97222  598  226  434.00000  448.66667  3.38%   185  190s
H25084 17424                     435.0000000  448.66667  3.14%   184  190s
 26317 18217  443.15278  644  295  435.00000  448.66667  3.14%   181  213s
 26329 19387  443.22222  645  238  435.00000  448.66667  3.14%   181  218s
 27558 20362  441.77778  700  139  435.00000  448.66667  3.14%   180  223s
 28961 21218  440.66667  757  110  435.00000  448.66667  3.14%   178  228s
 30435 22244  436.85000  828  341  435.00000  448.66667  3.14%   176  233s
 31994 24232  448.66667   72  273  435.00000  448.66667  3.14%   175  239s
 33215 24232  436.16667  758  129  435.00000  448.66667  3.14%   172  240s
 34123 25059  443.56389  343  501  435.00000  448.66667  3.14%   171  245s
 34968 27598  441.02778  450  390  435.00000  448.66667  3.14%   170  252s
 37610 27599  443.27778  433 3176  435.00000  448.66667  3.14%   165  322s
 37615 27602  447.51157  209 2183  435.00000  448.66667  3.14%   165  326s
 37616 27603  447.50000  278 2323  435.00000  448.66667  3.14%   165  330s
 37617 27604  447.83333  151  188  435.00000  448.66667  3.14%   165  338s
 37618 27604  444.66667  444 1110  435.00000  448.66667  3.14%   165  340s
 37619 27605  447.16667  239  447  435.00000  448.66667  3.14%   165  347s
 37620 27606  439.33333  795 1241  435.00000  448.66667  3.14%   165  350s
 37621 27606  441.38889  565  446  435.00000  448.66667  3.14%   165  356s
 37623 27608  447.38889  261  275  435.00000  448.66667  3.14%   165  367s
 37625 27609  446.66000  323  232  435.00000  448.66667  3.14%   165  377s
 37626 27610  447.83333  233  399  435.00000  448.66667  3.14%   165  380s
 37627 27610  448.66667   33  237  435.00000  448.66667  3.14%   165  390s
 37629 27612  446.65432  359  313  435.00000  448.66667  3.14%   165  401s
 37631 27613  446.58333  298  262  435.00000  448.66667  3.14%   165  410s
 37638 27627  448.66667   25  141  435.00000  448.66667  3.14%   170  416s
 37646 27636  448.66667   26  202  435.00000  448.66667  3.14%   170  420s
 37670 27652  448.66667   27  334  435.00000  448.66667  3.14%   172  425s
 37711 27679  448.66667   29  266  435.00000  448.66667  3.14%   173  433s
 37742 27728  448.66667   30 1174  435.00000  448.66667  3.14%   173  436s
 37782 27792  448.66667   31  247  435.00000  448.66667  3.14%   175  440s
 37859 27877  448.66667   32  247  435.00000  448.66667  3.14%   179  457s
 37974 28330  448.66667   35 1143  435.00000  448.66667  3.14%   182  473s
 38468 28678  448.66667   47 1288  435.00000  448.66667  3.14%   195  498s
 38984 29799  448.66667   61  761  435.00000  448.66667  3.14%   209  527s
 40284 30022  448.66667  103  154  435.00000  448.66667  3.14%   232  554s
 40949 30881  448.66667  116  500  435.00000  448.66667  3.14%   242  579s
 42040 31130  448.16667  163 1023  435.00000  448.66667  3.14%   255  600s
 42655 32442  448.66123  177 1126  435.00000  448.66667  3.14%   258  625s
 44174 33508  448.61842  210 1154  435.00000  448.66667  3.14%   264  650s
H45752 31909                     436.0000000  448.66667  2.91%   268  683s
 46063 31937  448.28986  246  758  436.00000  448.66667  2.91%   268  707s
 46197 34090  448.52792  260 1283  436.00000  448.66667  2.91%   269  731s
 48452 35944  447.75000  345  565  436.00000  448.66667  2.91%   270  753s
 51127 37303  444.93651  487  338  436.00000  448.66667  2.91%   272  774s
 53488 38387  442.03704  608  200  436.00000  448.66667  2.91%   275  794s
 55505 40443  440.41667  715  227  436.00000  448.66667  2.91%   279  822s
 58317 41114  448.66667  106  486  436.00000  448.66667  2.91%   284  837s
 60005 40561  448.00000  199 1099  436.00000  448.66667  2.91%   285  879s
 60019 41558  448.00000  200 1070  436.00000  448.66667  2.91%   285  894s
 61050 43277  443.80533  365  890  436.00000  448.66667  2.91%   289  910s
 63192 43961  448.33333   72 1137  436.00000  448.66667  2.91%   288  926s
 64699 45541  446.04398  113 1293  436.00000  448.66667  2.91%   291  943s
 66896 47006  443.22546  164 1697  436.00000  448.66667  2.91%   291  961s
 69185 46983  440.06667  216 1218  436.00000  448.66667  2.91%   291  978s
 69997 49170  448.66667   74  632  436.00000  448.66667  2.91%   293  997s
 72647 49602  443.66667  458  518  436.00000  448.66667  2.91%   292 1017s
 74030 51098  448.66667  158  870  436.00000  448.66667  2.91%   293 1047s
 76105 50780  448.62511  207 1470  436.00000  448.66667  2.91%   296 1084s
H76479 47834                     437.0000000  448.66667  2.67%   296 1084s
 76490 51188  448.62511  208 1505  437.00000  448.66667  2.67%   296 1120s
 79976 52172  440.66610  629  671  437.00000  448.66667  2.67%   299 1145s
 82241 54062  445.00000  385  507  437.00000  448.66667  2.67%   301 1170s
 85016 54576  448.66667   70  924  437.00000  448.66667  2.67%   301 1191s
 86599 56266  442.04762  298 1043  437.00000  448.66667  2.67%   305 1215s
 88855 56681  448.66667   50 1424  437.00000  448.66667  2.67%   305 1236s
H89433 52934                     438.0000000  448.66667  2.44%   304 1236s
 90048 54788  448.66667   51 1776  438.00000  448.66667  2.44%   303 1260s
 92279 57074  448.33333  115  848  438.00000  448.66667  2.44%   306 1290s
H95418 51796                     439.0000000  448.66667  2.20%   306 1326s
 95515 52534  444.80556  299 1203  439.00000  448.66667  2.20%   307 1345s
 96367 54500  440.37644  360 1293  439.00000  448.66667  2.20%   308 1367s
 98779 55699  445.16667  293  969  439.00000  448.66667  2.20%   308 1388s
 100939 55310  448.66667   83  662  439.00000  448.66667  2.20%   309 1419s
 101320 56533  448.66667   83  227  439.00000  448.66667  2.20%   309 1441s
 102770 57589  448.66667  123  340  439.00000  448.66667  2.20%   313 1463s
 104437 58518  448.29885  168  971  439.00000  448.66667  2.20%   315 1486s
 106031 59968  448.00000  188 1031  439.00000  448.66667  2.20%   318 1509s
 107746 61484  447.97333  209 1279  439.00000  448.66667  2.20%   321 1531s
 109312 63476  446.61712  294  979  439.00000  448.66667  2.20%   323 1553s
 111370 66271  445.63194  372  541  439.00000  448.66667  2.20%   325 1583s
 114312 67563  444.82977  480  813  439.00000  448.66667  2.20%   325 1603s
 115742 67794  443.94746  528  745  439.00000  448.66667  2.20%   326 1645s
 115999 69602  443.94329  529  830  439.00000  448.66667  2.20%   326 1672s
 117873 71728  442.87356  597  518  439.00000  448.66667  2.20%   326 1695s
 120077 73726  441.87664  652  422  439.00000  448.66667  2.20%   328 1718s
 122238 74029  440.84733  736  526  439.00000  448.66667  2.20%   328 1753s
 122541 75243  440.80320  737  500  439.00000  448.66667  2.20%   328 1779s
 123877 75889  448.66667   58 1095  439.00000  448.66667  2.20%   330 1804s
 124633 76897  448.66667   78  374  439.00000  448.66667  2.20%   334 1829s
 125710 78057  448.33333  104 1476  439.00000  448.66667  2.20%   338 1854s
 126870 80192  448.33333  136  728  439.00000  448.66667  2.20%   341 1882s
 129063 82024  448.00000  202  684  439.00000  448.66667  2.20%   343 1911s
 131016 83271  446.30769  266  835  439.00000  448.66667  2.20%   345 1937s
 132273 83283  443.80769  346  947  439.00000  448.66667  2.20%   348 1986s
 132285 83913  443.70917  346 1201  439.00000  448.66667  2.20%   348 2031s
H132498 77585                     440.0000000  448.66667  1.97%   349 2031s
 132956 79356  443.42720  390 1010  440.00000  448.66667  1.97%   351 2064s
 134745 81288  441.94030  438 1289  440.00000  448.66667  1.97%   354 2102s
 136917 83542  445.72222  217 1255  440.00000  448.66667  1.97%   358 2139s
 139406 85618  446.83333  159 1166  440.00000  448.66667  1.97%   360 2176s
 141649 87755  442.50926  239 1349  440.00000  448.66667  1.97%   362 2212s
 144016 89190  447.13889  208 1223  440.00000  448.66667  1.97%   364 2246s
 145726 91064  448.00000  158  996  440.00000  448.66667  1.97%   365 2279s
H147601 82737                     441.0000000  448.66667  1.74%   368 2352s
 147901 93604  448.66667   45 1594  441.00000  448.66667  1.74%   368 2527s
 159484 93860  442.13497  670  862  441.00000  448.66667  1.74%   377 2567s
 159836 95465  442.10189  671  772  441.00000  448.66667  1.74%   378 2603s
 161519 97245  447.55556  176  893  441.00000  448.66667  1.74%   380 2638s
 163357 99234  445.30556  351  731  441.00000  448.66667  1.74%   381 2674s
 165456 99375  443.22778  532  890  441.00000  448.66667  1.74%   383 2719s
 165624 110481  448.66319  138 1953  441.00000  448.66667  1.74%   383 2891s
 177636 111384  448.66667  114 1204  441.00000  448.66667  1.74%   392 2927s
 178576 112949  448.33333  138  832  441.00000  448.66667  1.74%   394 2960s
 180215 114666  447.86183  176 1566  441.00000  448.66667  1.74%   396 2995s
 181970 114678  446.40509  252  740  441.00000  448.66667  1.74%   397 3025s

Cutting planes:
  Gomory: 177
  Lift-and-project: 1
  Cover: 1593
  Clique: 34
  MIR: 571
  StrongCG: 6
  Flow cover: 1477
  GUB cover: 1
  Zero half: 490
  RLT: 300

Explored 181982 nodes (72338901 simplex iterations) in 3027.50 seconds (3612.60 work units)
Thread count was 20 (of 20 available processors)

Solution count 10: 441 440 439 ... 432

Work limit reached
Best objective 4.410000000000e+02, best bound 4.480000000000e+02, gap 1.5873%

User-callback calls 560712, time in user-callback 0.49 sec
