
Gurobi 11.0.2 (win64) logging started Wed Jan 22 04:32:16 2025

Set parameter LogFile to value "C:\Users\yshimane3\Documents\codes\dev-julia\TelescopeTasking.jl\scripts\solutions_JASS\logs\log_MTTP4_targetS2_E2_Gurobi.log"
Set parameter Method to value 0

Gurobi 11.0.2 (win64) logging started Wed Jan 22 04:32:57 2025

Set parameter LogFile to value "C:\Users\yshimane3\Documents\codes\dev-julia\TelescopeTasking.jl\scripts\solutions_JASS\logs\log_MTTP4_targetS2_E2_Gurobi.log"
Gurobi Optimizer version 11.0.2 build v11.0.2rc0 (win64 - Windows 11.0 (22621.2))

CPU model: 12th Gen Intel(R) Core(TM) i7-12700, instruction set [SSE2|AVX|AVX2]
Thread count: 12 physical cores, 20 logical processors, using up to 20 threads

Optimize a model with 12551133 rows, 12713 columns and 25109595 nonzeros
Model fingerprint: 0x8979f374
Variable types: 0 continuous, 12713 integer (12713 binary)
Coefficient statistics:
  Matrix range     [1e+00, 2e+00]
  Objective range  [1e+00, 1e+00]
  Bounds range     [0e+00, 0e+00]
  RHS range        [1e+00, 2e+00]
Found heuristic solution: objective -0.0000000
Presolve removed 12483655 rows and 200 columns
Presolve time: 2.94s
Presolved: 67478 rows, 12513 columns, 142285 nonzeros
Variable types: 0 continuous, 12513 integer (12513 binary)
Found heuristic solution: objective 124.0000000

Root relaxation: objective 6.841500e+02, 10556 iterations, 0.11 seconds (0.10 work units)
Total elapsed time = 5.10s (DegenMoves)

    Nodes    |    Current Node    |     Objective Bounds      |     Work
 Expl Unexpl |  Obj  Depth IntInf | Incumbent    BestBd   Gap | It/Node Time

     0     0  684.15000    0  991  124.00000  684.15000   452%     -    5s
H    0     0                     398.0000000  684.15000  71.9%     -    5s
H    0     0                     451.0000000  684.15000  51.7%     -    5s
H    0     0                     465.0000000  684.15000  47.1%     -    5s
H    0     0                     468.0000000  684.15000  46.2%     -    6s
H    0     0                     480.0000000  684.15000  42.5%     -    6s
H    0     0                     491.0000000  677.95414  38.1%     -   10s
H    0     0                     496.0000000  677.95414  36.7%     -   10s
H    0     0                     503.0000000  677.95414  34.8%     -   10s
H    0     0                     511.0000000  677.95414  32.7%     -   10s
H    0     0                     523.0000000  677.95414  29.6%     -   10s
H    0     0                     531.0000000  677.95414  27.7%     -   10s
H    0     0                     536.0000000  677.95414  26.5%     -   10s
H    0     0                     538.0000000  677.95414  26.0%     -   10s
H    0     0                     544.0000000  677.95414  24.6%     -   10s
H    0     0                     546.0000000  677.95414  24.2%     -   10s
H    0     0                     548.0000000  677.95414  23.7%     -   10s
H    0     0                     552.0000000  677.95414  22.8%     -   10s
H    0     0                     558.0000000  677.95414  21.5%     -   10s
H    0     0                     559.0000000  677.95414  21.3%     -   10s
H    0     0                     563.0000000  677.95414  20.4%     -   10s
H    0     0                     564.0000000  677.95414  20.2%     -   10s
H    0     0                     566.0000000  677.95414  19.8%     -   10s
H    0     0                     570.0000000  677.95414  18.9%     -   10s
     0     0  677.95414    0 4778  570.00000  677.95414  18.9%     -   10s
H    0     0                     572.0000000  677.95414  18.5%     -   11s
     0     0  677.95414    0 4761  572.00000  677.95414  18.5%     -   11s
H    0     0                     573.0000000  677.95414  18.3%     -   11s
H    0     0                     574.0000000  675.59977  17.7%     -   21s
H    0     0                     575.0000000  675.59977  17.5%     -   21s
H    0     0                     576.0000000  675.59977  17.3%     -   21s
H    0     0                     580.0000000  675.59977  16.5%     -   21s
H    0     0                     581.0000000  675.59977  16.3%     -   21s
H    0     0                     583.0000000  675.59977  15.9%     -   21s
H    0     0                     585.0000000  675.59977  15.5%     -   21s
H    0     0                     587.0000000  675.59977  15.1%     -   21s
H    0     0                     589.0000000  675.59977  14.7%     -   21s
H    0     0                     591.0000000  675.59977  14.3%     -   21s
H    0     0                     593.0000000  675.59977  13.9%     -   21s
H    0     0                     596.0000000  675.59977  13.4%     -   21s
H    0     0                     597.0000000  675.59977  13.2%     -   21s
H    0     0                     598.0000000  675.59977  13.0%     -   21s
     0     0  675.17835    0 5482  598.00000  675.17835  12.9%     -   21s
H    0     0                     599.0000000  674.36851  12.6%     -   30s
H    0     0                     600.0000000  674.36851  12.4%     -   30s
H    0     0                     601.0000000  674.36851  12.2%     -   30s
     0     0  674.36851    0 5927  601.00000  674.36851  12.2%     -   30s
     0     0  674.20573    0 6114  601.00000  674.20573  12.2%     -   33s
     0     0  674.17709    0 6109  601.00000  674.17709  12.2%     -   35s
     0     0  674.16968    0 6072  601.00000  674.16968  12.2%     -   36s
     0     0  674.16920    0 6170  601.00000  674.16920  12.2%     -   36s
H    0     0                     602.0000000  673.32942  11.8%     -   50s
H    0     0                     603.0000000  673.32942  11.7%     -   50s
     0     0  673.32942    0 6517  603.00000  673.32942  11.7%     -   50s
     0     0  673.15684    0 6334  603.00000  673.15684  11.6%     -   56s
H    0     0                     604.0000000  673.11408  11.4%     -   59s
     0     0  673.11408    0 6482  604.00000  673.11408  11.4%     -   59s
     0     0  673.10503    0 6643  604.00000  673.10503  11.4%     -   60s
     0     0  673.09970    0 6690  604.00000  673.09970  11.4%     -   61s
     0     0  673.09830    0 6682  604.00000  673.09830  11.4%     -   61s
H    0     0                     605.0000000  672.92388  11.2%     -   69s
     0     0  672.92388    0 6611  605.00000  672.92388  11.2%     -   69s
H    0     0                     606.0000000  672.85089  11.0%     -   73s
     0     0  672.85089    0 6773  606.00000  672.85089  11.0%     -   73s
     0     0  672.83963    0 6955  606.00000  672.83963  11.0%     -   75s
     0     0  672.83052    0 6989  606.00000  672.83052  11.0%     -   77s
     0     0  672.82913    0 7032  606.00000  672.82913  11.0%     -   77s
H    0     0                     607.0000000  672.82913  10.8%     -   78s
H    0     0                     608.0000000  672.77458  10.7%     -   84s
     0     0  672.77458    0 6996  608.00000  672.77458  10.7%     -   84s
     0     0  672.76251    0 7167  608.00000  672.76251  10.7%     -   86s
     0     0  672.75488    0 7176  608.00000  672.75488  10.7%     -   87s
     0     0  672.75209    0 7155  608.00000  672.75209  10.7%     -   88s
     0     0  672.73346    0 7039  608.00000  672.73346  10.6%     -   93s
     0     0  672.73345    0 6730  608.00000  672.73345  10.6%     -   94s
     0     2  672.73345    0 6695  608.00000  672.73345  10.6%     -  101s
     3     8  672.55056    2 6970  608.00000  672.69645  10.6%  3623  107s
     7    16  672.52727    3 7167  608.00000  672.56555  10.6%  4331  118s
    15    28  672.33656    4 7231  608.00000  672.52837  10.6%  7362  133s
    27    40  672.09953    5 7343  608.00000  672.48685  10.6% 10265  300s
    39    52  672.29581    5 7273  608.00000  672.48678  10.6% 10180  308s
    51    64  672.18160    6 7184  608.00000  672.40883  10.6%  8915  319s
    63    77  672.14802    6 7196  608.00000  672.40870  10.6%  8372  328s
H   71    77                     609.0000000  672.34841  10.4%  7896  328s
    76    90  672.07441    7 7246  609.00000  672.34841  10.4%  7942  339s
    89   105  671.97522    7 7232  609.00000  672.34841  10.4%  8143  350s
   104   123  672.07441    8 7249  609.00000  672.34841  10.4%  7611  361s
   122   137  672.04812    9 7221  609.00000  672.34841  10.4%  7111  370s
   136   156  671.74659    9 7225  609.00000  672.34841  10.4%  6800  380s
   155   178  671.97795   10 7230  609.00000  672.34841  10.4%  6508  388s
   177   198  671.94422   10 7135  609.00000  672.34841  10.4%  6106  400s
   197   218  671.93416   11 7184  609.00000  672.34841  10.4%  6123  413s
   217   243  671.80224   13 7158  609.00000  672.34841  10.4%  5984  422s
   242   262  671.73961   15 7067  609.00000  672.34841  10.4%  5659  434s
H  254   262                     610.0000000  672.34841  10.2%  5549  434s
   261   293  671.59731   16 7178  610.00000  672.34841  10.2%  5542  446s
   292   321  671.49736   17 7035  610.00000  672.34841  10.2%  5298  460s
H  311   321                     611.0000000  672.34841  10.0%  5145  460s
   320   356  671.68324   17 7043  611.00000  672.34841  10.0%  5104  471s
   355   385  671.58916   20 7094  611.00000  672.34841  10.0%  4885  486s
   384   425  671.50098   21 7066  611.00000  672.34841  10.0%  4758  497s
   424   467  671.39055   23 7108  611.00000  672.34841  10.0%  4548  509s
   466   510  671.35193   25 7062  611.00000  672.34841  10.0%  4336  524s
   509   549  670.81884   26 6919  611.00000  672.34841  10.0%  4227  537s
   548   593  671.33493   27 7071  611.00000  672.34841  10.0%  4070  549s
   592   658  671.30905   29 7076  611.00000  672.34841  10.0%  3969  565s
   657   707  671.10892   32 7084  611.00000  672.34841  10.0%  3776  579s
   706   748  671.16405   33 7172  611.00000  672.34841  10.0%  3691  597s
   747   821  671.13297   34 7146  611.00000  672.34841  10.0%  3644  613s
   820   884  671.00724   37 7104  611.00000  672.34841  10.0%  3493  627s
   883   954  670.89846   43 7037  611.00000  672.34841  10.0%  3394  641s
   953   966  670.85810   45 6909  611.00000  672.34841  10.0%  3289  718s
   965  1026  670.85778   46 6930  611.00000  672.34841  10.0%  3272  741s
  1025  1098  670.69878   53 6949  611.00000  672.34841  10.0%  3253  758s
  1097  1172  670.68045   54 6941  611.00000  672.34841  10.0%  3178  775s
  1171  1236  670.57725   59 6890  611.00000  672.34841  10.0%  3125  791s
  1235  1318  670.53272   64 6930  611.00000  672.34841  10.0%  3098  810s
  1317  1401  670.51422   65 6920  611.00000  672.34841  10.0%  3049  830s
  1402  1485  670.33189   71 6828  611.00000  672.34841  10.0%  3004  850s
  1486  1569  670.35094   73 6838  611.00000  672.34841  10.0%  2969  869s
  1570  1647  670.34648   74 6817  611.00000  672.34841  10.0%  2937  892s
  1648  1667  670.32657   76 6859  611.00000  672.34841  10.0%  2933  971s
  1668  1760  670.16284   76 6867  611.00000  672.34841  10.0%  2928  993s
  1761  1847  670.16890   81 6880  611.00000  672.34841  10.0%  2903 1018s
  1848  1963  670.05555   84 6848  611.00000  672.34841  10.0%  2894 1043s
  1964  2053  669.66557   88 6854  611.00000  672.34841  10.0%  2857 1069s
  2054  2158  669.72429   90 6770  611.00000  672.34841  10.0%  2859 1097s
  2159  2282  669.55883   94 6752  611.00000  672.34841  10.0%  2853 1123s
H 2262  2282                     612.0000000  672.34841  9.86%  2826 1123s
  2283  2402  669.32510   97 6776  612.00000  672.34841  9.86%  2821 1152s
  2403  2542  669.18914  101 6706  612.00000  672.34841  9.86%  2807 1180s
  2543  2671  668.93021  106 6680  612.00000  672.34841  9.86%  2777 1210s
  2672  2820  668.59106  113 6579  612.00000  672.34841  9.86%  2765 1243s
  2821  2974  668.37681  117 6574  612.00000  672.34841  9.86%  2740 1275s
H 2846  2974                     613.0000000  672.34841  9.68%  2740 1275s
  2975  3153  668.07100  121 6578  613.00000  672.34841  9.68%  2717 1310s
  3154  3359  667.66612  127 6541  613.00000  672.34841  9.68%  2685 1344s
  3360  3598  667.29895  135 6413  613.00000  672.34841  9.68%  2642 1382s
  3599  3834  666.76104  142 6185  613.00000  672.34841  9.68%  2588 1421s
  3835  4106  666.37839  149 6229  613.00000  672.34841  9.68%  2549 1461s
  4107  4430  665.85757  154 6147  613.00000  672.34841  9.68%  2501 1504s
  4431  4830  665.47552  163 6134  613.00000  672.34841  9.68%  2436 1546s
  4831  5264  664.71497  172 5874  613.00000  672.34841  9.68%  2350 1590s
  5271  5785  663.97920  188 5821  613.00000  672.34841  9.68%  2259 1632s
  5792  6436  663.30226  206 5680  613.00000  672.34841  9.68%  2159 1672s
H 5996  6436                     614.0000000  672.34841  9.50%  2120 1672s
  6445  7218  662.37201  218 5474  614.00000  672.34841  9.50%  2025 1710s
  7233  8002  660.98609  233 5313  614.00000  672.34841  9.50%  1877 1743s
  8019  8939  660.56870  244 5200  614.00000  672.34841  9.50%  1745 1777s
  8965  8940  670.56598   60 4566  614.00000  672.34841  9.50%  1603 1829s
  8967  8941  669.41618   94  912  614.00000  672.34841  9.50%  1602 1831s
  8969  8943  660.99508  255 5983  614.00000  672.34841  9.50%  1602 1840s
  8970  8943  667.09595  115 6437  614.00000  672.34841  9.50%  1602 1848s
  8971  8944  669.31241   82 6661  614.00000  672.34841  9.50%  1602 1853s
  8972  8945  665.98094  138 6879  614.00000  672.34841  9.50%  1601 1857s
  8973  8945  647.65101  464 7057  614.00000  672.34841  9.50%  1601 1860s
  8979  8949  650.05148  415 7270  614.00000  672.34841  9.50%  1600 1869s
  8980  8950  669.80563   79 7069  614.00000  672.34841  9.50%  1600 1875s
  8984  8953  660.45924  269 7395  614.00000  672.34841  9.50%  1599 1887s
  8985  8953  662.71875  210 7162  614.00000  672.34841  9.50%  1599 1893s
  8986  8954  659.97876  262 7220  614.00000  672.34841  9.50%  1599 1895s
  8991  8957  663.82117  195 7460  614.00000  672.34841  9.50%  1598 1905s
  8995  8960  654.17078  364 7416  614.00000  672.34841  9.50%  1597 1910s
  8997  8961  671.28008   29 7436  614.00000  672.34841  9.50%  1597 1918s
  9000  8963  636.62500  703 7417  614.00000  672.34841  9.50%  1596 1920s
  9002  8965  670.59074   45 7468  614.00000  672.34841  9.50%  1596 1931s
  9007  8968  670.11766   61 7467  614.00000  672.34841  9.50%  1595 1943s
  9009  8969  665.25053  167 7474  614.00000  672.34236  9.50%  1595 1945s
  9012  8971  658.95626  293 7499  614.00000  672.34052  9.50%  1594 1955s
  9016  8974  664.11621  188 7444  614.00000  672.32935  9.50%  1594 1965s
  9018  8975  668.42436  111 7508  614.00000  672.32858  9.50%  1593 1977s
  9021  8977  667.12554  127 7558  614.00000  672.32631  9.50%  1593 1994s
  9022  8978  654.70432  350 7439  614.00000  672.31664  9.50%  1593 1995s
  9028  8982  661.42091  244 7555  614.00000  672.31435  9.50%  1591 2007s
  9031  8984  672.22048    6 7561  614.00000  672.31304  9.50%  1591 2018s
  9035  8987  653.41449  384 7575  614.00000  672.31027  9.50%  1590 2031s
  9037  8988  671.88245   10 7318  614.00000  672.31010  9.50%  1590 2040s
  9038  8989  669.27310   87 7318  614.00000  672.31010  9.50%  1590 2055s
  9039  8992  672.30184   13 7169  614.00000  672.31007  9.50%  1606 2062s
  9041  8996  672.30109   14 7209  614.00000  672.30184  9.50%  1606 2068s
  9045  9002  672.28902   15 7300  614.00000  672.30105  9.50%  1607 2077s
  9053  9012  672.21080   16 7305  614.00000  672.28898  9.49%  1608 2092s
  9065  9020  672.10520   17 7347  614.00000  672.23898  9.49%  1619 2102s
  9077  9028  672.04690   17 7428  614.00000  672.18793  9.48%  1625 2111s
  9089  9036  672.10049   18 7349  614.00000  672.15747  9.47%  1630 2116s
  9101  9044  672.06260   18 7266  614.00000  672.10048  9.46%  1631 2121s
  9113  9052  672.08408   19 7217  614.00000  672.10048  9.46%  1633 2130s
H 9123  8597                     615.0000000  672.10048  9.28%  1637 2130s
  9137  8617  671.96722   20 7235  615.00000  672.09069  9.28%  1639 2143s
  9149  8626  671.91357   20 7200  615.00000  672.09069  9.28%  1647 2151s
  9162  8633  671.94131   21 7267  615.00000  672.09069  9.28%  1651 2167s
  9174  8647  671.88672   21 7170  615.00000  672.09069  9.28%  1653 2174s
  9192  8653  671.89913   22 7244  615.00000  672.09069  9.28%  1656 2182s
  9204  8667  671.76865   22 7164  615.00000  672.09069  9.28%  1659 2194s
  9222  8681  671.79790   23 7219  615.00000  672.09069  9.28%  1663 2202s
  9242  8690  671.86637   23 7221  615.00000  672.09069  9.28%  1666 2212s
  9257  8704  671.62846   24 7184  615.00000  672.09069  9.28%  1675 2220s
  9276  8717  671.74443   24 7143  615.00000  672.09069  9.28%  1678 2227s
  9296  8731  671.54841   25 7132  615.00000  672.09069  9.28%  1681 2238s
  9316  8745  671.51373   26 7048  615.00000  672.09069  9.28%  1686 2248s
  9337  8763  671.36295   26 7127  615.00000  672.09069  9.28%  1688 2259s
  9362  8780  671.45689   27 7118  615.00000  672.09069  9.28%  1692 2268s
  9387  8799  671.37987   28 7043  615.00000  672.09069  9.28%  1694 2278s
  9415  8813  671.32899   29 7032  615.00000  672.09069  9.28%  1698 2294s
  9438  8829  671.29047   30 7015  615.00000  672.09069  9.28%  1703 2307s
  9462  8847  671.07502   31 6938  615.00000  672.09069  9.28%  1714 2317s
  9488  8869  671.09408   32 6936  615.00000  672.09069  9.28%  1717 2328s

Cutting planes:
  Gomory: 52
  Cover: 1873
  Clique: 159
  MIR: 23
  Flow cover: 122
  Zero half: 350
  RLT: 53

Explored 9518 nodes (16493239 simplex iterations) in 2329.28 seconds (3606.28 work units)
Thread count was 20 (of 20 available processors)

Solution count 10: 615 614 613 ... 606

Work limit reached
Best objective 6.150000000000e+02, best bound 6.720000000000e+02, gap 9.2683%

User-callback calls 111125, time in user-callback 0.24 sec
