
Gurobi 11.0.2 (win64) logging started Mon Jan 20 17:00:06 2025

Set parameter LogFile to value "log_MTTP3_targetS1_E3_Gurobi.log"
Set parameter Method to value 0

Gurobi 11.0.2 (win64) logging started Mon Jan 20 17:00:18 2025

Set parameter LogFile to value "log_MTTP3_targetS1_E3_Gurobi.log"
Gurobi Optimizer version 11.0.2 build v11.0.2rc0 (win64 - Windows 11.0 (22621.2))

CPU model: 12th Gen Intel(R) Core(TM) i7-12700, instruction set [SSE2|AVX|AVX2]
Thread count: 12 physical cores, 20 logical processors, using up to 20 threads

Optimize a model with 5141518 rows, 5952 columns and 10286154 nonzeros
Model fingerprint: 0x74564c5e
Variable types: 0 continuous, 5952 integer (5952 binary)
Coefficient statistics:
  Matrix range     [1e+00, 3e+00]
  Objective range  [1e+00, 1e+00]
  Bounds range     [0e+00, 0e+00]
  RHS range        [1e+00, 2e+00]
Found heuristic solution: objective -0.0000000
Presolve removed 5123054 rows and 1158 columns
Presolve time: 1.12s
Presolved: 18464 rows, 4794 columns, 39748 nonzeros
Variable types: 0 continuous, 4794 integer (4794 binary)
Found heuristic solution: objective 113.0000000

Root relaxation: objective 2.196667e+02, 3242 iterations, 0.02 seconds (0.02 work units)

    Nodes    |    Current Node    |     Objective Bounds      |     Work
 Expl Unexpl |  Obj  Depth IntInf | Incumbent    BestBd   Gap | It/Node Time

     0     0  219.66667    0  201  113.00000  219.66667  94.4%     -    1s
H    0     0                     159.0000000  219.66667  38.2%     -    1s
H    0     0                     161.0000000  219.66667  36.4%     -    1s
H    0     0                     163.0000000  219.66667  34.8%     -    1s
H    0     0                     165.0000000  219.66667  33.1%     -    2s
H    0     0                     166.0000000  218.36353  31.5%     -    2s
H    0     0                     168.0000000  218.36353  30.0%     -    2s
     0     0  218.36353    0 1238  168.00000  218.36353  30.0%     -    2s
H    0     0                     169.0000000  218.36353  29.2%     -    2s
     0     0  218.32870    0 1175  169.00000  218.32870  29.2%     -    2s
     0     0  218.31759    0 1120  169.00000  218.31759  29.2%     -    2s
     0     0  218.31687    0 1144  169.00000  218.31687  29.2%     -    2s
     0     0  218.31687    0 1144  169.00000  218.31687  29.2%     -    2s
H    0     0                     171.0000000  217.51434  27.2%     -    2s
H    0     0                     173.0000000  217.51434  25.7%     -    2s
H    0     0                     175.0000000  217.51434  24.3%     -    2s
H    0     0                     177.0000000  217.51434  22.9%     -    2s
     0     0  217.49661    0 1630  177.00000  217.49661  22.9%     -    2s
H    0     0                     178.0000000  217.09728  22.0%     -    3s
H    0     0                     179.0000000  217.09728  21.3%     -    3s
     0     0  217.09728    0 1640  179.00000  217.09728  21.3%     -    3s
H    0     0                     180.0000000  216.96176  20.5%     -    3s
H    0     0                     182.0000000  216.96176  19.2%     -    3s
     0     0  216.96176    0 1594  182.00000  216.96176  19.2%     -    3s
H    0     0                     183.0000000  216.94896  18.6%     -    3s
     0     0  216.94896    0 1599  183.00000  216.94896  18.6%     -    3s
H    0     0                     184.0000000  216.94804  17.9%     -    3s
     0     0  216.94804    0 1625  184.00000  216.94804  17.9%     -    3s
     0     0  216.94772    0 1623  184.00000  216.94772  17.9%     -    3s
H    0     0                     185.0000000  216.65503  17.1%     -    3s
H    0     0                     186.0000000  216.65503  16.5%     -    3s
H    0     0                     187.0000000  216.65503  15.9%     -    3s
     0     0  216.65503    0 1690  187.00000  216.65503  15.9%     -    3s
H    0     0                     188.0000000  216.43588  15.1%     -    4s
     0     0  216.43588    0 1836  188.00000  216.43588  15.1%     -    4s
H    0     0                     189.0000000  216.38191  14.5%     -    4s
     0     0  216.38191    0 1844  189.00000  216.38191  14.5%     -    4s
     0     0  216.35950    0 1858  189.00000  216.35950  14.5%     -    4s
     0     0  216.35450    0 1877  189.00000  216.35450  14.5%     -    4s
     0     0  216.35257    0 1895  189.00000  216.35257  14.5%     -    4s
     0     0  216.35189    0 1896  189.00000  216.35189  14.5%     -    4s
     0     0  216.15958    0 1890  189.00000  216.15958  14.4%     -    5s
     0     0  216.06935    0 1938  189.00000  216.06935  14.3%     -    5s
     0     0  216.04794    0 2004  189.00000  216.04794  14.3%     -    5s
     0     0  216.04195    0 2015  189.00000  216.04195  14.3%     -    5s
     0     0  216.03987    0 2046  189.00000  216.03987  14.3%     -    6s
     0     0  216.03868    0 2038  189.00000  216.03868  14.3%     -    6s
     0     0  215.99251    0 2048  189.00000  215.99251  14.3%     -    6s
     0     0  215.98131    0 2022  189.00000  215.98131  14.3%     -    6s
     0     0  215.97452    0 2070  189.00000  215.97452  14.3%     -    6s
H    0     0                     190.0000000  215.97215  13.7%     -    6s
     0     0  215.97215    0 2080  190.00000  215.97215  13.7%     -    6s
     0     0  215.97095    0 2076  190.00000  215.97095  13.7%     -    6s
     0     0  215.95775    0 2071  190.00000  215.95775  13.7%     -    7s
     0     0  215.95422    0 2088  190.00000  215.95422  13.7%     -    7s
     0     0  215.95344    0 2095  190.00000  215.95344  13.7%     -    7s
     0     0  215.95131    0 2089  190.00000  215.95131  13.7%     -    7s
     0     0  215.95047    0 1999  190.00000  215.95047  13.7%     -    7s
     0     2  215.95047    0 1980  190.00000  215.95047  13.7%     -    8s
    27    40  215.41812    5 2085  190.00000  215.61910  13.5%  1645   10s
   125   141  215.15628    9 2002  190.00000  215.59724  13.5%  1147   15s
H  204   217                     191.0000000  215.59724  12.9%  1010   17s
H  263   278                     192.0000000  215.59724  12.3%   977   19s
   303   316  214.69516   16 2012  192.00000  215.59724  12.3%   951   20s
H  304   316                     193.0000000  215.59724  11.7%   948   20s
   523   573  214.18148   24 1894  193.00000  215.59724  11.7%   806   25s
   946  1046  213.58593   34 1829  193.00000  215.59724  11.7%   628   30s
  2003  2228  212.75593   46 1728  193.00000  215.59724  11.7%   405   35s
H 2708  2756                     194.0000000  215.59724  11.1%   324   37s
H 3817  3875                     195.0000000  215.59724  10.6%   253   40s
H 4193  3831                     196.0000000  215.59724  10.0%   247   44s
  4314  4050  209.72605   73 1574  196.00000  215.59724  10.0%   248   45s
H 4362  3971                     197.0000000  215.59724  9.44%   246   45s
  5369  5191  207.21245  115 1291  197.00000  215.59724  9.44%   243   50s
  7669  7668  214.84760   10 1901  197.00000  215.35015  9.31%   209   56s
  9041  8360  208.29600  113 1304  197.00000  215.35015  9.31%   192   60s
  9072  8381  202.93658  177 2154  197.00000  215.35015  9.31%   191   65s
  9090  8393  214.89603    6 2235  197.00000  215.35015  9.31%   191   70s
  9098  8401  215.32144   12 2091  197.00000  215.35015  9.31%   195   75s
  9148  8452  214.94638   17 2181  197.00000  215.17788  9.23%   204   80s
  9248  8519  214.89990   19 2127  197.00000  215.10044  9.19%   218   86s
  9366  8598  214.54388   22 2055  197.00000  215.04942  9.16%   230   93s
  9416  8633  214.11786   23 1946  197.00000  215.04942  9.16%   236   95s
  9481  8674  214.06415   24 1939  197.00000  215.04942  9.16%   240  108s
  9599  8790  213.75794   26 1826  197.00000  215.04942  9.16%   250  110s
  9935  9043  212.97573   32 1857  197.00000  215.04942  9.16%   268  115s
 10521  9517  212.25767   38 1685  197.00000  215.04942  9.16%   283  120s
 11286 10107  211.63379   42 1674  197.00000  215.04942  9.16%   287  125s
 12830 11187  210.53012   49 1561  197.00000  215.04942  9.16%   286  130s
 14832 12627  210.10398   56 1520  197.00000  215.04942  9.16%   272  135s
 16699 13648  209.57560   63 1386  197.00000  215.04942  9.16%   257  140s
 17787 13837  208.94298   69 1439  197.00000  215.04942  9.16%   254  145s
 18910 14879  208.49981   75 1383  197.00000  215.04942  9.16%   249  150s
 19759 15037  208.04275   82 1350  197.00000  215.04942  9.16%   248  155s
 20466 15509  206.03661  104 1297  197.00000  215.04942  9.16%   255  161s
 20990 15944  205.75510  118 1125  197.00000  215.04942  9.16%   258  165s
 21876 16684  204.81901  135  970  197.00000  215.04942  9.16%   260  170s
 23193 17505  198.87293  216  459  197.00000  215.04361  9.16%   265  178s
 23883 17645  214.56795   18 2052  197.00000  215.01128  9.14%   267  182s
 24311 18298  214.05380   26 1933  197.00000  215.01128  9.14%   271  186s
 25147 18593  212.76819   37 1727  197.00000  215.01128  9.14%   273  190s
 26471 19255  210.42114   66 1630  197.00000  215.01128  9.14%   279  199s
 27058 20030  208.59417   87 1522  197.00000  215.01128  9.14%   282  203s
 28158 20240  204.95937  125 1261  197.00000  215.00945  9.14%   282  208s
 28886 20338  214.77420   19 2085  197.00000  215.00945  9.14%   286  212s
 29255 21141  213.65148   26 1832  197.00000  215.00945  9.14%   291  218s
 30264 21464  212.36778   42 1576  197.00000  215.00945  9.14%   292  222s
 31017 22083  207.68945   90 1075  197.00000  214.89979  9.09%   295  228s
 32008 22283  214.66691   18 2050  197.00000  214.89979  9.09%   297  233s
 32569 22960  213.52715   27 1906  197.00000  214.89979  9.09%   302  239s
 33499 24070  212.22434   43 1753  197.00000  214.89979  9.09%   306  245s
 35085 25275  207.80740   98 1337  197.00000  214.88148  9.08%   306  252s
 36687 26756  214.56347   21 2140  197.00000  214.88148  9.08%   305  258s
 38390 27583  212.40712   42 1702  197.00000  214.88148  9.08%   303  265s
 39287 28745  207.45111  103 1047  197.00000  214.85324  9.06%   306  271s
 40649 29283  214.13203   25 1899  197.00000  214.85324  9.06%   307  278s
 41214 30243  212.74048   34 1610  197.00000  214.85324  9.06%   312  285s
 42279 31566  209.21462   68 1120  197.00000  214.85324  9.06%   317  293s
 43709 33479  202.18733  145  644  197.00000  214.82496  9.05%   320  302s
 45794 35112  214.39371   23 1996  197.00000  214.82496  9.05%   319  312s
 47659 35113  204.33339  141 1304  197.00000  214.82496  9.05%   319  381s
 47665 35117  211.29801   62 2046  197.00000  214.82496  9.05%   318  385s
 47680 35127  211.57873   51 2221  197.00000  214.82496  9.05%   318  391s
 47690 35134  201.05212  216 2262  197.00000  214.78464  9.03%   318  396s
 47701 35141  202.11400  102 2276  197.00000  214.77210  9.02%   318  400s
 47710 35147  199.46371  210 2295  197.00000  214.74898  9.01%   318  405s
 47721 35154  211.82596   55 2346  197.00000  214.71724  8.99%   318  410s
 47725 35157  209.31942   84 2333  197.00000  214.71347  8.99%   318  415s
 47734 35163  213.89119   31 2343  197.00000  214.70833  8.99%   318  422s
 47740 35167  207.72979  100 2356  197.00000  214.70507  8.99%   318  427s
 47746 35171  201.60840   93 2383  197.00000  214.70158  8.99%   318  431s
 47751 35174  214.14453   28 2371  197.00000  214.69862  8.98%   318  436s
 47758 35179  206.99187   80 2380  197.00000  214.69320  8.98%   318  441s
 47764 35183  201.28443  191 2397  197.00000  214.68848  8.98%   318  447s
 47770 35187  209.93440   73 2378  197.00000  214.68400  8.98%   318  452s
 47776 35191  202.44167  199 2400  197.00000  214.68184  8.98%   318  456s
 47781 35194  202.82613  175 2401  197.00000  214.67923  8.97%   318  461s
 47788 35199  205.08250  149 2409  197.00000  214.66762  8.97%   318  466s
 47792 35202  204.91720   80 2379  197.00000  214.66569  8.97%   318  471s
 47798 35206  202.17857  166 2368  197.00000  214.65849  8.96%   318  476s
 47804 35210  207.46912   99 2369  197.00000  214.65450  8.96%   318  480s
 47810 35214  199.46371  210 2391  197.00000  214.65402  8.96%   318  487s
 47814 35216  213.01698   32 2381  197.00000  214.64555  8.96%   318  491s
 47819 35220  199.45603  164 2377  197.00000  214.64064  8.95%   317  496s
 47825 35224  209.31942   84 2369  197.00000  214.63220  8.95%   317  501s
 47829 35226  201.73831  153 2392  197.00000  214.62779  8.95%   317  506s
 47833 35229  202.22763   94 2403  197.00000  214.62283  8.95%   317  511s
 47838 35232  210.73151   69 2389  197.00000  214.60888  8.94%   317  516s
 47842 35235  207.79785   86 2391  197.00000  214.60586  8.94%   317  521s
 47846 35238  201.60840   93 2409  197.00000  214.59237  8.93%   317  526s
 47850 35240  198.09548  102 2411  197.00000  214.58479  8.93%   317  531s
 47856 35244  202.41403  195 2395  197.00000  214.57725  8.92%   317  535s
 47861 35248  211.15957   57 2390  197.00000  214.56998  8.92%   317  541s
 47866 35251  214.47776   23 2367  197.00000  214.56533  8.92%   317  546s
 47870 35254  209.93440   73 2360  197.00000  214.56390  8.92%   317  551s
 47874 35256  199.16129  135 2392  197.00000  214.55619  8.91%   317  556s
 47878 35259  201.10328  160 2406  197.00000  214.55041  8.91%   317  561s
 47882 35262  198.94709  244 2394  197.00000  214.55005  8.91%   317  566s
 47886 35264  199.51588  179 2406  197.00000  214.54455  8.91%   317  572s
 47887 35265  204.03743  180 2297  197.00000  214.54197  8.90%   317  575s
 47891 35268  203.74085  146 2428  197.00000  214.53404  8.90%   317  580s
 47897 35272  212.99802   42 2391  197.00000  214.53036  8.90%   317  585s
 47901 35274  202.11400  102 2402  197.00000  214.52234  8.89%   317  591s
 47905 35277  205.38280   90 2400  197.00000  214.51330  8.89%   317  596s
 47909 35280  203.86350  148 2397  197.00000  214.50739  8.89%   317  601s
 47913 35282  201.13734  133 2433  197.00000  214.49532  8.88%   317  607s
 47917 35285  201.89717   93 2431  197.00000  214.49261  8.88%   317  612s
 47919 35286  199.45603  164 2435  197.00000  214.48885  8.88%   317  615s
 47923 35289  205.47102  146 2407  197.00000  214.47966  8.87%   317  620s
 47927 35292  212.20852   42 2420  197.00000  214.47606  8.87%   317  625s
 47931 35294  199.58491  153 2420  197.00000  214.47331  8.87%   317  630s
 47935 35297  204.12771  116 2363  197.00000  214.47277  8.87%   317  640s
 47942 35311  214.42785   25 2207  197.00000  214.47277  8.87%   319  645s
 47966 35339  214.27616   27 2266  197.00000  214.45682  8.86%   320  652s
 48006 35365  214.06189   28 2194  197.00000  214.34314  8.80%   322  655s
 48088 35420  214.08709   30 2225  197.00000  214.32311  8.79%   325  661s
 48157 35468  213.89192   32 2177  197.00000  214.32311  8.79%   327  665s
 48275 35545  213.69967   35 2139  197.00000  214.32311  8.79%   329  678s
 48334 35612  213.54639   36 2119  197.00000  214.32311  8.79%   330  680s
 48527 35749  213.22436   39 1953  197.00000  214.32311  8.79%   332  686s
 48642 35815  212.89792   41 1863  197.00000  214.32311  8.79%   333  690s
H48644 34045                     198.0000000  214.32311  8.24%   333  690s
 48933 34293  212.23822   44 1689  198.00000  214.32311  8.24%   335  696s
 49282 34573  211.46380   50 1620  198.00000  214.32311  8.24%   336  701s
 49822 34989  211.11831   55 1561  198.00000  214.32311  8.24%   337  706s
 50327 35368  210.32561   61 1311  198.00000  214.32311  8.24%   335  710s
 51194 35887  209.44266   67 1404  198.00000  214.32311  8.24%   334  715s
 51832 36289  208.20305   74 1330  198.00000  214.32311  8.24%   333  720s
 52917 37055  207.48456   83 1318  198.00000  214.32311  8.24%   330  726s
 53763 37386  206.72730   89 1295  198.00000  214.32311  8.24%   327  732s
 54116 37543  206.52764   91 1279  198.00000  214.32311  8.24%   327  735s
 54793 37984  205.01600  105 1073  198.00000  214.32311  8.24%   326  741s
 55517 38442  203.84806  125  690  198.00000  214.32311  8.24%   325  747s
 55944 38455  202.91757  141  699  198.00000  214.32311  8.24%   324  751s
 56379 38675  199.25265  185  309  198.00000  214.28019  8.22%   325  757s
 56592 38710  214.12755   29 2145  198.00000  214.28019  8.22%   325  760s
 56864 38920  213.51751   39 1987  198.00000  214.28019  8.22%   327  766s
 57258 39289  212.23245   50 1839  198.00000  214.28019  8.22%   328  773s
 57550 39383  211.63703   59 1845  198.00000  214.28019  8.22%   329  779s
 57762 39586  210.98832   67 1833  198.00000  214.28019  8.22%   329  783s
 58062 39819  210.26707   78 1741  198.00000  214.28019  8.22%   330  787s
 58403 40115  209.39225   90 1647  198.00000  214.28019  8.22%   330  792s
 58892 40296  208.21175  106 1522  198.00000  214.28019  8.22%   330  796s
 59263 40650  206.84808  123 1511  198.00000  214.28019  8.22%   330  800s
 59778 40882  202.85219  157 1334  198.00000  214.19757  8.18%   330  806s
 60265 41027  214.06779   29 2211  198.00000  214.19757  8.18%   330  810s
 60604 41450  213.46407   35 2035  198.00000  214.19757  8.18%   331  815s
 61186 41821  212.79019   42 1892  198.00000  214.19757  8.18%   331  820s
 61835 41625  211.79222   55 1834  198.00000  214.19757  8.18%   331  844s
H61842 39294                     199.0000000  214.19757  7.64%   331  844s
 61855 39299  211.73348   56 1812  199.00000  214.19757  7.64%   331  865s
 61886 39887  211.69084   57 1815  199.00000  214.19757  7.64%   331  870s
 62520 40173  210.75689   73 1618  199.00000  214.19757  7.64%   331  875s
 63161 40397  207.43539   96 1453  199.00000  214.19757  7.64%   332  882s
 63684 40660  204.56932  134 1177  199.00000  214.19257  7.63%   333  888s
 64169 41090  213.90660   31 2122  199.00000  214.19257  7.63%   334  894s
 64808 41003  213.15102   43 1836  199.00000  214.19257  7.63%   335  902s
 64986 41418  213.00883   44 1823  199.00000  214.19257  7.63%   335  908s
 65485 41976  211.47166   60 1662  199.00000  214.19257  7.63%   336  915s
 66328 42266  209.08396   90 1573  199.00000  214.19257  7.63%   337  922s
 67020 42696     cutoff  182       199.00000  214.12741  7.60%   338  930s
 67732 43581  213.33128   33 2014  199.00000  214.12741  7.60%   339  939s
 68964 44298  211.90298   49 1784  199.00000  214.12741  7.60%   338  946s
 70213 44547  209.08552   78 1575  199.00000  214.12741  7.60%   337  953s
 70954 45855  204.78743  131 1346  199.00000  214.11986  7.60%   338  965s
 72581 46445  213.13086   41 1976  199.00000  214.11986  7.60%   338  973s
 73884 46409  211.45046   57 1889  199.00000  214.11986  7.60%   337  980s
 74420 46698  209.59133   76 1699  199.00000  214.11986  7.60%   338  987s
 74891 47322  206.47444  115 1560  199.00000  214.11986  7.60%   340  996s
 75724 47883  200.85891  195 1194  199.00000  214.10858  7.59%   341 1007s
 76696 48461  213.24864   37 1905  199.00000  214.09171  7.58%   342 1017s
 77825 49463  209.21389   79 1156  199.00000  214.07689  7.58%   343 1029s
 79362 49619  213.51896   36 1948  199.00000  214.07689  7.58%   343 1039s
 80105 50390  211.35836   59 1716  199.00000  214.07689  7.58%   345 1051s
 81157 51603  205.65513  114 1355  199.00000  214.06368  7.57%   347 1065s
 82944 52426  213.61573   36 2074  199.00000  214.06368  7.57%   345 1078s
 84553 53035  211.21785   54 1824  199.00000  214.06368  7.57%   345 1091s
 85825 52652  208.19037   93 1683  199.00000  214.06368  7.57%   346 1134s
H85828 48538                     200.0000000  214.06368  7.03%   346 1134s
 85890 49596  208.04307   94 1647  200.00000  214.05042  7.03%   347 1148s
 87097 50087  213.46125   32 1957  200.00000  214.05042  7.03%   349 1162s
 88127 50895  209.84924   74 1576  200.00000  214.05042  7.03%   351 1179s
 89341 52025  201.21053  212  706  200.00000  214.03699  7.02%   354 1197s
 91256 52531  211.32667   55 1833  200.00000  214.01657  7.01%   355 1213s
 92441 53874     cutoff  143       200.00000  214.01133  7.01%   358 1232s
 94499 54722  209.95864   74 1536  200.00000  214.00886  7.00%   360 1254s
 96140 55694  212.19212   48 1843  200.00000  214.00253  7.00%   363 1279s
 97963 57820  213.75858   31 2003  200.00000  214.00253  7.00%   366 1308s
 101031 59518  202.27247  157 1166  200.00000  213.98785  6.99%   368 1335s
 104109 60556  209.63791   77 1690  200.00000  213.96587  6.98%   367 1356s
 106250 61579  212.76754   39 1926  200.00000  213.96564  6.98%   368 1376s
 108267 62714     cutoff  141       200.00000  213.96225  6.98%   370 1398s
 110410 63638  210.03666   65 1578  200.00000  213.94067  6.97%   371 1419s
 112205 64259  212.13887   51 1903  200.00000  213.93841  6.97%   373 1441s
 113626 65080  207.28656   92 1475  200.00000  213.93778  6.97%   375 1466s
 115054 66555  212.87297   44 1961  200.00000  213.93778  6.97%   376 1490s
 117231 67845  207.50418  116 1566  200.00000  213.93005  6.97%   378 1513s
 119515 69647  212.85791   42 2076  200.00000  213.93005  6.97%   377 1537s
 122364 69928  202.95236  171  881  200.00000  213.92012  6.96%   376 1558s
 123756 71528  211.57780   56 1785  200.00000  213.92012  6.96%   377 1578s
 126087 73147  203.98410  144 1043  200.00000  213.90657  6.95%   377 1598s
 128875 73451  211.89377   58 1863  200.00000  213.89581  6.95%   376 1616s
 130211 74421  213.49887   34 2113  200.00000  213.89581  6.95%   378 1641s
 131822 75181  210.04626   82 1671  200.00000  213.89271  6.95%   378 1661s
 133339 76718  212.97466   39 2026  200.00000  213.89271  6.95%   380 1681s
 135737 77047  206.35405  104 1388  200.00000  213.88019  6.94%   380 1700s
 137036 78676  211.69104   55 1717  200.00000  213.87952  6.94%   382 1719s
 139342 78127  209.67287   72 1744  200.00000  213.86688  6.93%   382 1720s
 139433 81182 infeasible   40       200.00000  213.86684  6.93%   382 1741s
 142779 82852  213.59429   34 2067  200.00000  213.86343  6.93%   380 1764s
 144537 84197  204.47198  133 1105  200.00000  213.86287  6.93%   382 1789s
 146186 86855  209.61322   87 1630  200.00000  213.85608  6.93%   383 1817s
 149207 88882  210.99738   59 1831  200.00000  213.84162  6.92%   384 1842s
 151454 90521  213.15522   39 1983  200.00000  213.83999  6.92%   385 1867s
 153297 92210  206.33252  133 1236  200.00000  213.83959  6.92%   386 1891s
 155308 94334  212.10331   44 1867  200.00000  213.83059  6.92%   388 1916s
 157824 96610  212.85672   38 1847  200.00000  213.82987  6.91%   389 1940s
 160453 97956  212.83989   41 1676  200.00000  213.82683  6.91%   390 1963s
 161872 101851  209.52429   79 1473  200.00000  213.82563  6.91%   392 1994s
 164693 101851  210.56075   69 1495  200.00000  213.82563  6.91%   390 1995s
 166157 104485  212.28796   38 1865  200.00000  213.82124  6.91%   389 2021s
 169208 105122  213.46318   33 2086  200.00000  213.81078  6.91%   388 2037s
 169879 106781  212.40840   42 1879  200.00000  213.81078  6.91%   390 2058s
 171792 108226  209.18060   65 1538  200.00000  213.80933  6.90%   391 2079s
 173538 110113  212.96907   40 1902  200.00000  213.80933  6.90%   392 2100s
 175692 111123  206.16676  113 1477  200.00000  213.80511  6.90%   393 2120s
 176788 113247  211.68124   49 1681  200.00000  213.80511  6.90%   395 2144s
 179139 115226  204.85010  141  856  200.00000  213.79693  6.90%   396 2168s
 181525 117016  211.81376   55 1747  200.00000  213.79655  6.90%   396 2189s
 183597 118767  213.24931   36 2054  200.00000  213.79104  6.90%   397 2212s
 185577 120318  201.13463  149  911  200.00000  213.78935  6.89%   398 2236s
 187422 120991  206.74967   97 1351  200.00000  213.78301  6.89%   399 2260s
 188181 122997  212.75942   40 1951  200.00000  213.78301  6.89%   400 2284s
 188280 122997  210.55536   66 1705  200.00000  213.78301  6.89%   400 2285s
 190440 124719  204.39124  139 1060  200.00000  213.78101  6.89%   400 2307s
 192414 125872  210.37640   66 1775  200.00000  213.78101  6.89%   401 2331s
 193784 127886  206.93895  112 1524  200.00000  213.77620  6.89%   401 2359s
 196095 130723  211.70764   52 1617  200.00000  213.77165  6.89%   402 2387s
 199218 133355  213.17690   35 2032  200.00000  213.76868  6.88%   403 2414s
 202239 134639  213.11253   33 1924  200.00000  213.76711  6.88%   402 2436s
 203571 136445  209.76809   54 1685  200.00000  213.76168  6.88%   404 2459s
 205763 138461  213.13064   45 2030  200.00000  213.76168  6.88%   405 2481s
 207998 140039  205.46075  140 1415  200.00000  213.76090  6.88%   405 2509s
 209930 141960  211.33570   62 1875  200.00000  213.75361  6.88%   406 2532s
 212031 144083  213.55696   33 2102  200.00000  213.75361  6.88%   406 2556s
 214434 146198  204.45592  125  759  200.00000  213.74932  6.87%   406 2579s
 216758 147702  208.38058   87 1431  200.00000  213.74654  6.87%   406 2600s
 218479 149599  212.52180   42 1921  200.00000  213.74614  6.87%   407 2622s
 220679 151101  203.15773  127 1125  200.00000  213.73831  6.87%   407 2645s
 222391 152309  211.80421   45 1743  200.00000  213.73569  6.87%   408 2671s
 223704 155350  209.38168   72 1202  200.00000  213.73517  6.87%   410 2697s
 227170 157156  211.39942   52 1811  200.00000  213.73079  6.87%   409 2720s
 229140 159150  213.33772   35 2115  200.00000  213.73079  6.87%   409 2742s
 231447 159905     cutoff  181       200.00000  213.72674  6.86%   409 2767s
 232283 161734  212.59847   41 1995  200.00000  213.72669  6.86%   410 2793s
 234417 163901  208.77792   69 1548  200.00000  213.72610  6.86%   410 2816s
 236830 165499  213.09104   39 2084  200.00000  213.72610  6.86%   411 2839s
 238607 167435  206.48981  105 1441  200.00000  213.72228  6.86%   411 2866s
 240721 170498  211.98099   48 1662  200.00000  213.72228  6.86%   412 2898s
 244079 172403  208.18766   83 1366  200.00000  213.71836  6.86%   411 2918s
 246227 173283  213.27418   34 2101  200.00000  213.71836  6.86%   411 2938s
 247187 175076  210.26269   67 1798  200.00000  213.71599  6.86%   411 2958s
 249247 176571  213.62068   35 2101  200.00000  213.71401  6.86%   411 2980s
 250880 178788  210.06948   79 1751  200.00000  213.71261  6.86%   412 3001s
 253420 180202  213.46254   34 2158  200.00000  213.70901  6.85%   411 3022s
 254931 181691  209.46688   75 1605  200.00000  213.70901  6.85%   412 3046s
 256697 183658  212.51304   42 1950  200.00000  213.70863  6.85%   412 3070s
 258829 185573  202.88304  123 1399  200.00000  213.70597  6.85%   412 3092s
 261095 188231  208.38839   85 1229  200.00000  213.70171  6.85%   412 3115s
 264040 188251  211.11556   58 1712  200.00000  213.70007  6.85%   411 3211s
 264060 205698  211.03237   59 1697  200.00000  213.69845  6.85%   411 3429s
H268065 191030                     201.0000000  213.69706  6.32%   412 3429s
 269065 191030  210.42624   60 1791  201.00000  213.69692  6.32%   412 3430s
 280076 191030     cutoff  160       201.00000  213.69542  6.32%   413 3436s
 284080 190367     cutoff  166       201.00000  213.68281  6.31%   414 3460s
 284940 192156  213.37367   35 2003  201.00000  213.68281  6.31%   414 3485s
 287043 193554  206.63961  110 1377  201.00000  213.68031  6.31%   415 3509s
 288627 195855  212.91801   38 2003  201.00000  213.67924  6.31%   416 3541s
 291475 197737  213.17286   36 2089  201.00000  213.67490  6.31%   416 3571s
 293653 200157  207.31104  116 1385  201.00000  213.67397  6.31%   417 3600s

Cutting planes:
  Gomory: 46
  Cover: 1767
  Clique: 32
  MIR: 364
  StrongCG: 4
  Flow cover: 587
  GUB cover: 2
  Zero half: 532
  RLT: 341
  Relax-and-lift: 2

Explored 296384 nodes (123721330 simplex iterations) in 3601.34 seconds (4212.31 work units)
Thread count was 20 (of 20 available processors)

Solution count 10: 201 200 199 ... 192

Time limit reached
Best objective 2.010000000000e+02, best bound 2.130000000000e+02, gap 5.9701%

User-callback calls 821732, time in user-callback 0.58 sec

Gurobi 11.0.2 (win64) logging started Tue Jan 21 06:01:03 2025

Set parameter LogFile to value "log_MTTP3_targetS1_E3_Gurobi.log"
Set parameter Method to value 0

Gurobi 11.0.2 (win64) logging started Tue Jan 21 06:01:15 2025

Set parameter LogFile to value "log_MTTP3_targetS1_E3_Gurobi.log"
Gurobi Optimizer version 11.0.2 build v11.0.2rc0 (win64 - Windows 11.0 (22621.2))

CPU model: 12th Gen Intel(R) Core(TM) i7-12700, instruction set [SSE2|AVX|AVX2]
Thread count: 12 physical cores, 20 logical processors, using up to 20 threads

Optimize a model with 5141518 rows, 5952 columns and 10286154 nonzeros
Model fingerprint: 0x74564c5e
Variable types: 0 continuous, 5952 integer (5952 binary)
Coefficient statistics:
  Matrix range     [1e+00, 3e+00]
  Objective range  [1e+00, 1e+00]
  Bounds range     [0e+00, 0e+00]
  RHS range        [1e+00, 2e+00]
Found heuristic solution: objective -0.0000000
Presolve removed 5123054 rows and 1158 columns
Presolve time: 1.23s
Presolved: 18464 rows, 4794 columns, 39748 nonzeros
Variable types: 0 continuous, 4794 integer (4794 binary)
Found heuristic solution: objective 113.0000000

Root relaxation: objective 2.196667e+02, 3242 iterations, 0.03 seconds (0.02 work units)

    Nodes    |    Current Node    |     Objective Bounds      |     Work
 Expl Unexpl |  Obj  Depth IntInf | Incumbent    BestBd   Gap | It/Node Time

     0     0  219.66667    0  201  113.00000  219.66667  94.4%     -    2s
H    0     0                     159.0000000  219.66667  38.2%     -    2s
H    0     0                     161.0000000  219.66667  36.4%     -    2s
H    0     0                     163.0000000  219.66667  34.8%     -    2s
H    0     0                     165.0000000  219.66667  33.1%     -    2s
H    0     0                     166.0000000  218.36353  31.5%     -    2s
H    0     0                     168.0000000  218.36353  30.0%     -    2s
     0     0  218.36353    0 1238  168.00000  218.36353  30.0%     -    2s
H    0     0                     169.0000000  218.36353  29.2%     -    2s
     0     0  218.32870    0 1175  169.00000  218.32870  29.2%     -    2s
     0     0  218.31759    0 1120  169.00000  218.31759  29.2%     -    2s
     0     0  218.31687    0 1144  169.00000  218.31687  29.2%     -    2s
     0     0  218.31687    0 1144  169.00000  218.31687  29.2%     -    2s
H    0     0                     171.0000000  217.51434  27.2%     -    2s
H    0     0                     173.0000000  217.51434  25.7%     -    2s
H    0     0                     175.0000000  217.51434  24.3%     -    2s
H    0     0                     177.0000000  217.51434  22.9%     -    2s
     0     0  217.49661    0 1630  177.00000  217.49661  22.9%     -    2s
H    0     0                     178.0000000  217.09728  22.0%     -    3s
H    0     0                     179.0000000  217.09728  21.3%     -    3s
     0     0  217.09728    0 1640  179.00000  217.09728  21.3%     -    3s
H    0     0                     180.0000000  216.96176  20.5%     -    3s
H    0     0                     182.0000000  216.96176  19.2%     -    3s
     0     0  216.96176    0 1594  182.00000  216.96176  19.2%     -    3s
H    0     0                     183.0000000  216.94896  18.6%     -    3s
     0     0  216.94896    0 1599  183.00000  216.94896  18.6%     -    3s
H    0     0                     184.0000000  216.94804  17.9%     -    3s
     0     0  216.94804    0 1625  184.00000  216.94804  17.9%     -    3s
     0     0  216.94772    0 1623  184.00000  216.94772  17.9%     -    3s
H    0     0                     185.0000000  216.65503  17.1%     -    4s
H    0     0                     186.0000000  216.65503  16.5%     -    4s
H    0     0                     187.0000000  216.65503  15.9%     -    4s
     0     0  216.65503    0 1690  187.00000  216.65503  15.9%     -    4s
H    0     0                     188.0000000  216.43588  15.1%     -    4s
     0     0  216.43588    0 1836  188.00000  216.43588  15.1%     -    4s
H    0     0                     189.0000000  216.38191  14.5%     -    5s
     0     0  216.38191    0 1844  189.00000  216.38191  14.5%     -    5s
     0     0  216.35950    0 1858  189.00000  216.35950  14.5%     -    5s
     0     0  216.35450    0 1877  189.00000  216.35450  14.5%     -    5s
     0     0  216.35257    0 1895  189.00000  216.35257  14.5%     -    5s
     0     0  216.35189    0 1896  189.00000  216.35189  14.5%     -    5s
     0     0  216.15958    0 1890  189.00000  216.15958  14.4%     -    5s
     0     0  216.06935    0 1938  189.00000  216.06935  14.3%     -    6s
     0     0  216.04794    0 2004  189.00000  216.04794  14.3%     -    6s
     0     0  216.04195    0 2015  189.00000  216.04195  14.3%     -    6s
     0     0  216.03987    0 2046  189.00000  216.03987  14.3%     -    6s
     0     0  216.03868    0 2038  189.00000  216.03868  14.3%     -    6s
     0     0  215.99251    0 2048  189.00000  215.99251  14.3%     -    7s
     0     0  215.98131    0 2022  189.00000  215.98131  14.3%     -    7s
     0     0  215.97452    0 2070  189.00000  215.97452  14.3%     -    7s
H    0     0                     190.0000000  215.97215  13.7%     -    7s
     0     0  215.97215    0 2080  190.00000  215.97215  13.7%     -    7s
     0     0  215.97095    0 2076  190.00000  215.97095  13.7%     -    7s
     0     0  215.95775    0 2071  190.00000  215.95775  13.7%     -    7s
     0     0  215.95422    0 2088  190.00000  215.95422  13.7%     -    7s
     0     0  215.95344    0 2095  190.00000  215.95344  13.7%     -    8s
     0     0  215.95131    0 2089  190.00000  215.95131  13.7%     -    8s
     0     0  215.95047    0 1999  190.00000  215.95047  13.7%     -    8s
     0     2  215.95047    0 1980  190.00000  215.95047  13.7%     -    9s
     7    16  215.64264    3 2027  190.00000  215.80751  13.6%  1083   10s
   113   126  215.23850    9 2041  190.00000  215.59724  13.5%  1185   15s
H  204   217                     191.0000000  215.59724  12.9%  1010   18s
   257   278  214.74771   14 2014  191.00000  215.59724  12.9%   969   20s
H  263   278                     192.0000000  215.59724  12.3%   977   20s
H  304   316                     193.0000000  215.59724  11.7%   948   21s
   451   484  214.35007   21 1951  193.00000  215.59724  11.7%   849   25s
   786   874  213.69617   31 1816  193.00000  215.59724  11.7%   685   30s
  1428  1602  213.11475   41 1781  193.00000  215.59724  11.7%   503   35s
H 2708  2756                     194.0000000  215.59724  11.1%   324   38s
  3106  3388  212.04722   53 1607  194.00000  215.59724  11.1%   294   40s
H 3817  3875                     195.0000000  215.59724  10.6%   253   42s
  4182  3937  210.24598   70 1548  195.00000  215.59724  10.6%   246   46s
H 4193  3831                     196.0000000  215.59724  10.0%   247   46s
H 4362  3971                     197.0000000  215.59724  9.44%   246   48s
  4784  4468  208.84494   89 1384  197.00000  215.59724  9.44%   244   50s
  6572  6503  200.49388  226  471  197.00000  215.35015  9.31%   226   56s
  9041  8360  208.29600  113 1304  197.00000  215.35015  9.31%   192   62s
  9058  8371  208.16542  155 2110  197.00000  215.35015  9.31%   191   65s
  9083  8388  213.66791   26 2208  197.00000  215.35015  9.31%   191   70s
  9096  8397  205.91093  178 2159  197.00000  215.35015  9.31%   191   75s
  9112  8424  215.13202   15 2165  197.00000  215.25561  9.27%   197   80s
  9188  8479  214.90611   18 2158  197.00000  215.10044  9.19%   211   85s
  9290  8551  214.62897   20 2060  197.00000  215.10044  9.19%   223   90s
  9366  8598  214.54388   22 2055  197.00000  215.04942  9.16%   230   95s
  9481  8674  214.06415   24 1939  197.00000  215.04942  9.16%   240  112s
  9656  8837  213.74812   27 1840  197.00000  215.04942  9.16%   253  115s
 10021  9110  212.85912   33 1759  197.00000  215.04942  9.16%   271  120s
 10690  9649  211.98346   39 1727  197.00000  215.04942  9.16%   286  125s
 11564 10290  211.26196   43 1665  197.00000  215.04942  9.16%   287  130s
 13227 11511  210.52797   51 1553  197.00000  215.04942  9.16%   284  135s
 14832 12627  210.10398   56 1520  197.00000  215.04942  9.16%   272  140s
 16699 13648  209.57560   63 1386  197.00000  215.04942  9.16%   257  145s
 17787 13837  208.94298   69 1439  197.00000  215.04942  9.16%   254  150s
 18910 14879  208.49981   75 1383  197.00000  215.04942  9.16%   249  156s
 19759 15037  208.04275   82 1350  197.00000  215.04942  9.16%   248  160s
 20278 15346  206.40290   99 1283  197.00000  215.04942  9.16%   253  165s
 20990 15944  205.75510  118 1125  197.00000  215.04942  9.16%   258  171s
 21876 16684  204.81901  135  970  197.00000  215.04942  9.16%   260  176s
 22804 17024  201.12716  180  730  197.00000  215.04942  9.16%   263  180s
 23883 17645  214.56795   18 2052  197.00000  215.01128  9.14%   267  187s
 24311 18298  214.05380   26 1933  197.00000  215.01128  9.14%   271  192s
 25147 18593  212.76819   37 1727  197.00000  215.01128  9.14%   273  195s
 25763 18978  211.63367   52 1698  197.00000  215.01128  9.14%   276  200s
 26471 19255  210.42114   66 1630  197.00000  215.01128  9.14%   279  205s
 27058 20030  208.59417   87 1522  197.00000  215.01128  9.14%   282  210s
 28886 20338  214.77420   19 2085  197.00000  215.00945  9.14%   286  219s
 29255 21141  213.65148   26 1832  197.00000  215.00945  9.14%   291  225s
 31017 22083  207.68945   90 1075  197.00000  214.89979  9.09%   295  235s
 32008 22283  214.66691   18 2050  197.00000  214.89979  9.09%   297  240s
 32569 22960  213.52715   27 1906  197.00000  214.89979  9.09%   302  246s
 33499 24070  212.22434   43 1753  197.00000  214.89979  9.09%   306  252s
 35085 25275  207.80740   98 1337  197.00000  214.88148  9.08%   306  259s
 36687 26756  214.56347   21 2140  197.00000  214.88148  9.08%   305  266s
 38390 27583  212.40712   42 1702  197.00000  214.88148  9.08%   303  273s
 39287 28745  207.45111  103 1047  197.00000  214.85324  9.06%   306  279s
 40649 29283  214.13203   25 1899  197.00000  214.85324  9.06%   307  286s
 41214 30243  212.74048   34 1610  197.00000  214.85324  9.06%   312  294s
 42279 31566  209.21462   68 1120  197.00000  214.85324  9.06%   317  302s
 43709 33479  202.18733  145  644  197.00000  214.82496  9.05%   320  311s
 45794 35112  214.39371   23 1996  197.00000  214.82496  9.05%   319  321s
 47659 35113  204.33339  141 1304  197.00000  214.82496  9.05%   319  391s
 47666 35118  214.47776   23 2029  197.00000  214.82496  9.05%   318  395s
 47680 35127  211.57873   51 2221  197.00000  214.82496  9.05%   318  401s
 47690 35134  201.05212  216 2262  197.00000  214.78464  9.03%   318  406s
 47701 35141  202.11400  102 2276  197.00000  214.77210  9.02%   318  410s
 47710 35147  199.46371  210 2295  197.00000  214.74898  9.01%   318  415s
 47721 35154  211.82596   55 2346  197.00000  214.71724  8.99%   318  420s
 47725 35157  209.31942   84 2333  197.00000  214.71347  8.99%   318  425s
 47733 35162  202.22763   94 2343  197.00000  214.70847  8.99%   318  430s
 47740 35167  207.72979  100 2356  197.00000  214.70507  8.99%   318  437s
 47746 35171  201.60840   93 2383  197.00000  214.70158  8.99%   318  441s
 47751 35174  214.14453   28 2371  197.00000  214.69862  8.98%   318  446s
 47758 35179  206.99187   80 2380  197.00000  214.69320  8.98%   318  451s
 47764 35183  201.28443  191 2397  197.00000  214.68848  8.98%   318  457s
 47770 35187  209.93440   73 2378  197.00000  214.68400  8.98%   318  462s
 47776 35191  202.44167  199 2400  197.00000  214.68184  8.98%   318  467s
 47781 35194  202.82613  175 2401  197.00000  214.67923  8.97%   318  472s
 47788 35199  205.08250  149 2409  197.00000  214.66762  8.97%   318  476s
 47792 35202  204.91720   80 2379  197.00000  214.66569  8.97%   318  481s
 47798 35206  202.17857  166 2368  197.00000  214.65849  8.96%   318  486s
 47804 35210  207.46912   99 2369  197.00000  214.65450  8.96%   318  490s
 47808 35212  200.82561  178 2390  197.00000  214.65419  8.96%   318  495s
 47813 35216  201.13734  133 2377  197.00000  214.65276  8.96%   318  500s
 47819 35220  199.45603  164 2377  197.00000  214.64064  8.95%   317  507s
 47825 35224  209.31942   84 2369  197.00000  214.63220  8.95%   317  512s
 47829 35226  201.73831  153 2392  197.00000  214.62779  8.95%   317  516s
 47833 35229  202.22763   94 2403  197.00000  214.62283  8.95%   317  521s
 47838 35232  210.73151   69 2389  197.00000  214.60888  8.94%   317  526s
 47842 35235  207.79785   86 2391  197.00000  214.60586  8.94%   317  531s
 47846 35238  201.60840   93 2409  197.00000  214.59237  8.93%   317  536s
 47850 35240  198.09548  102 2411  197.00000  214.58479  8.93%   317  541s
 47856 35244  202.41403  195 2395  197.00000  214.57725  8.92%   317  546s
 47861 35248  211.15957   57 2390  197.00000  214.56998  8.92%   317  551s
 47866 35251  214.47776   23 2367  197.00000  214.56533  8.92%   317  557s
 47870 35254  209.93440   73 2360  197.00000  214.56390  8.92%   317  562s
 47874 35256  199.16129  135 2392  197.00000  214.55619  8.91%   317  567s
 47876 35258  202.44167  199 2396  197.00000  214.55517  8.91%   317  570s
 47880 35260  211.57873   51 2394  197.00000  214.55041  8.91%   317  575s
 47884 35263  205.15075  134 2404  197.00000  214.54680  8.91%   317  581s
 47887 35265  204.03743  180 2297  197.00000  214.54197  8.90%   317  587s
 47891 35268  203.74085  146 2428  197.00000  214.53404  8.90%   317  592s
 47895 35270  213.60436   32 2417  197.00000  214.53094  8.90%   317  595s
 47899 35273  201.73481  151 2382  197.00000  214.52644  8.90%   317  600s
 47903 35276  204.37295  168 2402  197.00000  214.51376  8.89%   317  605s
 47907 35278  209.59671   86 2403  197.00000  214.51013  8.89%   317  611s
 47911 35281  207.01031   91 2409  197.00000  214.50580  8.89%   317  616s
 47915 35284  200.68298  109 2426  197.00000  214.49409  8.88%   317  621s
 47919 35286  199.45603  164 2435  197.00000  214.48885  8.88%   317  627s
 47923 35289  205.47102  146 2407  197.00000  214.47966  8.87%   317  632s
 47926 35291  208.82958  102 2415  197.00000  214.47768  8.87%   317  635s
 47929 35293  201.73831  153 2420  197.00000  214.47429  8.87%   317  640s
 47933 35296  202.22763   94 2409  197.00000  214.47277  8.87%   317  645s
 47935 35297  204.12771  116 2363  197.00000  214.47277  8.87%   317  652s
 47938 35304  214.47277   24 2214  197.00000  214.47277  8.87%   319  655s
 47950 35324  214.36318   26 2248  197.00000  214.47277  8.87%   319  660s
 47986 35352  214.16398   28 2246  197.00000  214.41893  8.84%   321  666s
 48046 35392  214.01949   29 2184  197.00000  214.32311  8.79%   324  670s
 48132 35454  214.01859   31 2168  197.00000  214.32311  8.79%   326  676s
 48207 35510  213.78901   33 2146  197.00000  214.32311  8.79%   328  680s
 48275 35545  213.69967   35 2139  197.00000  214.32311  8.79%   329  690s
 48430 35675  213.39323   38 1989  197.00000  214.32311  8.79%   331  695s
 48583 35789  213.14036   40 1953  197.00000  214.32311  8.79%   333  700s
H48644 34045                     198.0000000  214.32311  8.24%   333  702s
 48765 34161  212.55496   42 1818  198.00000  214.32311  8.24%   334  705s
 49144 34470  211.75432   48 1726  198.00000  214.32311  8.24%   336  711s
 49612 34846  211.13912   53 1574  198.00000  214.32311  8.24%   337  716s
 50327 35368  210.32561   61 1311  198.00000  214.32311  8.24%   335  722s
 50921 35671  209.88870   64 1463  198.00000  214.32311  8.24%   334  726s
 51511 36091  208.81269   70 1384  198.00000  214.32311  8.24%   333  730s
 52168 36556  207.88626   77 1428  198.00000  214.32311  8.24%   332  735s
 53402 37211  207.34849   86 1331  198.00000  214.32311  8.24%   328  743s
 53763 37386  206.72730   89 1295  198.00000  214.32311  8.24%   327  746s
 54412 37788  205.95557   94 1158  198.00000  214.32311  8.24%   327  752s
 54793 37984  205.01600  105 1073  198.00000  214.32311  8.24%   326  755s
 55517 38442  203.84806  125  690  198.00000  214.32311  8.24%   325  761s
 55944 38455  202.91757  141  699  198.00000  214.32311  8.24%   324  765s
 56379 38675  199.25265  185  309  198.00000  214.28019  8.22%   325  771s
 56592 38710  214.12755   29 2145  198.00000  214.28019  8.22%   325  775s
 56864 38920  213.51751   39 1987  198.00000  214.28019  8.22%   327  780s
 57258 39289  212.23245   50 1839  198.00000  214.28019  8.22%   328  787s
 57550 39383  211.63703   59 1845  198.00000  214.28019  8.22%   329  793s
 57762 39586  210.98832   67 1833  198.00000  214.28019  8.22%   329  798s
 58062 39819  210.26707   78 1741  198.00000  214.28019  8.22%   330  802s
 58403 40115  209.39225   90 1647  198.00000  214.28019  8.22%   330  806s
 58892 40296  208.21175  106 1522  198.00000  214.28019  8.22%   330  811s
 59263 40650  206.84808  123 1511  198.00000  214.28019  8.22%   330  815s
 59778 40882  202.85219  157 1334  198.00000  214.19757  8.18%   330  821s
 60265 41027  214.06779   29 2211  198.00000  214.19757  8.18%   330  825s
 60604 41450  213.46407   35 2035  198.00000  214.19757  8.18%   331  830s
 61186 41821  212.79019   42 1892  198.00000  214.19757  8.18%   331  835s
 61835 41625  211.79222   55 1834  198.00000  214.19757  8.18%   331  860s
H61842 39294                     199.0000000  214.19757  7.64%   331  860s
 61855 39299  211.73348   56 1812  199.00000  214.19757  7.64%   331  881s
 61886 39887  211.69084   57 1815  199.00000  214.19757  7.64%   331  887s
 62520 40173  210.75689   73 1618  199.00000  214.19757  7.64%   331  892s
 63161 40397  207.43539   96 1453  199.00000  214.19757  7.64%   332  898s
 63684 40660  204.56932  134 1177  199.00000  214.19257  7.63%   333  904s
 64169 41090  213.90660   31 2122  199.00000  214.19257  7.63%   334  911s
 64808 41003  213.15102   43 1836  199.00000  214.19257  7.63%   335  918s
 64986 41418  213.00883   44 1823  199.00000  214.19257  7.63%   335  925s
 65485 41976  211.47166   60 1662  199.00000  214.19257  7.63%   336  932s
 66328 42266  209.08396   90 1573  199.00000  214.19257  7.63%   337  939s
 67020 42696     cutoff  182       199.00000  214.12741  7.60%   338  947s
 67732 43581  213.33128   33 2014  199.00000  214.12741  7.60%   339  955s
 68964 44298  211.90298   49 1784  199.00000  214.12741  7.60%   338  962s
 70213 44547  209.08552   78 1575  199.00000  214.12741  7.60%   337  970s
 70954 45855  204.78743  131 1346  199.00000  214.11986  7.60%   338  981s
 72581 46445  213.13086   41 1976  199.00000  214.11986  7.60%   338  990s
 73884 46409  211.45046   57 1889  199.00000  214.11986  7.60%   337  996s
 74420 46698  209.59133   76 1699  199.00000  214.11986  7.60%   338 1003s
 74891 47322  206.47444  115 1560  199.00000  214.11986  7.60%   340 1012s
 75724 47883  200.85891  195 1194  199.00000  214.10858  7.59%   341 1022s
 76696 48461  213.24864   37 1905  199.00000  214.09171  7.58%   342 1032s
 77825 49463  209.21389   79 1156  199.00000  214.07689  7.58%   343 1044s
 79362 49619  213.51896   36 1948  199.00000  214.07689  7.58%   343 1054s
 80105 50390  211.35836   59 1716  199.00000  214.07689  7.58%   345 1066s
 81157 51603  205.65513  114 1355  199.00000  214.06368  7.57%   347 1080s
 82944 52426  213.61573   36 2074  199.00000  214.06368  7.57%   345 1093s
 84553 53035  211.21785   54 1824  199.00000  214.06368  7.57%   345 1106s
 85825 52652  208.19037   93 1683  199.00000  214.06368  7.57%   346 1149s
H85828 48538                     200.0000000  214.06368  7.03%   346 1149s
 85890 49596  208.04307   94 1647  200.00000  214.05042  7.03%   347 1163s
 87097 50087  213.46125   32 1957  200.00000  214.05042  7.03%   349 1178s
 88127 50895  209.84924   74 1576  200.00000  214.05042  7.03%   351 1194s
 89341 52025  201.21053  212  706  200.00000  214.03699  7.02%   354 1212s
 91256 52531  211.32667   55 1833  200.00000  214.01657  7.01%   355 1228s
 92441 53874     cutoff  143       200.00000  214.01133  7.01%   358 1247s
 94499 54722  209.95864   74 1536  200.00000  214.00886  7.00%   360 1269s
 96140 55694  212.19212   48 1843  200.00000  214.00253  7.00%   363 1294s
 97963 57820  213.75858   31 2003  200.00000  214.00253  7.00%   366 1322s
 101031 59518  202.27247  157 1166  200.00000  213.98785  6.99%   368 1350s
 104109 60556  209.63791   77 1690  200.00000  213.96587  6.98%   367 1371s
 106250 61579  212.76754   39 1926  200.00000  213.96564  6.98%   368 1391s
 108267 62714     cutoff  141       200.00000  213.96225  6.98%   370 1413s
 110410 63638  210.03666   65 1578  200.00000  213.94067  6.97%   371 1435s
 112205 64259  212.13887   51 1903  200.00000  213.93841  6.97%   373 1456s
 113626 65080  207.28656   92 1475  200.00000  213.93778  6.97%   375 1482s
 115054 66555  212.87297   44 1961  200.00000  213.93778  6.97%   376 1507s
 117231 67845  207.50418  116 1566  200.00000  213.93005  6.97%   378 1530s
 119515 69647  212.85791   42 2076  200.00000  213.93005  6.97%   377 1554s
 122364 69928  202.95236  171  881  200.00000  213.92012  6.96%   376 1575s
 123756 71528  211.57780   56 1785  200.00000  213.92012  6.96%   377 1595s
 126087 73147  203.98410  144 1043  200.00000  213.90657  6.95%   377 1615s
 128875 73451  211.89377   58 1863  200.00000  213.89581  6.95%   376 1632s
 130211 74421  213.49887   34 2113  200.00000  213.89581  6.95%   378 1659s
 131822 75181  210.04626   82 1671  200.00000  213.89271  6.95%   378 1678s
 133339 76718  212.97466   39 2026  200.00000  213.89271  6.95%   380 1698s
 135737 77047  206.35405  104 1388  200.00000  213.88019  6.94%   380 1716s
 137036 78676  211.69104   55 1717  200.00000  213.87952  6.94%   382 1737s
 139433 81182 infeasible   40       200.00000  213.86684  6.93%   382 1760s
 142779 82852  213.59429   34 2067  200.00000  213.86343  6.93%   380 1783s
 144537 84197  204.47198  133 1105  200.00000  213.86287  6.93%   382 1810s
 146186 86855  209.61322   87 1630  200.00000  213.85608  6.93%   383 1838s
 149207 88882  210.99738   59 1831  200.00000  213.84162  6.92%   384 1863s
 151454 90521  213.15522   39 1983  200.00000  213.83999  6.92%   385 1887s
 153297 92210  206.33252  133 1236  200.00000  213.83959  6.92%   386 1912s
 155308 94334  212.10331   44 1867  200.00000  213.83059  6.92%   388 1937s
 157824 96610  212.85672   38 1847  200.00000  213.82987  6.91%   389 1962s
 160453 97956  212.83989   41 1676  200.00000  213.82683  6.91%   390 1985s
 161872 101851  209.52429   79 1473  200.00000  213.82563  6.91%   392 2018s
 166157 104485  212.28796   38 1865  200.00000  213.82124  6.91%   389 2045s
 169208 105122  213.46318   33 2086  200.00000  213.81078  6.91%   388 2060s
 169879 106781  212.40840   42 1879  200.00000  213.81078  6.91%   390 2082s
 171792 108226  209.18060   65 1538  200.00000  213.80933  6.90%   391 2103s
 173538 110113  212.96907   40 1902  200.00000  213.80933  6.90%   392 2124s
 175692 111123  206.16676  113 1477  200.00000  213.80511  6.90%   393 2145s
 176788 113247  211.68124   49 1681  200.00000  213.80511  6.90%   395 2167s
 179139 115226  204.85010  141  856  200.00000  213.79693  6.90%   396 2191s
 181525 117016  211.81376   55 1747  200.00000  213.79655  6.90%   396 2213s
 183597 118767  213.24931   36 2054  200.00000  213.79104  6.90%   397 2234s
 185577 120318  201.13463  149  911  200.00000  213.78935  6.89%   398 2256s
 187422 120991  206.74967   97 1351  200.00000  213.78301  6.89%   399 2282s
 188181 122997  212.75942   40 1951  200.00000  213.78301  6.89%   400 2307s
 190440 124719  204.39124  139 1060  200.00000  213.78101  6.89%   400 2330s
 192414 125872  210.37640   66 1775  200.00000  213.78101  6.89%   401 2355s
 193784 127886  206.93895  112 1524  200.00000  213.77620  6.89%   401 2383s
 196095 130723  211.70764   52 1617  200.00000  213.77165  6.89%   402 2411s
 199218 133355  213.17690   35 2032  200.00000  213.76868  6.88%   403 2439s
 202239 134639  213.11253   33 1924  200.00000  213.76711  6.88%   402 2460s
 203571 136445  209.76809   54 1685  200.00000  213.76168  6.88%   404 2484s
 205763 138461  213.13064   45 2030  200.00000  213.76168  6.88%   405 2506s
 207998 140039  205.46075  140 1415  200.00000  213.76090  6.88%   405 2536s
 209930 141960  211.33570   62 1875  200.00000  213.75361  6.88%   406 2559s
 212031 144083  213.55696   33 2102  200.00000  213.75361  6.88%   406 2582s
 214434 146198  204.45592  125  759  200.00000  213.74932  6.87%   406 2605s
 216758 147702  208.38058   87 1431  200.00000  213.74654  6.87%   406 2626s
 218479 149599  212.52180   42 1921  200.00000  213.74614  6.87%   407 2648s
 220679 151101  203.15773  127 1125  200.00000  213.73831  6.87%   407 2671s
 222391 152309  211.80421   45 1743  200.00000  213.73569  6.87%   408 2696s
 223704 155350  209.38168   72 1202  200.00000  213.73517  6.87%   410 2723s
 227170 157156  211.39942   52 1811  200.00000  213.73079  6.87%   409 2746s
 229140 159150  213.33772   35 2115  200.00000  213.73079  6.87%   409 2768s
 231447 159905     cutoff  181       200.00000  213.72674  6.86%   409 2794s
 232283 161734  212.59847   41 1995  200.00000  213.72669  6.86%   410 2820s
 234417 163901  208.77792   69 1548  200.00000  213.72610  6.86%   410 2843s
 236830 165499  213.09104   39 2084  200.00000  213.72610  6.86%   411 2866s
 238607 167435  206.48981  105 1441  200.00000  213.72228  6.86%   411 2894s
 240721 170498  211.98099   48 1662  200.00000  213.72228  6.86%   412 2927s
 244079 172403  208.18766   83 1366  200.00000  213.71836  6.86%   411 2947s
 246227 173283  213.27418   34 2101  200.00000  213.71836  6.86%   411 2968s
 247187 175076  210.26269   67 1798  200.00000  213.71599  6.86%   411 2988s
 249247 176571  213.62068   35 2101  200.00000  213.71401  6.86%   411 3011s
 250880 178788  210.06948   79 1751  200.00000  213.71261  6.86%   412 3032s
 253420 180202  213.46254   34 2158  200.00000  213.70901  6.85%   411 3051s
 254931 181691  209.46688   75 1605  200.00000  213.70901  6.85%   412 3076s
 256697 183658  212.51304   42 1950  200.00000  213.70863  6.85%   412 3101s
 258829 185573  202.88304  123 1399  200.00000  213.70597  6.85%   412 3123s

Cutting planes:
  Gomory: 46
  Cover: 1693
  Clique: 32
  MIR: 363
  StrongCG: 4
  Flow cover: 586
  GUB cover: 2
  Zero half: 530
  RLT: 337
  Relax-and-lift: 2

Explored 261095 nodes (107710002 simplex iterations) in 3124.63 seconds (3604.85 work units)
Thread count was 20 (of 20 available processors)

Solution count 10: 200 199 198 ... 191

Work limit reached
Best objective 2.000000000000e+02, best bound 2.130000000000e+02, gap 6.5000%

User-callback calls 723825, time in user-callback 0.52 sec
