
Gurobi 11.0.2 (win64) logging started Wed Jan 22 01:16:58 2025

Set parameter LogFile to value "C:\Users\yshimane3\Documents\codes\dev-julia\TelescopeTasking.jl\scripts\solutions_JASS\logs\log_MTTP4_targetS1_E1_Gurobi.log"
Set parameter Method to value 0

Gurobi 11.0.2 (win64) logging started Wed Jan 22 01:17:35 2025

Set parameter LogFile to value "C:\Users\yshimane3\Documents\codes\dev-julia\TelescopeTasking.jl\scripts\solutions_JASS\logs\log_MTTP4_targetS1_E1_Gurobi.log"
Gurobi Optimizer version 11.0.2 build v11.0.2rc0 (win64 - Windows 11.0 (22621.2))

CPU model: 12th Gen Intel(R) Core(TM) i7-12700, instruction set [SSE2|AVX|AVX2]
Thread count: 12 physical cores, 20 logical processors, using up to 20 threads

Optimize a model with 10386798 rows, 10591 columns and 20781237 nonzeros
Model fingerprint: 0x5867baa8
Variable types: 0 continuous, 10591 integer (10591 binary)
Coefficient statistics:
  Matrix range     [1e+00, 1e+00]
  Objective range  [1e+00, 1e+00]
  Bounds range     [0e+00, 0e+00]
  RHS range        [1e+00, 2e+00]
Found heuristic solution: objective -0.0000000
Presolve removed 10334760 rows and 0 columns
Presolve time: 2.45s
Presolved: 52038 rows, 10591 columns, 111717 nonzeros
Variable types: 0 continuous, 10591 integer (10591 binary)
Found heuristic solution: objective 1073.0000000

Root simplex log...

Iteration    Objective       Primal Inf.    Dual Inf.      Time
   14658    1.2646205e+03   0.000000e+00   6.686171e+04      5s
   27083    1.3381784e+03   0.000000e+00   1.374525e+03     10s
   31398    1.3398701e+03   0.000000e+00   0.000000e+00     12s

Root relaxation: objective 1.339870e+03, 31398 iterations, 7.85 seconds (11.10 work units)
Total elapsed time = 11.85s (DegenMoves)

    Nodes    |    Current Node    |     Objective Bounds      |     Work
 Expl Unexpl |  Obj  Depth IntInf | Incumbent    BestBd   Gap | It/Node Time

     0     0 1339.87015    0 3606 1073.00000 1339.87015  24.9%     -   13s
H    0     0                    1240.0000000 1339.87015  8.05%     -   13s
H    0     0                    1245.0000000 1339.87015  7.62%     -   13s
H    0     0                    1263.0000000 1339.87015  6.09%     -   15s
H    0     0                    1279.0000000 1336.74734  4.52%     -   20s
     0     0 1336.74734    0 3299 1279.00000 1336.74734  4.52%     -   20s
H    0     0                    1280.0000000 1336.74734  4.43%     -   20s
H    0     0                    1283.0000000 1336.74734  4.19%     -   20s
     0     0 1336.70294    0 3273 1283.00000 1336.70294  4.19%     -   22s
     0     0 1336.68107    0 3270 1283.00000 1336.68107  4.18%     -   22s
     0     0 1336.55833    0 3390 1283.00000 1336.55833  4.17%     -   23s
H    0     0                    1285.0000000 1336.55269  4.01%     -   24s
     0     0 1336.55269    0 3388 1285.00000 1336.55269  4.01%     -   24s
H    0     0                    1288.0000000 1336.55269  3.77%     -   24s
     0     0 1336.55269    0 3389 1288.00000 1336.55269  3.77%     -   24s
     0     0 1336.55269    0 3319 1288.00000 1336.55269  3.77%     -   24s
H    0     0                    1289.0000000 1336.55269  3.69%     -   24s
     0     0 1336.55269    0 3322 1289.00000 1336.55269  3.69%     -   24s
     0     0 1336.55269    0 3322 1289.00000 1336.55269  3.69%     -   25s
     0     0 1336.55238    0 3322 1289.00000 1336.55238  3.69%     -   25s
H    0     0                    1296.0000000 1336.55218  3.13%     -   41s
     0     2 1336.55218    0 3322 1296.00000 1336.55218  3.13%     -   41s
    15    28 1336.34228    4 3324 1296.00000 1336.42162  3.12%  1336   45s
    27    40 1336.25312    5 3278 1296.00000 1336.40688  3.12%  1612   54s
H   28    40                    1297.0000000 1336.40688  3.04%  1555   54s
    39    52 1336.25136    5 3287 1297.00000 1336.40617  3.04%  1519   55s
H   70    77                    1298.0000000 1336.37883  2.96%  1397   59s
    76    90 1336.21346    7 3325 1298.00000 1336.36394  2.96%  1427   60s
H   89   106                    1301.0000000 1336.36389  2.72%  1423   62s
H  105   118                    1302.0000000 1336.32279  2.64%  1383   64s
H  115   118                    1303.0000000 1336.32279  2.56%  1427   64s
   117   132 1336.03157    9 3245 1303.00000 1336.32279  2.56%  1439   65s
H  132   150                    1304.0000000 1336.32279  2.48%  1407   67s
H  139   150                    1305.0000000 1336.32279  2.40%  1388   67s
H  147   150                    1306.0000000 1336.32279  2.32%  1366   67s
H  149   165                    1307.0000000 1336.32279  2.24%  1359   69s
H  160   165                    1308.0000000 1336.32279  2.17%  1372   69s
   164   197 1335.98845   11 3230 1308.00000 1336.32279  2.17%  1389   71s
H  196   209                    1310.0000000 1336.32279  2.01%  1342   81s
H  203   209                    1311.0000000 1336.32279  1.93%  1332   81s
   208   243 1335.78734   13 3207 1311.00000 1336.32279  1.93%  1333   85s
H  242   256                    1318.0000000 1336.32279  1.39%  1319  110s
   288   328 1335.65646   20 3148 1318.00000 1336.32279  1.39%  1349  116s
   358   409 1335.48840   23 3241 1318.00000 1336.32279  1.39%  1352  123s
   408   462 1335.40480   27 3202 1318.00000 1336.32279  1.39%  1338  127s
   461   521 1335.30644   30 3225 1318.00000 1336.32279  1.39%  1290  130s
   576   628 1335.15602   37 3160 1318.00000 1336.32279  1.39%  1206  137s
   627   672 1335.03408   41 3154 1318.00000 1336.32279  1.39%  1198  141s
   671   730 1335.01711   42 3131 1318.00000 1336.32279  1.39%  1205  145s
   729   772 1334.90024   45 3204 1318.00000 1336.32279  1.39%  1206  150s
   832   896 1334.75714   49 3293 1318.00000 1336.32279  1.39%  1225  158s
   895   944 1334.59484   50 3222 1318.00000 1336.32279  1.39%  1213  164s
   943  1004 1334.52444   52 3179 1318.00000 1336.32279  1.39%  1233  170s
  1003  1062 1334.38842   55 3256 1318.00000 1336.32279  1.39%  1233  175s
  1061  1112 1334.19471   58 3224 1318.00000 1336.32279  1.39%  1243  180s
  1111  1157 1334.09502   65 3285 1318.00000 1336.32279  1.39%  1272  208s
H 1122  1157                    1320.0000000 1336.32279  1.24%  1274  208s
  1156  1231 1334.00399   67 3230 1320.00000 1336.32279  1.24%  1280  214s
  1230  1301 1333.87056   69 3206 1320.00000 1336.32279  1.24%  1277  220s
  1300  1399 1333.72442   75 3174 1320.00000 1336.32279  1.24%  1281  226s
  1398  1478 1333.45142   83 3085 1320.00000 1336.32279  1.24%  1266  233s
  1477  1562 1333.21897   87 3065 1320.00000 1336.32279  1.24%  1270  240s
  1561  1653 1333.22661   92 3088 1320.00000 1336.32279  1.24%  1269  247s
  1652  1751 1333.03062  101 3045 1320.00000 1336.32279  1.24%  1284  254s
  1750  1854 1332.70015  107 3028 1320.00000 1336.32279  1.24%  1278  262s
  1853  1986 1332.59288  112 3014 1320.00000 1336.32279  1.24%  1270  270s
  1985  2087 1332.24517  121 2917 1320.00000 1336.32279  1.24%  1251  284s
  2086  2224 1332.08687  129 2913 1320.00000 1336.32279  1.24%  1245  293s
  2223  2365 1331.89436  143 2849 1320.00000 1336.32279  1.24%  1234  302s
  2364  2540 1331.61039  154 2812 1320.00000 1336.32279  1.24%  1220  311s
  2539  2707 1331.30908  162 2715 1320.00000 1336.32279  1.24%  1195  320s
  2706  2890 1331.00037  169 2843 1320.00000 1336.32279  1.24%  1179  329s
  2889  3097 1330.70202  177 2825 1320.00000 1336.32279  1.24%  1161  339s
  3096  3311 1330.15366  189 2819 1320.00000 1336.32279  1.24%  1139  349s
H 3310  3323                    1322.0000000 1336.32279  1.08%  1117  446s
H 3318  3323                    1323.0000000 1336.32279  1.01%  1116  446s
  3322  3537 1329.85044  211 2669 1323.00000 1336.32279  1.01%  1115  455s
  3536  3778 1329.29199  230 2692 1323.00000 1336.32279  1.01%  1101  466s
  3777  4079 1328.73331  246 2429 1323.00000 1336.32279  1.01%  1083  478s
  4078  4392 1328.39882  264 2377 1323.00000 1336.32279  1.01%  1053  489s
  4391  4772 1327.83439  285 2376 1323.00000 1336.32279  1.01%  1027  501s
  4771  5177 1327.37231  323 2282 1323.00000 1336.32279  1.01%   993  514s
  5176  5345 1326.84753  355 2058 1323.00000 1336.32279  1.01%   962  532s
  5344  5727 1326.58712  355 2122 1323.00000 1336.32279  1.01%   952  545s
  5756  6062 1325.72801  379 1726 1323.00000 1336.32279  1.01%   931  559s
  6144  6253 1324.51449  411 1664 1323.00000 1336.31359  1.01%   917  574s
  6436  6415 1335.74334   12 3280 1323.00000 1336.31359  1.01%   916  588s
  6626  6599 1335.52715   15 3262 1323.00000 1336.31359  1.01%   926  603s
  6810  6821 1335.08303   24 3115 1323.00000 1336.31359  1.01%   938  619s
  7032  7088 1334.32074   32 2916 1323.00000 1336.31359  1.01%   947  635s
  7299  7348 1333.45810   44 2829 1323.00000 1336.31359  1.01%   951  652s
  7559  7649 1332.82303   53 2658 1323.00000 1336.31359  1.01%   958  670s
  7860  8006 1332.28869   64 2842 1323.00000 1336.31359  1.01%   962  689s
  8217  8052 1331.65452   75 2485 1323.00000 1336.31359  1.01%   960  710s
H 8261  7766                    1324.0000000 1336.31359  0.93%   960  710s
  8263  8156 1331.69024   76 2601 1324.00000 1336.31359  0.93%   960  730s
  8655  8505 1330.96146   86 2558 1324.00000 1336.31359  0.93%   958  750s
  9039  8506 1334.20570   58 3339 1324.00000 1336.31359  0.93%   960  832s
  9041  8507 1336.04300    8 3609 1324.00000 1336.31359  0.93%   959  851s
  9042  8508 1329.19862  269 3386 1324.00000 1336.31359  0.93%   959  857s
  9043  8509 1330.87468  175 3356 1324.00000 1336.31359  0.93%   959  862s
  9045  8510 1329.39137  133 3389 1324.00000 1336.31359  0.93%   959  868s
  9047  8511 1335.86773   11 3402 1324.00000 1336.31359  0.93%   959  873s
  9049  8513 1335.66843   12 3387 1324.00000 1336.31359  0.93%   959  878s
  9050  8513 1328.27507  292 3385 1324.00000 1336.31359  0.93%   959  882s
  9051  8514 1330.72305   97 3343 1324.00000 1336.31359  0.93%   958  887s
  9052  8515 1329.41607  196 3343 1324.00000 1336.31359  0.93%   958  896s
  9059  8528 1336.28724   17 3323 1324.00000 1336.31359  0.93%   964  901s
  9091  8554 1336.08890   19 3469 1324.00000 1336.19392  0.92%   968  905s
  9127  8578 1335.99977   21 3436 1324.00000 1336.10220  0.91%   970  944s
  9139  8586 1335.94303   21 3449 1324.00000 1336.10220  0.91%   971  946s
  9163  8603 1335.89376   22 3451 1324.00000 1336.08889  0.91%   973  950s
  9188  8621 1335.66285   23 3339 1324.00000 1336.08889  0.91%   976  955s
  9219  8642 1335.67373   24 3297 1324.00000 1336.08889  0.91%   980  962s
  9234  8656 1335.59630   25 3323 1324.00000 1336.08889  0.91%   983  965s
  9270  8679 1335.50590   26 3373 1324.00000 1336.08889  0.91%   987  970s
  9306  8700 1335.32851   28 3373 1324.00000 1336.08889  0.91%   992  977s
H 9308  8273                    1325.0000000 1336.08889  0.84%   992  977s
  9321  8285 1335.28065   28 3371 1325.00000 1336.08889  0.84%   994  981s
  9361  8308 1335.24161   30 3326 1325.00000 1336.08889  0.84%  1001  998s
H 9363  7902                    1326.0000000 1336.08889  0.76%  1001  998s
  9373  7915 1335.02273   30 3319 1326.00000 1336.08889  0.76%  1002 1001s
  9414  7952 1335.15279   32 3369 1326.00000 1336.08889  0.76%  1007 1008s
  9440  7968 1335.09924   33 3373 1326.00000 1336.08889  0.76%  1009 1013s
  9465  7995 1334.98200   34 3375 1326.00000 1336.08889  0.76%  1014 1016s
  9500  8013 1334.83174   36 3358 1326.00000 1336.08889  0.76%  1016 1020s
  9530  8033 1334.77191   37 3374 1326.00000 1336.08889  0.76%  1018 1025s
  9594  8076 1334.59716   39 3272 1326.00000 1336.08889  0.76%  1023 1033s
  9624  8095 1334.51052   41 3240 1326.00000 1336.08889  0.76%  1027 1038s
  9653  8122 1334.48556   42 3238 1326.00000 1336.08889  0.76%  1031 1043s
  9690  8156 1334.29301   44 3169 1326.00000 1336.08889  0.76%  1035 1048s
  9736  8187 1334.19471   46 3164 1326.00000 1336.08889  0.76%  1037 1053s
  9782  8215 1334.13200   48 3191 1326.00000 1336.08889  0.76%  1039 1058s
  9826  8253 1334.02522   49 3160 1326.00000 1336.08889  0.76%  1042 1063s
  9878  8289 1333.93686   52 3149 1326.00000 1336.08889  0.76%  1044 1068s
  9932  8331 1333.83207   54 3178 1326.00000 1336.08889  0.76%  1046 1075s
  9992  8359 1333.53012   56 3150 1326.00000 1336.08889  0.76%  1049 1081s
 10040  8412 1333.42866   58 3155 1326.00000 1336.08889  0.76%  1052 1087s
 10109  8401 1333.21747   61 3156 1326.00000 1336.08889  0.76%  1054 1227s
H10112  8015                    1327.0000000 1336.08889  0.68%  1054 1227s
 10121  8061 1333.13037   61 3020 1327.00000 1336.08889  0.68%  1055 1233s
 10170  8114 1333.02691   63 3200 1327.00000 1336.08889  0.68%  1057 1239s
 10239  8167 1332.61481   66 3082 1327.00000 1336.08889  0.68%  1060 1245s
 10315  8222 1332.56649   68 3036 1327.00000 1336.08889  0.68%  1062 1253s
 10395  8282 1332.26789   71 3071 1327.00000 1336.08889  0.68%  1064 1260s
 10482  8341 1331.77490   74 2970 1327.00000 1336.08889  0.68%  1066 1269s
 10570  8402 1331.61031   76 2892 1327.00000 1336.08889  0.68%  1070 1276s
 10660  8463 1331.38615   79 2863 1327.00000 1336.08889  0.68%  1072 1284s
 10751  8540 1330.91954   83 2929 1327.00000 1336.08889  0.68%  1075 1292s
 10859  8621 1330.52732   87 2929 1327.00000 1336.08889  0.68%  1077 1301s
 10976  8686 1330.17919   93 2651 1327.00000 1336.08889  0.68%  1079 1310s
 11080  8786 1329.91394   97 2723 1327.00000 1336.08889  0.68%  1082 1319s
 11214  8905 1329.75157  103 2512 1327.00000 1336.08889  0.68%  1083 1328s
 11378  9004 1329.40487  112 2456 1327.00000 1336.08889  0.68%  1082 1338s
 11532  9117 1329.06690  120 2317 1327.00000 1336.08889  0.68%  1082 1348s
 11696  9245 1328.93048  129 2318 1327.00000 1336.08889  0.68%  1082 1359s
 11879  9345 1328.70679  136 2277 1327.00000 1336.08889  0.68%  1081 1370s
 12044  9472 1328.56288  143 2057 1327.00000 1336.08889  0.68%  1082 1381s
 12238  9598 1328.30881  151 2389 1327.00000 1336.08889  0.68%  1081 1392s
 12464  9695 1328.00287  162 2407 1327.00000 1336.08709  0.68%  1079 1404s
 12668  9824 1335.52568   25 3438 1327.00000 1336.08709  0.68%  1078 1416s
 12893  9898 1334.92646   31 3214 1327.00000 1336.08709  0.68%  1076 1428s
 13124  9986 1334.50966   36 3221 1327.00000 1336.08709  0.68%  1075 1441s
 13350 10098 1334.13084   40 3056 1327.00000 1336.08709  0.68%  1073 1454s
 13561 10216 1333.58574   49 3013 1327.00000 1336.08709  0.68%  1073 1468s
 13783 10149 1333.07769   59 3005 1327.00000 1336.08709  0.68%  1073 1544s
 13800 10306 1333.02132   60 2986 1327.00000 1336.08709  0.68%  1072 1559s
 13963 10509 1332.54209   69 2875 1327.00000 1336.08709  0.68%  1072 1573s
 14220 10684 1331.83068   79 2607 1327.00000 1336.08709  0.68%  1070 1588s
 14491 10885 1331.25525   87 2853 1327.00000 1336.08709  0.68%  1069 1605s
 14812 11039 1331.18642   91 2803 1327.00000 1336.08709  0.68%  1064 1621s
 15103 11213 1330.65560  104 2569 1327.00000 1336.08709  0.68%  1063 1638s
 15404 11418 1330.33514  113 2348 1327.00000 1336.08709  0.68%  1062 1656s
 15710 11639 1329.84108  126 2412 1327.00000 1336.08709  0.68%  1061 1675s
 16043 11914 1329.25620  158 2318 1327.00000 1336.08709  0.68%  1059 1695s
 16429 12157 1328.93162  168 2141 1327.00000 1336.08709  0.68%  1056 1715s
 16824 12349 1328.57202  180 2165 1327.00000 1336.08709  0.68%  1053 1736s
 17253 12499 1328.43770  197 2457 1327.00000 1335.99580  0.68%  1049 1757s
 17637 12663 1335.67136   21 3344 1327.00000 1335.99580  0.68%  1048 1782s
 17986 13058 1335.20214   28 3220 1327.00000 1335.99580  0.68%  1050 1816s
 18524 13244 1334.28441   40 3092 1327.00000 1335.99580  0.68%  1052 1842s
 18929 13409 1333.31152   51 2959 1327.00000 1335.99580  0.68%  1053 1870s
 19241 13751 1332.47228   60 2858 1327.00000 1335.99580  0.68%  1052 1899s
 19701 14142 1331.50512   75 2605 1327.00000 1335.99580  0.68%  1053 1929s
 20255 14454 1330.61621   93 2524 1327.00000 1335.99580  0.68%  1051 1958s
 20793 14755 1329.96134  113 2510 1327.00000 1335.99580  0.68%  1050 1989s
 21356 15159 1328.83863  134 2382 1327.00000 1335.99580  0.68%  1049 2020s
 21950 15484 1328.66087  155 2250 1327.00000 1335.99580  0.68%  1046 2053s
 22576 15648 1328.14914  179 2525 1327.00000 1335.93325  0.67%  1043 2096s
 23058 16012 1333.64074   45 3035 1327.00000 1335.90234  0.67%  1042 2136s
 23677 15855 1329.70609   96 2763 1327.00000 1335.90234  0.67%  1041 2198s
H23738 12705                    1328.0000000 1335.90234  0.60%  1040 2198s
 23781 13197 1329.63963   97 2719 1328.00000 1335.89924  0.59%  1040 2238s
 24445 13613 1333.71026   44 3131 1328.00000 1335.89557  0.59%  1041 2281s

Cutting planes:
  Gomory: 7
  Clique: 49
  Flow cover: 7
  Zero half: 52
  Mod-K: 3

Explored 25206 nodes (26244313 simplex iterations) in 2281.83 seconds (3628.44 work units)
Thread count was 20 (of 20 available processors)

Solution count 10: 1328 1327 1326 ... 1311

Work limit reached
Best objective 1.328000000000e+03, best bound 1.335000000000e+03, gap 0.5271%

User-callback calls 166115, time in user-callback 0.23 sec
