
Gurobi 11.0.2 (win64) logging started Wed Jan 22 01:58:21 2025

Set parameter LogFile to value "C:\Users\yshimane3\Documents\codes\dev-julia\TelescopeTasking.jl\scripts\solutions_JASS\logs\log_MTTP4_targetS1_E3_Gurobi.log"
Set parameter Method to value 0

Gurobi 11.0.2 (win64) logging started Wed Jan 22 01:58:52 2025

Set parameter LogFile to value "C:\Users\yshimane3\Documents\codes\dev-julia\TelescopeTasking.jl\scripts\solutions_JASS\logs\log_MTTP4_targetS1_E3_Gurobi.log"
Gurobi Optimizer version 11.0.2 build v11.0.2rc0 (win64 - Windows 11.0 (22621.2))

CPU model: 12th Gen Intel(R) Core(TM) i7-12700, instruction set [SSE2|AVX|AVX2]
Thread count: 12 physical cores, 20 logical processors, using up to 20 threads

Optimize a model with 10386798 rows, 10591 columns and 20781237 nonzeros
Model fingerprint: 0x212b3313
Variable types: 0 continuous, 10591 integer (10591 binary)
Coefficient statistics:
  Matrix range     [1e+00, 3e+00]
  Objective range  [1e+00, 1e+00]
  Bounds range     [0e+00, 0e+00]
  RHS range        [1e+00, 2e+00]
Found heuristic solution: objective -0.0000000
Presolve removed 10337608 rows and 374 columns
Presolve time: 2.24s
Presolved: 49190 rows, 10217 columns, 105947 nonzeros
Variable types: 0 continuous, 10217 integer (10217 binary)
Found heuristic solution: objective 58.0000000

Root relaxation: objective 4.500556e+02, 5730 iterations, 0.02 seconds (0.02 work units)

    Nodes    |    Current Node    |     Objective Bounds      |     Work
 Expl Unexpl |  Obj  Depth IntInf | Incumbent    BestBd   Gap | It/Node Time

     0     0  450.05556    0  377   58.00000  450.05556   676%     -    4s
H    0     0                     341.0000000  450.05556  32.0%     -    4s
H    0     0                     347.0000000  450.05556  29.7%     -    4s
H    0     0                     352.0000000  450.05556  27.9%     -    4s
H    0     0                     361.0000000  450.05556  24.7%     -    4s
     0     0  448.66667    0  663  361.00000  448.66667  24.3%     -    4s
H    0     0                     380.0000000  448.66667  18.1%     -    4s
     0     0  448.66667    0  665  380.00000  448.66667  18.1%     -    4s
     0     0  448.66667    0 1468  380.00000  448.66667  18.1%     -    4s
H    0     0                     383.0000000  448.66667  17.1%     -    4s
H    0     0                     385.0000000  448.66667  16.5%     -    4s
     0     0  448.66667    0 1143  385.00000  448.66667  16.5%     -    4s
H    0     0                     386.0000000  448.66667  16.2%     -    6s
H    0     0                     390.0000000  448.66667  15.0%     -    6s
H    0     0                     391.0000000  448.66667  14.7%     -    6s
H    0     0                     394.0000000  448.66667  13.9%     -    6s
H    0     0                     395.0000000  448.66667  13.6%     -    6s
H    0     0                     396.0000000  448.66667  13.3%     -    6s
H    0     0                     398.0000000  448.66667  12.7%     -    6s
H    0     0                     399.0000000  448.66667  12.4%     -    6s
H    0     0                     400.0000000  448.66667  12.2%     -    6s
H    0     0                     401.0000000  448.66667  11.9%     -    6s
H    0     0                     403.0000000  448.66667  11.3%     -    6s
H    0     0                     405.0000000  448.66667  10.8%     -    6s
     0     0  448.66667    0  281  405.00000  448.66667  10.8%     -    6s
H    0     0                     407.0000000  448.66667  10.2%     -    6s
     0     0  448.66667    0  815  407.00000  448.66667  10.2%     -    6s
     0     0  448.66667    0  269  407.00000  448.66667  10.2%     -    7s
     0     0  448.66667    0  249  407.00000  448.66667  10.2%     -    7s
H    0     0                     410.0000000  448.66667  9.43%     -    8s
H    0     0                     411.0000000  448.66667  9.16%     -    8s
     0     2  448.66667    0  246  411.00000  448.66667  9.16%     -    8s
    27    40  448.33333    5 2092  411.00000  448.66667  9.16%  2630   13s
H   31    40                     413.0000000  448.66667  8.64%  2533   13s
H   75    88                     417.0000000  448.66667  7.59%  1728   16s
H  124   137                     418.0000000  448.66667  7.34%  1210   21s
H  125   137                     419.0000000  448.66667  7.08%  1206   21s
H  132   137                     422.0000000  448.66667  6.32%  1303   21s
H  169   212                     423.0000000  448.66667  6.07%  1206   24s
H  173   212                     424.0000000  448.66667  5.82%  1189   24s
H  183   212                     425.0000000  448.66667  5.57%  1143   24s
   211   326  448.33333   17 1652  425.00000  448.66667  5.57%  1047   25s
H  325   370                     426.0000000  448.66667  5.32%   797   29s
H  339   370                     427.0000001  448.66667  5.07%   778   29s
   369   773  448.33333   22 1769  427.00000  448.66667  5.07%   729   32s
   772  1278  448.33333   29 1820  427.00000  448.66667  5.07%   478   36s
  1277  2053  448.33333   41 1754  427.00000  448.66667  5.07%   397   40s
  2052  3247  448.33333   62 1479  427.00000  448.66667  5.07%   331   46s
  3248  4411  448.33333   97 1385  427.00000  448.66667  5.07%   279   50s
  5603  6882  448.09576  191 1157  427.00000  448.66667  5.07%   229   58s
H 6889  6894                     428.0000000  448.66667  4.83%   213   68s
H 6890  6894                     429.0000000  448.66667  4.58%   213   68s
  6901  7870  447.48648  226 1334  429.00000  448.66667  4.58%   213   72s
  7879  9105  446.85455  258 1420  429.00000  448.66667  4.58%   204   76s
H 8393  9105                     430.0000000  448.66667  4.34%   199   76s
  9119  9106  448.26316  140 3176  430.00000  448.66667  4.34%   195   83s
  9124  9109  447.61111  161 2012  430.00000  448.66667  4.34%   195   85s
H 9125  8654                     431.0000000  448.66667  4.10%   195   88s
  9128  8656  446.77442  276  255  431.00000  448.66667  4.10%   195   90s
  9140  8664  448.18671  177  176  431.00000  448.66667  4.10%   195   95s
  9217  8726  448.66667   18  179  431.00000  448.66667  4.10%   207  103s
H 9226  8289                     432.0000000  448.66667  3.86%   207  103s
H 9265  7910                     433.0000000  448.66667  3.62%   208  110s
  9656  8698  448.66667   34  934  433.00000  448.66667  3.62%   218  116s
 10205  9328  448.66667   51  147  433.00000  448.66667  3.62%   223  120s
 11793 10441  448.66667  100  242  433.00000  448.66667  3.62%   235  128s
 12668 11145  448.33333  132  454  433.00000  448.66667  3.62%   234  132s
 13671 11152  448.33333  189  267  433.00000  448.66667  3.62%   235  139s
H13717 10745                     434.0000000  448.66667  3.38%   235  140s
 15303 12898  447.64583  214  602  434.00000  448.66667  3.38%   225  149s
 16709 13911  447.33333  271  287  434.00000  448.66667  3.38%   216  153s
 18205 15578  446.88889  311  715  434.00000  448.66667  3.38%   208  159s
 20347 14864  448.00000  300  224  434.00000  448.66667  3.38%   198  160s
 21587 16620  445.83333  427  293  434.00000  448.66667  3.38%   193  166s
 23619 18132  444.71759  538  318  434.00000  448.66667  3.38%   188  172s
 24877 17920  443.97222  598  226  434.00000  448.66667  3.38%   185  179s
H25084 17424                     435.0000000  448.66667  3.14%   184  179s
 25087 18615  443.55556  644  261  435.00000  448.66667  3.14%   184  183s
 26317 18217  443.15278  644  295  435.00000  448.66667  3.14%   181  201s
 26329 19387  443.22222  645  238  435.00000  448.66667  3.14%   181  206s
 27558 20362  441.77778  700  139  435.00000  448.66667  3.14%   180  210s
 28961 21218  440.66667  757  110  435.00000  448.66667  3.14%   178  215s
 30435 22244  436.85000  828  341  435.00000  448.66667  3.14%   176  220s
 31994 24232  448.66667   72  273  435.00000  448.66667  3.14%   175  226s
 34123 25059  443.56389  343  501  435.00000  448.66667  3.14%   171  230s
 34968 27598  441.02778  450  390  435.00000  448.66667  3.14%   170  237s
 37610 27599  443.27778  433 3176  435.00000  448.66667  3.14%   165  301s
 37615 27602  447.51157  209 2183  435.00000  448.66667  3.14%   165  305s
 37617 27604  447.83333  151  188  435.00000  448.66667  3.14%   165  317s
 37619 27605  447.16667  239  447  435.00000  448.66667  3.14%   165  325s
 37621 27606  441.38889  565  446  435.00000  448.66667  3.14%   165  334s
 37622 27607  448.66667   60 1202  435.00000  448.66667  3.14%   165  337s
 37623 27608  447.38889  261  275  435.00000  448.66667  3.14%   165  345s
 37625 27609  446.66000  323  232  435.00000  448.66667  3.14%   165  354s
 37626 27610  447.83333  233  399  435.00000  448.66667  3.14%   165  357s
 37627 27610  448.66667   33  237  435.00000  448.66667  3.14%   165  367s
 37629 27612  446.65432  359  313  435.00000  448.66667  3.14%   165  378s
 37630 27612  446.84444  246  262  435.00000  448.66667  3.14%   165  380s
 37631 27613  446.58333  298  262  435.00000  448.66667  3.14%   165  387s
 37638 27627  448.66667   25  141  435.00000  448.66667  3.14%   170  392s
 37646 27636  448.66667   26  202  435.00000  448.66667  3.14%   170  396s
 37658 27644  448.66667   27  202  435.00000  448.66667  3.14%   171  400s
 37711 27679  448.66667   29  266  435.00000  448.66667  3.14%   173  409s
 37723 27694  448.66667   29  242  435.00000  448.66667  3.14%   173  410s
 37782 27792  448.66667   31  247  435.00000  448.66667  3.14%   175  416s
 37859 27877  448.66667   32  247  435.00000  448.66667  3.14%   179  433s
 37974 28330  448.66667   35 1143  435.00000  448.66667  3.14%   182  448s
 38468 28678  448.66667   47 1288  435.00000  448.66667  3.14%   195  472s
 38984 29799  448.66667   61  761  435.00000  448.66667  3.14%   209  502s
 40284 30022  448.66667  103  154  435.00000  448.66667  3.14%   232  528s
 40949 30881  448.66667  116  500  435.00000  448.66667  3.14%   242  552s
 42040 31130  448.16667  163 1023  435.00000  448.66667  3.14%   255  574s
 42655 32442  448.66123  177 1126  435.00000  448.66667  3.14%   258  598s
 44174 33508  448.61842  210 1154  435.00000  448.66667  3.14%   264  622s
H45752 31909                     436.0000000  448.66667  2.91%   268  654s
 46063 31937  448.28986  246  758  436.00000  448.66667  2.91%   268  678s
 46197 34090  448.52792  260 1283  436.00000  448.66667  2.91%   269  701s
 48452 35944  447.75000  345  565  436.00000  448.66667  2.91%   270  722s
 51127 37303  444.93651  487  338  436.00000  448.66667  2.91%   272  743s
 53488 38387  442.03704  608  200  436.00000  448.66667  2.91%   275  762s
 55505 40443  440.41667  715  227  436.00000  448.66667  2.91%   279  790s
 58317 41114  448.66667  106  486  436.00000  448.66667  2.91%   284  805s
 60005 40561  448.00000  199 1099  436.00000  448.66667  2.91%   285  847s
 60019 41558  448.00000  200 1070  436.00000  448.66667  2.91%   285  861s
 61050 43277  443.80533  365  890  436.00000  448.66667  2.91%   289  877s
 63192 43961  448.33333   72 1137  436.00000  448.66667  2.91%   288  893s
 64699 45541  446.04398  113 1293  436.00000  448.66667  2.91%   291  909s
 66686 44879  437.79167  849  111  436.00000  448.66667  2.91%   290  910s
 66896 47006  443.22546  164 1697  436.00000  448.66667  2.91%   291  927s
 69185 46983  440.06667  216 1218  436.00000  448.66667  2.91%   291  945s
 69997 49170  448.66667   74  632  436.00000  448.66667  2.91%   293  964s
 72647 49602  443.66667  458  518  436.00000  448.66667  2.91%   292  983s
 74030 51098  448.66667  158  870  436.00000  448.66667  2.91%   293 1013s
 76105 50780  448.62511  207 1470  436.00000  448.66667  2.91%   296 1050s
H76479 47834                     437.0000000  448.66667  2.67%   296 1050s
 76490 51188  448.62511  208 1505  437.00000  448.66667  2.67%   296 1084s
 79976 52172  440.66610  629  671  437.00000  448.66667  2.67%   299 1109s
 82241 54062  445.00000  385  507  437.00000  448.66667  2.67%   301 1134s
 85016 54576  448.66667   70  924  437.00000  448.66667  2.67%   301 1156s
 86599 56266  442.04762  298 1043  437.00000  448.66667  2.67%   305 1179s
 88855 56681  448.66667   50 1424  437.00000  448.66667  2.67%   305 1200s
H89433 52934                     438.0000000  448.66667  2.44%   304 1200s
 90048 54788  448.66667   51 1776  438.00000  448.66667  2.44%   303 1223s
 92279 57074  448.33333  115  848  438.00000  448.66667  2.44%   306 1252s
H95418 51796                     439.0000000  448.66667  2.20%   306 1286s
 95515 52534  444.80556  299 1203  439.00000  448.66667  2.20%   307 1304s
 96367 54500  440.37644  360 1293  439.00000  448.66667  2.20%   308 1326s
 98779 55699  445.16667  293  969  439.00000  448.66667  2.20%   308 1347s
 100939 55310  448.66667   83  662  439.00000  448.66667  2.20%   309 1378s
 101320 56533  448.66667   83  227  439.00000  448.66667  2.20%   309 1398s
 102770 57589  448.66667  123  340  439.00000  448.66667  2.20%   313 1420s
 104437 58518  448.29885  168  971  439.00000  448.66667  2.20%   315 1443s
 106031 59968  448.00000  188 1031  439.00000  448.66667  2.20%   318 1465s
 107746 61484  447.97333  209 1279  439.00000  448.66667  2.20%   321 1487s
 109312 63476  446.61712  294  979  439.00000  448.66667  2.20%   323 1509s
 111370 66271  445.63194  372  541  439.00000  448.66667  2.20%   325 1539s
 114312 67563  444.82977  480  813  439.00000  448.66667  2.20%   325 1559s
 115742 67794  443.94746  528  745  439.00000  448.66667  2.20%   326 1601s
 115999 69602  443.94329  529  830  439.00000  448.66667  2.20%   326 1626s
 117873 71728  442.87356  597  518  439.00000  448.66667  2.20%   326 1649s
 119663 71728  442.84484  514 1047  439.00000  448.66667  2.20%   327 1650s
 120077 73726  441.87664  652  422  439.00000  448.66667  2.20%   328 1673s
 122238 74029  440.84733  736  526  439.00000  448.66667  2.20%   328 1707s
 122541 75243  440.80320  737  500  439.00000  448.66667  2.20%   328 1733s
 123877 75889  448.66667   58 1095  439.00000  448.66667  2.20%   330 1758s
 124633 76897  448.66667   78  374  439.00000  448.66667  2.20%   334 1782s
 125710 78057  448.33333  104 1476  439.00000  448.66667  2.20%   338 1806s
 126870 80192  448.33333  136  728  439.00000  448.66667  2.20%   341 1834s
 129063 82024  448.00000  202  684  439.00000  448.66667  2.20%   343 1862s
 131016 83271  446.30769  266  835  439.00000  448.66667  2.20%   345 1887s
 132273 83283  443.80769  346  947  439.00000  448.66667  2.20%   348 1934s
 132285 83913  443.70917  346 1201  439.00000  448.66667  2.20%   348 1979s
H132498 77585                     440.0000000  448.66667  1.97%   349 1979s
 132956 79356  443.42720  390 1010  440.00000  448.66667  1.97%   351 2012s
 134745 81288  441.94030  438 1289  440.00000  448.66667  1.97%   354 2049s
 136917 83542  445.72222  217 1255  440.00000  448.66667  1.97%   358 2086s
 139406 85618  446.83333  159 1166  440.00000  448.66667  1.97%   360 2122s
 141649 87755  442.50926  239 1349  440.00000  448.66667  1.97%   362 2157s
 144016 89190  447.13889  208 1223  440.00000  448.66667  1.97%   364 2190s
 145726 91064  448.00000  158  996  440.00000  448.66667  1.97%   365 2222s
H147601 82737                     441.0000000  448.66667  1.74%   368 2291s
 147901 93604  448.66667   45 1594  441.00000  448.66667  1.74%   368 2467s
 159484 93860  442.13497  670  862  441.00000  448.66667  1.74%   377 2507s
 159836 95465  442.10189  671  772  441.00000  448.66667  1.74%   378 2542s
 161519 97245  447.55556  176  893  441.00000  448.66667  1.74%   380 2576s
 163357 99234  445.30556  351  731  441.00000  448.66667  1.74%   381 2611s
 165456 99375  443.22778  532  890  441.00000  448.66667  1.74%   383 2656s
 165624 110481  448.66319  138 1953  441.00000  448.66667  1.74%   383 2826s
 177636 111384  448.66667  114 1204  441.00000  448.66667  1.74%   392 2862s
 178576 112949  448.33333  138  832  441.00000  448.66667  1.74%   394 2894s
 180215 114666  447.86183  176 1566  441.00000  448.66667  1.74%   396 2929s
 181970 114678  446.40509  252  740  441.00000  448.66667  1.74%   397 2959s

Cutting planes:
  Gomory: 177
  Lift-and-project: 1
  Cover: 1593
  Clique: 34
  MIR: 571
  StrongCG: 6
  Flow cover: 1477
  GUB cover: 1
  Zero half: 490
  RLT: 300

Explored 181982 nodes (72338901 simplex iterations) in 2960.54 seconds (3612.60 work units)
Thread count was 20 (of 20 available processors)

Solution count 10: 441 440 439 ... 432

Work limit reached
Best objective 4.410000000000e+02, best bound 4.480000000000e+02, gap 1.5873%

User-callback calls 554394, time in user-callback 0.49 sec
