
Gurobi 11.0.2 (win64) logging started Wed Jan 22 03:36:45 2025

Set parameter LogFile to value "C:\Users\yshimane3\Documents\codes\dev-julia\TelescopeTasking.jl\scripts\solutions_JASS\logs\log_MTTP3_targetS2_E2_Gurobi.log"
Set parameter Method to value 0

Gurobi 11.0.2 (win64) logging started Wed Jan 22 03:37:00 2025

Set parameter LogFile to value "C:\Users\yshimane3\Documents\codes\dev-julia\TelescopeTasking.jl\scripts\solutions_JASS\logs\log_MTTP3_targetS2_E2_Gurobi.log"
Gurobi Optimizer version 11.0.2 build v11.0.2rc0 (win64 - Windows 11.0 (22621.2))

CPU model: 12th Gen Intel(R) Core(TM) i7-12700, instruction set [SSE2|AVX|AVX2]
Thread count: 12 physical cores, 20 logical processors, using up to 20 threads

Optimize a model with 6260357 rows, 7634 columns and 12523088 nonzeros
Model fingerprint: 0xaea429fc
Variable types: 0 continuous, 7634 integer (7634 binary)
Coefficient statistics:
  Matrix range     [1e+00, 2e+00]
  Objective range  [1e+00, 1e+00]
  Bounds range     [0e+00, 0e+00]
  RHS range        [1e+00, 2e+00]
Found heuristic solution: objective -0.0000000
Presolve removed 6232874 rows and 1256 columns
Presolve time: 1.55s
Presolved: 27483 rows, 6378 columns, 57340 nonzeros
Variable types: 0 continuous, 6378 integer (6378 binary)
Found heuristic solution: objective 221.0000000

Root relaxation: objective 3.115695e+02, 5030 iterations, 0.27 seconds (0.36 work units)

    Nodes    |    Current Node    |     Objective Bounds      |     Work
 Expl Unexpl |  Obj  Depth IntInf | Incumbent    BestBd   Gap | It/Node Time

     0     0  311.56949    0 1418  221.00000  311.56949  41.0%     -    2s
H    0     0                     257.0000000  311.56949  21.2%     -    2s
H    0     0                     260.0000000  311.56949  19.8%     -    2s
H    0     0                     262.0000000  311.56949  18.9%     -    3s
H    0     0                     267.0000000  311.56949  16.7%     -    3s
     0     0  308.95027    0 1724  267.00000  308.95027  15.7%     -    3s
H    0     0                     268.0000000  308.95027  15.3%     -    3s
     0     0  308.95027    0 1724  268.00000  308.95027  15.3%     -    3s
     0     0  308.94849    0 1715  268.00000  308.94849  15.3%     -    3s
     0     0  308.94784    0 1717  268.00000  308.94784  15.3%     -    3s
     0     0  308.94760    0 1721  268.00000  308.94760  15.3%     -    3s
     0     0  307.87055    0 1817  268.00000  307.87055  14.9%     -    4s
H    0     0                     269.0000000  307.87055  14.5%     -    4s
     0     0  307.73764    0 1843  269.00000  307.73764  14.4%     -    4s
     0     0  307.70096    0 1867  269.00000  307.70096  14.4%     -    4s
     0     0  307.68919    0 1864  269.00000  307.68919  14.4%     -    4s
     0     0  307.68848    0 1883  269.00000  307.68848  14.4%     -    4s
H    0     0                     271.0000000  307.36008  13.4%     -    5s
     0     0  307.36008    0 1884  271.00000  307.36008  13.4%     -    5s
     0     0  307.26689    0 1867  271.00000  307.26689  13.4%     -    5s
     0     0  307.25388    0 1895  271.00000  307.25388  13.4%     -    5s
     0     0  307.25080    0 1903  271.00000  307.25080  13.4%     -    5s
     0     0  307.25053    0 1912  271.00000  307.25053  13.4%     -    5s
     0     0  307.14026    0 1932  271.00000  307.14026  13.3%     -    5s
     0     0  307.13505    0 1932  271.00000  307.13505  13.3%     -    5s
     0     0  307.13482    0 1933  271.00000  307.13482  13.3%     -    5s
H    0     0                     272.0000000  307.13482  12.9%     -    6s
     0     0  307.11506    0 1970  272.00000  307.11506  12.9%     -    6s
     0     0  307.11432    0 1975  272.00000  307.11432  12.9%     -    6s
H    0     0                     273.0000000  307.08756  12.5%     -    6s
     0     0  307.08756    0 1975  273.00000  307.08756  12.5%     -    6s
     0     0  307.08197    0 1976  273.00000  307.08197  12.5%     -    6s
     0     0  307.08162    0 1977  273.00000  307.08162  12.5%     -    6s
     0     0  307.02506    0 1957  273.00000  307.02506  12.5%     -    7s
H    0     0                     274.0000000  307.02506  12.1%     -    7s
H    0     0                     278.0000000  307.02214  10.4%     -    7s
H    0     0                     279.0000000  307.02214  10.0%     -    7s
     0     0  307.02214    0 1973  279.00000  307.02214  10.0%     -    7s
     0     0  307.02214    0 1976  279.00000  307.02214  10.0%     -    7s
H    0     0                     280.0000000  307.02214  9.65%     -    7s
H    0     0                     281.0000000  307.02214  9.26%     -    7s
H    0     0                     284.0000000  307.02214  8.11%     -    7s
     0     0  307.00916    0 1950  284.00000  307.00916  8.10%     -    7s
     0     0  307.00913    0 1934  284.00000  307.00913  8.10%     -    7s
H    0     0                     287.0000000  307.00913  6.97%     -    8s
H    0     2                     288.0000000  307.00913  6.60%     -    8s
     0     2  307.00913    0 1928  288.00000  307.00913  6.60%     -    8s
    27    40  306.58666    5 1929  288.00000  306.58755  6.45%   909   10s
H   75    88                     289.0000000  306.58755  6.09%   906   11s
H  124   136                     290.0000000  306.58755  5.72%   904   14s
   148   162  305.88150   11 1866  290.00000  306.58755  5.72%   890   15s
H  161   175                     291.0000000  306.58755  5.36%   879   15s
H  168   175                     292.0000000  306.58755  5.00%   885   15s
H  204   217                     293.0000000  306.58755  4.64%   897   18s
H  254   268                     294.0000000  306.58755  4.28%   879   20s
   398   410  304.61872   28 1739  294.00000  306.58755  4.28%   831   25s
   730   799  303.69321   43 1566  294.00000  306.58755  4.28%   729   30s
  1140  1215  302.40165   66 1425  294.00000  306.58755  4.28%   643   35s
  1598  1728  301.02286   86 1408  294.00000  306.58755  4.28%   602   40s
  2217  2367  299.52592  106 1292  294.00000  306.58755  4.28%   551   45s
H 2662  2525                     295.0000000  306.58755  3.93%   516   48s
  2819  2674  305.76355    6 1875  295.00000  306.41253  3.87%   522   50s
  3085  3020  303.96833   20 1753  295.00000  306.41253  3.87%   536   55s
  3878  3813  299.48130   65 1495  295.00000  306.41253  3.87%   516   61s
  4424  4083  302.82945   44 1320  295.00000  306.24678  3.81%   496   67s
  4435  4090  300.62912   89 1984  295.00000  306.24678  3.81%   495   70s
  4449  4100  299.67342  102 1996  295.00000  306.24678  3.81%   493   75s
  4465  4110  301.13858   85 2019  295.00000  306.16248  3.78%   491   80s
  4484  4123  302.57500   50 2031  295.00000  305.97993  3.72%   489   86s
  4502  4152  305.67929   19 1966  295.00000  305.73166  3.64%   498   90s
  4598  4220  305.01266   22 1863  295.00000  305.36885  3.51%   515   95s
  4638  4247  304.86324   23 1897  295.00000  305.36885  3.51%   520  100s
  4779  4353  304.18363   26 1864  295.00000  305.36885  3.51%   536  105s
  5008  4517  304.21630   32 1809  295.00000  305.36885  3.51%   555  112s
  5149  4627  303.86006   35 1852  295.00000  305.36885  3.51%   564  115s
  5477  4823  302.89624   39 1739  295.00000  305.36885  3.51%   572  121s
  5853  5113  302.12151   45 1639  295.00000  305.36885  3.51%   575  125s
  6107  5181  301.72306   49 1543  295.00000  305.36885  3.51%   573  136s
  6489  5659  301.44293   53 1517  295.00000  305.36885  3.51%   566  140s
  7161  6096  300.96698   61 1473  295.00000  305.36885  3.51%   550  145s
  8245  6596  299.50983   74 1414  295.00000  305.36885  3.51%   525  150s
  8880  7140  297.82491   90 1036  295.00000  305.36885  3.51%   516  156s
  9579  7402  305.07724   23 1914  295.00000  305.34938  3.51%   500  160s
 10482  7873  304.38621   28 1776  295.00000  305.34938  3.51%   487  165s
 10989  8098  303.37025   32 1709  295.00000  305.34938  3.51%   484  170s
 11872  8645  303.04608   41 1698  295.00000  305.34938  3.51%   477  176s
 12534  9132  302.41144   48 1544  295.00000  305.34938  3.51%   472  182s
 13011  9328  301.89439   52 1498  295.00000  305.34938  3.51%   466  185s
 13733  9796  300.92299   64 1357  295.00000  305.34938  3.51%   463  191s
 14678 10288  298.43261   82 1170  295.00000  305.34938  3.51%   457  197s
 15166 10597  298.03899   94  825  295.00000  305.09751  3.42%   454  200s
 15725 10500  304.90795   24 1890  295.00000  305.09709  3.42%   450  207s
 15816 10794  304.11349   27 1806  295.00000  305.09709  3.42%   450  211s
 16246 11087  304.07001   29 1805  295.00000  305.09709  3.42%   449  215s
 17149 11896  302.34183   47 1628  295.00000  305.09709  3.42%   446  223s
 17835 12502  301.63899   57 1607  295.00000  305.09709  3.42%   441  228s
 18571 12975  300.51645   66 1504  295.00000  305.09709  3.42%   438  232s
 19107 13598  299.30566   75 1429  295.00000  305.09709  3.42%   440  236s
 19805 14156  297.52707   94 1150  295.00000  304.90583  3.36%   439  241s
 20533 14549  304.25769   25 1821  295.00000  304.88756  3.35%   438  246s
 20962 14903  302.97920   28 1693  295.00000  304.88756  3.35%   443  251s
 21347 15532  302.25211   33 1664  295.00000  304.88756  3.35%   449  256s
 22034 15913  300.61202   38 1602  295.00000  304.88756  3.35%   451  263s
 22582 16472  300.54359   41 1570  295.00000  304.88756  3.35%   452  268s
 23179 17083  298.08617   51 1408  295.00000  304.87050  3.35%   455  275s
 23903 17903  303.82677   29 1731  295.00000  304.85551  3.34%   458  281s
 24875 18581  301.08021   64 1454  295.00000  304.84751  3.34%   460  288s
 25679 19788  304.18377   25 1813  295.00000  304.81389  3.33%   462  296s
 26947 20937  301.39870   55 1584  295.00000  304.81282  3.33%   459  302s
 28313 21517  304.42081   25 1883  295.00000  304.79513  3.32%   453  309s
 28972 22650  303.16010   36 1773  295.00000  304.79513  3.32%   456  316s
 30201 23873  301.63162   46 1558  295.00000  304.79513  3.32%   454  323s
 31651 25001  299.14823   68 1182  295.00000  304.79513  3.32%   449  330s
 32933 25690  296.93054  103  907  295.00000  304.76543  3.31%   446  337s
 33835 26532  302.27585   39 1685  295.00000  304.73204  3.30%   447  345s
 34876 27235  303.92661   27 1685  295.00000  304.71373  3.29%   447  352s
 35678 28298  300.18095   53 1318  295.00000  304.70646  3.29%   447  361s
 37033 29468  302.12737   35 1614  295.00000  304.67289  3.28%   446  369s
 38494 30747  303.89156   29 1761  295.00000  304.66316  3.28%   444  378s
 39878 32039  299.09379   84 1309  295.00000  304.64949  3.27%   443  387s
 41412 32165  301.78103   48 1561  295.00000  304.64695  3.27%   442  417s
 41549 33599  299.93863   73 1301  295.00000  304.63771  3.27%   442  427s
 43192 34596  302.94300   32 1662  295.00000  304.63771  3.27%   441  438s
 44262 36426  300.10833   54 1372  295.00000  304.62836  3.26%   446  449s
 46378 36427  298.51212   48 1320  295.00000  304.61768  3.26%   444  603s
 46382 36430  303.11395   31 1840  295.00000  304.61768  3.26%   444  606s
 46394 36438  297.57074  111 1977  295.00000  304.16042  3.11%   444  610s
 46401 36442  298.92864  100 2031  295.00000  303.94058  3.03%   444  615s
 46413 36450  297.77869   92 2075  295.00000  303.75391  2.97%   443  622s
 46417 36453  303.27582   36 2076  295.00000  303.73097  2.96%   443  625s
 46426 36459  300.51551   66 2075  295.00000  303.68670  2.94%   443  631s
 46434 36464  300.76807   49 2053  295.00000  303.66004  2.94%   443  637s
 46438 36467  300.93280   62 2092  295.00000  303.64571  2.93%   443  641s
 46445 36472  296.96111  120 2065  295.00000  303.58142  2.91%   443  647s
 46448 36474  302.58568   31 2062  295.00000  303.55878  2.90%   443  650s
 46455 36478  303.54261   29 2074  295.00000  303.54261  2.90%   443  656s
 46465 36485  298.91274   75 2101  295.00000  303.52526  2.89%   443  662s
 46469 36488  302.98146   36 2070  295.00000  303.48649  2.88%   443  665s
 46475 36492  297.22637   99 2091  295.00000  303.45983  2.87%   443  671s
 46478 36494  298.51212   48 2082  295.00000  303.45384  2.87%   443  675s
 46484 36498  296.75896   92 2104  295.00000  303.43559  2.86%   443  681s
 46489 36501  298.15161   69 2109  295.00000  303.43298  2.86%   443  687s
 46493 36504  300.03195   55 2127  295.00000  303.42792  2.86%   443  690s
 46500 36508  296.60151  127 2097  295.00000  303.40426  2.85%   443  696s
 46505 36512  300.42996   80 2085  295.00000  303.39346  2.85%   443  700s
 46511 36516  298.88861   87 2096  295.00000  303.36983  2.84%   443  706s
 46517 36520  303.27582   36 2084  295.00000  303.36004  2.83%   442  712s
 46521 36522  303.35202   25 2084  295.00000  303.35202  2.83%   442  715s
 46527 36526  300.77408   53 2084  295.00000  303.33575  2.83%   442  721s
 46532 36530  297.58920   86 2081  295.00000  303.33401  2.83%   442  727s
 46535 36532  303.33123   28 2103  295.00000  303.33123  2.82%   442  730s
 46540 36535  297.95743   74 2081  295.00000  303.31109  2.82%   442  736s
 46544 36538  302.51146   40 2042  295.00000  303.28769  2.81%   442  740s
 46550 36542  299.61933   81 2071  295.00000  303.27924  2.81%   442  745s
 46556 36546  296.98686  115 2078  295.00000  303.26980  2.80%   442  751s
 46561 36549  299.59058   57 2068  295.00000  303.26636  2.80%   442  757s
 46566 36552  302.25870   53 2076  295.00000  303.26233  2.80%   442  762s
 46569 36554  302.98146   36 2081  295.00000  303.26079  2.80%   442  765s
 46574 36558  302.12127   42 2073  295.00000  303.25790  2.80%   442  770s
 46578 36560  298.51212   48 2064  295.00000  303.25521  2.80%   442  776s
 46584 36564  296.75896   92 2089  295.00000  303.23077  2.79%   442  781s
 46591 36569  303.21493   24 2102  295.00000  303.21493  2.78%   442  787s
 46594 36571  297.57074  111 2110  295.00000  303.21276  2.78%   442  791s
 46600 36575  296.60151  127 2094  295.00000  303.20578  2.78%   442  797s
 46603 36577  299.35075   95 2101  295.00000  303.20222  2.78%   442  800s
 46610 36582  296.70521   86 2130  295.00000  303.18192  2.77%   442  807s
 46612 36583  301.14958   65 2133  295.00000  303.17805  2.77%   442  810s
 46616 36586  299.95356   61 2100  295.00000  303.17342  2.77%   442  816s
 46621 36589  303.16998   25 2111  295.00000  303.16998  2.77%   442  822s
 46623 36590  303.16912   26 2127  295.00000  303.16912  2.77%   441  825s
 46628 36594  301.63894   54 2110  295.00000  303.15761  2.77%   441  832s
 46630 36595  296.21931  108 2121  295.00000  303.15700  2.77%   441  836s
 46634 36598  300.76807   49 2146  295.00000  303.15590  2.76%   441  842s
 46636 36599  299.31108   92 2144  295.00000  303.15409  2.76%   441  845s
 46641 36602  303.14435   30 2142  295.00000  303.14435  2.76%   441  852s
 46643 36604  299.56531   66 2138  295.00000  303.14306  2.76%   441  856s
 46646 36606  303.02247   31 2130  295.00000  303.14020  2.76%   441  860s
 46650 36608  299.61933   81 2140  295.00000  303.13984  2.76%   441  866s
 46652 36610  301.53248   46 2142  295.00000  303.13946  2.76%   441  870s
 46656 36612  296.98686  115 2151  295.00000  303.13927  2.76%   441  877s
 46658 36614  298.12254   71 2152  295.00000  303.13829  2.76%   441  880s
 46664 36618  301.77264   52 2123  295.00000  303.13282  2.76%   441  887s
 46667 36620  303.12676   25 2103  295.00000  303.12676  2.75%   441  891s
 46670 36622  303.10190   31 2128  295.00000  303.12529  2.75%   441  895s
 46674 36624  302.12127   42 2125  295.00000  303.12453  2.75%   441  902s
 46677 36626  303.12077   31 2104  295.00000  303.12077  2.75%   441  905s
 46682 36630  303.10582   31 2121  295.00000  303.10582  2.75%   441  910s
 46686 36632  298.38201   89 2129  295.00000  303.10480  2.75%   441  917s
 46688 36634  300.77678   54 2122  295.00000  303.10478  2.75%   441  920s
 46690 36635  296.99104  119 2103  295.00000  303.10310  2.75%   441  928s
 46693 36642  302.98321   32 2023  295.00000  303.06595  2.73%   443  930s
 46721 36677  302.61879   35 2017  295.00000  302.74460  2.63%   444  943s
 46761 36703  302.35399   36 1971  295.00000  302.59458  2.57%   445  945s
 46842 36757  302.06518   38 1956  295.00000  302.51690  2.55%   446  950s
 46882 36785  301.99757   39 1936  295.00000  302.51690  2.55%   447  956s
 46954 36839  302.00859   41 1969  295.00000  302.51690  2.55%   448  961s
 47040 36901  301.40237   42 1941  295.00000  302.51690  2.55%   450  965s
 47072 36911  301.96397   43 1961  295.00000  302.51690  2.55%   451  970s
 47160 36988  301.85160   44 1951  295.00000  302.51690  2.55%   453  975s
 47296 37092  301.35319   47 1855  295.00000  302.51690  2.55%   455  980s
 47473 37222  301.11199   50 1838  295.00000  302.51690  2.55%   458  986s
 47594 37305  300.60522   52 1780  295.00000  302.51690  2.55%   459  991s
 47749 37411  300.15097   54 1624  295.00000  302.51690  2.55%   461  995s
 47936 37541  299.82618   58 1605  295.00000  302.51690  2.55%   462 1000s
 48290 37824  299.08137   63 1467  295.00000  302.51690  2.55%   465 1006s
 48445 37841  299.03030   65 1481  295.00000  302.51690  2.55%   465 1011s
H48446 35974                     296.0000000  302.51690  2.20%   465 1011s
 48721 36162  298.82902   68 1473  296.00000  302.51690  2.20%   466 1016s
 49054 36294  297.96962   75 1257  296.00000  302.51690  2.20%   468 1022s
 49211 36363  297.54156   79 1057  296.00000  302.51690  2.20%   469 1026s
 49534 36521     cutoff   91       296.00000  302.46194  2.18%   470 1033s
 49691 36615  302.12977   37 1863  296.00000  302.46194  2.18%   471 1036s
 49867 36751  301.70490   38 1793  296.00000  302.46194  2.18%   471 1040s
 50304 36948  301.58729   42 1692  296.00000  302.46194  2.18%   472 1047s
 50480 37072  300.78066   44 1643  296.00000  302.46194  2.18%   473 1050s
 50898 37323  300.56463   50 1536  296.00000  302.46194  2.18%   474 1059s
 51139 37446  300.12988   53 1493  296.00000  302.46194  2.18%   474 1063s
 51362 37594  300.22016   57 1475  296.00000  302.46194  2.18%   475 1067s
 51621 37747  299.90767   62 1443  296.00000  302.46194  2.18%   476 1072s
 51900 37909  299.56557   67 1274  296.00000  302.46194  2.18%   476 1076s
 52177 38081  299.21897   74 1200  296.00000  302.46194  2.18%   477 1081s
 52478 38244  298.07066   81 1056  296.00000  302.46194  2.18%   477 1086s
 52814 38419  297.77057   91 1177  296.00000  302.35393  2.15%   478 1091s
 53139 38598  301.38159   38 1864  296.00000  302.35393  2.15%   478 1096s
 53505 38710  300.93339   43 1846  296.00000  302.35393  2.15%   478 1102s
 53795 38859  299.54787   46 1789  296.00000  302.35393  2.15%   479 1108s
 54081 39099  298.94669   51 1674  296.00000  302.35393  2.15%   480 1113s
 54427 39359  297.15087   57 1541  296.00000  302.35393  2.15%   481 1120s
 54911 39467     cutoff   61       296.00000  302.24355  2.11%   481 1126s
 55261 39594  301.59284   44 1844  296.00000  302.22290  2.10%   482 1133s
 55538 39861  301.40171   46 1828  296.00000  302.22290  2.10%   482 1140s
 55966 40137  300.38718   58 1731  296.00000  302.22290  2.10%   483 1147s
 56440 40334  299.23661   77 1492  296.00000  302.22290  2.10%   483 1154s
 56862 40628  297.48924  113 1203  296.00000  302.17791  2.09%   484 1162s
 57359 40782  301.08848   48 1717  296.00000  302.17791  2.09%   485 1170s
 57751 41019  299.71347   71 1524  296.00000  302.17791  2.09%   487 1179s
 58170 41373  297.27549  111 1009  296.00000  302.13945  2.07%   488 1187s
 58752 41697  300.86844   48 1762  296.00000  302.13945  2.07%   490 1197s
 59409 42057  299.83066   61 1438  296.00000  302.13543  2.07%   490 1206s
 60051 42470  301.79799   40 1882  296.00000  302.10559  2.06%   491 1216s
 60812 42489  301.07493   46 1745  296.00000  302.10559  2.06%   492 1226s
 61125 42672  300.69082   50 1625  296.00000  302.10559  2.06%   493 1242s
 61425 43526  299.80045   57 1375  296.00000  302.10559  2.06%   495 1253s
 62586 43768  297.93434   84  644  296.00000  302.05754  2.05%   498 1264s
 63483 44096  299.77398   61 1546  296.00000  302.05184  2.04%   501 1275s
 64308 44529  301.09227   39 1692  296.00000  302.03508  2.04%   504 1287s
 65229 44936  298.04618   66 1375  296.00000  302.00622  2.03%   507 1298s
 66069 45172  300.73733   42 1767  296.00000  301.99724  2.03%   510 1311s
 66691 45724  297.01696   54 1495  296.00000  301.99629  2.03%   515 1324s
 67700 45823  299.58326   45 1719  296.00000  301.99451  2.03%   519 1337s
 68380 45616  300.28196   54 1658  296.00000  301.96157  2.01%   523 1411s
 68400 46356  300.23211   55 1654  296.00000  301.94587  2.01%   523 1435s
 69239 46946  301.35614   42 1809  296.00000  301.94507  2.01%   525 1455s
 70549 47075  297.44257   49 1421  296.00000  301.92070  2.00%   530 1470s
 71338 47688  300.70871   49 1536  296.00000  301.90202  1.99%   535 1486s
 72278 48540  298.17406   76 1039  296.00000  301.90079  1.99%   541 1503s
 73778 48576  301.33373   42 1890  296.00000  301.89849  1.99%   545 1518s
 74466 49590  300.36687   50 1754  296.00000  301.87968  1.99%   548 1535s
 75983 50237  301.24604   43 1732  296.00000  301.86683  1.98%   551 1553s
 77424 50928  300.69831   47 1727  296.00000  301.85637  1.98%   554 1570s
 78948 51755  300.65063   50 1607  296.00000  301.83815  1.97%   557 1589s
 80696 52361  300.86189   51 1806  296.00000  301.82787  1.97%   558 1608s
 82145 52943  301.05325   43 1659  296.00000  301.81623  1.96%   560 1627s
 83458 53370  299.60275   48 1647  296.00000  301.80700  1.96%   564 1647s
 84656 54420  301.15546   41 1750  296.00000  301.79438  1.96%   570 1669s
 86410 55033  300.75790   46 1776  296.00000  301.78597  1.95%   573 1691s
 87843 56134  300.71837   49 1750  296.00000  301.76950  1.95%   577 1715s
 89736 57029  300.45972   48 1710  296.00000  301.76198  1.95%   581 1739s
 91581 58095  299.22885   78 1393  296.00000  301.74908  1.94%   583 1764s
 93682 59473  300.15631   50 1623  296.00000  301.73814  1.94%   586 1795s
 96187 60226     cutoff   91       296.00000  301.72390  1.93%   588 1821s
 98228 61243  299.52533   62 1504  296.00000  301.70248  1.93%   591 1848s
 100330 61859  300.78567   45 1770  296.00000  301.69333  1.92%   595 1874s
 101960 62948  300.17399   47 1661  296.00000  301.68199  1.92%   600 1902s
 104347 63460  300.27457   50 1786  296.00000  301.65671  1.91%   601 1929s
 105911 64778  298.77203   56 1190  296.00000  301.64980  1.91%   606 1958s
 108269 65652  299.46389   62 1555  296.00000  301.63819  1.90%   609 1985s
 110258 67137  298.99237   62 1283  296.00000  301.63197  1.90%   613 2013s
 112879 68077  298.88646   62 1544  296.00000  301.62407  1.90%   614 2040s
 115051 68944  299.94839   53 1495  296.00000  301.61539  1.90%   616 2066s
 117342 69668  301.20189   43 1690  296.00000  301.60366  1.89%   617 2098s
 119345 70755  297.73550   57 1531  296.00000  301.59397  1.89%   622 2131s
 121647 71818  299.93925   49 1703  296.00000  301.57376  1.88%   625 2162s
 123980 72996  297.41068   91 1225  296.00000  301.56527  1.88%   628 2193s
 126371 74118  298.18141   68 1259  296.00000  301.55113  1.88%   630 2222s
 128810 75103     cutoff   85       296.00000  301.54095  1.87%   632 2251s
 131057 75830  298.36198   51 1576  296.00000  301.53204  1.87%   633 2280s
 133061 76700  299.98922   43 1729  296.00000  301.52701  1.87%   636 2308s
 135215 77719  297.87796   66 1497  296.00000  301.52000  1.86%   638 2336s
 137377 78930  300.41851   52 1532  296.00000  301.50844  1.86%   639 2367s
 139715 80179  300.53066   41 1845  296.00000  301.49998  1.86%   640 2394s
 142162 81415  297.97772   85 1360  296.00000  301.49157  1.86%   640 2428s
 144660 82413  298.58951   79  703  296.00000  301.47993  1.85%   641 2455s
 147133 83229  299.41854   56 1672  296.00000  301.47600  1.85%   642 2481s
 149306 84100  300.29202   56 1800  296.00000  301.46934  1.85%   643 2506s
 151335 84767  300.66133   43 1794  296.00000  301.45744  1.84%   643 2531s
 153195 86278  298.62267   54 1527  296.00000  301.45330  1.84%   645 2560s
 155154 88192  297.31073   93 1309  296.00000  301.44788  1.84%   647 2587s
 157473 89617  297.76525   73 1008  296.00000  301.43998  1.84%   648 2614s
 159199 91353  299.32122   76 1399  296.00000  301.43587  1.84%   648 2642s
 161655 92943  300.20720   52 1600  296.00000  301.43056  1.83%   649 2669s
 163690 93116  298.49894   68 1537  296.00000  301.42442  1.83%   651 2726s
 163907 94833  298.41727   69 1511  296.00000  301.42413  1.83%   651 2755s
 166444 96170  299.63760   62 1409  296.00000  301.41480  1.83%   651 2807s
 168074 98162  297.58222  107 1224  296.00000  301.41087  1.83%   652 2848s
 170995 100289  299.88274   51 1734  296.00000  301.40087  1.82%   654 2882s
 173907 102545  299.20182   76 1474  296.00000  301.39153  1.82%   655 2914s
 176650 104313  299.19943   57 1571  296.00000  301.38439  1.82%   656 2944s
 178891 106412  299.13827   62 1313  296.00000  301.37768  1.82%   657 2974s
 181448 107992  299.18190   67 1390  296.00000  301.37056  1.81%   657 3002s
 183352 109743  300.05247   52 1670  296.00000  301.36761  1.81%   658 3032s

Cutting planes:
  Gomory: 10
  Cover: 471
  Clique: 114
  MIR: 19
  Mixing: 1
  Flow cover: 383
  Zero half: 797
  RLT: 29
  Relax-and-lift: 1

Explored 185518 nodes (122075199 simplex iterations) in 3033.85 seconds (3603.10 work units)
Thread count was 20 (of 20 available processors)

Solution count 10: 296 295 294 ... 287

Work limit reached
Best objective 2.960000000000e+02, best bound 3.010000000000e+02, gap 1.6892%

User-callback calls 535101, time in user-callback 0.39 sec
