
Gurobi 11.0.2 (win64) logging started Wed Jan 22 02:54:49 2025

Set parameter LogFile to value "C:\Users\yshimane3\Documents\codes\dev-julia\TelescopeTasking.jl\scripts\solutions_JASS\logs\log_MTTP2_targetS2_E2_Gurobi.log"
Set parameter Method to value 0

Gurobi 11.0.2 (win64) logging started Wed Jan 22 02:55:03 2025

Set parameter LogFile to value "C:\Users\yshimane3\Documents\codes\dev-julia\TelescopeTasking.jl\scripts\solutions_JASS\logs\log_MTTP2_targetS2_E2_Gurobi.log"
Gurobi Optimizer version 11.0.2 build v11.0.2rc0 (win64 - Windows 11.0 (22621.2))

CPU model: 12th Gen Intel(R) Core(TM) i7-12700, instruction set [SSE2|AVX|AVX2]
Thread count: 12 physical cores, 20 logical processors, using up to 20 threads

Optimize a model with 6303219 rows, 7588 columns and 12608892 nonzeros
Model fingerprint: 0x9b362a7e
Variable types: 0 continuous, 7588 integer (7588 binary)
Coefficient statistics:
  Matrix range     [1e+00, 2e+00]
  Objective range  [1e+00, 1e+00]
  Bounds range     [0e+00, 0e+00]
  RHS range        [1e+00, 2e+00]
Found heuristic solution: objective -0.0000000
Presolve removed 6274228 rows and 956 columns
Presolve time: 1.51s
Presolved: 28991 rows, 6632 columns, 60436 nonzeros
Variable types: 0 continuous, 6632 integer (6632 binary)

Root relaxation: objective 3.138257e+02, 6155 iterations, 0.57 seconds (0.72 work units)

    Nodes    |    Current Node    |     Objective Bounds      |     Work
 Expl Unexpl |  Obj  Depth IntInf | Incumbent    BestBd   Gap | It/Node Time

     0     0  313.82571    0 1419   -0.00000  313.82571      -     -    3s
H    0     0                     252.0000000  313.82571  24.5%     -    3s
H    0     0                     255.0000000  313.82571  23.1%     -    3s
H    0     0                     260.0000000  313.82571  20.7%     -    3s
H    0     0                     262.0000000  313.82571  19.8%     -    3s
     0     0  311.53690    0 1772  262.00000  311.53690  18.9%     -    4s
     0     0  311.47003    0 1757  262.00000  311.47003  18.9%     -    4s
     0     0  311.46807    0 1758  262.00000  311.46807  18.9%     -    4s
     0     0  311.46696    0 1763  262.00000  311.46696  18.9%     -    4s
     0     0  311.46696    0 1764  262.00000  311.46696  18.9%     -    4s
H    0     0                     264.0000000  310.67280  17.7%     -    5s
     0     0  310.67280    0 1820  264.00000  310.67280  17.7%     -    5s
H    0     0                     266.0000000  310.67280  16.8%     -    5s
     0     0  310.58346    0 1880  266.00000  310.58346  16.8%     -    5s
     0     0  310.56790    0 1884  266.00000  310.56790  16.8%     -    5s
     0     0  310.56773    0 1873  266.00000  310.56773  16.8%     -    5s
     0     0  310.30148    0 1877  266.00000  310.30148  16.7%     -    6s
H    0     0                     268.0000000  310.30148  15.8%     -    6s
     0     0  310.25243    0 1894  268.00000  310.25243  15.8%     -    6s
     0     0  310.25105    0 1903  268.00000  310.25105  15.8%     -    6s
     0     0  310.24859    0 1900  268.00000  310.24859  15.8%     -    6s
     0     0  310.24849    0 1904  268.00000  310.24849  15.8%     -    6s
     0     0  310.15287    0 1902  268.00000  310.15287  15.7%     -    7s
H    0     0                     270.0000000  310.15287  14.9%     -    7s
     0     0  310.13880    0 1932  270.00000  310.13880  14.9%     -    7s
     0     0  310.13756    0 1945  270.00000  310.13756  14.9%     -    7s
     0     0  310.04911    0 1951  270.00000  310.04911  14.8%     -    8s
     0     0  310.03741    0 1967  270.00000  310.03741  14.8%     -    8s
     0     0  310.03619    0 1968  270.00000  310.03619  14.8%     -    8s
     0     0  310.01776    0 1928  270.00000  310.01776  14.8%     -    8s
     0     0  310.01610    0 1951  270.00000  310.01610  14.8%     -    8s
     0     0  310.01582    0 1951  270.00000  310.01582  14.8%     -    8s
     0     0  310.00959    0 1958  270.00000  310.00959  14.8%     -    8s
     0     0  310.00957    0 1959  270.00000  310.00957  14.8%     -    8s
     0     0  310.00925    0 1952  270.00000  310.00925  14.8%     -    8s
     0     0  310.00111    0 1919  270.00000  310.00111  14.8%     -    8s
H    0     0                     277.0000000  310.00111  11.9%     -    9s
H    0     0                     278.0000000  310.00111  11.5%     -    9s
     0     2  310.00111    0 1919  278.00000  310.00111  11.5%     -   10s
H   27    40                     279.0000000  309.58033  11.0%  1451   12s
    63    76  309.24068    6 1866  279.00000  309.58033  11.0%  1335   18s
H   75    88                     280.0000000  309.58033  10.6%  1249   19s
H   75    88                     283.0000000  309.58033  9.39%  1249   19s
    87   100  309.05305    8 1908  283.00000  309.58033  9.39%  1236   20s
H  112   125                     285.0000000  309.58033  8.62%  1154   21s
H  124   138                     287.0000000  309.58033  7.87%  1130   22s
H  149   163                     289.0000000  309.58033  7.12%  1123   24s
   162   179  308.67808   13 1895  289.00000  309.58033  7.12%  1119   25s
H  174   179                     290.0000000  309.58033  6.75%  1095   25s
H  197   210                     291.0000000  309.58033  6.38%  1100   27s
H  243   256                     292.0000000  309.58033  6.02%  1049   28s
   275   288  308.31944   21 1873  292.00000  309.58033  6.02%  1045   32s
H  277   288                     293.0000000  309.58033  5.66%  1042   32s
   378   391  308.06730   27 1844  293.00000  309.58033  5.66%   955   37s
H  382   391                     294.0000000  309.58033  5.30%   947   37s
   459   483  307.83177   34 1862  294.00000  309.58033  5.30%   898   40s
   553   595  307.45803   37 1832  294.00000  309.58033  5.30%   914   45s
   733   796  306.95450   45 1764  294.00000  309.58033  5.30%   844   50s
   939   988  306.31834   58 1685  294.00000  309.58033  5.30%   808   55s
  1188  1220  305.67052   74 1634  294.00000  309.58033  5.30%   775   61s
H 1290  1346                     295.0000000  309.58033  4.94%   764   64s
  1345  1433  305.00221   82 1684  295.00000  309.58033  4.94%   768   66s
  1636  1755  304.49702   97 1685  295.00000  309.58033  4.94%   731   71s
H 1645  1755                     296.0000000  309.58033  4.59%   730   71s
  1857  1957  304.06067  106 1608  296.00000  309.58033  4.59%   710   75s
  2074  2228  303.59650  114 1562  296.00000  309.58033  4.59%   688   80s
  2227  2253  303.30064  120 1579  296.00000  309.58033  4.59%   669   85s
  2618  2880  302.49361  138 1488  296.00000  309.58033  4.59%   634   92s
  3131  3441  301.44183  163 1374  296.00000  309.58033  4.59%   585   96s
H 3458  3713                     297.0000000  309.58033  4.24%   559   99s
  3827  3735  300.22826  191 1202  297.00000  309.58033  4.24%   532  102s
  3997  3896  298.92699  205 1161  297.00000  309.58033  4.24%   530  105s
  4325  4174  308.67003    8 1796  297.00000  309.26189  4.13%   532  110s
  4659  4526  306.71159   28 1707  297.00000  309.26189  4.13%   533  116s
  5029  4891  304.26381   67 1495  297.00000  309.26189  4.13%   535  122s
  5273  5094  302.64743   93 1398  297.00000  309.26189  4.13%   532  125s
  5767  5574  308.68849    7 1871  297.00000  309.25276  4.13%   529  132s
  6009  5575  302.46318   98 1421  297.00000  309.25276  4.13%   529  142s
  6013  5578  299.25713  248 1782  297.00000  309.25276  4.13%   528  145s
  6030  5589  306.48542   42 1960  297.00000  309.25276  4.13%   527  150s
  6046  5600  308.59071    9 1986  297.00000  309.25276  4.13%   525  156s
  6055  5606  303.66241   82 2014  297.00000  309.24592  4.12%   525  161s
  6061  5615  309.02443   17 1950  297.00000  309.10473  4.08%   530  165s
  6121  5663  308.42766   21 1934  297.00000  308.80099  3.97%   540  170s
  6181  5703  308.41555   24 1918  297.00000  308.64606  3.92%   547  175s
  6232  5737  308.19079   26 1923  297.00000  308.64606  3.92%   557  186s
  6274  5771  307.93169   28 1878  297.00000  308.64606  3.92%   565  191s
  6315  5793  307.46146   29 1818  297.00000  308.64606  3.92%   572  195s
  6397  5863  307.38860   33 1851  297.00000  308.64606  3.92%   582  200s
  6518  5951  306.32529   38 1705  297.00000  308.64606  3.92%   597  205s
  6677  6066  305.54914   45 1672  297.00000  308.64606  3.92%   614  210s
  6827  6182  304.98573   51 1604  297.00000  308.64606  3.92%   627  215s
  7025  6347  304.16869   61 1396  297.00000  308.64606  3.92%   638  220s
  7348  6600  303.18080   74 1312  297.00000  308.64606  3.92%   644  225s
  7792  6941  302.23759   90 1272  297.00000  308.64606  3.92%   643  230s
  8318  7270  300.99234  108 1036  297.00000  308.64606  3.92%   634  236s
  8912  7545     cutoff  150       297.00000  308.64601  3.92%   625  242s
  9221  7737  307.21974   28 1803  297.00000  308.64601  3.92%   625  246s
  9574  8052  306.14392   43 1705  297.00000  308.64601  3.92%   624  251s
 10022  8282  304.46668   64 1549  297.00000  308.64601  3.92%   621  256s
 10402  8455  301.93738   96 1382  297.00000  308.64601  3.92%   620  261s
 10734  8645  308.28988   21 1932  297.00000  308.63112  3.92%   622  267s
 10907  8739  307.74865   28 1873  297.00000  308.63112  3.92%   623  270s
 11256  9046  306.06997   51 1784  297.00000  308.63112  3.92%   626  276s
 11498  9182  305.16264   66 1685  297.00000  308.63112  3.92%   624  280s
 12045  9688  302.70622  100 1527  297.00000  308.63112  3.92%   623  288s
 12442  9914  301.08752  131 1320  297.00000  308.61441  3.91%   617  292s
 12877 10037  308.42646   23 1872  297.00000  308.61441  3.91%   611  296s
 13185 10226  307.34781   35 1769  297.00000  308.61441  3.91%   610  301s
 13517 10374  306.32536   47 1687  297.00000  308.61441  3.91%   608  305s
 14163 10898  303.12466   97 1429  297.00000  308.61441  3.91%   605  314s
 14569 11014  300.19612  138 1301  297.00000  308.54411  3.89%   603  319s
 14894 11181  307.70543   24 1823  297.00000  308.54411  3.89%   602  323s
 15170 11361  306.38903   38 1711  297.00000  308.54411  3.89%   603  329s
 15473 11632  304.17431   57 1636  297.00000  308.54411  3.89%   604  334s
 15845 11926  301.55829   88 1465  297.00000  308.51165  3.88%   603  340s
 16363 12003  308.03731   24 1845  297.00000  308.51165  3.88%   600  347s
 16612 12385  306.21156   37 1714  297.00000  308.51165  3.88%   602  353s
 17129 12819  303.74642   64 1384  297.00000  308.51165  3.88%   600  361s
 17820 12951  298.41425  131  958  297.00000  308.48698  3.87%   596  368s
 18231 13504  306.79260   38 1787  297.00000  308.48698  3.87%   601  376s
 19079 13316  304.35777   71 1715  297.00000  308.48698  3.87%   599  388s
 19186 13668  304.18022   72 1702  297.00000  308.48698  3.87%   598  395s
 19573 14057  301.78753  113 1358  297.00000  308.48698  3.87%   605  405s
 20125 14647  298.97048  165 1097  297.00000  308.45114  3.86%   607  414s
 21025 14549  306.18163   39 1751  297.00000  308.44043  3.85%   604  424s
 21275 15028  304.30713   57 1684  297.00000  308.44043  3.85%   608  433s
 21885 15307  299.93622  106 1279  297.00000  308.42310  3.85%   613  443s
 22498 15744  307.45065   29 1834  297.00000  308.40500  3.84%   615  454s
 23181 16159  303.69059   62 1600  297.00000  308.39796  3.84%   618  465s
 23839 16741  307.96986   25 1848  297.00000  308.37376  3.83%   623  476s
 24497 17429  303.30436   62 1238  297.00000  308.35447  3.82%   626  488s
 25266 18355  306.33379   42 1809  297.00000  308.35085  3.82%   629  500s
 26292 18986  302.43347   93 1473  297.00000  308.33439  3.82%   630  513s
 27025 19641  306.85823   33 1814  297.00000  308.30496  3.81%   634  525s
 27737 20472  304.24170   73 1546  297.00000  308.30067  3.80%   636  538s
 28660 21059  307.33863   26 1827  297.00000  308.30067  3.80%   638  552s
 29309 21949  303.86741   49 1584  297.00000  308.30067  3.80%   646  567s
 30359 22744  300.03837   71 1253  297.00000  308.26958  3.79%   650  582s
 31194 23718  304.22920   63 1517  297.00000  308.25241  3.79%   655  597s
 32333 24384  306.93193   32 1806  297.00000  308.22987  3.78%   656  613s
 32999 25547  304.56837   56 1503  297.00000  308.22987  3.78%   666  633s
 34189 27307  302.04463   84 1358  297.00000  308.22622  3.78%   666  651s
 36241 27308  302.60343   85 1421  297.00000  308.19909  3.77%   656  829s
 36243 27309  307.99955   26 1419  297.00000  308.19909  3.77%   656  830s
 36247 27312  298.91175  176 1897  297.00000  307.83937  3.65%   656  835s
 36259 27320  300.04580  133 1994  297.00000  307.29979  3.47%   656  841s
 36264 27323  303.83895   81 2009  297.00000  307.18758  3.43%   656  847s
 36270 27327  304.64936   64 1985  297.00000  307.08842  3.40%   656  851s
 36275 27331  307.06824   25 1978  297.00000  307.06824  3.39%   656  856s
 36279 27333  303.54582   69 1993  297.00000  307.04945  3.38%   656  860s
 36283 27336  304.60786   59 1976  297.00000  307.02854  3.38%   656  865s
 36287 27339  300.76933  102 2023  297.00000  307.00285  3.37%   656  870s
 36293 27343  301.77386   93 2015  297.00000  306.99394  3.36%   655  879s
 36294 27343  298.60127  124 2006  297.00000  306.99147  3.36%   655  880s
 36296 27345  306.10803   44 2043  297.00000  306.99027  3.36%   655  885s
 36300 27347  304.59355   61 2013  297.00000  306.97853  3.36%   655  890s
 36305 27351  306.90297   31 2044  297.00000  306.95721  3.35%   655  895s
 36311 27355  306.94211   25 2026  297.00000  306.94211  3.35%   655  904s
 36314 27357  302.62447   98 2036  297.00000  306.93932  3.35%   655  908s
 36319 27360  306.44039   34 2055  297.00000  306.92721  3.34%   655  913s
 36323 27363  302.43548  105 2052  297.00000  306.92078  3.34%   655  918s
 36327 27365  306.91065   28 2061  297.00000  306.91065  3.34%   655  924s
 36330 27367  300.13474  111 2044  297.00000  306.89358  3.33%   655  929s
 36332 27369  298.87186  140 2059  297.00000  306.89325  3.33%   655  933s
 36334 27370  306.15617   49 2047  297.00000  306.89247  3.33%   655  938s
 36338 27373  305.98138   41 2071  297.00000  306.88650  3.33%   655  943s
 36341 27375  302.60343   85 2054  297.00000  306.88195  3.33%   655  947s
 36345 27377  302.74771   74 2076  297.00000  306.86433  3.32%   655  952s
 36347 27379  298.91175  176 2083  297.00000  306.86397  3.32%   655  957s
 36349 27380  299.31250  146 2083  297.00000  306.86313  3.32%   654  962s
 36351 27381  298.55671  114 2090  297.00000  306.86008  3.32%   654  967s
 36353 27383  306.30445   39 2091  297.00000  306.85976  3.32%   654  972s
 36356 27385  301.90275   85 2099  297.00000  306.85533  3.32%   654  978s
 36360 27387  305.07112   51 2063  297.00000  306.83345  3.31%   654  983s
 36362 27389  300.93987  103 2068  297.00000  306.83342  3.31%   654  989s
 36365 27391  304.23304   63 2061  297.00000  306.82993  3.31%   654  993s
 36368 27393  302.47972   95 2068  297.00000  306.82799  3.31%   654  998s
 36371 27395  298.36100  122 2066  297.00000  306.82593  3.31%   654 1003s
 36375 27397  306.82376   25 2076  297.00000  306.82376  3.31%   654 1008s
 36377 27399  304.17859   58 2073  297.00000  306.82301  3.31%   654 1013s
 36379 27400  303.54582   69 2090  297.00000  306.82287  3.31%   654 1018s
 36383 27403  304.60786   59 2071  297.00000  306.81758  3.31%   654 1023s
 36386 27405  306.07005   29 2091  297.00000  306.81584  3.30%   654 1028s
 36388 27406  305.69369   46 2074  297.00000  306.81509  3.30%   654 1032s
 36391 27408  300.24186  120 2074  297.00000  306.81169  3.30%   654 1037s
 36393 27409  301.77386   93 2083  297.00000  306.81115  3.30%   654 1042s
 36395 27411  298.55363  171 2076  297.00000  306.81053  3.30%   654 1047s
 36397 27412  298.80998   97 2076  297.00000  306.81048  3.30%   654 1051s
 36400 27414  304.59355   61 2080  297.00000  306.80558  3.30%   654 1056s
 36403 27416  303.22634   89 2086  297.00000  306.80391  3.30%   654 1061s
 36405 27417  306.80329   31 2073  297.00000  306.80329  3.30%   653 1066s
 36408 27419  305.00913   48 2084  297.00000  306.80174  3.30%   653 1071s
 36410 27421  298.55468  159 2061  297.00000  306.80111  3.30%   653 1076s
 36412 27422  299.21645  116 2063  297.00000  306.80109  3.30%   653 1081s
 36414 27423  302.62447   98 2072  297.00000  306.80007  3.30%   653 1085s
 36416 27425  306.06780   43 2065  297.00000  306.79928  3.30%   653 1090s
 36420 27427  301.46420  107 2084  297.00000  306.76640  3.29%   653 1095s
 36423 27429  302.43548  105 2080  297.00000  306.76215  3.29%   653 1100s
 36426 27431  302.61628   70 2078  297.00000  306.75813  3.29%   653 1105s
 36429 27433  300.09877  141 2079  297.00000  306.75024  3.28%   653 1110s
 36433 27436  299.49079   92 2094  297.00000  306.74458  3.28%   653 1115s
 36437 27439  306.73453   30 2060  297.00000  306.73453  3.28%   653 1120s
 36439 27440  303.63587   68 2068  297.00000  306.73448  3.28%   653 1126s
 36441 27441  302.60343   85 2076  297.00000  306.73327  3.28%   653 1132s
 36445 27444  302.74771   74 2071  297.00000  306.73021  3.28%   653 1136s
 36447 27445  298.91175  176 2067  297.00000  306.72926  3.28%   653 1142s
 36449 27447  299.31250  146 2062  297.00000  306.72914  3.28%   653 1147s
 36452 27449  305.77090   42 2066  297.00000  306.72605  3.27%   653 1152s
 36456 27451  301.90275   85 2065  297.00000  306.72133  3.27%   653 1158s
 36459 27453  300.04580  133 2078  297.00000  306.71982  3.27%   653 1163s
 36462 27455  300.93987  103 2065  297.00000  306.71797  3.27%   652 1168s
 36464 27457  303.83895   81 2066  297.00000  306.71296  3.27%   652 1172s
 36468 27459  302.47972   95 2056  297.00000  306.70506  3.27%   652 1177s
 36470 27461  304.64936   64 2053  297.00000  306.70465  3.27%   652 1183s
 36473 27463  306.70241   25 2070  297.00000  306.70241  3.27%   652 1188s
 36475 27464  306.70175   25 2100  297.00000  306.70175  3.27%   652 1193s
 36479 27467  303.54582   69 2093  297.00000  306.69753  3.27%   652 1198s
 36482 27469  305.04822   60 2104  297.00000  306.69393  3.26%   652 1204s
 36485 27471  302.23680   76 2096  297.00000  306.69329  3.26%   652 1209s
 36486 27471  306.07005   29 2090  297.00000  306.69290  3.26%   652 1210s
 36487 27472  300.76933  102 2081  297.00000  306.69283  3.26%   652 1215s
 36490 27474  303.12662   56 2093  297.00000  306.69081  3.26%   652 1221s
 36492 27475  301.71038  116 2078  297.00000  306.68926  3.26%   652 1226s
 36495 27477  298.55363  171 2087  297.00000  306.68697  3.26%   652 1231s
 36498 27479  303.85650   58 2089  297.00000  306.68500  3.26%   652 1236s
 36500 27481  304.59355   61 2075  297.00000  306.68408  3.26%   652 1241s
 36502 27482  303.42840   89 2085  297.00000  306.68401  3.26%   652 1246s
 36503 27483  303.22634   89 2085  297.00000  306.68401  3.26%   652 1250s
 36504 27483  298.84280  122 2072  297.00000  306.68386  3.26%   652 1256s
 36505 27484  306.68378   31 2086  297.00000  306.68378  3.26%   652 1262s
 36508 27486  305.00913   48 2070  297.00000  306.67683  3.26%   652 1267s
 36510 27487  298.55468  159 2083  297.00000  306.67675  3.26%   652 1273s
 36512 27489  299.21645  116 2083  297.00000  306.67631  3.26%   652 1278s
 36515 27491  302.27790   85 2107  297.00000  306.67367  3.26%   652 1283s
 36517 27492  303.01335   96 2097  297.00000  306.67214  3.26%   651 1288s
 36521 27495  306.22771   44 2101  297.00000  306.65597  3.25%   651 1294s
 36524 27497  299.06690  157 2092  297.00000  306.65335  3.25%   651 1299s
 36525 27497  303.31510   68 2066  297.00000  306.65135  3.25%   651 1300s
 36528 27499  299.68081  124 2075  297.00000  306.64889  3.25%   651 1305s
 36529 27500  300.09877  141 2085  297.00000  306.64858  3.25%   651 1310s
 36531 27501  304.61840   65 2091  297.00000  306.64852  3.25%   651 1315s
 36533 27503  299.49079   92 2085  297.00000  306.64741  3.25%   651 1321s
 36535 27504  303.47187   42 2099  297.00000  306.64732  3.25%   651 1327s
 36536 27505  300.96801  123 2093  297.00000  306.64731  3.25%   651 1333s
 36539 27507  303.63587   68 2076  297.00000  306.64472  3.25%   651 1338s
 36541 27508  302.60343   85 2078  297.00000  306.64236  3.25%   651 1347s
 36544 27515  306.56665   32 2064  297.00000  306.60073  3.23%   653 1350s
 36568 27539  306.29439   35 2099  297.00000  306.47375  3.19%   654 1372s
 36592 27555  306.23623   36 2054  297.00000  306.42011  3.17%   655 1375s
 36628 27579  306.06346   37 2003  297.00000  306.34906  3.15%   657 1380s
 36665 27606  306.01825   39 2014  297.00000  306.34906  3.15%   658 1385s
 36695 27624  305.98555   40 1998  297.00000  306.34906  3.15%   660 1391s
 36741 27659  305.71395   41 1904  297.00000  306.34906  3.15%   661 1396s
 36779 27690  305.47033   43 1960  297.00000  306.34906  3.15%   663 1400s
 36801 27698  305.36211   44 1928  297.00000  306.34906  3.15%   664 1413s
 36844 27734  305.04676   45 1913  297.00000  306.34906  3.15%   665 1417s
 36896 27776  304.70373   47 1785  297.00000  306.34906  3.15%   666 1421s
 36957 27825  304.46301   49 1804  297.00000  306.34906  3.15%   668 1426s
 37033 27873  303.92817   52 1681  297.00000  306.34906  3.15%   670 1431s
 37069 27880  303.91079   53 1694  297.00000  306.34906  3.15%   671 1435s
 37129 27951  303.70496   55 1638  297.00000  306.34906  3.15%   673 1440s
 37235 28032  303.05639   60 1575  297.00000  306.34906  3.15%   675 1445s
 37295 28027  302.88699   62 1524  297.00000  306.34906  3.15%   676 1450s
 37371 28141  302.79304   65 1485  297.00000  306.34906  3.15%   677 1456s
 37546 28280  302.20801   70 1496  297.00000  306.34906  3.15%   679 1462s
 37647 28366  301.77072   74 1296  297.00000  306.34906  3.15%   680 1465s
 37902 28562  301.27526   82 1093  297.00000  306.34906  3.15%   681 1470s
 38217 28767  300.40596   92 1047  297.00000  306.34906  3.15%   682 1477s
 38390 28827  299.62324   99  811  297.00000  306.34906  3.15%   682 1481s
 38535 28881  298.68408  105  363  297.00000  306.34906  3.15%   682 1485s
 38798 28995  306.07548   37 1951  297.00000  306.31273  3.14%   684 1491s
 38938 29015  305.82899   40 1860  297.00000  306.31273  3.14%   684 1496s
 39020 29064  305.64863   42 1858  297.00000  306.31273  3.14%   685 1500s
 39208 29189  304.83434   52 1786  297.00000  306.31273  3.14%   687 1509s
 39325 29270  304.43320   60 1701  297.00000  306.31273  3.14%   688 1513s
 39448 29334  304.00875   68 1703  297.00000  306.31273  3.14%   688 1518s
 39560 29472  303.44620   77 1667  297.00000  306.31273  3.14%   689 1522s
 39735 29610  302.79043   87 1627  297.00000  306.31273  3.14%   689 1528s
 39939 29739  302.13645  100 1527  297.00000  306.31273  3.14%   689 1533s
 40170 29801  301.13489  117 1472  297.00000  306.31273  3.14%   688 1539s
 40324 29974  299.99158  138 1338  297.00000  306.31273  3.14%   689 1544s
 40548 30083  298.79783  170 1108  297.00000  306.26551  3.12%   689 1549s
 40782 30218  305.76210   38 1815  297.00000  306.22535  3.11%   689 1555s
H40964 28359                     298.0000000  306.22535  2.76%   690 1555s
 41004 28451  304.89190   46 1704  298.00000  306.22535  2.76%   690 1562s
 41220 28539  302.93652   56 1547  298.00000  306.22535  2.76%   690 1568s
 41405 28623  301.42378   75 1358  298.00000  306.22535  2.76%   692 1574s
 41574 28690  299.24189  104 1045  298.00000  306.18143  2.75%   693 1581s
 41734 28792  305.41594   41 1920  298.00000  306.10169  2.72%   696 1588s
 41892 28926  304.74580   52 1733  298.00000  306.10169  2.72%   698 1595s
 42088 29089  303.80843   67 1579  298.00000  306.10169  2.72%   699 1602s
 42316 29316  302.43877   87 1494  298.00000  306.10169  2.72%   701 1610s
 42656 29433  300.02353  109 1317  298.00000  306.09030  2.71%   702 1618s
 42950 29552  305.62071   43 1882  298.00000  306.08036  2.71%   703 1626s
 43171 29695  304.71152   55 1683  298.00000  306.08036  2.71%   705 1634s
 43442 29917  303.48664   75 1533  298.00000  306.08036  2.71%   707 1643s
 43789 30087  301.96200  107 1309  298.00000  306.08036  2.71%   707 1652s
 44163 30144  299.68334  165 1063  298.00000  306.07536  2.71%   708 1661s
 44356 30418  304.99459   46 1796  298.00000  306.05044  2.70%   711 1672s
 44702 30675  303.31340   65 1587  298.00000  306.05044  2.70%   712 1682s
 45147 30762  300.93819   97 1282  298.00000  306.03934  2.70%   713 1692s
 45443 30905  305.49666   42 1896  298.00000  306.03934  2.70%   715 1703s
 45717 31144  303.56480   59 1559  298.00000  306.03934  2.70%   718 1714s
 46092 31186  300.48510   94 1050  298.00000  306.02743  2.69%   720 1729s
 46287 31414  305.20591   46 1922  298.00000  306.02743  2.69%   721 1742s
 46644 31611  303.56852   67 1641  298.00000  306.02743  2.69%   724 1755s
 47023 31874  300.79055  105 1426  298.00000  305.99331  2.68%   726 1769s
 47453 32157  305.06743   43 1792  298.00000  305.99331  2.68%   729 1783s
 47992 32386  301.92309   75 1404  298.00000  305.96893  2.67%   730 1796s
 48481 32856  305.17689   43 1821  298.00000  305.96893  2.67%   731 1812s
 49209 33055  301.12089   84 1114  298.00000  305.96816  2.67%   733 1827s
 49728 33584  304.39175   57 1709  298.00000  305.94859  2.67%   736 1843s
 50536 33733  300.46614  121 1232  298.00000  305.93650  2.66%   740 1859s
 51025 34222  303.83487   61 1654  298.00000  305.91614  2.66%   746 1877s
 51698 34547  305.63351   39 1851  298.00000  305.91614  2.66%   751 1896s
 52399 35014  302.45092   61 1334  298.00000  305.91438  2.66%   754 1916s
 53191 35449  304.50255   56 1737  298.00000  305.91438  2.66%   759 1935s
 54000 35996  300.45238  113 1316  298.00000  305.88591  2.65%   764 1958s
 54943 36279  302.71640   70 1505  298.00000  305.86680  2.64%   769 1976s
 55660 36681  304.36587   50 1715  298.00000  305.86680  2.64%   774 1995s
 56394 37003  299.90399  112 1292  298.00000  305.86107  2.64%   779 2014s
 57097 37345  301.72688   83 1315  298.00000  305.83504  2.63%   784 2034s
 57807 37432  299.93267   64  897  298.00000  305.83066  2.63%   789 2057s
 58235 38170  304.42769   47 1759  298.00000  305.82280  2.63%   795 2082s
 59169 38970  301.47061   74 1215  298.00000  305.82275  2.63%   802 2108s
 60542 39466  301.39518   73 1254  298.00000  305.79993  2.62%   806 2132s
 61760 39745  299.25143  106  761  298.00000  305.79431  2.62%   809 2159s
 62555 40518  302.35490   83 1561  298.00000  305.79049  2.61%   814 2186s
 63737 41114  303.14464   55 1541  298.00000  305.77376  2.61%   819 2213s
 64880 41869  303.05457   69 1598  298.00000  305.76241  2.60%   825 2241s
 66171 42676  303.89553   63 1722  298.00000  305.75112  2.60%   830 2270s
 67556 43254  303.75218   61 1620  298.00000  305.73703  2.60%   833 2300s
 68739 44078  304.42199   51 1722  298.00000  305.72985  2.59%   839 2330s
 70134 44806  300.94835   97 1102  298.00000  305.72724  2.59%   841 2360s

Cutting planes:
  Gomory: 7
  Cover: 313
  Clique: 218
  MIR: 9
  Flow cover: 462
  Zero half: 615
  Mod-K: 2
  RLT: 17
  Relax-and-lift: 1

Explored 71523 nodes (60442504 simplex iterations) in 2361.13 seconds (3602.03 work units)
Thread count was 20 (of 20 available processors)

Solution count 10: 298 297 296 ... 289

Work limit reached
Best objective 2.980000000000e+02, best bound 3.050000000000e+02, gap 2.3490%

User-callback calls 305819, time in user-callback 0.32 sec
