
Gurobi 11.0.2 (win64) logging started Wed Jan 22 05:13:22 2025

Set parameter LogFile to value "C:\Users\yshimane3\Documents\codes\dev-julia\TelescopeTasking.jl\scripts\solutions_JASS\logs\log_MTTP4_targetS2_E3_Gurobi.log"
Set parameter Method to value 0

Gurobi 11.0.2 (win64) logging started Wed Jan 22 05:14:02 2025

Set parameter LogFile to value "C:\Users\yshimane3\Documents\codes\dev-julia\TelescopeTasking.jl\scripts\solutions_JASS\logs\log_MTTP4_targetS2_E3_Gurobi.log"
Gurobi Optimizer version 11.0.2 build v11.0.2rc0 (win64 - Windows 11.0 (22621.2))

CPU model: 12th Gen Intel(R) Core(TM) i7-12700, instruction set [SSE2|AVX|AVX2]
Thread count: 12 physical cores, 20 logical processors, using up to 20 threads

Optimize a model with 12551133 rows, 12713 columns and 25109595 nonzeros
Model fingerprint: 0x7b640403
Variable types: 0 continuous, 12713 integer (12713 binary)
Coefficient statistics:
  Matrix range     [1e+00, 3e+00]
  Objective range  [1e+00, 1e+00]
  Bounds range     [0e+00, 0e+00]
  RHS range        [1e+00, 2e+00]
Found heuristic solution: objective -0.0000000
Presolve removed 12489878 rows and 953 columns
Presolve time: 3.07s
Presolved: 61255 rows, 11760 columns, 129588 nonzeros
Variable types: 0 continuous, 11760 integer (11760 binary)
Found heuristic solution: objective 171.0000000

Root simplex log...

Iteration    Objective       Primal Inf.    Dual Inf.      Time
       0   -0.0000000e+00   0.000000e+00   2.341000e+03      5s
   11413    4.4423393e+02   0.000000e+00   0.000000e+00      6s

Root relaxation: objective 4.442339e+02, 11413 iterations, 0.80 seconds (0.93 work units)
Total elapsed time = 5.84s (DegenMoves)

    Nodes    |    Current Node    |     Objective Bounds      |     Work
 Expl Unexpl |  Obj  Depth IntInf | Incumbent    BestBd   Gap | It/Node Time

     0     0  444.23393    0 2768  171.00000  444.23393   160%     -    7s
H    0     0                     233.0000000  444.23393  90.7%     -    7s
H    0     0                     241.0000000  444.23393  84.3%     -    7s
H    0     0                     247.0000000  444.23393  79.9%     -    7s
H    0     0                     264.0000000  438.56982  66.1%     -   20s
H    0     0                     275.0000000  438.56982  59.5%     -   20s
H    0     0                     283.0000000  438.56982  55.0%     -   20s
H    0     0                     287.0000000  438.56982  52.8%     -   20s
H    0     0                     294.0000000  438.56982  49.2%     -   20s
H    0     0                     296.0000000  438.56982  48.2%     -   20s
H    0     0                     297.0000000  438.56982  47.7%     -   20s
H    0     0                     302.0000000  438.56982  45.2%     -   20s
H    0     0                     303.0000000  438.56982  44.7%     -   20s
H    0     0                     304.0000000  438.56982  44.3%     -   20s
H    0     0                     307.0000000  438.56982  42.9%     -   20s
H    0     0                     309.0000000  438.56982  41.9%     -   20s
H    0     0                     317.0000000  438.56982  38.4%     -   20s
H    0     0                     319.0000000  438.56982  37.5%     -   20s
H    0     0                     321.0000000  438.56982  36.6%     -   20s
     0     0  438.56982    0 5642  321.00000  438.56982  36.6%     -   20s
H    0     0                     322.0000000  437.65893  35.9%     -   27s
H    0     0                     325.0000000  437.65893  34.7%     -   27s
H    0     0                     326.0000000  437.65893  34.3%     -   27s
H    0     0                     328.0000000  437.65893  33.4%     -   27s
H    0     0                     329.0000000  437.65893  33.0%     -   27s
H    0     0                     331.0000000  437.65893  32.2%     -   27s
H    0     0                     332.0000000  437.65893  31.8%     -   27s
     0     0  437.65893    0 5531  332.00000  437.65893  31.8%     -   27s
     0     0  437.57142    0 5507  332.00000  437.57142  31.8%     -   28s
     0     0  437.56169    0 5577  332.00000  437.56169  31.8%     -   29s
     0     0  437.55807    0 5615  332.00000  437.55807  31.8%     -   29s
     0     0  437.55699    0 5630  332.00000  437.55699  31.8%     -   29s
H    0     0                     333.0000000  434.52841  30.5%     -   61s
H    0     0                     334.0000000  434.52841  30.1%     -   61s
H    0     0                     335.0000000  434.52841  29.7%     -   61s
H    0     0                     336.0000000  434.52841  29.3%     -   61s
H    0     0                     337.0000000  434.52841  28.9%     -   61s
H    0     0                     338.0000000  434.52841  28.6%     -   61s
H    0     0                     340.0000000  434.52841  27.8%     -   61s
H    0     0                     342.0000000  434.52841  27.1%     -   61s
     0     0  434.52841    0 6529  342.00000  434.52841  27.1%     -   61s
H    0     0                     343.0000000  433.12264  26.3%     -   87s
     0     0  433.12264    0 6654  343.00000  433.12264  26.3%     -   87s
H    0     0                     344.0000000  432.82086  25.8%     -  100s
H    0     0                     346.0000000  432.82086  25.1%     -  100s
     0     0  432.82086    0 6804  346.00000  432.82086  25.1%     -  100s
     0     0  432.74271    0 6877  346.00000  432.74271  25.1%     -  106s
     0     0  432.70553    0 6982  346.00000  432.70553  25.1%     -  109s
     0     0  432.69072    0 7011  346.00000  432.69072  25.1%     -  112s
     0     0  432.68614    0 7024  346.00000  432.68614  25.1%     -  113s
     0     0  432.68482    0 7024  346.00000  432.68482  25.1%     -  114s
H    0     0                     347.0000000  431.83436  24.4%     -  144s
H    0     0                     349.0000000  431.83436  23.7%     -  144s
H    0     0                     352.0000000  431.83436  22.7%     -  144s
     0     0  431.83436    0 7136  352.00000  431.83436  22.7%     -  144s
H    0     0                     353.0000000  431.45797  22.2%     -  162s
H    0     0                     355.0000000  431.45797  21.5%     -  162s
H    0     0                     356.0000000  431.45797  21.2%     -  162s
     0     0  431.45797    0 7234  356.00000  431.45797  21.2%     -  162s
     0     0  431.31081    0 7311  356.00000  431.31081  21.2%     -  177s
     0     0  431.23622    0 7360  356.00000  431.23622  21.1%     -  188s
     0     0  431.21162    0 7465  356.00000  431.21162  21.1%     -  193s
     0     0  431.19752    0 7469  356.00000  431.19752  21.1%     -  197s
     0     0  431.19260    0 7511  356.00000  431.19260  21.1%     -  199s
H    0     0                     357.0000000  431.00487  20.7%     -  221s
     0     0  431.00487    0 7485  357.00000  431.00487  20.7%     -  221s
     0     0  430.94532    0 7577  357.00000  430.94532  20.7%     -  232s
     0     0  430.92082    0 7585  357.00000  430.92082  20.7%     -  238s
     0     0  430.91057    0 7647  357.00000  430.91057  20.7%     -  242s
     0     0  430.90702    0 7678  357.00000  430.90702  20.7%     -  244s
     0     0  430.86042    0 7688  357.00000  430.86042  20.7%     -  254s
     0     0  430.83945    0 7728  357.00000  430.83945  20.7%     -  260s
     0     0  430.83195    0 7757  357.00000  430.83195  20.7%     -  264s
     0     0  430.81152    0 7711  357.00000  430.81152  20.7%     -  272s
     0     0  430.81149    0 7633  357.00000  430.81149  20.7%     -  272s
     0     2  430.81139    0 7604  357.00000  430.81139  20.7%     -  280s
     1     4  430.68990    1 7508  357.00000  430.81139  20.7%  5086  288s
     3     8  430.59406    2 7626  357.00000  430.68979  20.6%  7046  319s
     7    16  430.54685    3 7775  357.00000  430.59403  20.6% 11542  343s
    15    28  430.47740    4 7831  357.00000  430.54684  20.6% 13327  369s
    27    40  430.42388    5 7841  357.00000  430.47729  20.6% 14763  388s
    39    52  430.05746    5 7778  357.00000  430.42384  20.6% 14037  437s
    51    64  430.32142    6 7845  357.00000  430.42379  20.6% 14746  485s
    63    76  430.10654    6 7777  357.00000  430.42137  20.6% 13368  507s
    75    93  430.23640    7 7833  357.00000  430.42137  20.6% 13145  520s
    92   107  430.16937    8 7786  357.00000  430.42137  20.6% 11483  546s
   106   122  430.07549    9 7815  357.00000  430.42137  20.6% 11121  558s
   121   138  430.02125   10 7815  357.00000  430.42137  20.6% 10321  573s
   137   156  429.93837   11 7825  357.00000  430.42137  20.6%  9755  589s
   155   171  429.84041   12 7802  357.00000  430.42137  20.6%  9195  617s
   170   187  429.74756   13 7757  357.00000  430.42137  20.6%  9166  651s
   186   208  429.43981   13 7637  357.00000  430.42137  20.6%  9325  670s
   207   230  429.68811   14 7790  357.00000  430.42137  20.6%  8881  689s
   229   250  429.54048   15 7768  357.00000  430.42137  20.6%  8527  713s
H  239   250                     358.0000000  430.42137  20.2%  8386  713s
   249   269  429.21586   16 7731  358.00000  430.42137  20.2%  8382  731s
   268   291  429.44482   16 7709  358.00000  430.42137  20.2%  8185  756s
   290   311  429.32834   17 7656  358.00000  430.42137  20.2%  8130  790s
   310   339  429.30402   18 7679  358.00000  430.42137  20.2%  8188  810s
   338   361  429.11770   21 7615  358.00000  430.42137  20.2%  7858  833s
   360   385  429.02552   22 7599  358.00000  430.42137  20.2%  7750  867s
   384   412  428.95033   24 7646  358.00000  430.42137  20.2%  7798  893s
H  409   412                     359.0000000  430.42137  19.9%  7600  893s
   411   447  428.77225   27 7605  359.00000  430.42137  19.9%  7596  919s
   446   484  428.56471   30 7609  359.00000  430.42137  19.9%  7313  942s
   483   519  428.26109   33 7612  359.00000  430.42137  19.9%  7035  968s
   518   555  427.87185   34 7603  359.00000  430.42137  19.9%  6836  994s
   554   596  427.96056   37 7510  359.00000  430.42137  19.9%  6665 1023s
   595   636  427.81693   40 7499  359.00000  430.42137  19.9%  6484 1053s
   635   675  427.09594   43 7400  359.00000  430.42137  19.9%  6335 1082s
   674   719  427.55949   46 7499  359.00000  430.42137  19.9%  6224 1111s
   718   765  427.45652   49 7432  359.00000  430.42137  19.9%  6090 1141s
   764   815  427.30000   53 7472  359.00000  430.42137  19.9%  5968 1172s
   814   874  427.18344   56 7463  359.00000  430.42137  19.9%  5838 1204s
   873   929  427.05316   61 7433  359.00000  430.42137  19.9%  5681 1238s
H  889   929                     360.0000000  430.42137  19.6%  5632 1238s
   928   992  426.90797   66 7410  360.00000  430.42137  19.6%  5583 1271s
   991  1061  426.72052   72 7397  360.00000  430.42137  19.6%  5447 1338s
H 1045  1061                     361.0000000  430.42137  19.2%  5321 1338s
  1060  1134  426.54700   77 7382  361.00000  430.42137  19.2%  5304 1378s
  1133  1196  426.33280   83 7311  361.00000  430.42137  19.2%  5194 1417s
  1195  1271  426.18851   87 7362  361.00000  430.42137  19.2%  5144 1457s
  1270  1340  425.62346   89 7271  361.00000  430.42137  19.2%  5064 1502s
  1339  1424  426.00882   93 7271  361.00000  430.42137  19.2%  5013 1545s
  1423  1519  425.84057   97 7214  361.00000  430.42137  19.2%  4928 1592s
  1518  1614  425.35563  102 7127  361.00000  430.42137  19.2%  4837 1639s
  1613  1708  425.47352  106 7200  361.00000  430.42137  19.2%  4757 1689s
H 1670  1708                     363.0000000  430.42137  18.6%  4713 1689s
  1707  1808  425.32727  111 7264  363.00000  430.42137  18.6%  4698 1740s
H 1807  1913                     364.0000000  430.42137  18.2%  4639 1794s
  1912  2040  425.11191  120 7186  364.00000  430.42137  18.2%  4567 1846s
  2039  2174  424.88793  130 7162  364.00000  430.42137  18.2%  4476 1902s
  2173  2315  424.70869  137 7147  364.00000  430.42137  18.2%  4386 1957s
  2314  2470  424.30758  150 7098  364.00000  430.42137  18.2%  4304 2016s
  2469  2638  424.06367  162 7087  364.00000  430.42137  18.2%  4216 2076s
  2637  2798  423.88832  173 7094  364.00000  430.42137  18.2%  4128 2137s
  2797  2976  423.68580  183 7106  364.00000  430.42137  18.2%  4064 2200s
  2975  3165  423.29717  197 7018  364.00000  430.42137  18.2%  3993 2297s
  3164  3370  423.06372  211 7029  364.00000  430.42137  18.2%  3911 2358s

Cutting planes:
  Gomory: 7
  Cover: 2215
  Clique: 175
  MIR: 1486
  StrongCG: 3
  Zero half: 27
  Mod-K: 1
  RLT: 565

Explored 3369 nodes (13090142 simplex iterations) in 2359.05 seconds (3648.44 work units)
Thread count was 20 (of 20 available processors)

Solution count 10: 364 363 361 ... 353

Work limit reached
Best objective 3.640000000000e+02, best bound 4.300000000000e+02, gap 18.1319%

User-callback calls 72169, time in user-callback 0.12 sec
