
Gurobi 11.0.2 (win64) logging started Wed Jan 22 00:16:18 2025

Set parameter LogFile to value "C:\Users\yshimane3\Documents\codes\dev-julia\TelescopeTasking.jl\scripts\solutions_JASS\logs\log_MTTP3_targetS1_E2_Gurobi.log"
Set parameter Method to value 0

Gurobi 11.0.2 (win64) logging started Wed Jan 22 00:16:30 2025

Set parameter LogFile to value "C:\Users\yshimane3\Documents\codes\dev-julia\TelescopeTasking.jl\scripts\solutions_JASS\logs\log_MTTP3_targetS1_E2_Gurobi.log"
Gurobi Optimizer version 11.0.2 build v11.0.2rc0 (win64 - Windows 11.0 (22621.2))

CPU model: 12th Gen Intel(R) Core(TM) i7-12700, instruction set [SSE2|AVX|AVX2]
Thread count: 12 physical cores, 20 logical processors, using up to 20 threads

Optimize a model with 5141518 rows, 5952 columns and 10286154 nonzeros
Model fingerprint: 0x06fb03c9
Variable types: 0 continuous, 5952 integer (5952 binary)
Coefficient statistics:
  Matrix range     [1e+00, 2e+00]
  Objective range  [1e+00, 1e+00]
  Bounds range     [0e+00, 0e+00]
  RHS range        [1e+00, 2e+00]
Found heuristic solution: objective -0.0000000
Presolve removed 5116666 rows and 267 columns
Presolve time: 1.12s
Presolved: 24852 rows, 5685 columns, 52821 nonzeros
Variable types: 0 continuous, 5685 integer (5685 binary)
Found heuristic solution: objective 166.0000000

Root relaxation: objective 3.370833e+02, 3465 iterations, 0.02 seconds (0.01 work units)

    Nodes    |    Current Node    |     Objective Bounds      |     Work
 Expl Unexpl |  Obj  Depth IntInf | Incumbent    BestBd   Gap | It/Node Time

     0     0  337.08333    0  281  166.00000  337.08333   103%     -    1s
H    0     0                     271.0000000  337.08333  24.4%     -    1s
H    0     0                     280.0000000  337.08333  20.4%     -    1s
H    0     0                     281.0000000  337.08333  20.0%     -    2s
H    0     0                     283.0000000  337.08333  19.1%     -    2s
     0     0  336.00000    0  369  283.00000  336.00000  18.7%     -    2s
H    0     0                     284.0000000  336.00000  18.3%     -    2s
H    0     0                     286.0000000  336.00000  17.5%     -    2s
     0     0  336.00000    0  365  286.00000  336.00000  17.5%     -    2s
     0     0  336.00000    0  345  286.00000  336.00000  17.5%     -    2s
H    0     0                     293.0000000  336.00000  14.7%     -    2s
     0     0  336.00000    0  143  293.00000  336.00000  14.7%     -    2s
H    0     0                     303.0000000  336.00000  10.9%     -    2s
H    0     2                     304.0000000  336.00000  10.5%     -    2s
     0     2  336.00000    0  131  304.00000  336.00000  10.5%     -    2s
H   30    40                     306.0000000  335.91667  9.78%   615    3s
H   68    86                     308.0000000  335.91667  9.06%   421    3s
H   73    86                     309.0000000  335.91667  8.71%   394    3s
H   85    98                     312.0000000  335.91667  7.67%   347    3s
H   86    98                     315.0000000  335.91667  6.64%   344    3s
H   90    98                     316.0000000  335.91667  6.30%   329    3s
H  119   132                     317.0000000  335.91667  5.97%   262    3s
H  122   132                     318.0000000  335.91667  5.63%   257    3s
H  135   144                     319.0000000  335.91667  5.30%   234    3s
H  170   183                     323.0000000  335.91667  4.00%   193    4s
   648   719  334.50000   51  105  323.00000  335.91667  4.00%  73.5    5s
H 1389  1400                     324.0000000  335.91667  3.68%  49.5    6s
H 1521  1572                     325.0000000  335.91667  3.36%  47.9    6s
H 1993  1991                     326.0000000  335.91667  3.04%  44.9    6s
H 2585  2675                     327.0000000  335.91667  2.73%  41.4    7s
  5510  5447  334.83333   46  482  327.00000  335.91667  2.73%  44.9   10s
H 7061  6554                     328.0000000  335.91667  2.41%  44.8   11s
H 7805  6699                     329.0000000  335.91667  2.10%  45.6   12s
  7845  6707  330.00000  137  727  329.00000  335.14516  1.87%  45.6   15s
  7998  6824  335.00000   31  736  329.00000  335.00000  1.82%  57.4   20s
H 8008  6484                     330.0000000  335.00000  1.52%  57.4   20s
  9953  8057  334.00000  127   56  330.00000  335.00000  1.52%  62.6   26s
H 9989  7642                     332.0000000  335.00000  0.90%  62.7   26s
 12216  8582  333.25000   98  192  332.00000  335.00000  0.90%  61.4   34s
 12451  9645  333.25000  104  184  332.00000  335.00000  0.90%  60.7   37s
 16050 11228  335.00000   77  411  332.00000  335.00000  0.90%  56.9   41s
 18257 14629  334.50000   77  441  332.00000  335.00000  0.90%  56.4   51s
 24934 13649  334.44643  102  263  332.00000  335.00000  0.90%  57.8   58s
 24961 14640  334.44643  103  239  332.00000  335.00000  0.90%  58.0   60s
 28860 17603  333.84615  132  359  332.00000  335.00000  0.90%  63.3   66s
 31911 20064     cutoff  126       332.00000  335.00000  0.90%  65.2   71s
 34472 20862  333.95238  135  206  332.00000  335.00000  0.90%  66.4   86s
 35631 23072  334.00000  136   83  332.00000  335.00000  0.90%  66.6   93s
 37505 23073  333.75000   44 1760  332.00000  335.00000  0.90%  67.5  116s
 37515 23080  333.50000   99  119  332.00000  335.00000  0.90%  67.4  120s
 37562 23123  334.50000   38  839  332.00000  335.00000  0.90%  68.8  125s
 37767 23289  334.50000   47  406  332.00000  335.00000  0.90%  70.2  131s
 38594 24340  333.00000  100   90  332.00000  335.00000  0.90%  71.1  135s
 39229 24317     cutoff  130       332.00000  335.00000  0.90%  71.3  143s
H39471 22858                     333.0000000  335.00000  0.60%  71.3  143s
 39472 23202     cutoff  132       333.00000  335.00000  0.60%  71.3  146s
 41606 23526  335.00000   55  537  333.00000  335.00000  0.60%  73.1  164s
 41628 24373  335.00000   56  493  333.00000  335.00000  0.60%  73.5  167s
 42966 24789     cutoff   90       333.00000  335.00000  0.60%  75.1  170s
 45628 25819     cutoff  156       333.00000  335.00000  0.60%  77.6  176s
 48534 26684  334.38132   79 1098  333.00000  335.00000  0.60%  80.4  182s
 49963 26974  335.00000   62  738  333.00000  335.00000  0.60%  82.0  185s
 52571 28026  334.39474  106  331  333.00000  335.00000  0.60%  85.9  191s
 53969 27758  334.00000  182   67  333.00000  335.00000  0.60%  87.9  198s
 54365 28810  334.45952   85  895  333.00000  335.00000  0.60%  88.5  202s
 56095 29116  334.43750   93  678  333.00000  335.00000  0.60%  90.4  206s
 57813 29473  334.01153   92  717  333.00000  335.00000  0.60%  92.4  210s
 61102 30799  334.91515   74 1381  333.00000  335.00000  0.60%  96.4  218s
 63043 31528  334.75962   65  552  333.00000  335.00000  0.60%  98.2  222s
 64976 32073  334.83333   57  897  333.00000  335.00000  0.60%   100  227s
 66664 32546  334.34771   98  668  333.00000  335.00000  0.60%   102  231s
 68175 32646  334.03125   80  887  333.00000  335.00000  0.60%   104  236s
 69028 32389  334.43056   96  873  333.00000  335.00000  0.60%   105  255s
H69049 11728                     334.0000000  335.00000  0.30%   105  255s
 69069 11661  335.00000   92   93  334.00000  335.00000  0.30%   105  260s
 69075 11665  335.00000   68  658  334.00000  335.00000  0.30%   105  265s
 69527 11958  335.00000   60  334  334.00000  335.00000  0.30%   106  270s
 71364 11690  335.00000   54  623  334.00000  335.00000  0.30%   109  276s
 72813 11522  335.00000   62  598  334.00000  335.00000  0.30%   111  280s
 74988 11030  335.00000   74  169  334.00000  335.00000  0.30%   113  287s
 76243 10709 infeasible  109       334.00000  335.00000  0.30%   114  292s
 76978 11024  335.00000   69  604  334.00000  335.00000  0.30%   115  297s
 79018 11221 infeasible   88       334.00000  335.00000  0.30%   115  302s
 83153  9115 infeasible   90       334.00000  335.00000  0.30%   117  322s
 83565  8809  335.00000   81  319  334.00000  335.00000  0.30%   117  325s
 85301  8422 infeasible   60       334.00000  335.00000  0.30%   121  333s
 87416  7741 infeasible   87       334.00000  335.00000  0.30%   123  337s
 89142  7308  335.00000   78  128  334.00000  335.00000  0.30%   124  341s
 90771  6933 infeasible   85       334.00000  335.00000  0.30%   127  346s
 93926  5456 infeasible   81       334.00000  335.00000  0.30%   127  350s
 96093  4609 infeasible   68       334.00000  335.00000  0.30%   133  359s
 97547  4020  335.00000   75  435  334.00000  335.00000  0.30%   136  364s
 98747  3823 infeasible   55       334.00000  335.00000  0.30%   139  369s
 100735  3240 infeasible   67       334.00000  335.00000  0.30%   142  375s
 102984  2551 infeasible   86       334.00000  335.00000  0.30%   145  381s
 105566  2193  335.00000  109 1269  334.00000  335.00000  0.30%   148  385s
 105574  2199  335.00000  105  370  334.00000  335.00000  0.30%   148  390s
 105715  2289  335.00000   66  385  334.00000  335.00000  0.30%   149  395s
 106971  2956  335.00000   74  288  334.00000  335.00000  0.30%   148  401s
 108822  3048  335.00000  112  151  334.00000  335.00000  0.30%   149  405s
 110860  2664 infeasible   98       334.00000  335.00000  0.30%   149  410s
 112992  2557  335.00000   87  275  334.00000  335.00000  0.30%   151  415s
 114773  2977 infeasible  103       334.00000  335.00000  0.30%   154  420s
 117346  2696 infeasible   89       334.00000  335.00000  0.30%   156  427s
 118325  2438  335.00000   73  511  334.00000  335.00000  0.30%   158  430s
 120787  1662  335.00000   86  465  334.00000  335.00000  0.30%   163  437s
 121894  1559  335.00000   71  374  334.00000  335.00000  0.30%   165  441s
 123461  1709  335.00000   70  932  334.00000  335.00000  0.30%   167  447s
 125048  1640 infeasible   92       334.00000  335.00000  0.30%   168  451s
 126737  1571 infeasible   80       334.00000  335.00000  0.30%   169  456s
 128260  1366 infeasible   95       334.00000  335.00000  0.30%   172  462s
 129860   851 infeasible   96       334.00000  335.00000  0.30%   174  467s
 131304    75  335.00000   79  557  334.00000  335.00000  0.30%   179  471s

Cutting planes:
  Gomory: 173
  Lift-and-project: 11
  Cover: 1751
  Clique: 82
  MIR: 4
  Mixing: 1
  Flow cover: 157
  GUB cover: 15
  Inf proof: 53
  Zero half: 461
  RLT: 17
  BQP: 5

Explored 132943 nodes (24073886 simplex iterations) in 474.87 seconds (444.11 work units)
Thread count was 20 (of 20 available processors)

Solution count 10: 334 333 332 ... 324

Optimal solution found (tolerance 1.00e-04)
Best objective 3.340000000000e+02, best bound 3.340000000000e+02, gap 0.0000%

User-callback calls 315718, time in user-callback 0.14 sec
