
Gurobi 11.0.2 (win64) logging started Tue Jan 21 22:33:05 2025

Set parameter LogFile to value "C:\Users\yshimane3\Documents\codes\dev-julia\TelescopeTasking.jl\scripts\solutions_JASS\logs\log_MTTP1_targetS1_E3_Gurobi.log"
Set parameter Method to value 0

Gurobi 11.0.2 (win64) logging started Tue Jan 21 22:33:17 2025

Set parameter LogFile to value "C:\Users\yshimane3\Documents\codes\dev-julia\TelescopeTasking.jl\scripts\solutions_JASS\logs\log_MTTP1_targetS1_E3_Gurobi.log"
Gurobi Optimizer version 11.0.2 build v11.0.2rc0 (win64 - Windows 11.0 (22621.2))

CPU model: 12th Gen Intel(R) Core(TM) i7-12700, instruction set [SSE2|AVX|AVX2]
Thread count: 12 physical cores, 20 logical processors, using up to 20 threads

Optimize a model with 5012233 rows, 5829 columns and 10027593 nonzeros
Model fingerprint: 0xe70d8f5b
Variable types: 0 continuous, 5829 integer (5829 binary)
Coefficient statistics:
  Matrix range     [1e+00, 3e+00]
  Objective range  [1e+00, 1e+00]
  Bounds range     [0e+00, 0e+00]
  RHS range        [1e+00, 2e+00]
Found heuristic solution: objective -0.0000000
Presolve removed 4999539 rows and 1983 columns
Presolve time: 1.03s
Presolved: 12694 rows, 3846 columns, 27854 nonzeros
Variable types: 0 continuous, 3846 integer (3846 binary)

Root relaxation: objective 2.213333e+02, 2614 iterations, 0.01 seconds (0.01 work units)

    Nodes    |    Current Node    |     Objective Bounds      |     Work
 Expl Unexpl |  Obj  Depth IntInf | Incumbent    BestBd   Gap | It/Node Time

     0     0  221.33333    0  323   -0.00000  221.33333      -     -    1s
H    0     0                     129.0000000  221.33333  71.6%     -    1s
H    0     0                     136.0000000  221.33333  62.7%     -    1s
H    0     0                     143.0000000  221.33333  54.8%     -    1s
H    0     0                     146.0000000  217.45000  48.9%     -    1s
     0     0  217.45000    0  644  146.00000  217.45000  48.9%     -    1s
H    0     0                     150.0000000  217.45000  45.0%     -    1s
     0     0  217.08565    0  565  150.00000  217.08565  44.7%     -    1s
     0     0  217.08565    0  641  150.00000  217.08565  44.7%     -    1s
     0     0  217.07292    0  564  150.00000  217.07292  44.7%     -    1s
     0     0  217.07292    0  602  150.00000  217.07292  44.7%     -    1s
H    0     0                     153.0000000  216.46813  41.5%     -    1s
H    0     0                     157.0000000  216.46813  37.9%     -    1s
H    0     0                     158.0000000  216.46813  37.0%     -    1s
H    0     0                     159.0000000  216.46813  36.1%     -    1s
H    0     0                     160.0000000  216.46813  35.3%     -    1s
     0     0  216.42361    0 1149  160.00000  216.42361  35.3%     -    1s
H    0     0                     161.0000000  216.42361  34.4%     -    1s
H    0     0                     164.0000000  216.38625  31.9%     -    1s
     0     0  216.38625    0 1078  164.00000  216.38625  31.9%     -    1s
     0     0  216.38020    0 1119  164.00000  216.38020  31.9%     -    2s
     0     0  216.38020    0 1014  164.00000  216.38020  31.9%     -    2s
H    0     0                     165.0000000  215.81894  30.8%     -    2s
H    0     0                     166.0000000  215.81894  30.0%     -    2s
     0     0  215.81894    0 1362  166.00000  215.81894  30.0%     -    2s
H    0     0                     168.0000000  215.64748  28.4%     -    2s
H    0     0                     169.0000000  215.64748  27.6%     -    2s
H    0     0                     171.0000000  215.64748  26.1%     -    2s
     0     0  215.64748    0 1315  171.00000  215.64748  26.1%     -    2s
H    0     0                     172.0000000  215.64729  25.4%     -    2s
H    0     0                     173.0000000  215.64729  24.7%     -    2s
     0     0  215.64729    0 1329  173.00000  215.64729  24.7%     -    2s
H    0     0                     174.0000000  215.63171  23.9%     -    2s
     0     0  215.63171    0 1236  174.00000  215.63171  23.9%     -    2s
H    0     0                     175.0000000  215.63171  23.2%     -    2s
     0     0  215.63171    0 1410  175.00000  215.63171  23.2%     -    2s
H    0     0                     176.0000000  215.63171  22.5%     -    2s
H    0     0                     177.0000000  215.62880  21.8%     -    2s
H    0     0                     178.0000000  215.62880  21.1%     -    2s
H    0     0                     179.0000000  215.62880  20.5%     -    2s
     0     0  215.62880    0 1383  179.00000  215.62880  20.5%     -    2s
     0     0  215.61266    0  813  179.00000  215.61266  20.5%     -    2s
H    0     0                     182.0000000  215.61266  18.5%     -    2s
H    0     0                     187.0000000  215.61266  15.3%     -    2s
H    0     2                     189.0000000  215.61266  14.1%     -    2s
     0     2  215.61266    0  751  189.00000  215.61266  14.1%     -    2s
H   27    40                     190.0000000  215.56353  13.5%  1012    3s
H   73    82                     192.0000000  215.55655  12.3%   853    3s
H  125   133                     193.0000000  215.55655  11.7%   591    3s
H  137   145                     194.0000000  215.55655  11.1%   555    3s
H  265   273                     195.0000000  215.55655  10.5%   422    4s
   272   293  214.41319   17 1168  195.00000  215.55655  10.5%   423    5s
H  278   293                     196.0000000  215.55655  10.0%   416    5s
H  798   817                     197.0000000  215.55655  9.42%   253    5s
H 1034  1036                     198.0000000  215.55655  8.87%   217    6s
H 4211  4014                     199.0000000  215.55655  8.32%  98.9    8s
  5395  5177  212.35880   33  879  199.00000  215.55655  8.32%  95.6   10s
H 6710  6138                     200.0000000  215.55655  7.78%  90.2   11s
  7766  6960  208.08333  119 1741  200.00000  214.31601  7.16%  88.2   15s
  7783  6971  208.54167  132 2168  200.00000  214.16998  7.08%  88.0   20s
H 7793  6628                     201.0000000  214.09223  6.51%  87.9   23s
  7801  6633  211.60150   39 2194  201.00000  214.07311  6.50%  87.8   25s
  7821  6647  213.56250   24 2325  201.00000  214.05010  6.49%  87.5   30s
  7843  6661  205.25000  187 2352  201.00000  214.03013  6.48%  87.3   35s
H 7848  6330                     202.0000000  214.02806  5.95%  87.2   36s
  7860  6338  203.86538  222 2407  202.00000  214.00508  5.94%  87.1   40s
  7878  6350  208.61284  113 2438  202.00000  213.98802  5.93%  86.9   45s
  7893  6360  208.86965  100 2430  202.00000  213.95184  5.92%  86.7   50s
  7909  6370  206.60123  135 2482  202.00000  213.93435  5.91%  86.6   55s
  7926  6382  208.11486  140 2473  202.00000  213.90886  5.90%  86.4   60s
  7947  6396  209.58547   83 2393  202.00000  213.87875  5.88%  86.2   65s
  7966  6410  208.08333  119 2176  202.00000  213.86286  5.87%   109   70s
  7991  6426  213.80895   16 2374  202.00000  213.80895  5.85%   109   75s
  8005  6436  208.54167  133 2125  202.00000  213.80402  5.84%   109   80s
  8020  6463  213.71220   34 2199  202.00000  213.79209  5.84%   118   86s
  8056  6491  213.67514   36 2346  202.00000  213.73420  5.81%   135   91s
  8116  6540  213.34236   37 2285  202.00000  213.70345  5.79%   152   95s
  8219  6604  213.34194   39 2075  202.00000  213.68390  5.78%   168  100s
  8277  6634  213.19351   40 2028  202.00000  213.67990  5.78%   178  107s
  8380  6719  213.16172   42 2051  202.00000  213.67990  5.78%   194  110s
  8564  6863  213.11905   46 1953  202.00000  213.67990  5.78%   213  115s
  8687  6912  213.01392   47 1998  202.00000  213.67990  5.78%   223  121s
  8981  7158  212.49464   52 1871  202.00000  213.67990  5.78%   239  125s
  9420  7449  212.59311   58 1887  202.00000  213.67990  5.78%   255  131s
  9786  7700  212.33303   63 1624  202.00000  213.67990  5.78%   272  136s
 10324  8170  211.75792   68 1481  202.00000  213.67990  5.78%   283  140s
 11227  8709  211.15859   81 1459  202.00000  213.67990  5.78%   284  147s
 11876  9284  210.56555   87 1433  202.00000  213.67990  5.78%   278  151s
 13313 10298  209.86043  104 1167  202.00000  213.67990  5.78%   269  156s
 14499 10742  209.02512  116 1212  202.00000  213.67990  5.78%   256  162s
 15023 10954  208.38523  126 1143  202.00000  213.67990  5.78%   254  166s
 15911 11399  207.02256  146 1030  202.00000  213.67990  5.78%   252  170s
 16826 11867  203.66770  205  773  202.00000  213.67386  5.78%   252  177s
 17244 12180  213.49158   40 2088  202.00000  213.67386  5.78%   253  181s
 18316 12835  212.80486   48 1864  202.00000  213.67386  5.78%   252  187s
 18959 13130  212.36224   54 1638  202.00000  213.67386  5.78%   251  191s
 19568 13316  211.36533   61 1604  202.00000  213.67386  5.78%   251  195s
 20042 13178  209.68308   84 1156  202.00000  213.67386  5.78%   253  220s
 20412 13475  205.80777  132  890  202.00000  213.67386  5.78%   256  239s
 20510 13818 infeasible  137       202.00000  213.65662  5.77%   257  247s
 20915 14462  213.24086   40 2037  202.00000  213.65662  5.77%   259  252s
 21820 15017  212.76707   46 1917  202.00000  213.65662  5.77%   256  256s
 22787 15510  211.07397   66 1572  202.00000  213.65662  5.77%   254  260s
 23703 16310  205.76290  144  562  202.00000  213.64631  5.77%   252  267s
 25030 16285  213.24723   43 2009  202.00000  213.64631  5.77%   252  271s
 25509 16680  212.99129   50 1496  202.00000  213.64631  5.77%   255  276s
 26178 17465  208.70933   76 1030  202.00000  213.60414  5.74%   258  282s
 27404 17849  213.44312   38 2119  202.00000  213.59690  5.74%   258  288s
 28328 18382  213.06695   46 1897  202.00000  213.59690  5.74%   259  293s
 28984 19313  210.81765   63 1555  202.00000  213.59655  5.74%   262  300s
 30033 19786  213.17396   40 2045  202.00000  213.58889  5.74%   264  309s
 30587 20818  212.16671   51 1737  202.00000  213.58889  5.74%   268  316s
 31756 22421  210.46157   90  903  202.00000  213.58889  5.74%   269  322s
 33473 24010  205.39749  169  555  202.00000  213.58722  5.74%   267  331s
 35458 24609  213.28966   43 2008  202.00000  213.58722  5.74%   261  337s
 36279 25477 infeasible   48       202.00000  213.58722  5.74%   263  344s
 37412 26184  205.63622   91  863  202.00000  213.55851  5.72%   266  352s
 38432 27587  213.04087   39 1984  202.00000  213.55851  5.72%   268  360s
 39980 28833  207.78743   91 1015  202.00000  213.53968  5.71%   267  368s
 41484 29519  213.26907   43 2007  202.00000  213.53968  5.71%   269  377s
 42326 30529  207.65079   74 1245  202.00000  213.52511  5.71%   273  386s
 43610 31609  213.35943   39 2101  202.00000  213.51927  5.70%   276  395s
 44936 33565  206.96034   89 1256  202.00000  213.49760  5.69%   279  406s
 47178 33566  205.27620  166 1285  202.00000  213.49760  5.69%   278  494s
 47182 33569  204.86477  189 1596  202.00000  213.49760  5.69%   278  495s
 47188 33573  206.47572  137 2422  202.00000  213.49760  5.69%   278  500s
 47200 33581  209.28610   91 2506  202.00000  213.49760  5.69%   278  505s
 47212 33589  209.33460   64 2542  202.00000  213.49760  5.69%   277  510s
 47224 33597  207.31566  149 2582  202.00000  213.49760  5.69%   277  515s
 47235 33604  203.48980  103 2608  202.00000  213.49760  5.69%   277  520s
 47249 33613  203.71922  131 2578  202.00000  213.49760  5.69%   277  525s
 47257 33619  213.02252   46 2574  202.00000  213.49760  5.69%   277  530s
 47267 33625  212.36904   49 2628  202.00000  213.49760  5.69%   277  536s
 47275 33631  209.71577  130 2579  202.00000  213.49760  5.69%   277  540s
 47283 33636  210.90078   64 2582  202.00000  213.49760  5.69%   277  545s
 47293 33643  205.32292  139 2582  202.00000  213.49760  5.69%   277  550s
 47302 33649  204.12879  267 2556  202.00000  213.49760  5.69%   277  555s
 47312 33655  209.33460   64 2593  202.00000  213.49760  5.69%   277  560s
 47323 33663  206.17169   78 2572  202.00000  213.49760  5.69%   277  565s
 47334 33670  210.22083   95 2600  202.00000  213.49760  5.69%   277  570s
 47344 33677  206.63990  141 2608  202.00000  213.49760  5.69%   277  575s
 47353 33683  208.25240   79 2604  202.00000  213.49760  5.69%   277  580s
 47362 33689  207.13328  161 2591  202.00000  213.49760  5.69%   277  585s
 47371 33695  210.31818  105 2625  202.00000  213.49760  5.69%   276  590s
 47381 33701  210.05610   98 2618  202.00000  213.49760  5.69%   276  595s
 47389 33707  211.53644   71 2591  202.00000  213.49760  5.69%   276  600s
 47400 33714  209.28610   91 2621  202.00000  213.49760  5.69%   276  605s
 47410 33721  207.70370  150 2555  202.00000  213.49760  5.69%   276  610s
 47420 33727  208.39444  108 2572  202.00000  213.49760  5.69%   276  615s
 47430 33734  210.55001   68 2587  202.00000  213.49760  5.69%   276  620s
 47435 33737  203.48980  103 2316  202.00000  213.49760  5.69%   276  627s
 47438 33744  213.49760   47 2195  202.00000  213.49760  5.69%   281  630s
 47450 33764  213.49760   49 2369  202.00000  213.49760  5.69%   281  636s
 47466 33779  213.39776   50 2373  202.00000  213.49760  5.69%   283  642s
 47486 33792  213.31149   51 2391  202.00000  213.49760  5.69%   285  645s
 47526 33819  213.21724   52 2339  202.00000  213.44311  5.66%   289  650s
H47589 32154                     203.0000000  213.43139  5.14%   291  653s
 47623 32193  213.13467   54 2328  203.00000  213.43139  5.14%   291  656s
 47675 32226  212.87585   55 2318  203.00000  213.43139  5.14%   292  661s
 47758 32307  212.80344   57 2234  203.00000  213.43139  5.14%   293  665s
 47953 32413  212.23229   62 2060  203.00000  213.43139  5.14%   295  671s
 48111 32565  211.94869   65 1998  203.00000  213.43139  5.14%   296  675s
 48428 32793  211.31899   70 1924  203.00000  213.43139  5.14%   298  681s
 48530 32791  210.80098   72 1987  203.00000  213.43139  5.14%   298  687s
 48636 32915  211.20576   74 1898  203.00000  213.43139  5.14%   299  693s
 48754 32928  210.95426   76 1849  203.00000  213.43139  5.14%   300  696s
 49069 33229  210.66124   80 1736  203.00000  213.43139  5.14%   302  701s
H49246 31687                     204.0000000  213.43139  4.62%   302  703s
 49371 31836  210.22647   83 1736  204.00000  213.43139  4.62%   303  705s
 50091 32342  209.06176   92 1393  204.00000  213.43139  4.62%   303  711s
 50351 32539  208.92842   97 1406  204.00000  213.43139  4.62%   303  716s
 50675 32671  208.48570  102 1267  204.00000  213.43139  4.62%   303  721s
 50968 32783  208.39185  106 1254  204.00000  213.43139  4.62%   304  726s
 51239 32868  207.98009  111 1189  204.00000  213.43139  4.62%   305  731s
 51464 33028  207.73942  116 1091  204.00000  213.43139  4.62%   306  735s
 52003 33385  206.22189  139  782  204.00000  213.43139  4.62%   308  742s
 52342 33462  205.66231  151  569  204.00000  213.41220  4.61%   308  749s
 52602 33532  213.15088   52 2307  204.00000  213.41220  4.61%   310  756s
 53057 33803  212.15450   61 2034  204.00000  213.41220  4.61%   313  765s
 53656 34109  210.44775   84 1862  204.00000  213.41220  4.61%   315  776s
 53975 34173  209.46065   99 1710  204.00000  213.41220  4.61%   316  782s
 54183 34348  208.15067  117 1509  204.00000  213.41220  4.61%   318  787s
 54448 34529  206.73705  132 1324  204.00000  213.37560  4.60%   318  795s
 54806 34648  213.17951   52 2395  204.00000  213.36869  4.59%   320  802s
 55075 34836  212.66857   57 2329  204.00000  213.36869  4.59%   321  809s
 55390 34750  211.79288   63 2223  204.00000  213.36869  4.59%   323  847s
 55426 34907  211.78633   64 2165  204.00000  213.36869  4.59%   323  857s
 55653 35097  211.56666   72 2000  204.00000  213.36869  4.59%   325  865s
 56026 35337  209.67290   88 1863  204.00000  213.36869  4.59%   326  874s
 56429 35609  208.62001  100 1503  204.00000  213.36869  4.59%   328  882s
 56904 35818  205.06501  133 1236  204.00000  213.29979  4.56%   329  890s
 57360 36070  213.26652   53 2430  204.00000  213.29821  4.56%   331  898s
 57872 36252  212.13147   62 2062  204.00000  213.29821  4.56%   333  906s
 58305 36436  209.55782   83 1714  204.00000  213.29821  4.56%   335  915s
 58715 36457  208.15642  109 1484  204.00000  213.29821  4.56%   337  934s
 58881 36921  207.37704  117 1345  204.00000  213.28834  4.55%   338  946s
 59520 37202  212.70984   55 2379  204.00000  213.28834  4.55%   339  956s
 60105 37466  210.21213   78 2048  204.00000  213.28834  4.55%   342  969s
 60640 38244  207.53370   93 1746  204.00000  213.24042  4.53%   344  982s
 61768 38286  212.34172   54 2288  204.00000  213.24042  4.53%   345  995s
 62367 38497  211.55670   63 2182  204.00000  213.24042  4.53%   348 1012s
 62843 38991  208.41039   76 1956  204.00000  213.24042  4.53%   349 1025s
 63632 39218  206.95333   94 1625  204.00000  213.21288  4.52%   351 1038s
 64275 39487  213.02533   54 2374  204.00000  213.18942  4.50%   354 1051s
 64854 40155  210.55171   82 1631  204.00000  213.18547  4.50%   357 1067s
 65934 40507  212.85428   56 1978  204.00000  213.18547  4.50%   359 1080s
 66736 41206  211.20917   75 1560  204.00000  213.18547  4.50%   362 1093s
 67782 42336  209.06328  116 1044  204.00000  213.16661  4.49%   363 1111s
 69412 43028  212.17817   55 2358  204.00000  213.16661  4.49%   362 1130s
 70952 44012  209.18814   85 1818  204.00000  213.15467  4.49%   362 1147s
 72693 44044  212.56953   58 2248  204.00000  213.15467  4.49%   362 1160s
 73470 44921  211.09329   78 1816  204.00000  213.15467  4.49%   364 1173s
 74672 45884  208.17208  109  918  204.00000  213.13838  4.48%   365 1189s
 76307 46168  212.93188   54 2398  204.00000  213.12800  4.47%   365 1203s
 77294 46891  209.40420   94 1587  204.00000  213.12662  4.47%   367 1219s
 78580 47731  212.79480   54 2286  204.00000  213.10642  4.46%   368 1232s
 79890 48375  208.92510  101 1668  204.00000  213.10287  4.46%   368 1250s
 81298 49102  212.03726   60 2083  204.00000  213.09837  4.46%   370 1269s
 82614 49297  205.87047  128 1354  204.00000  213.08261  4.45%   372 1286s
 83508 50286  212.46697   59 2260  204.00000  213.07625  4.45%   375 1305s
 84909 52135  209.99213   90 1598  204.00000  213.07625  4.45%   377 1329s
 87760 52424  206.31529  139 1209  204.00000  213.05748  4.44%   375 1349s
 89185 53000  211.91432   65 2074  204.00000  213.05748  4.44%   377 1369s
 90438 54675  207.23098  127  935  204.00000  213.04847  4.44%   379 1394s
 92993 55150  212.69833   55 2287  204.00000  213.03687  4.43%   379 1418s
 94488 55893  206.65558  121 1564  204.00000  213.02021  4.42%   381 1446s
 96187 56890  206.33177  115 1152  204.00000  213.00180  4.41%   385 1480s
 98242 58777  205.42316  130  999  204.00000  213.00063  4.41%   385 1518s
 101412 59361  212.50381   57 2280  204.00000  212.97456  4.40%   387 1548s
 103409 60226  210.43618   77 2003  204.00000  212.96084  4.39%   389 1579s
 105315 61336  209.12391   94 1725  204.00000  212.94693  4.39%   392 1613s
 107402 62157  212.59612   61 2349  204.00000  212.93588  4.38%   395 1646s
 109313 64045  211.64359   65 2182  204.00000  212.92820  4.38%   398 1680s
 112333 64454  212.47549   59 2394  204.00000  212.92810  4.38%   399 1711s
 114177 65027  212.61824   55 2458  204.00000  212.91225  4.37%   402 1745s
 115647 65481  205.62508  118 1436  204.00000  212.91062  4.37%   404 1779s
 116838 66616  212.16593   55 2325  204.00000  212.90264  4.36%   405 1821s
 118779 67523  211.43135   63 2296  204.00000  212.88923  4.36%   408 1854s
 120692 68923  211.49472   59 2307  204.00000  212.88357  4.35%   411 1890s
 123203 70252  211.75766   63 2082  204.00000  212.87545  4.35%   413 1927s
 125808 71180  208.80073   92 1594  204.00000  212.87487  4.35%   413 1962s
 127994 71953  210.40677   65 2142  204.00000  212.86754  4.35%   414 1995s
 129879 72788  205.10031  112 1498  204.00000  212.86178  4.34%   417 2030s
 131744 73610  208.03759   90 1833  204.00000  212.85389  4.34%   419 2070s
 133656 74532  212.23715   59 1880  204.00000  212.85199  4.34%   421 2109s
 135651 75762  211.91440   61 2273  204.00000  212.84439  4.34%   423 2145s
 137961 76585  205.21094  125 1428  204.00000  212.83602  4.33%   424 2182s
 139909 77966  205.70026  129 1387  204.00000  212.83035  4.33%   426 2219s
 141925 78094  212.48762   60 2421  204.00000  212.82443  4.33%   428 2333s
 142101 94806  212.41360   61 2387  204.00000  212.82412  4.33%   428 2678s
 148107 94806  208.70620   89 1975  204.00000  212.82171  4.32%   431 2680s
 162121 96857  206.19879  164  555  204.00000  212.77337  4.30%   436 2724s
 164734 97802     cutoff  129       204.00000  212.76513  4.30%   437 2805s
 165903 100979  209.35163   86 2048  204.00000  212.76424  4.30%   437 2869s
 169727 103039  209.82286   74 2058  204.00000  212.75194  4.29%   439 2912s
 172277 104602  206.93955  118 1732  204.00000  212.74665  4.29%   441 2955s
 174141 105363  209.37008   90 2022  204.00000  212.74131  4.28%   442 2970s

Cutting planes:
  Gomory: 97
  Cover: 1523
  Clique: 26
  MIR: 594
  Mixing: 3
  StrongCG: 9
  Flow cover: 1518
  GUB cover: 2
  Inf proof: 6
  Zero half: 1339
  Mod-K: 6
  RLT: 348

Explored 175037 nodes (77404965 simplex iterations) in 2971.78 seconds (3607.23 work units)
Thread count was 20 (of 20 available processors)

Solution count 10: 204 203 202 ... 195

Work limit reached
Best objective 2.040000000000e+02, best bound 2.120000000000e+02, gap 3.9216%

User-callback calls 533602, time in user-callback 0.45 sec
