
Gurobi 11.0.2 (win64) logging started Wed Jan 22 02:50:42 2025

Set parameter LogFile to value "C:\Users\yshimane3\Documents\codes\dev-julia\TelescopeTasking.jl\scripts\solutions_JASS\logs\log_MTTP1_targetS2_E3_Gurobi.log"
Set parameter Method to value 0

Gurobi 11.0.2 (win64) logging started Wed Jan 22 02:50:57 2025

Set parameter LogFile to value "C:\Users\yshimane3\Documents\codes\dev-julia\TelescopeTasking.jl\scripts\solutions_JASS\logs\log_MTTP1_targetS2_E3_Gurobi.log"
Gurobi Optimizer version 11.0.2 build v11.0.2rc0 (win64 - Windows 11.0 (22621.2))

CPU model: 12th Gen Intel(R) Core(TM) i7-12700, instruction set [SSE2|AVX|AVX2]
Thread count: 12 physical cores, 20 logical processors, using up to 20 threads

Optimize a model with 6184983 rows, 7275 columns and 12372639 nonzeros
Model fingerprint: 0x1ed0efc9
Variable types: 0 continuous, 7275 integer (7275 binary)
Coefficient statistics:
  Matrix range     [1e+00, 3e+00]
  Objective range  [1e+00, 1e+00]
  Bounds range     [0e+00, 0e+00]
  RHS range        [1e+00, 2e+00]
Found heuristic solution: objective -0.0000000
Presolve removed 6182976 rows and 6376 columns
Presolve time: 1.36s
Presolved: 2007 rows, 899 columns, 4543 nonzeros
Found heuristic solution: objective 14.0000000
Variable types: 0 continuous, 899 integer (899 binary)
Found heuristic solution: objective 44.0000000

Root relaxation: objective 8.150000e+01, 507 iterations, 0.00 seconds (0.00 work units)

    Nodes    |    Current Node    |     Objective Bounds      |     Work
 Expl Unexpl |  Obj  Depth IntInf | Incumbent    BestBd   Gap | It/Node Time

     0     0   81.50000    0   61   44.00000   81.50000  85.2%     -    2s
H    0     0                      50.0000000   81.50000  63.0%     -    2s
H    0     0                      51.0000000   81.50000  59.8%     -    2s
H    0     0                      54.0000000   81.50000  50.9%     -    2s
H    0     0                      57.0000000   79.22222  39.0%     -    2s
     0     0   79.22222    0  157   57.00000   79.22222  39.0%     -    2s
H    0     0                      59.0000000   79.11111  34.1%     -    2s
     0     0   78.52083    0  162   59.00000   78.52083  33.1%     -    2s
     0     0   78.52083    0  152   59.00000   78.52083  33.1%     -    2s
H    0     0                      60.0000000   77.42222  29.0%     -    2s
H    0     0                      62.0000000   77.42222  24.9%     -    2s
     0     0   77.42222    0  241   62.00000   77.42222  24.9%     -    2s
     0     0   77.38889    0  277   62.00000   77.38889  24.8%     -    2s
     0     0   77.31019    0  285   62.00000   77.31019  24.7%     -    2s
     0     0   77.31019    0  280   62.00000   77.31019  24.7%     -    2s
     0     0   77.02996    0  271   62.00000   77.02996  24.2%     -    2s
H    0     0                      63.0000000   77.02996  22.3%     -    2s
H    0     0                      66.0000000   76.94662  16.6%     -    2s
     0     0   76.94662    0  321   66.00000   76.94662  16.6%     -    2s
     0     0   76.90496    0  340   66.00000   76.90496  16.5%     -    2s
     0     0   76.90496    0  360   66.00000   76.90496  16.5%     -    2s
     0     0   76.79827    0  402   66.00000   76.79827  16.4%     -    2s
     0     0   76.51357    0  404   66.00000   76.51357  15.9%     -    2s
     0     0   76.47344    0  462   66.00000   76.47344  15.9%     -    2s
     0     0   76.47169    0  453   66.00000   76.47169  15.9%     -    2s
     0     0   76.37631    0  438   66.00000   76.37631  15.7%     -    2s
     0     0   76.25392    0  466   66.00000   76.25392  15.5%     -    2s
     0     0   76.25203    0  478   66.00000   76.25203  15.5%     -    2s
     0     0   76.24256    0  455   66.00000   76.24256  15.5%     -    2s
     0     0   76.22446    0  484   66.00000   76.22446  15.5%     -    2s
     0     0   76.22296    0  473   66.00000   76.22296  15.5%     -    2s
     0     0   76.21852    0  477   66.00000   76.21852  15.5%     -    2s
     0     0   76.21852    0  346   66.00000   76.21852  15.5%     -    2s
H    0     0                      67.0000000   76.21852  13.8%     -    2s
     0     2   76.21852    0  342   67.00000   76.21852  13.8%     -    2s
H  136   163                      68.0000000   75.36629  10.8%  55.1    2s
  2214  1822   70.25000   55  647   68.00000   72.52458  6.65%  17.2    5s
  2892  2197   69.85374   31  422   68.00000   71.72226  5.47%  55.8   10s
  5581  3038   70.77866   26  424   68.00000   71.52081  5.18%  80.2   15s
  9313  4640   69.10840   46  215   68.00000   71.22298  4.74%  88.0   20s
 13259  6685   70.25042   23  413   68.00000   71.08594  4.54%  94.0   27s
 15706  8197   70.70722   25  476   68.00000   71.01699  4.44%  95.3   30s
 21414 10904   69.42391   37  282   68.00000   70.88165  4.24%  98.2   35s
 27715 13415   69.92158   34  345   68.00000   70.78392  4.09%   101   40s
 33038 15759     cutoff   37        68.00000   70.69486  3.96%   103   45s
 38092 17902   69.65996   34  371   68.00000   70.63021  3.87%   105   51s
 42213 19538     cutoff   35        68.00000   70.59273  3.81%   106   56s
 47049 20836   69.15238   48  270   68.00000   70.53972  3.73%   108   64s
 47068 20849   69.17925   42  553   68.00000   70.53972  3.73%   108   65s
 47186 20927   69.35353   32  569   68.00000   70.53972  3.73%   107   70s
 47303 21005   69.70846   29  656   68.00000   70.53972  3.73%   107   75s
 47393 21086   70.53290   31  597   68.00000   70.53972  3.73%   108   80s
 48599 21342   70.17547   34  598   68.00000   70.42040  3.56%   112   85s
 51212 21654   69.41470   44  367   68.00000   69.99737  2.94%   117   90s
 55187 21569   69.57072   40  387   68.00000   69.72521  2.54%   122   95s
 58660 21622   69.00702   45  364   68.00000   69.63627  2.41%   129  100s
 62000 21319     cutoff   44        68.00000   69.58660  2.33%   135  105s
 65341 20816   69.42416   43  440   68.00000   69.55248  2.28%   141  110s
 68153 20104   69.08669   43  320   68.00000   69.51592  2.23%   146  115s
 71791 18885   69.30459   40  365   68.00000   69.47058  2.16%   151  121s
 74761 17597     cutoff   43        68.00000   69.42206  2.09%   156  126s
 75839 17112   69.10908   47  347   68.00000   69.40420  2.06%   158  130s
 78141 15916   69.03066   44  372   68.00000   69.36701  2.01%   161  135s
 80799 14348   69.08053   39  285   68.00000   69.32159  1.94%   165  140s
 83684 12244   69.08285   40  349   68.00000   69.27169  1.87%   168  145s
 86729  9233   69.06091   43  395   68.00000   69.20473  1.77%   171  150s

Cutting planes:
  Gomory: 46
  Cover: 285
  Clique: 4
  MIR: 77
  StrongCG: 4
  Flow cover: 272
  GUB cover: 1
  Inf proof: 4
  Zero half: 445
  RLT: 73

Explored 89762 nodes (15316414 simplex iterations) in 154.54 seconds (166.55 work units)
Thread count was 20 (of 20 available processors)

Solution count 10: 68 67 66 ... 51

Optimal solution found (tolerance 1.00e-04)
Best objective 6.800000000000e+01, best bound 6.800000000000e+01, gap 0.0000%

User-callback calls 198869, time in user-callback 0.09 sec
