
Gurobi 11.0.2 (win64) logging started Tue Jan 21 23:24:43 2025

Set parameter LogFile to value "C:\Users\yshimane3\Documents\codes\dev-julia\TelescopeTasking.jl\scripts\solutions_JASS\logs\log_MTTP2_targetS1_E3_Gurobi.log"
Set parameter Method to value 0

Gurobi 11.0.2 (win64) logging started Tue Jan 21 23:24:55 2025

Set parameter LogFile to value "C:\Users\yshimane3\Documents\codes\dev-julia\TelescopeTasking.jl\scripts\solutions_JASS\logs\log_MTTP2_targetS1_E3_Gurobi.log"
Gurobi Optimizer version 11.0.2 build v11.0.2rc0 (win64 - Windows 11.0 (22621.2))

CPU model: 12th Gen Intel(R) Core(TM) i7-12700, instruction set [SSE2|AVX|AVX2]
Thread count: 12 physical cores, 20 logical processors, using up to 20 threads

Optimize a model with 5052743 rows, 5902 columns and 10108576 nonzeros
Model fingerprint: 0x88582c50
Variable types: 0 continuous, 5902 integer (5902 binary)
Coefficient statistics:
  Matrix range     [1e+00, 3e+00]
  Objective range  [1e+00, 1e+00]
  Bounds range     [0e+00, 0e+00]
  RHS range        [1e+00, 2e+00]
Found heuristic solution: objective -0.0000000
Presolve removed 5037109 rows and 1555 columns
Presolve time: 1.06s
Presolved: 15634 rows, 4347 columns, 33901 nonzeros
Variable types: 0 continuous, 4347 integer (4347 binary)
Found heuristic solution: objective 86.0000000

Root relaxation: objective 2.195000e+02, 3060 iterations, 0.02 seconds (0.02 work units)

    Nodes    |    Current Node    |     Objective Bounds      |     Work
 Expl Unexpl |  Obj  Depth IntInf | Incumbent    BestBd   Gap | It/Node Time

     0     0  219.50000    0  320   86.00000  219.50000   155%     -    1s
H    0     0                     146.0000000  219.50000  50.3%     -    1s
H    0     0                     147.0000000  219.50000  49.3%     -    1s
H    0     0                     149.0000000  219.50000  47.3%     -    1s
H    0     0                     152.0000000  219.50000  44.4%     -    1s
H    0     0                     157.0000000  219.50000  39.8%     -    1s
H    0     0                     160.0000000  216.65003  35.4%     -    2s
H    0     0                     161.0000000  216.65003  34.6%     -    2s
     0     0  216.65003    0 1264  161.00000  216.65003  34.6%     -    2s
H    0     0                     162.0000000  216.65003  33.7%     -    2s
H    0     0                     164.0000000  216.43710  32.0%     -    2s
     0     0  216.43271    0 1251  164.00000  216.43271  32.0%     -    2s
H    0     0                     165.0000000  216.43271  31.2%     -    2s
     0     0  216.43271    0 1258  165.00000  216.43271  31.2%     -    2s
     0     0  216.43271    0 1264  165.00000  216.43271  31.2%     -    2s
H    0     0                     166.0000000  216.43271  30.4%     -    2s
H    0     0                     168.0000000  215.82755  28.5%     -    2s
H    0     0                     170.0000000  215.82755  27.0%     -    2s
H    0     0                     171.0000000  215.82755  26.2%     -    2s
H    0     0                     173.0000000  215.82755  24.8%     -    2s
     0     0  215.82755    0 1541  173.00000  215.82755  24.8%     -    2s
H    0     0                     174.0000000  215.54862  23.9%     -    2s
H    0     0                     175.0000000  215.54862  23.2%     -    2s
H    0     0                     177.0000000  215.54862  21.8%     -    2s
     0     0  215.54862    0 1557  177.00000  215.54862  21.8%     -    2s
H    0     0                     179.0000000  215.48894  20.4%     -    2s
     0     0  215.48894    0 1587  179.00000  215.48894  20.4%     -    2s
H    0     0                     182.0000000  215.47982  18.4%     -    2s
     0     0  215.47982    0 1562  182.00000  215.47982  18.4%     -    2s
     0     0  215.47978    0 1573  182.00000  215.47978  18.4%     -    2s
H    0     0                     184.0000000  215.47978  17.1%     -    3s
H    0     0                     185.0000000  215.01714  16.2%     -    3s
H    0     0                     186.0000000  215.01714  15.6%     -    3s
H    0     0                     187.0000000  215.01714  15.0%     -    3s
     0     0  215.01714    0 1754  187.00000  215.01714  15.0%     -    3s
H    0     0                     188.0000000  214.78336  14.2%     -    3s
     0     0  214.78336    0 1822  188.00000  214.78336  14.2%     -    3s
     0     0  214.71453    0 1864  188.00000  214.71453  14.2%     -    4s
     0     0  214.69289    0 1847  188.00000  214.69289  14.2%     -    4s
     0     0  214.68768    0 1863  188.00000  214.68768  14.2%     -    4s
     0     0  214.68676    0 1869  188.00000  214.68676  14.2%     -    4s
     0     0  214.58994    0 1909  188.00000  214.58994  14.1%     -    4s
     0     0  214.51885    0 1917  188.00000  214.51885  14.1%     -    5s
     0     0  214.50322    0 1990  188.00000  214.50322  14.1%     -    5s
H    0     0                     189.0000000  214.49449  13.5%     -    5s
     0     0  214.49449    0 1994  189.00000  214.49449  13.5%     -    5s
     0     0  214.49197    0 2003  189.00000  214.49197  13.5%     -    5s
     0     0  214.49126    0 2013  189.00000  214.49126  13.5%     -    5s
H    0     0                     190.0000000  214.44463  12.9%     -    6s
     0     0  214.44463    0 2033  190.00000  214.44463  12.9%     -    6s
H    0     0                     191.0000000  214.43857  12.3%     -    6s
     0     0  214.43857    0 2042  191.00000  214.43857  12.3%     -    6s
     0     0  214.43705    0 2043  191.00000  214.43705  12.3%     -    6s
     0     0  214.40280    0 2039  191.00000  214.40280  12.3%     -    6s
     0     0  214.39785    0 2041  191.00000  214.39785  12.3%     -    7s
     0     0  214.39638    0 2070  191.00000  214.39638  12.2%     -    7s
     0     0  214.39283    0 2080  191.00000  214.39283  12.2%     -    7s
     0     0  214.39283    0 1905  191.00000  214.39283  12.2%     -    7s
     0     2  214.39283    0 1876  191.00000  214.39283  12.2%     -    8s
    15    28  213.97855    4 2091  191.00000  214.11849  12.1%  2383   10s
    76    91  213.73654    7 2032  191.00000  213.86724  12.0%  2684   15s
H   86    91                     192.0000000  213.86724  11.4%  2516   15s
H  121   133                     193.0000000  213.86724  10.8%  2359   17s
H  123   133                     194.0000000  213.86724  10.2%  2341   17s
H  156   172                     195.0000000  213.86724  9.68%  2081   18s
H  209   222                     196.0000000  213.86724  9.12%  1895   20s
H  263   275                     197.0000000  213.86724  8.56%  1825   23s
   325   350  213.12989   18 1955  197.00000  213.86724  8.56%  1744   25s
   464   489  212.82622   23 1827  197.00000  213.86724  8.56%  1612   30s
   662   711  212.39597   32 1712  197.00000  213.86724  8.56%  1390   35s
   880   952  211.88491   36 1773  197.00000  213.86724  8.56%  1235   40s
H 1393  1547                     198.0000000  213.86724  8.01%   963   45s
  2198  2481  210.36003   53 1473  198.00000  213.86724  8.01%   713   50s
H 3790  3978                     199.0000000  213.86724  7.47%   474   55s
  5011  4859  207.61210   80 1260  199.00000  213.86724  7.47%   397   61s
  5502  5283  206.90680   93 1248  199.00000  213.86724  7.47%   393   67s
  5770  5534  206.12651  100 1025  199.00000  213.86724  7.47%   388   70s
  6148  5876  204.40037  135  791  199.00000  213.86724  7.47%   393   75s
  6617  6193  210.27968   54 1261  199.00000  213.79991  7.44%   398   82s
  6633  6204  203.24241  221 1975  199.00000  213.79991  7.44%   397   85s
  6664  6224  202.55247  181 2175  199.00000  213.79991  7.44%   395   90s
  6677  6233  207.40604  150 2215  199.00000  213.79991  7.44%   394   95s
  6687  6243  213.79991   11 1981  199.00000  213.79991  7.44%   400  100s
  6717  6281  213.71303   15 2172  199.00000  213.79991  7.44%   409  105s
  6821  6351  213.39026   18 2063  199.00000  213.79991  7.44%   429  110s
  6913  6411  213.09665   20 1927  199.00000  213.79991  7.44%   443  118s
  6933  6436  213.17704   20 2025  199.00000  213.79991  7.44%   445  120s
  7072  6521  212.84269   23 1965  199.00000  213.79991  7.44%   470  126s
  7203  6626  212.65145   25 1864  199.00000  213.79991  7.44%   492  130s
  7393  6773  212.37392   28 1801  199.00000  213.79991  7.44%   512  135s
  7683  6999  211.76564   33 1763  199.00000  213.79991  7.44%   526  140s
  8130  7357  211.16751   38 1594  199.00000  213.79991  7.44%   531  145s
  8869  7833  211.23050   44 1390  199.00000  213.79991  7.44%   520  151s
  9486  8287  210.59728   48 1534  199.00000  213.79991  7.44%   512  156s
 10480  9059  210.52308   53 1371  199.00000  213.79991  7.44%   489  160s
 11846  9931  210.29168   58 1353  199.00000  213.79991  7.44%   451  166s
 12684 10157  210.02956   62 1500  199.00000  213.79991  7.44%   434  170s
 13129 10259  209.30726   66 1363  199.00000  213.79991  7.44%   432  175s
H13144  9616                     200.0000000  213.79991  6.90%   432  175s
H13506  9144                     201.0000000  213.79991  6.37%   436  179s
 13574  9312  208.79866   71 1390  201.00000  213.79991  6.37%   436  181s
 13985  9580  208.75142   76 1249  201.00000  213.79991  6.37%   437  186s
 14503  9762  208.36629   83 1327  201.00000  213.79991  6.37%   437  195s
 14623  9742  208.09529   83 1228  201.00000  213.79991  6.37%   437  220s
 14643  9865  208.31534   84 1157  201.00000  213.79991  6.37%   437  240s
 15012 10264  207.67503   91 1077  201.00000  213.79991  6.37%   440  246s
 15810 10750  206.19525  101  980  201.00000  213.79991  6.37%   436  253s
 16208 10878  206.32562  106  931  201.00000  213.79991  6.37%   436  257s
 16485 11112  205.54451  115  769  201.00000  213.79991  6.37%   438  260s
 17167 11429     cutoff  165       201.00000  213.79991  6.37%   440  266s
 17472 11766  213.37829   19 2030  201.00000  213.79991  6.37%   443  270s
 17940 11989  212.82175   25 1875  201.00000  213.79991  6.37%   442  275s
 18961 12740  210.49760   42 1552  201.00000  213.79991  6.37%   436  283s
 19606 13003  208.95963   63 1398  201.00000  213.79991  6.37%   433  288s
 20134 13371  206.77284   90 1083  201.00000  213.79991  6.37%   433  292s
 20736 13676  213.78714   18 2119  201.00000  213.79991  6.37%   432  297s
 21325 13953  212.84044   28 1858  201.00000  213.79991  6.37%   431  302s
 21906 14069  211.88819   39 1781  201.00000  213.79991  6.37%   432  308s
 22300 14386  210.27099   54 1631  201.00000  213.79991  6.37%   435  313s
 22781 14938  208.53562   80 1351  201.00000  213.79991  6.37%   437  319s
 23572 15694  206.41137  115 1341  201.00000  213.79991  6.37%   436  327s
 24715 16147  213.70501   20 2051  201.00000  213.78699  6.36%   433  333s
 25275 16912  212.73751   29 1865  201.00000  213.78699  6.36%   436  340s
 26083 17669  210.17614   49 1668  201.00000  213.78699  6.36%   436  347s
 26896 18087  208.02042   74 1511  201.00000  213.78699  6.36%   437  356s
 27340 19307  205.84919   98 1143  201.00000  213.77240  6.35%   439  364s
 28780 19853  213.39808   20 2033  201.00000  213.70468  6.32%   433  372s
 29436 20345  211.77683   38 1743  201.00000  213.70468  6.32%   436  379s
 29928 21218  210.10031   65 1443  201.00000  213.70468  6.32%   441  386s
 30823 22474  205.93165  127  989  201.00000  213.67051  6.30%   443  395s
 32197 23288  212.88904   25 1848  201.00000  213.66019  6.30%   439  405s
 33256 23706  212.03616   34 1668  201.00000  213.66019  6.30%   439  413s
 33676 24634  209.51957   46 1306  201.00000  213.66019  6.30%   446  423s
 34640 26154  206.60722   83  568  201.00000  213.63971  6.29%   449  433s
 36424 27330  212.73719   22 1902  201.00000  213.63971  6.29%   444  443s
 37879 27546  209.85279   48 1502  201.00000  213.63971  6.29%   441  454s
 38095 28596  208.72460   60 1433  201.00000  213.63971  6.29%   445  465s
 39214 29481  202.49195  146  819  201.00000  213.61761  6.28%   447  475s
 40201 31362  211.61452   38 1752  201.00000  213.61761  6.28%   451  488s
 42213 33424  206.90801   91 1376  201.00000  213.59604  6.27%   446  500s
 44487 34681  213.01118   24 1918  201.00000  213.59556  6.27%   440  512s
 46026 35700  209.60949   61 1414  201.00000  213.58182  6.26%   439  524s
 47123 36456  212.71717   21 1907  201.00000  213.58182  6.26%   442  558s
 47965 41033  211.43391   35 1771  201.00000  213.55894  6.25%   443  614s
 53019 43371  209.71089   49 1518  201.00000  213.52165  6.23%   459  640s
 55791 45056  212.96318   21 1978  201.00000  213.52165  6.23%   461  671s
 57772 46577  209.05722   68 1271  201.00000  213.51020  6.22%   460  698s
 59439 49015  211.13084   38 1767  201.00000  213.51020  6.22%   467  724s
 62326 51232  204.49638   93 1035  201.00000  213.49901  6.22%   472  750s
 64776 52662  208.24173   73 1421  201.00000  213.47674  6.21%   474  773s
 66404 55003  211.90010   29 1808  201.00000  213.47383  6.21%   476  797s
 69103 57082  213.10261   24 2064  201.00000  213.46083  6.20%   477  820s
 71403 57655  205.92419  117 1113  201.00000  213.44118  6.19%   480  873s
 72098 70562  209.53822   64 1517  201.00000  213.43895  6.19%   481 1018s
 86501 72689  206.76706   85  890  201.00000  213.39320  6.17%   491 1047s
 88861 75177  209.82052   69 1405  201.00000  213.39215  6.17%   493 1069s
 91655 77186  210.42002   46 1499  201.00000  213.37872  6.16%   492 1090s
 93912 79376  211.65003   39 1825  201.00000  213.36822  6.15%   492 1111s
 96450 81707  205.16693  132 1061  201.00000  213.36363  6.15%   491 1133s
 99078 83531  210.87393   48 1655  201.00000  213.36363  6.15%   491 1153s
 101099 86176  208.11662   89 1105  201.00000  213.36150  6.15%   490 1171s
 103907 87878  212.96531   22 2055  201.00000  213.36150  6.15%   487 1187s
 105913 89605  210.56319   48 1416  201.00000  213.36150  6.15%   487 1203s
 107712 91096  205.18403  100  776  201.00000  213.34284  6.14%   487 1218s
 109526 92357  211.54236   32 1678  201.00000  213.34284  6.14%   487 1234s
 110735 92357  208.89772   70 1579  201.00000  213.34284  6.14%   489 1235s
 110851 95364  207.12390   98  589  201.00000  213.32557  6.13%   489 1252s
 114074 97300  211.52578   36 1657  201.00000  213.32556  6.13%   485 1268s
 116222 98117  212.55624   21 1997  201.00000  213.32409  6.13%   484 1283s
 117193 99715  210.93683   32 1695  201.00000  213.32397  6.13%   485 1302s
 118994 101262  212.94569   20 2056  201.00000  213.31821  6.13%   484 1319s
 120713 102977  206.11675   88  937  201.00000  213.30855  6.12%   485 1340s
 122622 104996  210.44483   49 1662  201.00000  213.30260  6.12%   487 1361s
 124922 106840     cutoff  163       201.00000  213.29564  6.12%   488 1384s
 127034 108478  207.65681   81 1285  201.00000  213.28712  6.11%   489 1404s
 128917 110273  212.20347   31 1819  201.00000  213.27774  6.11%   491 1425s
 130849 113786  208.40669   69 1197  201.00000  213.27764  6.11%   493 1447s
 134648 115943  212.01459   30 1837  201.00000  213.27652  6.11%   489 1466s
 137128 117905  203.73156  111 1038  201.00000  213.27071  6.10%   488 1485s
 139420 120025  210.75002   46 1587  201.00000  213.26818  6.10%   487 1504s
 141802 121390  212.71626   26 2064  201.00000  213.25611  6.10%   486 1520s
 143243 123089  210.51061   55 1620  201.00000  213.25611  6.10%   488 1538s
 145195 124912  206.01806  138  877  201.00000  213.24581  6.09%   487 1561s
 147175 126537  210.96231   35 1638  201.00000  213.24581  6.09%   488 1583s
 149019 129626  205.30902   93  730  201.00000  213.23756  6.09%   491 1610s
 152490 130749  209.83219   60 1676  201.00000  213.23586  6.09%   489 1630s
 153659 133015  205.81858  121 1296  201.00000  213.23426  6.09%   490 1650s
 156269 134432  211.49596   40 1767  201.00000  213.22686  6.08%   490 1670s
 157756 136246  207.76856   92 1443  201.00000  213.22488  6.08%   491 1690s
 160119 138011  212.15347   29 1853  201.00000  213.22164  6.08%   490 1710s
 162153 139031  202.95541  137  989  201.00000  213.21861  6.08%   491 1729s
 163255 140894  210.43643   49 1724  201.00000  213.21736  6.08%   494 1752s
 165414 142523  212.90324   24 2030  201.00000  213.21736  6.08%   494 1773s
 167430 143988  203.79798  106  955  201.00000  213.20702  6.07%   495 1799s
 168995 147302  211.89798   37 1963  201.00000  213.20555  6.07%   496 1823s
 172707 148320  206.22780  117 1263  201.00000  213.20544  6.07%   493 1836s
 173880 149405  212.41465   21 1979  201.00000  213.20002  6.07%   494 1851s
 175115 150828  210.32791   33 1551  201.00000  213.20002  6.07%   495 1866s
 176628 153136  207.69970   68 1221  201.00000  213.19970  6.07%   496 1884s
 179227 154382  212.67896   21 2045  201.00000  213.19970  6.07%   494 1901s
 180596 156105  209.66462   61 1508  201.00000  213.19352  6.07%   495 1919s
 182616 157690  212.70514   25 1964  201.00000  213.19352  6.07%   494 1935s
 184529 158985  204.98337   96 1004  201.00000  213.18911  6.06%   494 1953s
 185970 161611  211.64402   39 1871  201.00000  213.18911  6.06%   495 1972s
 188782 163146  205.71046  132 1174  201.00000  213.18418  6.06%   494 1989s
 190600 164916  210.93561   37 1725  201.00000  213.17796  6.06%   494 2007s
 192619 166547  212.51299   25 1990  201.00000  213.17713  6.06%   494 2029s
 194414 167516     cutoff  128       201.00000  213.17580  6.06%   495 2052s
 195544 170977  210.56376   42 1672  201.00000  213.17281  6.06%   496 2084s
 199321 172473  212.01117   30 1845  201.00000  213.17281  6.06%   496 2107s
 201017 173969  204.76144  108 1031  201.00000  213.17089  6.06%   497 2130s
 202778 176228  209.16891   64 1464  201.00000  213.16037  6.05%   498 2153s
 205387 177193  211.92928   30 1945  201.00000  213.16037  6.05%   498 2176s
 206462 179046  208.69957   55 1544  201.00000  213.15413  6.05%   499 2199s
 208581 181363  210.37480   45 1679  201.00000  213.14621  6.04%   500 2224s
 211224 183590  211.09109   44 1713  201.00000  213.14264  6.04%   500 2247s
 213702 185681  212.41566   25 1820  201.00000  213.14264  6.04%   500 2270s
 215955 187496  203.02671  153  835  201.00000  213.14142  6.04%   501 2292s
 218108 188266  207.94768   72 1309  201.00000  213.14142  6.04%   501 2313s
 218989 190162  207.86268   73 1262  201.00000  213.13085  6.04%   501 2341s
 221268 191983  210.60992   32 1557  201.00000  213.12693  6.03%   502 2368s
 223135 195052  203.96114   84  791  201.00000  213.12673  6.03%   503 2399s
 226687 197303  204.22990  110  884  201.00000  213.12202  6.03%   502 2422s
 229313 198802  209.20986   59 1532  201.00000  213.11627  6.03%   501 2445s
 230995 200551  212.53403   25 1946  201.00000  213.11530  6.03%   502 2468s
 232986 202771  205.75753   99 1078  201.00000  213.11370  6.03%   502 2489s
 235558 204935  210.12876   56 1578  201.00000  213.11030  6.03%   502 2510s
 237978 204955  212.82915   25 1988  201.00000  213.10884  6.02%   502 2549s
H237996 185791                     202.0000000  213.10884  5.50%   502 2549s
 237998 187424  212.68729   26 1887  202.00000  213.10884  5.50%   502 2570s
 239926 189506  208.08298   78 1319  202.00000  213.10416  5.50%   503 2592s
 242269 190364  210.83958   39 1663  202.00000  213.10252  5.50%   503 2610s
 243202 191889  208.18739   68 1299  202.00000  213.10210  5.50%   504 2634s
 244990 194351  211.02765   34 1547  202.00000  213.09958  5.49%   505 2660s
 247623 196173  206.48082   99  762  202.00000  213.09920  5.49%   506 2684s
 249773 197864  208.73661   71 1282  202.00000  213.09385  5.49%   506 2706s
 251753 200072  209.78943   48 1468  202.00000  213.08905  5.49%   508 2731s
 254259 201961  209.35976   49 1446  202.00000  213.08815  5.49%   508 2756s
 256460 203341  210.85825   30 1565  202.00000  213.08275  5.49%   508 2780s
 257884 205689  204.66202   87  818  202.00000  213.08191  5.49%   510 2806s
 260603 207899  209.00597   73 1492  202.00000  213.07760  5.48%   510 2829s
 263079 209344  212.08031   30 1878  202.00000  213.07459  5.48%   510 2852s
 264619 212371  209.23957   61 1203  202.00000  213.07343  5.48%   511 2883s
 268037 214037  208.58130   71 1341  202.00000  213.06980  5.48%   511 2904s
 270049 216069  209.83113   51 1577  202.00000  213.06596  5.48%   512 2928s
 272233 217992  211.75116   30 1894  202.00000  213.06590  5.48%   512 2951s
 274433 219794  212.78913   27 2028  202.00000  213.06378  5.48%   513 2975s
 276540 221322  212.69137   23 2036  202.00000  213.06156  5.48%   513 2997s
 278331 223271  211.17237   38 1706  202.00000  213.05835  5.47%   513 3020s
 280510 224066  211.99465   31 1783  202.00000  213.05788  5.47%   513 3031s

Cutting planes:
  Gomory: 17
  Cover: 1952
  Clique: 27
  MIR: 383
  Flow cover: 321
  GUB cover: 4
  Inf proof: 7
  Zero half: 253
  RLT: 331

Explored 281372 nodes (144584381 simplex iterations) in 3032.01 seconds (3605.93 work units)
Thread count was 20 (of 20 available processors)

Solution count 10: 202 201 200 ... 193

Work limit reached
Best objective 2.020000000000e+02, best bound 2.130000000000e+02, gap 5.4455%

User-callback calls 711652, time in user-callback 0.43 sec
