
Gurobi 11.0.2 (win64) logging started Fri Feb 28 11:30:15 2025

Set parameter LogFile to value "C:\Users\yshimane3\Documents\codes\dev-julia\TelescopeTasking.jl\scripts\solutions_JASS_slow\logs\log_STTP1_targetS1_E2_Gurobi.log"
Set parameter Method to value 0

Gurobi 11.0.2 (win64) logging started Fri Feb 28 11:30:24 2025

Set parameter LogFile to value "C:\Users\yshimane3\Documents\codes\dev-julia\TelescopeTasking.jl\scripts\solutions_JASS_slow\logs\log_STTP1_targetS1_E2_Gurobi.log"
Gurobi Optimizer version 11.0.2 build v11.0.2rc0 (win64 - Windows 11.0 (22621.2))

CPU model: 12th Gen Intel(R) Core(TM) i7-12700, instruction set [SSE2|AVX|AVX2]
Thread count: 12 physical cores, 20 logical processors, using up to 20 threads

Optimize a model with 2506792 rows, 3590 columns and 5014472 nonzeros
Model fingerprint: 0xcb9b7f36
Variable types: 0 continuous, 3590 integer (3590 binary)
Coefficient statistics:
  Matrix range     [1e+00, 2e+00]
  Objective range  [1e+00, 1e+00]
  Bounds range     [0e+00, 0e+00]
  RHS range        [1e+00, 2e+00]
Found heuristic solution: objective -0.0000000
Presolve removed 2493404 rows and 1322 columns
Presolve time: 0.61s
Presolved: 13388 rows, 2268 columns, 27664 nonzeros
Variable types: 0 continuous, 2268 integer (2268 binary)

Root relaxation: objective 1.012382e+02, 2372 iterations, 0.10 seconds (0.17 work units)

    Nodes    |    Current Node    |     Objective Bounds      |     Work
 Expl Unexpl |  Obj  Depth IntInf | Incumbent    BestBd   Gap | It/Node Time

     0     0  101.23816    0  673   -0.00000  101.23816      -     -    1s
H    0     0                      69.0000000  101.23816  46.7%     -    1s
H    0     0                      71.0000000  101.23816  42.6%     -    1s
H    0     0                      72.0000000  101.23520  40.6%     -    1s
     0     0   97.73084    0  828   72.00000   97.73084  35.7%     -    1s
     0     0   97.68896    0  837   72.00000   97.68896  35.7%     -    1s
     0     0   97.68875    0  836   72.00000   97.68875  35.7%     -    1s
     0     0   97.08898    0  852   72.00000   97.08898  34.8%     -    1s
     0     0   97.03744    0  871   72.00000   97.03744  34.8%     -    1s
     0     0   97.02046    0  873   72.00000   97.02046  34.8%     -    2s
     0     0   97.00906    0  876   72.00000   97.00906  34.7%     -    2s
     0     0   97.00906    0  882   72.00000   97.00906  34.7%     -    2s
     0     0   96.78165    0  885   72.00000   96.78165  34.4%     -    2s
     0     0   96.76592    0  887   72.00000   96.76592  34.4%     -    2s
     0     0   96.76380    0  891   72.00000   96.76380  34.4%     -    2s
     0     0   96.76352    0  894   72.00000   96.76352  34.4%     -    2s
H    0     0                      73.0000000   96.76352  32.6%     -    2s
H    0     0                      75.0000000   96.76352  29.0%     -    2s
H    0     0                      78.0000000   96.76352  24.1%     -    2s
H    0     0                      79.0000000   96.76352  22.5%     -    2s
H    0     0                      80.0000000   96.76352  21.0%     -    2s
H    0     0                      81.0000000   96.76352  19.5%     -    2s
     0     0   96.68416    0  888   81.00000   96.68416  19.4%     -    2s
H    0     0                      82.0000000   96.68416  17.9%     -    2s
     0     0   96.67844    0  898   82.00000   96.67844  17.9%     -    2s
     0     0   96.67806    0  897   82.00000   96.67806  17.9%     -    2s
     0     0   96.66299    0  880   82.00000   96.66299  17.9%     -    2s
     0     0   96.66250    0  889   82.00000   96.66250  17.9%     -    2s
     0     0   96.66203    0  879   82.00000   96.66203  17.9%     -    3s
     0     0   96.66203    0  879   82.00000   96.66203  17.9%     -    3s
H    0     0                      83.0000000   96.66202  16.5%     -    3s
     0     2   96.66202    0  879   83.00000   96.66202  16.5%     -    3s
H   83    88                      84.0000000   96.35478  14.7%   455    4s
    99   113   95.97731   10  852   84.00000   96.35478  14.7%   463    5s
H  112   126                      86.0000000   96.35478  12.0%   439    5s
H  162   170                      87.0000000   96.35478  10.8%   414    5s
H  196   215                      88.0000000   96.35478  9.49%   399    6s
  1028  1100   92.93560   64  560   88.00000   96.35478  9.49%   293   10s
  2519  2427   89.04085   77  525   88.00000   96.12996  9.24%   264   15s
  2734  2535   89.54467  112  891   88.00000   96.12996  9.24%   267   20s
  2763  2555   89.53232  114  929   88.00000   96.12996  9.24%   264   25s
  3077  2801   95.19994   22  841   88.00000   95.60330  8.64%   302   30s
  4840  3972   93.36524   44  736   88.00000   95.60330  8.64%   304   35s
H 6858  4457                      89.0000000   95.60330  7.42%   294   40s
  8795  5598   94.67991   18  760   89.00000   95.43136  7.23%   286   45s
 10973  6821   92.93966   36  748   89.00000   95.35501  7.14%   281   50s
H12096  6081                      90.0000000   95.32980  5.92%   280   54s
 12159  6259   94.16515   24  808   90.00000   95.32980  5.92%   280   55s
 14119  7770   93.17018   31  698   90.00000   95.16705  5.74%   287   60s
 16326  9697   93.65234   32  669   90.00000   95.11246  5.68%   285   65s
 17917 10815   91.11270   63  630   90.00000   95.02946  5.59%   286   70s
 19332 12155   92.82561   39  666   90.00000   95.01353  5.57%   290   75s
 21665 13963   94.41040   27  816   90.00000   94.94259  5.49%   290   81s
 23372 15395   94.26671   29  827   90.00000   94.91991  5.47%   289   85s
 26160 17202   91.05138   71  650   90.00000   94.86894  5.41%   289   91s
 27762 18837   93.01616   35  709   90.00000   94.85911  5.40%   290   96s
 29833 20345   92.60199   52  737   90.00000   94.81188  5.35%   290  101s
 32229 22124     cutoff   37        90.00000   94.77367  5.30%   289  107s
 33326 23151   91.88305   44  536   90.00000   94.74995  5.28%   291  110s
 36045 25204   91.42734   41  569   90.00000   94.72747  5.25%   292  116s
 37440 26036   91.39708   29  585   90.00000   94.71867  5.24%   292  120s
 40224 28043   92.74035   27  669   90.00000   94.67862  5.20%   293  127s
 41788 29187   92.09070   52  696   90.00000   94.66602  5.18%   293  131s
 43474 30608   92.76355   44  758   90.00000   94.65019  5.17%   293  135s
 47184 32077   93.37585   35  599   90.00000   94.62637  5.14%   292  175s
 47197 32086   91.89175   47  936   90.00000   94.62637  5.14%   292  180s
 47221 32102   91.88041   48  948   90.00000   94.62637  5.14%   292  185s
 47239 32114   93.45137   34  962   90.00000   94.62637  5.14%   292  190s
 47249 32120   93.21537   30  968   90.00000   94.62637  5.14%   292  195s
 47261 32128   91.07933   61  973   90.00000   94.62637  5.14%   292  200s
 47270 32134   91.94810   52  965   90.00000   94.62637  5.14%   291  205s
 47302 32177   94.62637   25  936   90.00000   94.62637  5.14%   292  210s
 47522 32327   94.06732   30  884   90.00000   94.62637  5.14%   295  215s
 48129 32745   93.46922   40  826   90.00000   94.62637  5.14%   298  220s
 48921 33092   92.58721   50  782   90.00000   94.62637  5.14%   299  225s
 49734 33509   91.01050   69  578   90.00000   94.62637  5.14%   300  230s
 50509 33806   92.50061   51  700   90.00000   94.62637  5.14%   300  235s
 51335 34165   93.36814   34  804   90.00000   94.52737  5.03%   301  240s
 51789 34340   91.67637   57  696   90.00000   94.51595  5.02%   302  245s
 52781 34781   93.88458   29  820   90.00000   94.40091  4.89%   302  250s
 53562 35216   92.17933   42  688   90.00000   94.40091  4.89%   303  255s
 54656 35881   93.33084   36  745   90.00000   94.34762  4.83%   303  260s
 56184 36294   92.53567   35  770   90.00000   94.32148  4.80%   305  267s
 57062 36906   92.92490   39  764   90.00000   94.30524  4.78%   306  271s
 58347 37488   92.18732   58  759   90.00000   94.26310  4.74%   307  275s
 59728 38178   92.88671   38  661   90.00000   94.21129  4.68%   308  280s
 61336 38757   93.74364   34  829   90.00000   94.20589  4.67%   308  285s
 62939 39537   93.33028   34  799   90.00000   94.14866  4.61%   309  291s
 64606 40218   93.69509   35  862   90.00000   94.13848  4.60%   311  296s
 66401 40677   93.46984   33  813   90.00000   94.09472  4.55%   312  302s
 67222 41004   92.88936   35  743   90.00000   94.08529  4.54%   313  306s
 69115 41612   93.30940   32  769   90.00000   94.05540  4.51%   315  312s
 70040 42152   92.11607   45  738   90.00000   94.04477  4.49%   316  316s
 72260 42785   93.29912   32  814   90.00000   94.01556  4.46%   317  323s
 73272 43182   92.75860   35  792   90.00000   94.00409  4.45%   317  326s
 74303 43777   92.83501   35  746   90.00000   93.99087  4.43%   318  330s
 76491 44610     cutoff   56        90.00000   93.96829  4.41%   318  338s
 77749 45028   92.61048   48  769   90.00000   93.95719  4.40%   318  342s
 78888 45466   93.49119   31  776   90.00000   93.94532  4.38%   318  347s
 80094 45954   91.97073   38  754   90.00000   93.93406  4.37%   319  351s
 81487 46697   92.87549   41  731   90.00000   93.92259  4.36%   319  356s
 83086 47297   92.73423   47  757   90.00000   93.90322  4.34%   320  361s
 84575 47016   91.15171   68  676   90.00000   93.89571  4.33%   320  380s
 84875 48158   92.97391   35  794   90.00000   93.89390  4.33%   320  385s
 86657 48826   92.87346   34  759   90.00000   93.87197  4.30%   320  391s
 88390 49466   92.26905   45  701   90.00000   93.85803  4.29%   321  399s
 90170 49889   93.16447   30  792   90.00000   93.84462  4.27%   321  406s
 92030 50713   91.06139   47  569   90.00000   93.82849  4.25%   322  412s
 94142 51974   91.75304   55  676   90.00000   93.81464  4.24%   322  420s
 96773 52527   91.51136   59  696   90.00000   93.79723  4.22%   322  426s
 98712 53152   91.32245   57  584   90.00000   93.78555  4.21%   323  433s
 100687 53680   91.04853   55  637   90.00000   93.77285  4.19%   323  439s
 102404 54503   92.93329   33  731   90.00000   93.76124  4.18%   323  446s
 104439 54942   91.53204   48  671   90.00000   93.74655  4.16%   324  453s
 106400 55779   91.18831   71  591   90.00000   93.73841  4.15%   324  460s
 108539 56594   92.89185   31  744   90.00000   93.72167  4.14%   324  467s
 110660 56958   92.35426   44  720   90.00000   93.70836  4.12%   324  474s
 112509 57695   92.96091   35  754   90.00000   93.70047  4.11%   324  481s
 114612 58404     cutoff   47        90.00000   93.69137  4.10%   324  488s
 116670 58965   93.22201   37  789   90.00000   93.67681  4.09%   324  494s
 118820 59928   91.18031   68  627   90.00000   93.66993  4.08%   325  503s
 121349 60456   93.40668   37  720   90.00000   93.65709  4.06%   325  509s
 123331 61288   91.90981   47  668   90.00000   93.64956  4.06%   325  516s
 125452 62005   91.11736   46  571   90.00000   93.63788  4.04%   325  523s
 127498 62731   92.59891   38  794   90.00000   93.63133  4.03%   325  530s
 129594 63255   91.07440   62  641   90.00000   93.62305  4.03%   325  536s
 131383 64196   92.45318   45  738   90.00000   93.61244  4.01%   326  543s
 133594 64658   91.75379   60  723   90.00000   93.60479  4.01%   325  550s
 135376 65519   91.86010   39  701   90.00000   93.59667  4.00%   326  557s
 137506 66076   91.81729   55  753   90.00000   93.58635  3.98%   326  564s
 139444 66590   92.17984   44  701   90.00000   93.57823  3.98%   326  572s
 141395 67356   92.04692   40  648   90.00000   93.57092  3.97%   326  580s
 143543 68018   92.80559   35  735   90.00000   93.56262  3.96%   326  589s
 145616 67974   92.66849   39  693   90.00000   93.55558  3.95%   326  590s
 145725 69468   91.05975   53  669   90.00000   93.55469  3.95%   326  598s
 148207 70708   91.28464   55  593   90.00000   93.54667  3.94%   325  606s
 150254 72087     cutoff   55        90.00000   93.54106  3.93%   325  613s
 152381 73547   91.54627   47  682   90.00000   93.53304  3.93%   325  621s
 154726 74768   92.47177   51  651   90.00000   93.52640  3.92%   325  629s
 156998 76188   91.37341   62  544   90.00000   93.51953  3.91%   325  636s
 159123 77664   92.90261   37  717   90.00000   93.51045  3.90%   325  644s
 161250 78868   92.23782   47  730   90.00000   93.50404  3.89%   325  651s
 163187 80235   91.35836   62  600   90.00000   93.49701  3.89%   325  658s
 165336 81333   91.64041   44  624   90.00000   93.49106  3.88%   325  665s
 167251 82748   92.37151   51  773   90.00000   93.48456  3.87%   325  674s
 169587 83978   92.00820   39  628   90.00000   93.47971  3.87%   325  683s
 171604 85444   91.25661   52  632   90.00000   93.47432  3.86%   325  690s
 173839 86804   92.58124   40  774   90.00000   93.46772  3.85%   325  698s
 175982 88066   92.80893   37  791   90.00000   93.46204  3.85%   325  706s
 178046 89088     cutoff   51        90.00000   93.45474  3.84%   326  716s
 179675 90697   92.99766   33  751   90.00000   93.45080  3.83%   326  725s
 181971 92165   91.76152   43  667   90.00000   93.44553  3.83%   325  733s
 184307 93512   91.79902   55  639   90.00000   93.43876  3.82%   325  741s
 186556 94748   92.64359   35  731   90.00000   93.43521  3.82%   325  750s
 188952 96042     cutoff   66        90.00000   93.42921  3.81%   325  758s
 191044 97495   91.19053   48  687   90.00000   93.42489  3.81%   325  767s
 193476 98895   91.23044   54  707   90.00000   93.42057  3.80%   325  775s
 195615 100219   91.69733   41  622   90.00000   93.41447  3.79%   325  783s
 197689 101564   91.95984   41  754   90.00000   93.40981  3.79%   325  790s
 199888 102704   92.09174   48  683   90.00000   93.40356  3.78%   325  799s
 201709 104168   91.09317   40  560   90.00000   93.39986  3.78%   325  806s
 203933 105499   91.60651   56  691   90.00000   93.39488  3.77%   325  813s
 206131 106704   91.68526   47  706   90.00000   93.38941  3.77%   325  821s
 208349 107897   92.15400   45  714   90.00000   93.38622  3.76%   325  828s
 210116 109421     cutoff   63        90.00000   93.38336  3.76%   325  836s
 212443 110771   92.97708   36  760   90.00000   93.37848  3.75%   325  843s
 214620 112400   92.80341   36  731   90.00000   93.37330  3.75%   325  851s
 217102 113777   91.75598   50  686   90.00000   93.36707  3.74%   325  858s
 219212 115051     cutoff   43        90.00000   93.36249  3.74%   325  865s
 221401 116140   92.64316   41  785   90.00000   93.35796  3.73%   325  872s
 223373 117374   91.47864   58  703   90.00000   93.35484  3.73%   325  879s
 225336 118825   92.65572   40  749   90.00000   93.35084  3.72%   325  886s
 227625 120007   91.93537   49  653   90.00000   93.34781  3.72%   324  893s
 229687 121473   91.86222   51  745   90.00000   93.34303  3.71%   324  900s
 231953 122945     cutoff   73        90.00000   93.33931  3.71%   324  907s
 234172 124235   92.35383   38  681   90.00000   93.33537  3.71%   324  914s
 234608 124235   91.68106   49  712   90.00000   93.33483  3.71%   324  915s
 236306 125554     cutoff   59        90.00000   93.33219  3.70%   324  922s
 238652 127137   91.72536   48  669   90.00000   93.32837  3.70%   324  929s
 240471 127137   91.03242   48  683   90.00000   93.32677  3.70%   324  930s
 241048 128036   92.28061   51  682   90.00000   93.32299  3.69%   324  938s
 242505 129494   92.03041   36  705   90.00000   93.32036  3.69%   324  946s
 245099 130989     cutoff   49        90.00000   93.31590  3.68%   324  954s
 247468 132205   92.57929   35  709   90.00000   93.31137  3.68%   324  961s
 249765 133635   91.82857   39  664   90.00000   93.30757  3.68%   324  969s
 252150 135035   92.09012   44  750   90.00000   93.30349  3.67%   324  976s
 254313 136509   92.81138   41  797   90.00000   93.29965  3.67%   324  983s
 256630 137841   91.42942   42  711   90.00000   93.29576  3.66%   323  990s
 259009 139321   92.07132   42  752   90.00000   93.29196  3.66%   323  998s
 261284 140725     cutoff   54        90.00000   93.28847  3.65%   323 1005s
 263539 142306   92.19937   44  702   90.00000   93.28378  3.65%   323 1013s
 266021 143643   92.58269   39  669   90.00000   93.27989  3.64%   323 1020s
 268363 144822     cutoff   62        90.00000   93.27717  3.64%   323 1027s
 270511 146037   91.45414   53  536   90.00000   93.27357  3.64%   323 1034s
 272490 147106   91.35332   45  617   90.00000   93.27083  3.63%   323 1041s
 274841 148386   92.38184   42  703   90.00000   93.26957  3.63%   323 1048s
 276974 149659   92.51445   45  791   90.00000   93.26492  3.63%   322 1055s
 279048 151076   92.05032   40  656   90.00000   93.26133  3.62%   323 1063s
 281258 152397   91.61024   49  700   90.00000   93.25868  3.62%   322 1070s
 283583 153803   91.67226   45  712   90.00000   93.25585  3.62%   322 1077s
 285751 155301   92.52472   35  818   90.00000   93.25230  3.61%   322 1084s
 288013 156708   92.56497   42  680   90.00000   93.24902  3.61%   322 1092s
 290387 158015   91.20637   46  625   90.00000   93.24624  3.61%   322 1101s
 292385 159586   91.54081   48  646   90.00000   93.24341  3.60%   322 1109s
 294862 160859   92.45432   33  781   90.00000   93.24036  3.60%   322 1117s
 297133 162406   92.20344   42  743   90.00000   93.23694  3.60%   322 1124s
 299575 163808   92.57179   40  748   90.00000   93.23243  3.59%   322 1132s
 301815 165269   92.47683   33  785   90.00000   93.22905  3.59%   322 1139s
 304093 166591   92.74716   37  758   90.00000   93.22534  3.58%   322 1146s
 306347 167912     cutoff   43        90.00000   93.22225  3.58%   322 1154s
 308561 169217   91.00088   53  656   90.00000   93.21942  3.58%   322 1161s
 310854 170817   91.86302   42  639   90.00000   93.21677  3.57%   322 1169s
 313355 172140   92.12719   40  684   90.00000   93.21342  3.57%   322 1177s
 315604 173559   91.07597   51  664   90.00000   93.21120  3.57%   322 1184s
 317816 174871   91.87017   51  725   90.00000   93.20780  3.56%   322 1191s
 320136 176230   91.61564   45  650   90.00000   93.20553  3.56%   322 1198s
 322540 177619     cutoff   63        90.00000   93.20252  3.56%   321 1205s
 324694 178881   91.67608   53  661   90.00000   93.19951  3.56%   321 1213s
 327080 180165   91.93143   45  625   90.00000   93.19745  3.55%   321 1220s
 329269 181247   92.54842   43  802   90.00000   93.19520  3.55%   321 1228s
 331546 182682   92.13617   39  750   90.00000   93.19340  3.55%   321 1235s
 333823 184200   91.20092   53  587   90.00000   93.19007  3.54%   321 1243s
 336441 185489   92.21894   37  678   90.00000   93.18714  3.54%   321 1250s
 338745 186740   91.67627   43  493   90.00000   93.18452  3.54%   321 1257s
 340877 188004   91.80709   43  705   90.00000   93.18252  3.54%   321 1264s
 342998 189191   92.17533   42  634   90.00000   93.17940  3.53%   321 1272s
 344799 190156   92.24073   49  765   90.00000   93.17768  3.53%   321 1280s
 346377 191446   91.06018   42  650   90.00000   93.17617  3.53%   321 1288s
 348989 192888   92.49707   42  719   90.00000   93.17313  3.53%   320 1296s
 351320 194371   91.04444   58  511   90.00000   93.17082  3.52%   320 1303s
 353869 195415   91.91153   42  624   90.00000   93.16871  3.52%   320 1311s
 355998 196723   91.93712   53  705   90.00000   93.16596  3.52%   320 1318s
 358292 198150   91.20630   52  657   90.00000   93.16276  3.51%   320 1326s
 360789 199487   91.93456   48  733   90.00000   93.15953  3.51%   320 1334s
 363099 200942   92.64295   38  702   90.00000   93.15799  3.51%   320 1341s
 365436 202212     cutoff   43        90.00000   93.15508  3.51%   320 1348s
 367728 203658   91.39210   73  586   90.00000   93.15227  3.50%   320 1356s
 370053 204924     cutoff   66        90.00000   93.14990  3.50%   320 1363s
 372353 205986   91.40117   48  701   90.00000   93.14698  3.50%   320 1371s
 374073 207327   91.57082   52  708   90.00000   93.14590  3.50%   320 1379s
 376437 208819   91.45470   54  709   90.00000   93.14281  3.49%   320 1387s
 378848 210234   92.21372   35  715   90.00000   93.14038  3.49%   320 1394s
 381080 211655   92.39408   51  672   90.00000   93.13817  3.49%   320 1402s
 383585 212997   92.01193   38  734   90.00000   93.13490  3.48%   320 1410s
 386171 214447   92.29676   39  742   90.00000   93.13312  3.48%   320 1418s
 388625 215413   91.39345   60  682   90.00000   93.13024  3.48%   320 1425s
 390854 216783   92.17801   37  695   90.00000   93.12742  3.47%   320 1432s
 393227 217741     cutoff   59        90.00000   93.12556  3.47%   319 1441s
 395098 219083   91.36116   56  614   90.00000   93.12354  3.47%   319 1448s
 397417 220472   92.76712   38  764   90.00000   93.12027  3.47%   319 1455s
 399737 221537   91.77043   45  671   90.00000   93.11815  3.46%   319 1463s
 402229 222974   91.58433   41  695   90.00000   93.11689  3.46%   319 1470s
 404518 224094   91.69871   58  719   90.00000   93.11421  3.46%   319 1479s
 406312 225567   92.09459   46  721   90.00000   93.11273  3.46%   319 1486s
 408926 227111   91.10098   64  671   90.00000   93.11029  3.46%   319 1496s
 411596 228390   91.06035   61  715   90.00000   93.10803  3.45%   319 1504s
 413795 229859   91.46057   62  702   90.00000   93.10568  3.45%   319 1512s
 416136 231263   92.21128   43  738   90.00000   93.10394  3.45%   319 1519s
 418515 232619   91.16039   54  640   90.00000   93.10152  3.45%   318 1527s
 420823 233949   92.45142   42  695   90.00000   93.09914  3.44%   318 1535s
 423021 235387   92.03168   46  670   90.00000   93.09697  3.44%   318 1544s
 425476 236785   91.44699   57  726   90.00000   93.09474  3.44%   318 1552s
 427967 238092     cutoff   59        90.00000   93.09279  3.44%   318 1560s
 430276 239593   92.31230   41  762   90.00000   93.09005  3.43%   318 1568s
 432753 241121   91.86108   50  627   90.00000   93.08792  3.43%   318 1578s
 435148 242321   91.31668   55  616   90.00000   93.08595  3.43%   318 1588s
 437277 243843   91.92799   43  614   90.00000   93.08434  3.43%   318 1596s
 439932 245398   92.05731   49  717   90.00000   93.08195  3.42%   318 1604s
 441447 245398   91.98540   47  733   90.00000   93.08123  3.42%   318 1605s
 442474 246861   92.49341   38  719   90.00000   93.07879  3.42%   318 1613s
 444979 248320   92.35107   42  737   90.00000   93.07674  3.42%   318 1621s
 447539 249788     cutoff   48        90.00000   93.07381  3.42%   318 1630s
 450031 251147   91.75085   41  638   90.00000   93.07179  3.41%   317 1638s
 452485 252591   91.89020   46  712   90.00000   93.07010  3.41%   318 1646s
 455110 254015   92.02394   49  656   90.00000   93.06813  3.41%   317 1654s
 457480 254932   92.35862   38  723   90.00000   93.06656  3.41%   317 1664s
 459041 257473   92.49876   35  734   90.00000   93.06600  3.41%   317 1677s
 463228 258748   92.16032   40  700   90.00000   93.06227  3.40%   317 1688s
 465476 260387   92.37552   35  689   90.00000   93.05998  3.40%   317 1697s
 468302 261810   91.84018   46  770   90.00000   93.05792  3.40%   317 1706s
 471184 263467   91.90560   49  701   90.00000   93.05586  3.40%   317 1714s
 473980 264906   92.10239   51  761   90.00000   93.05305  3.39%   317 1723s
 476556 266270   92.61103   40  732   90.00000   93.05176  3.39%   317 1732s
 479016 267795   92.11267   35  787   90.00000   93.05039  3.39%   317 1740s
 481652 269200   92.31566   41  731   90.00000   93.04807  3.39%   317 1748s
 484528 270301   91.09918   66  713   90.00000   93.04570  3.38%   317 1756s
 486549 271663     cutoff   59        90.00000   93.04430  3.38%   317 1763s
 489022 273073   92.09617   43  708   90.00000   93.04193  3.38%   317 1771s
 491435 274476   91.91774   43  625   90.00000   93.04004  3.38%   317 1779s
 493954 275405   92.01270   50  659   90.00000   93.03869  3.38%   317 1788s
 495783 276855   92.02056   36  658   90.00000   93.03755  3.38%   317 1795s
 498331 278432   92.19420   41  712   90.00000   93.03487  3.37%   317 1804s
 500855 279744   91.04621   50  614   90.00000   93.03297  3.37%   317 1811s
 503277 280700   91.52333   41  685   90.00000   93.03109  3.37%   317 1820s
 505213 282068   92.03445   43  748   90.00000   93.02939  3.37%   317 1829s
 507976 283357   92.34711   37  697   90.00000   93.02699  3.36%   316 1836s
 510334 284675   92.45173   38  771   90.00000   93.02511  3.36%   316 1844s
 512966 286072   92.46660   38  686   90.00000   93.02304  3.36%   316 1852s
 515267 287387   92.65892   38  705   90.00000   93.02154  3.36%   316 1860s
 517734 288858   92.20585   42  719   90.00000   93.01968  3.36%   316 1868s
 520202 289924   91.03892   57  664   90.00000   93.01794  3.35%   316 1877s
 522032 291289   91.49561   50  665   90.00000   93.01635  3.35%   316 1885s
 524756 292675   92.11697   32  647   90.00000   93.01469  3.35%   316 1893s
 527342 293920   92.09136   38  773   90.00000   93.01310  3.35%   316 1901s
 529747 295639   91.86972   46  774   90.00000   93.01152  3.35%   316 1909s
 532498 296988   91.19919   51  607   90.00000   93.00945  3.34%   316 1917s
 535016 298405   92.50374   40  756   90.00000   93.00767  3.34%   316 1925s
 537484 299687   91.13326   56  659   90.00000   93.00566  3.34%   316 1933s
 540028 301099   91.47819   58  703   90.00000   93.00391  3.34%   316 1941s
 542319 302508   92.29508   43  741   90.00000   93.00275  3.34%   316 1949s
 544774 304193   91.24732   54  686   90.00000   93.00127  3.33%   316 1957s
 547490 304486   91.06796   53  686   90.00000   92.99939  3.33%   315 1976s
 548070 306033   92.01513   42  719   90.00000   92.99929  3.33%   315 1985s
 550936 307510   92.48059   35  673   90.00000   92.99731  3.33%   315 1994s
 553888 309190     cutoff   46        90.00000   92.99579  3.33%   315 2003s
 556830 310488   91.58384   49  631   90.00000   92.99383  3.33%   315 2010s
 559192 311898   91.20276   55  616   90.00000   92.99228  3.32%   315 2018s
 561663 313378   92.04464   50  751   90.00000   92.99029  3.32%   315 2026s
 564191 314819   91.86096   42  674   90.00000   92.98880  3.32%   315 2034s
 566529 316401   92.00609   44  715   90.00000   92.98705  3.32%   315 2041s
 569069 317665   91.33466   47  697   90.00000   92.98558  3.32%   315 2049s
 571483 319286   91.08484   48  623   90.00000   92.98372  3.32%   315 2057s
 574175 320651   92.53219   45  749   90.00000   92.98186  3.31%   315 2065s
 576584 322074   91.87269   52  717   90.00000   92.98042  3.31%   315 2073s
 579126 323431   92.34569   47  718   90.00000   92.97903  3.31%   315 2082s
 581812 324856   91.13315   54  704   90.00000   92.97723  3.31%   315 2090s
 584392 326378   91.91769   46  738   90.00000   92.97545  3.31%   315 2098s
 586971 327907   92.09597   35  691   90.00000   92.97373  3.30%   315 2106s
 589567 329333   92.19624   45  770   90.00000   92.97183  3.30%   315 2114s
 592307 330331     cutoff   58        90.00000   92.97031  3.30%   315 2124s
 594096 331665     cutoff   47        90.00000   92.96915  3.30%   315 2132s
 596721 333037   92.46302   39  746   90.00000   92.96747  3.30%   314 2141s
 599145 334408   91.14364   41  595   90.00000   92.96564  3.30%   314 2150s
 601567 335789   91.20155   50  640   90.00000   92.96440  3.29%   314 2158s
 604203 337308   91.98251   50  737   90.00000   92.96277  3.29%   314 2168s
 606893 338798   91.62468   50  748   90.00000   92.96130  3.29%   315 2176s
 609770 340216   92.17909   43  733   90.00000   92.95936  3.29%   314 2184s
 612469 341670     cutoff   64        90.00000   92.95798  3.29%   314 2192s
 615071 343080   92.60672   37  731   90.00000   92.95607  3.28%   314 2200s
 617444 344591   91.86638   41  755   90.00000   92.95482  3.28%   314 2208s
 620012 346094   92.22460   45  760   90.00000   92.95319  3.28%   314 2216s
 622695 347587   92.23084   43  737   90.00000   92.95147  3.28%   314 2224s
 625415 347929   92.14042   39  766   90.00000   92.95008  3.28%   314 2238s
 626042 349296     cutoff   44        90.00000   92.94966  3.28%   314 2246s
 628597 350747   91.42088   43  754   90.00000   92.94777  3.28%   314 2254s
 630876 350747   91.19593   54  676   90.00000   92.94735  3.27%   314 2255s
 631652 352214   92.36552   40  728   90.00000   92.94627  3.27%   314 2262s
 634197 353682   91.80738   45  736   90.00000   92.94467  3.27%   314 2270s
 636586 355295   91.75719   53  643   90.00000   92.94305  3.27%   314 2278s
 639208 356745   91.81823   47  666   90.00000   92.94177  3.27%   314 2286s
 641741 358297   92.68037   41  763   90.00000   92.94028  3.27%   314 2295s
 644444 359883   91.29457   40  581   90.00000   92.93880  3.27%   314 2303s
 647106 361474   91.10266   51  625   90.00000   92.93756  3.26%   314 2311s
 649877 362929   91.96025   38  693   90.00000   92.93574  3.26%   313 2319s
 652406 364651   92.26979   45  686   90.00000   92.93405  3.26%   313 2327s
 655550 365993   92.25194   42  775   90.00000   92.93244  3.26%   313 2335s
 658078 367323   91.06308   56  626   90.00000   92.93132  3.26%   313 2343s
 660762 368903   91.94786   57  756   90.00000   92.92988  3.26%   313 2351s
 663426 370519   91.30670   48  644   90.00000   92.92818  3.25%   313 2358s
 666072 372126   91.60269   50  749   90.00000   92.92654  3.25%   313 2366s
 668726 373642   91.92907   42  781   90.00000   92.92526  3.25%   313 2374s
 671405 375249   91.92508   50  767   90.00000   92.92367  3.25%   313 2382s
 674110 376686     cutoff   48        90.00000   92.92246  3.25%   313 2390s
 676762 378093   91.92931   46  609   90.00000   92.92100  3.25%   313 2400s
 679684 379630   91.54977   41  604   90.00000   92.91956  3.24%   313 2408s
 682508 381120   91.33576   50  628   90.00000   92.91798  3.24%   313 2417s
 685395 382713   91.51024   50  629   90.00000   92.91697  3.24%   312 2424s
 688094 384244   91.95620   46  652   90.00000   92.91544  3.24%   312 2432s
 690753 385752     cutoff   68        90.00000   92.91408  3.24%   312 2440s
 693391 387086   92.18324   44  764   90.00000   92.91246  3.24%   312 2448s
 695950 388483   92.46496   40  726   90.00000   92.91121  3.23%   312 2456s
 698720 390017   92.03298   44  678   90.00000   92.90948  3.23%   312 2464s
 700812 390017   92.50833   35  770   90.00000   92.90911  3.23%   312 2465s
 701352 391420   91.80871   43  661   90.00000   92.90831  3.23%   312 2474s
 704457 392485   91.42977   56  707   90.00000   92.90735  3.23%   312 2484s
 706602 394135   91.30547   57  699   90.00000   92.90610  3.23%   312 2492s
 709408 395532   91.56199   39  656   90.00000   92.90450  3.23%   312 2500s
 712131 397079   92.01245   42  686   90.00000   92.90297  3.23%   312 2508s
 714859 398616   91.62136   49  641   90.00000   92.90173  3.22%   312 2517s
 717514 400069   91.27573   42  649   90.00000   92.90046  3.22%   312 2526s
 720472 401484   91.10660   47  700   90.00000   92.89935  3.22%   312 2534s
 723291 403020   91.61182   46  652   90.00000   92.89806  3.22%   312 2543s
 726105 404641   92.39155   45  731   90.00000   92.89650  3.22%   312 2552s
 729303 406195   91.81434   56  762   90.00000   92.89522  3.22%   312 2560s
 732058 407624   92.05693   39  684   90.00000   92.89401  3.22%   312 2568s
 734787 409115   91.08794   57  589   90.00000   92.89295  3.21%   312 2576s
 737224 410661     cutoff   66        90.00000   92.89162  3.21%   312 2584s
 740054 412250   92.13964   40  693   90.00000   92.89003  3.21%   311 2593s

Cutting planes:
  Gomory: 5
  Cover: 339
  Clique: 221
  MIR: 17
  Mixing: 1
  Flow cover: 321
  Zero half: 206
  RLT: 12

Explored 742970 nodes (231359206 simplex iterations) in 2594.11 seconds (3602.72 work units)
Thread count was 20 (of 20 available processors)

Solution count 10: 90 89 88 ... 80

Work limit reached
Best objective 9.000000000000e+01, best bound 9.200000000000e+01, gap 2.2222%

User-callback calls 1529886, time in user-callback 1.14 sec
